<html>
<head>
<title>TestNG:  Test</title>
<link href="../testng.css" rel="stylesheet" type="text/css" />
<link href="../my-testng.css" rel="stylesheet" type="text/css" />

<style type="text/css">
.log { display: none;} 
.stack-trace { display: none;} 
</style>
<script type="text/javascript">
<!--
function flip(e) {
  current = e.style.display;
  if (current == 'block') {
    e.style.display = 'none';
    return 0;
  }
  else {
    e.style.display = 'block';
    return 1;
  }
}

function toggleBox(szDivId, elem, msg1, msg2)
{
  var res = -1;  if (document.getElementById) {
    res = flip(document.getElementById(szDivId));
  }
  else if (document.all) {
    // this is the way old msie versions work
    res = flip(document.all[szDivId]);
  }
  if(elem) {
    if(res == 0) elem.innerHTML = msg1; else elem.innerHTML = msg2;
  }

}

function toggleAllBoxes() {
  if (document.getElementsByTagName) {
    d = document.getElementsByTagName('div');
    for (i = 0; i < d.length; i++) {
      if (d[i].className == 'log') {
        flip(d[i]);
      }
    }
  }
}

// -->
</script>

</head>
<body>
<h2 align='center'>Test</h2><table border='1' align="center">
<tr>
<td>Tests passed/Failed/Skipped:</td><td>196/26/2</td>
</tr><tr>
<td>Started on:</td><td>Thu Jun 29 01:46:15 IST 2023</td>
</tr>
<tr><td>Total time:</td><td>13804 seconds (13804457 ms)</td>
</tr><tr>
<td>Included groups:</td><td></td>
</tr><tr>
<td>Excluded groups:</td><td></td>
</tr>
</table><p/>
<small><i>(Hover the method name to see the test class name)</i></small><p/>
<table width='100%' border='1' class='invocation-failed'>
<tr><td colspan='4' align='center'><b>FAILED CONFIGURATIONS</b></td></tr>
<tr><td><b>Test method</b></td>
<td width="30%"><b>Exception</b></td>
<td width="10%"><b>Time (seconds)</b></td>
<td><b>Instance</b></td>
</tr>
<tr>
<td title='testcases.TrainingTest.reportWrapUp()'><b>reportWrapUp</b><br>Test class: testcases.TrainingTest<br>Parameters: [TestResult name={null} status=CREATED method=TrainingTest.ValidateClickTestingOfTrainingReportPage()[pri:1, instance:testcases.TrainingTest@4d5d943d] output={null}], public void testcases.TrainingTest.ValidateClickTestingOfTrainingReportPage()</td>
<td><div><pre>org.openqa.selenium.TimeoutException: timeout: Timed out receiving message from renderer: 10.000
  (Session info: chrome=114.0.5735.198)
Build info: version: &apos;3.141.59&apos;, revision: &apos;e82be7d358&apos;, time: &apos;2018-11-14T08:17:03&apos;
System info: host: &apos;COG-WIN-MAC03&apos;, ip: &apos;192.168.0.159&apos;, os.name: &apos;Windows 10&apos;, os.arch: &apos;amd64&apos;, os.version: &apos;10.0&apos;, java.version: &apos;17.0.2&apos;
Driver info: org.openqa.selenium.chrome.ChromeDriver
Capabilities {acceptInsecureCerts: false, browserName: chrome, browserVersion: 114.0.5735.198, chrome: {chromedriverVersion: 114.0.5735.90 (386bc09e8f4f..., userDataDir: C:\Users\aanand\AppData\Loc...}, goog:chromeOptions: {debuggerAddress: localhost:53247}, javascriptEnabled: true, networkConnectionEnabled: false, pageLoadStrategy: normal, platform: WINDOWS, platformName: WINDOWS, proxy: Proxy(), setWindowRect: true, strictFileInteractability: false, timeouts: {implicit: 0, pageLoad: 300000, script: 30000}, unhandledPromptBehavior: dismiss and notify, webauthn:extension:credBlob: true, webauthn:extension:largeBlob: true, webauthn:extension:minPinLength: true, webauthn:extension:prf: true, webauthn:virtualAuthenticators: true}
Session ID: 7fdb595c8f4e7657554f52eb2eb3606e
	at org.openqa.selenium.remote.http.W3CHttpResponseCodec.createException(W3CHttpResponseCodec.java:187)
	at org.openqa.selenium.remote.http.W3CHttpResponseCodec.decode(W3CHttpResponseCodec.java:122)
	at org.openqa.selenium.remote.http.W3CHttpResponseCodec.decode(W3CHttpResponseCodec.java:49)
	at org.openqa.selenium.remote.HttpCommandExecutor.execute(HttpCommandExecutor.java:158)
	at org.openqa.selenium.remote.service.DriverCommandExecutor.execute(DriverCommandExecutor.java:83)
	at org.openqa.selenium.remote.RemoteWebDriver.execute(RemoteWebDriver.java:552)
	at org.openqa.selenium.remote.RemoteWebDriver.execute(RemoteWebDriver.java:609)
	at org.openqa.selenium.remote.RemoteWebDriver.getScreenshotAs(RemoteWebDriver.java:295)
	at utils.WebTestBase.reportWrapUp(WebTestBase.java:70)
	at java.base/java.util.ArrayList.forEach(ArrayList.java:1511)
... Removed 36 stack frames</pre></div><a href='#' onClick='toggleBox("stack-trace1039560949", this, "Click to show all stack frames", "Click to hide stack frames")'>Click to show all stack frames</a>
<div class='stack-trace' id='stack-trace1039560949'><pre>org.openqa.selenium.TimeoutException: timeout: Timed out receiving message from renderer: 10.000
  (Session info: chrome=114.0.5735.198)
Build info: version: &apos;3.141.59&apos;, revision: &apos;e82be7d358&apos;, time: &apos;2018-11-14T08:17:03&apos;
System info: host: &apos;COG-WIN-MAC03&apos;, ip: &apos;192.168.0.159&apos;, os.name: &apos;Windows 10&apos;, os.arch: &apos;amd64&apos;, os.version: &apos;10.0&apos;, java.version: &apos;17.0.2&apos;
Driver info: org.openqa.selenium.chrome.ChromeDriver
Capabilities {acceptInsecureCerts: false, browserName: chrome, browserVersion: 114.0.5735.198, chrome: {chromedriverVersion: 114.0.5735.90 (386bc09e8f4f..., userDataDir: C:\Users\aanand\AppData\Loc...}, goog:chromeOptions: {debuggerAddress: localhost:53247}, javascriptEnabled: true, networkConnectionEnabled: false, pageLoadStrategy: normal, platform: WINDOWS, platformName: WINDOWS, proxy: Proxy(), setWindowRect: true, strictFileInteractability: false, timeouts: {implicit: 0, pageLoad: 300000, script: 30000}, unhandledPromptBehavior: dismiss and notify, webauthn:extension:credBlob: true, webauthn:extension:largeBlob: true, webauthn:extension:minPinLength: true, webauthn:extension:prf: true, webauthn:virtualAuthenticators: true}
Session ID: 7fdb595c8f4e7657554f52eb2eb3606e
	at java.base/jdk.internal.reflect.NativeConstructorAccessorImpl.newInstance0(Native Method)
	at java.base/jdk.internal.reflect.NativeConstructorAccessorImpl.newInstance(NativeConstructorAccessorImpl.java:77)
	at java.base/jdk.internal.reflect.DelegatingConstructorAccessorImpl.newInstance(DelegatingConstructorAccessorImpl.java:45)
	at java.base/java.lang.reflect.Constructor.newInstanceWithCaller(Constructor.java:499)
	at java.base/java.lang.reflect.Constructor.newInstance(Constructor.java:480)
	at org.openqa.selenium.remote.http.W3CHttpResponseCodec.createException(W3CHttpResponseCodec.java:187)
	at org.openqa.selenium.remote.http.W3CHttpResponseCodec.decode(W3CHttpResponseCodec.java:122)
	at org.openqa.selenium.remote.http.W3CHttpResponseCodec.decode(W3CHttpResponseCodec.java:49)
	at org.openqa.selenium.remote.HttpCommandExecutor.execute(HttpCommandExecutor.java:158)
	at org.openqa.selenium.remote.service.DriverCommandExecutor.execute(DriverCommandExecutor.java:83)
	at org.openqa.selenium.remote.RemoteWebDriver.execute(RemoteWebDriver.java:552)
	at org.openqa.selenium.remote.RemoteWebDriver.execute(RemoteWebDriver.java:609)
	at org.openqa.selenium.remote.RemoteWebDriver.getScreenshotAs(RemoteWebDriver.java:295)
	at utils.WebTestBase.reportWrapUp(WebTestBase.java:70)
	at jdk.internal.reflect.GeneratedMethodAccessor7.invoke(Unknown Source)
	at java.base/jdk.internal.reflect.DelegatingMethodAccessorImpl.invoke(DelegatingMethodAccessorImpl.java:43)
	at java.base/java.lang.reflect.Method.invoke(Method.java:568)
	at org.testng.internal.MethodInvocationHelper.invokeMethod(MethodInvocationHelper.java:133)
	at org.testng.internal.MethodInvocationHelper.invokeMethodConsideringTimeout(MethodInvocationHelper.java:62)
	at org.testng.internal.ConfigInvoker.invokeConfigurationMethod(ConfigInvoker.java:385)
	at org.testng.internal.ConfigInvoker.invokeConfigurations(ConfigInvoker.java:321)
	at org.testng.internal.TestInvoker.runConfigMethods(TestInvoker.java:700)
	at org.testng.internal.TestInvoker.runAfterGroupsConfigurations(TestInvoker.java:676)
	at org.testng.internal.TestInvoker.invokeMethod(TestInvoker.java:546)
	at org.testng.internal.TestInvoker.invokeTestMethod(TestInvoker.java:173)
	at org.testng.internal.MethodRunner.runInSequence(MethodRunner.java:46)
	at org.testng.internal.TestInvoker$MethodInvocationAgent.invoke(TestInvoker.java:824)
	at org.testng.internal.TestInvoker.invokeTestMethods(TestInvoker.java:146)
	at org.testng.internal.TestMethodWorker.invokeTestMethods(TestMethodWorker.java:146)
	at org.testng.internal.TestMethodWorker.run(TestMethodWorker.java:128)
	at java.base/java.util.ArrayList.forEach(ArrayList.java:1511)
	at org.testng.TestRunner.privateRun(TestRunner.java:794)
	at org.testng.TestRunner.run(TestRunner.java:596)
	at org.testng.SuiteRunner.runTest(SuiteRunner.java:377)
	at org.testng.SuiteRunner.runSequentially(SuiteRunner.java:371)
	at org.testng.SuiteRunner.privateRun(SuiteRunner.java:332)
	at org.testng.SuiteRunner.run(SuiteRunner.java:276)
	at org.testng.SuiteRunnerWorker.runSuite(SuiteRunnerWorker.java:53)
	at org.testng.SuiteRunnerWorker.run(SuiteRunnerWorker.java:96)
	at org.testng.TestNG.runSuitesSequentially(TestNG.java:1212)
	at org.testng.TestNG.runSuitesLocally(TestNG.java:1134)
	at org.testng.TestNG.runSuites(TestNG.java:1063)
	at org.testng.TestNG.run(TestNG.java:1031)
	at org.testng.remote.AbstractRemoteTestNG.run(AbstractRemoteTestNG.java:115)
	at org.testng.remote.RemoteTestNG.initAndRun(RemoteTestNG.java:251)
	at org.testng.remote.RemoteTestNG.main(RemoteTestNG.java:77)
</pre></div></td>
<td>60</td>
<td>testcases.TrainingTest@4d5d943d</td></tr>
<tr>
<td title='testcases.TrainingTest.reportWrapUp()'><b>reportWrapUp</b><br>Test class: testcases.TrainingTest<br>Parameters: [TestResult name={null} status=CREATED method=TrainingTest.ValidateClickTestingOfTrainingPage()[pri:0, instance:testcases.TrainingTest@4d5d943d] output={null}], public void testcases.TrainingTest.ValidateClickTestingOfTrainingPage()</td>
<td><div><pre>org.openqa.selenium.TimeoutException: timeout: Timed out receiving message from renderer: 10.000
  (Session info: chrome=114.0.5735.198)
Build info: version: &apos;3.141.59&apos;, revision: &apos;e82be7d358&apos;, time: &apos;2018-11-14T08:17:03&apos;
System info: host: &apos;COG-WIN-MAC03&apos;, ip: &apos;192.168.0.159&apos;, os.name: &apos;Windows 10&apos;, os.arch: &apos;amd64&apos;, os.version: &apos;10.0&apos;, java.version: &apos;17.0.2&apos;
Driver info: org.openqa.selenium.chrome.ChromeDriver
Capabilities {acceptInsecureCerts: false, browserName: chrome, browserVersion: 114.0.5735.198, chrome: {chromedriverVersion: 114.0.5735.90 (386bc09e8f4f..., userDataDir: C:\Users\aanand\AppData\Loc...}, goog:chromeOptions: {debuggerAddress: localhost:53247}, javascriptEnabled: true, networkConnectionEnabled: false, pageLoadStrategy: normal, platform: WINDOWS, platformName: WINDOWS, proxy: Proxy(), setWindowRect: true, strictFileInteractability: false, timeouts: {implicit: 0, pageLoad: 300000, script: 30000}, unhandledPromptBehavior: dismiss and notify, webauthn:extension:credBlob: true, webauthn:extension:largeBlob: true, webauthn:extension:minPinLength: true, webauthn:extension:prf: true, webauthn:virtualAuthenticators: true}
Session ID: 7fdb595c8f4e7657554f52eb2eb3606e
	at org.openqa.selenium.remote.http.W3CHttpResponseCodec.createException(W3CHttpResponseCodec.java:187)
	at org.openqa.selenium.remote.http.W3CHttpResponseCodec.decode(W3CHttpResponseCodec.java:122)
	at org.openqa.selenium.remote.http.W3CHttpResponseCodec.decode(W3CHttpResponseCodec.java:49)
	at org.openqa.selenium.remote.HttpCommandExecutor.execute(HttpCommandExecutor.java:158)
	at org.openqa.selenium.remote.service.DriverCommandExecutor.execute(DriverCommandExecutor.java:83)
	at org.openqa.selenium.remote.RemoteWebDriver.execute(RemoteWebDriver.java:552)
	at org.openqa.selenium.remote.RemoteWebDriver.execute(RemoteWebDriver.java:609)
	at org.openqa.selenium.remote.RemoteWebDriver.getScreenshotAs(RemoteWebDriver.java:295)
	at utils.WebTestBase.reportWrapUp(WebTestBase.java:70)
	at java.base/java.util.ArrayList.forEach(ArrayList.java:1511)
... Removed 36 stack frames</pre></div><a href='#' onClick='toggleBox("stack-trace1230088777", this, "Click to show all stack frames", "Click to hide stack frames")'>Click to show all stack frames</a>
<div class='stack-trace' id='stack-trace1230088777'><pre>org.openqa.selenium.TimeoutException: timeout: Timed out receiving message from renderer: 10.000
  (Session info: chrome=114.0.5735.198)
Build info: version: &apos;3.141.59&apos;, revision: &apos;e82be7d358&apos;, time: &apos;2018-11-14T08:17:03&apos;
System info: host: &apos;COG-WIN-MAC03&apos;, ip: &apos;192.168.0.159&apos;, os.name: &apos;Windows 10&apos;, os.arch: &apos;amd64&apos;, os.version: &apos;10.0&apos;, java.version: &apos;17.0.2&apos;
Driver info: org.openqa.selenium.chrome.ChromeDriver
Capabilities {acceptInsecureCerts: false, browserName: chrome, browserVersion: 114.0.5735.198, chrome: {chromedriverVersion: 114.0.5735.90 (386bc09e8f4f..., userDataDir: C:\Users\aanand\AppData\Loc...}, goog:chromeOptions: {debuggerAddress: localhost:53247}, javascriptEnabled: true, networkConnectionEnabled: false, pageLoadStrategy: normal, platform: WINDOWS, platformName: WINDOWS, proxy: Proxy(), setWindowRect: true, strictFileInteractability: false, timeouts: {implicit: 0, pageLoad: 300000, script: 30000}, unhandledPromptBehavior: dismiss and notify, webauthn:extension:credBlob: true, webauthn:extension:largeBlob: true, webauthn:extension:minPinLength: true, webauthn:extension:prf: true, webauthn:virtualAuthenticators: true}
Session ID: 7fdb595c8f4e7657554f52eb2eb3606e
	at java.base/jdk.internal.reflect.NativeConstructorAccessorImpl.newInstance0(Native Method)
	at java.base/jdk.internal.reflect.NativeConstructorAccessorImpl.newInstance(NativeConstructorAccessorImpl.java:77)
	at java.base/jdk.internal.reflect.DelegatingConstructorAccessorImpl.newInstance(DelegatingConstructorAccessorImpl.java:45)
	at java.base/java.lang.reflect.Constructor.newInstanceWithCaller(Constructor.java:499)
	at java.base/java.lang.reflect.Constructor.newInstance(Constructor.java:480)
	at org.openqa.selenium.remote.http.W3CHttpResponseCodec.createException(W3CHttpResponseCodec.java:187)
	at org.openqa.selenium.remote.http.W3CHttpResponseCodec.decode(W3CHttpResponseCodec.java:122)
	at org.openqa.selenium.remote.http.W3CHttpResponseCodec.decode(W3CHttpResponseCodec.java:49)
	at org.openqa.selenium.remote.HttpCommandExecutor.execute(HttpCommandExecutor.java:158)
	at org.openqa.selenium.remote.service.DriverCommandExecutor.execute(DriverCommandExecutor.java:83)
	at org.openqa.selenium.remote.RemoteWebDriver.execute(RemoteWebDriver.java:552)
	at org.openqa.selenium.remote.RemoteWebDriver.execute(RemoteWebDriver.java:609)
	at org.openqa.selenium.remote.RemoteWebDriver.getScreenshotAs(RemoteWebDriver.java:295)
	at utils.WebTestBase.reportWrapUp(WebTestBase.java:70)
	at jdk.internal.reflect.GeneratedMethodAccessor7.invoke(Unknown Source)
	at java.base/jdk.internal.reflect.DelegatingMethodAccessorImpl.invoke(DelegatingMethodAccessorImpl.java:43)
	at java.base/java.lang.reflect.Method.invoke(Method.java:568)
	at org.testng.internal.MethodInvocationHelper.invokeMethod(MethodInvocationHelper.java:133)
	at org.testng.internal.MethodInvocationHelper.invokeMethodConsideringTimeout(MethodInvocationHelper.java:62)
	at org.testng.internal.ConfigInvoker.invokeConfigurationMethod(ConfigInvoker.java:385)
	at org.testng.internal.ConfigInvoker.invokeConfigurations(ConfigInvoker.java:321)
	at org.testng.internal.TestInvoker.runConfigMethods(TestInvoker.java:700)
	at org.testng.internal.TestInvoker.runAfterGroupsConfigurations(TestInvoker.java:676)
	at org.testng.internal.TestInvoker.invokeMethod(TestInvoker.java:546)
	at org.testng.internal.TestInvoker.invokeTestMethod(TestInvoker.java:173)
	at org.testng.internal.MethodRunner.runInSequence(MethodRunner.java:46)
	at org.testng.internal.TestInvoker$MethodInvocationAgent.invoke(TestInvoker.java:824)
	at org.testng.internal.TestInvoker.invokeTestMethods(TestInvoker.java:146)
	at org.testng.internal.TestMethodWorker.invokeTestMethods(TestMethodWorker.java:146)
	at org.testng.internal.TestMethodWorker.run(TestMethodWorker.java:128)
	at java.base/java.util.ArrayList.forEach(ArrayList.java:1511)
	at org.testng.TestRunner.privateRun(TestRunner.java:794)
	at org.testng.TestRunner.run(TestRunner.java:596)
	at org.testng.SuiteRunner.runTest(SuiteRunner.java:377)
	at org.testng.SuiteRunner.runSequentially(SuiteRunner.java:371)
	at org.testng.SuiteRunner.privateRun(SuiteRunner.java:332)
	at org.testng.SuiteRunner.run(SuiteRunner.java:276)
	at org.testng.SuiteRunnerWorker.runSuite(SuiteRunnerWorker.java:53)
	at org.testng.SuiteRunnerWorker.run(SuiteRunnerWorker.java:96)
	at org.testng.TestNG.runSuitesSequentially(TestNG.java:1212)
	at org.testng.TestNG.runSuitesLocally(TestNG.java:1134)
	at org.testng.TestNG.runSuites(TestNG.java:1063)
	at org.testng.TestNG.run(TestNG.java:1031)
	at org.testng.remote.AbstractRemoteTestNG.run(AbstractRemoteTestNG.java:115)
	at org.testng.remote.RemoteTestNG.initAndRun(RemoteTestNG.java:251)
	at org.testng.remote.RemoteTestNG.main(RemoteTestNG.java:77)
</pre></div></td>
<td>60</td>
<td>testcases.TrainingTest@4d5d943d</td></tr>
<tr>
<td title='testcases.TrainingTest.setUp()'><b>setUp</b><br>Test class: testcases.TrainingTest</td>
<td><div><pre>org.openqa.selenium.TimeoutException: timeout: Timed out receiving message from renderer: 298.032
  (Session info: chrome=114.0.5735.198)
Build info: version: &apos;3.141.59&apos;, revision: &apos;e82be7d358&apos;, time: &apos;2018-11-14T08:17:03&apos;
System info: host: &apos;COG-WIN-MAC03&apos;, ip: &apos;192.168.0.159&apos;, os.name: &apos;Windows 10&apos;, os.arch: &apos;amd64&apos;, os.version: &apos;10.0&apos;, java.version: &apos;17.0.2&apos;
Driver info: org.openqa.selenium.chrome.ChromeDriver
Capabilities {acceptInsecureCerts: false, browserName: chrome, browserVersion: 114.0.5735.198, chrome: {chromedriverVersion: 114.0.5735.90 (386bc09e8f4f..., userDataDir: C:\Users\aanand\AppData\Loc...}, goog:chromeOptions: {debuggerAddress: localhost:53247}, javascriptEnabled: true, networkConnectionEnabled: false, pageLoadStrategy: normal, platform: WINDOWS, platformName: WINDOWS, proxy: Proxy(), setWindowRect: true, strictFileInteractability: false, timeouts: {implicit: 0, pageLoad: 300000, script: 30000}, unhandledPromptBehavior: dismiss and notify, webauthn:extension:credBlob: true, webauthn:extension:largeBlob: true, webauthn:extension:minPinLength: true, webauthn:extension:prf: true, webauthn:virtualAuthenticators: true}
Session ID: 7fdb595c8f4e7657554f52eb2eb3606e
	at org.openqa.selenium.remote.http.W3CHttpResponseCodec.createException(W3CHttpResponseCodec.java:187)
	at org.openqa.selenium.remote.http.W3CHttpResponseCodec.decode(W3CHttpResponseCodec.java:122)
	at org.openqa.selenium.remote.http.W3CHttpResponseCodec.decode(W3CHttpResponseCodec.java:49)
	at org.openqa.selenium.remote.HttpCommandExecutor.execute(HttpCommandExecutor.java:158)
	at org.openqa.selenium.remote.service.DriverCommandExecutor.execute(DriverCommandExecutor.java:83)
	at org.openqa.selenium.remote.RemoteWebDriver.execute(RemoteWebDriver.java:552)
	at org.openqa.selenium.remote.RemoteWebDriver.get(RemoteWebDriver.java:277)
	at utils.WebTestBase.setUp(WebTestBase.java:52)
	at java.base/java.util.ArrayList.forEach(ArrayList.java:1511)
... Removed 29 stack frames</pre></div><a href='#' onClick='toggleBox("stack-trace2070469783", this, "Click to show all stack frames", "Click to hide stack frames")'>Click to show all stack frames</a>
<div class='stack-trace' id='stack-trace2070469783'><pre>org.openqa.selenium.TimeoutException: timeout: Timed out receiving message from renderer: 298.032
  (Session info: chrome=114.0.5735.198)
Build info: version: &apos;3.141.59&apos;, revision: &apos;e82be7d358&apos;, time: &apos;2018-11-14T08:17:03&apos;
System info: host: &apos;COG-WIN-MAC03&apos;, ip: &apos;192.168.0.159&apos;, os.name: &apos;Windows 10&apos;, os.arch: &apos;amd64&apos;, os.version: &apos;10.0&apos;, java.version: &apos;17.0.2&apos;
Driver info: org.openqa.selenium.chrome.ChromeDriver
Capabilities {acceptInsecureCerts: false, browserName: chrome, browserVersion: 114.0.5735.198, chrome: {chromedriverVersion: 114.0.5735.90 (386bc09e8f4f..., userDataDir: C:\Users\aanand\AppData\Loc...}, goog:chromeOptions: {debuggerAddress: localhost:53247}, javascriptEnabled: true, networkConnectionEnabled: false, pageLoadStrategy: normal, platform: WINDOWS, platformName: WINDOWS, proxy: Proxy(), setWindowRect: true, strictFileInteractability: false, timeouts: {implicit: 0, pageLoad: 300000, script: 30000}, unhandledPromptBehavior: dismiss and notify, webauthn:extension:credBlob: true, webauthn:extension:largeBlob: true, webauthn:extension:minPinLength: true, webauthn:extension:prf: true, webauthn:virtualAuthenticators: true}
Session ID: 7fdb595c8f4e7657554f52eb2eb3606e
	at java.base/jdk.internal.reflect.NativeConstructorAccessorImpl.newInstance0(Native Method)
	at java.base/jdk.internal.reflect.NativeConstructorAccessorImpl.newInstance(NativeConstructorAccessorImpl.java:77)
	at java.base/jdk.internal.reflect.DelegatingConstructorAccessorImpl.newInstance(DelegatingConstructorAccessorImpl.java:45)
	at java.base/java.lang.reflect.Constructor.newInstanceWithCaller(Constructor.java:499)
	at java.base/java.lang.reflect.Constructor.newInstance(Constructor.java:480)
	at org.openqa.selenium.remote.http.W3CHttpResponseCodec.createException(W3CHttpResponseCodec.java:187)
	at org.openqa.selenium.remote.http.W3CHttpResponseCodec.decode(W3CHttpResponseCodec.java:122)
	at org.openqa.selenium.remote.http.W3CHttpResponseCodec.decode(W3CHttpResponseCodec.java:49)
	at org.openqa.selenium.remote.HttpCommandExecutor.execute(HttpCommandExecutor.java:158)
	at org.openqa.selenium.remote.service.DriverCommandExecutor.execute(DriverCommandExecutor.java:83)
	at org.openqa.selenium.remote.RemoteWebDriver.execute(RemoteWebDriver.java:552)
	at org.openqa.selenium.remote.RemoteWebDriver.get(RemoteWebDriver.java:277)
	at utils.WebTestBase.setUp(WebTestBase.java:52)
	at jdk.internal.reflect.GeneratedMethodAccessor8.invoke(Unknown Source)
	at java.base/jdk.internal.reflect.DelegatingMethodAccessorImpl.invoke(DelegatingMethodAccessorImpl.java:43)
	at java.base/java.lang.reflect.Method.invoke(Method.java:568)
	at org.testng.internal.MethodInvocationHelper.invokeMethod(MethodInvocationHelper.java:133)
	at org.testng.internal.MethodInvocationHelper.invokeMethodConsideringTimeout(MethodInvocationHelper.java:62)
	at org.testng.internal.ConfigInvoker.invokeConfigurationMethod(ConfigInvoker.java:385)
	at org.testng.internal.ConfigInvoker.invokeConfigurations(ConfigInvoker.java:321)
	at org.testng.internal.TestMethodWorker.invokeBeforeClassMethods(TestMethodWorker.java:176)
	at org.testng.internal.TestMethodWorker.run(TestMethodWorker.java:122)
	at java.base/java.util.ArrayList.forEach(ArrayList.java:1511)
	at org.testng.TestRunner.privateRun(TestRunner.java:794)
	at org.testng.TestRunner.run(TestRunner.java:596)
	at org.testng.SuiteRunner.runTest(SuiteRunner.java:377)
	at org.testng.SuiteRunner.runSequentially(SuiteRunner.java:371)
	at org.testng.SuiteRunner.privateRun(SuiteRunner.java:332)
	at org.testng.SuiteRunner.run(SuiteRunner.java:276)
	at org.testng.SuiteRunnerWorker.runSuite(SuiteRunnerWorker.java:53)
	at org.testng.SuiteRunnerWorker.run(SuiteRunnerWorker.java:96)
	at org.testng.TestNG.runSuitesSequentially(TestNG.java:1212)
	at org.testng.TestNG.runSuitesLocally(TestNG.java:1134)
	at org.testng.TestNG.runSuites(TestNG.java:1063)
	at org.testng.TestNG.run(TestNG.java:1031)
	at org.testng.remote.AbstractRemoteTestNG.run(AbstractRemoteTestNG.java:115)
	at org.testng.remote.RemoteTestNG.initAndRun(RemoteTestNG.java:251)
	at org.testng.remote.RemoteTestNG.main(RemoteTestNG.java:77)
</pre></div></td>
<td>301</td>
<td>testcases.TrainingTest@4d5d943d</td></tr>
</table><p>
<table width='100%' border='1' class='invocation-skipped'>
<tr><td colspan='4' align='center'><b>SKIPPED CONFIGURATIONS</b></td></tr>
<tr><td><b>Test method</b></td>
<td width="30%"><b>Exception</b></td>
<td width="10%"><b>Time (seconds)</b></td>
<td><b>Instance</b></td>
</tr>
<tr>
<td title='testcases.TrainingTest.beforeMethod()'><b>beforeMethod</b><br>Test class: testcases.TrainingTest</td>
<td></td>
<td>-1687995755</td>
<td>testcases.TrainingTest@4d5d943d</td></tr>
<tr>
<td title='testcases.TrainingTest.beforeMethod()'><b>beforeMethod</b><br>Test class: testcases.TrainingTest</td>
<td></td>
<td>-1687995815</td>
<td>testcases.TrainingTest@4d5d943d</td></tr>
</table><p>
<table width='100%' border='1' class='invocation-failed'>
<tr><td colspan='4' align='center'><b>FAILED TESTS</b></td></tr>
<tr><td><b>Test method</b></td>
<td width="30%"><b>Exception</b></td>
<td width="10%"><b>Time (seconds)</b></td>
<td><b>Instance</b></td>
</tr>
<tr>
<td title='testcases.CrmTest.ValidateClickTestingOfManageProductPage()'><b>ValidateClickTestingOfManageProductPage</b><br>Test class: testcases.CrmTest</td>
<td><div><pre>java.lang.AssertionError: java.lang.NullPointerException: Cannot invoke &quot;org.openqa.selenium.WebElement.clear()&quot; because &quot;element&quot; is null
	at utils.WebBasePage.enter(WebBasePage.java:81)
	at pageobjects.UserLoginPage.enterUserName(UserLoginPage.java:35)
	at pageobjects.UserLoginPage.forcefulLogOutLogin(UserLoginPage.java:80)
	at action.LoginAction.logoutLogin(LoginAction.java:25)
	at testcases.CrmTest.ValidateClickTestingOfManageProductPage(CrmTest.java:182)
	at java.base/java.util.ArrayList.forEach(ArrayList.java:1511)
... Removed 28 stack frames</pre></div><a href='#' onClick='toggleBox("stack-trace1323677351", this, "Click to show all stack frames", "Click to hide stack frames")'>Click to show all stack frames</a>
<div class='stack-trace' id='stack-trace1323677351'><pre>java.lang.AssertionError: java.lang.NullPointerException: Cannot invoke &quot;org.openqa.selenium.WebElement.clear()&quot; because &quot;element&quot; is null
	at org.testng.Assert.fail(Assert.java:99)
	at utils.WebBasePage.enter(WebBasePage.java:81)
	at pageobjects.UserLoginPage.enterUserName(UserLoginPage.java:35)
	at pageobjects.UserLoginPage.forcefulLogOutLogin(UserLoginPage.java:80)
	at action.LoginAction.logoutLogin(LoginAction.java:25)
	at testcases.CrmTest.ValidateClickTestingOfManageProductPage(CrmTest.java:182)
	at java.base/jdk.internal.reflect.NativeMethodAccessorImpl.invoke0(Native Method)
	at java.base/jdk.internal.reflect.NativeMethodAccessorImpl.invoke(NativeMethodAccessorImpl.java:77)
	at java.base/jdk.internal.reflect.DelegatingMethodAccessorImpl.invoke(DelegatingMethodAccessorImpl.java:43)
	at java.base/java.lang.reflect.Method.invoke(Method.java:568)
	at org.testng.internal.MethodInvocationHelper.invokeMethod(MethodInvocationHelper.java:133)
	at org.testng.internal.TestInvoker.invokeMethod(TestInvoker.java:598)
	at org.testng.internal.TestInvoker.invokeTestMethod(TestInvoker.java:173)
	at org.testng.internal.MethodRunner.runInSequence(MethodRunner.java:46)
	at org.testng.internal.TestInvoker$MethodInvocationAgent.invoke(TestInvoker.java:824)
	at org.testng.internal.TestInvoker.invokeTestMethods(TestInvoker.java:146)
	at org.testng.internal.TestMethodWorker.invokeTestMethods(TestMethodWorker.java:146)
	at org.testng.internal.TestMethodWorker.run(TestMethodWorker.java:128)
	at java.base/java.util.ArrayList.forEach(ArrayList.java:1511)
	at org.testng.TestRunner.privateRun(TestRunner.java:794)
	at org.testng.TestRunner.run(TestRunner.java:596)
	at org.testng.SuiteRunner.runTest(SuiteRunner.java:377)
	at org.testng.SuiteRunner.runSequentially(SuiteRunner.java:371)
	at org.testng.SuiteRunner.privateRun(SuiteRunner.java:332)
	at org.testng.SuiteRunner.run(SuiteRunner.java:276)
	at org.testng.SuiteRunnerWorker.runSuite(SuiteRunnerWorker.java:53)
	at org.testng.SuiteRunnerWorker.run(SuiteRunnerWorker.java:96)
	at org.testng.TestNG.runSuitesSequentially(TestNG.java:1212)
	at org.testng.TestNG.runSuitesLocally(TestNG.java:1134)
	at org.testng.TestNG.runSuites(TestNG.java:1063)
	at org.testng.TestNG.run(TestNG.java:1031)
	at org.testng.remote.AbstractRemoteTestNG.run(AbstractRemoteTestNG.java:115)
	at org.testng.remote.RemoteTestNG.initAndRun(RemoteTestNG.java:251)
	at org.testng.remote.RemoteTestNG.main(RemoteTestNG.java:77)
</pre></div></td>
<td>32</td>
<td>testcases.CrmTest@313ac989</td></tr>
<tr>
<td title='testcases.CrmTest.ValidateClickTestingOfDEalsPage()'><b>ValidateClickTestingOfDEalsPage</b><br>Test class: testcases.CrmTest</td>
<td><div><pre>java.lang.AssertionError: org.openqa.selenium.JavascriptException: javascript error: Cannot read properties of null (reading &apos;click&apos;)
  (Session info: chrome=114.0.5735.198)
Build info: version: &apos;3.141.59&apos;, revision: &apos;e82be7d358&apos;, time: &apos;2018-11-14T08:17:03&apos;
System info: host: &apos;COG-WIN-MAC03&apos;, ip: &apos;192.168.0.159&apos;, os.name: &apos;Windows 10&apos;, os.arch: &apos;amd64&apos;, os.version: &apos;10.0&apos;, java.version: &apos;17.0.2&apos;
Driver info: org.openqa.selenium.chrome.ChromeDriver
Capabilities {acceptInsecureCerts: false, browserName: chrome, browserVersion: 114.0.5735.198, chrome: {chromedriverVersion: 114.0.5735.90 (386bc09e8f4f..., userDataDir: C:\Users\aanand\AppData\Loc...}, goog:chromeOptions: {debuggerAddress: localhost:51026}, javascriptEnabled: true, networkConnectionEnabled: false, pageLoadStrategy: normal, platform: WINDOWS, platformName: WINDOWS, proxy: Proxy(), setWindowRect: true, strictFileInteractability: false, timeouts: {implicit: 0, pageLoad: 300000, script: 30000}, unhandledPromptBehavior: dismiss and notify, webauthn:extension:credBlob: true, webauthn:extension:largeBlob: true, webauthn:extension:minPinLength: true, webauthn:extension:prf: true, webauthn:virtualAuthenticators: true}
Session ID: f00f577d3d86929b5703b8de27f8e382
	at utils.WebBasePage.clickByJavascript(WebBasePage.java:274)
	at pageobjects.CrmPage.clickOnPageTourGuideForBrand(CrmPage.java:122)
	at action.CrmAction.GoToDealsPage(CrmAction.java:106)
	at testcases.CrmTest.ValidateClickTestingOfDEalsPage(CrmTest.java:119)
	at java.base/java.util.ArrayList.forEach(ArrayList.java:1511)
... Removed 28 stack frames</pre></div><a href='#' onClick='toggleBox("stack-trace437660242", this, "Click to show all stack frames", "Click to hide stack frames")'>Click to show all stack frames</a>
<div class='stack-trace' id='stack-trace437660242'><pre>java.lang.AssertionError: org.openqa.selenium.JavascriptException: javascript error: Cannot read properties of null (reading &apos;click&apos;)
  (Session info: chrome=114.0.5735.198)
Build info: version: &apos;3.141.59&apos;, revision: &apos;e82be7d358&apos;, time: &apos;2018-11-14T08:17:03&apos;
System info: host: &apos;COG-WIN-MAC03&apos;, ip: &apos;192.168.0.159&apos;, os.name: &apos;Windows 10&apos;, os.arch: &apos;amd64&apos;, os.version: &apos;10.0&apos;, java.version: &apos;17.0.2&apos;
Driver info: org.openqa.selenium.chrome.ChromeDriver
Capabilities {acceptInsecureCerts: false, browserName: chrome, browserVersion: 114.0.5735.198, chrome: {chromedriverVersion: 114.0.5735.90 (386bc09e8f4f..., userDataDir: C:\Users\aanand\AppData\Loc...}, goog:chromeOptions: {debuggerAddress: localhost:51026}, javascriptEnabled: true, networkConnectionEnabled: false, pageLoadStrategy: normal, platform: WINDOWS, platformName: WINDOWS, proxy: Proxy(), setWindowRect: true, strictFileInteractability: false, timeouts: {implicit: 0, pageLoad: 300000, script: 30000}, unhandledPromptBehavior: dismiss and notify, webauthn:extension:credBlob: true, webauthn:extension:largeBlob: true, webauthn:extension:minPinLength: true, webauthn:extension:prf: true, webauthn:virtualAuthenticators: true}
Session ID: f00f577d3d86929b5703b8de27f8e382
	at org.testng.Assert.fail(Assert.java:99)
	at utils.WebBasePage.clickByJavascript(WebBasePage.java:274)
	at pageobjects.CrmPage.clickOnPageTourGuideForBrand(CrmPage.java:122)
	at action.CrmAction.GoToDealsPage(CrmAction.java:106)
	at testcases.CrmTest.ValidateClickTestingOfDEalsPage(CrmTest.java:119)
	at java.base/jdk.internal.reflect.NativeMethodAccessorImpl.invoke0(Native Method)
	at java.base/jdk.internal.reflect.NativeMethodAccessorImpl.invoke(NativeMethodAccessorImpl.java:77)
	at java.base/jdk.internal.reflect.DelegatingMethodAccessorImpl.invoke(DelegatingMethodAccessorImpl.java:43)
	at java.base/java.lang.reflect.Method.invoke(Method.java:568)
	at org.testng.internal.MethodInvocationHelper.invokeMethod(MethodInvocationHelper.java:133)
	at org.testng.internal.TestInvoker.invokeMethod(TestInvoker.java:598)
	at org.testng.internal.TestInvoker.invokeTestMethod(TestInvoker.java:173)
	at org.testng.internal.MethodRunner.runInSequence(MethodRunner.java:46)
	at org.testng.internal.TestInvoker$MethodInvocationAgent.invoke(TestInvoker.java:824)
	at org.testng.internal.TestInvoker.invokeTestMethods(TestInvoker.java:146)
	at org.testng.internal.TestMethodWorker.invokeTestMethods(TestMethodWorker.java:146)
	at org.testng.internal.TestMethodWorker.run(TestMethodWorker.java:128)
	at java.base/java.util.ArrayList.forEach(ArrayList.java:1511)
	at org.testng.TestRunner.privateRun(TestRunner.java:794)
	at org.testng.TestRunner.run(TestRunner.java:596)
	at org.testng.SuiteRunner.runTest(SuiteRunner.java:377)
	at org.testng.SuiteRunner.runSequentially(SuiteRunner.java:371)
	at org.testng.SuiteRunner.privateRun(SuiteRunner.java:332)
	at org.testng.SuiteRunner.run(SuiteRunner.java:276)
	at org.testng.SuiteRunnerWorker.runSuite(SuiteRunnerWorker.java:53)
	at org.testng.SuiteRunnerWorker.run(SuiteRunnerWorker.java:96)
	at org.testng.TestNG.runSuitesSequentially(TestNG.java:1212)
	at org.testng.TestNG.runSuitesLocally(TestNG.java:1134)
	at org.testng.TestNG.runSuites(TestNG.java:1063)
	at org.testng.TestNG.run(TestNG.java:1031)
	at org.testng.remote.AbstractRemoteTestNG.run(AbstractRemoteTestNG.java:115)
	at org.testng.remote.RemoteTestNG.initAndRun(RemoteTestNG.java:251)
	at org.testng.remote.RemoteTestNG.main(RemoteTestNG.java:77)
</pre></div></td>
<td>74</td>
<td>testcases.CrmTest@313ac989</td></tr>
<tr>
<td title='testcases.CrmTest.ValidateClickTestingOfVendorPage()'><b>ValidateClickTestingOfVendorPage</b><br>Test class: testcases.CrmTest</td>
<td><div><pre>java.lang.AssertionError: Filter -  element not present
	at utils.WebBasePage.click(WebBasePage.java:126)
	at pageobjects.CrmPage.clickOnFilter(CrmPage.java:208)
	at action.CrmAction.GoToVendorPage(CrmAction.java:274)
	at testcases.CrmTest.ValidateClickTestingOfVendorPage(CrmTest.java:275)
	at java.base/java.util.ArrayList.forEach(ArrayList.java:1511)
... Removed 28 stack frames</pre></div><a href='#' onClick='toggleBox("stack-trace447427749", this, "Click to show all stack frames", "Click to hide stack frames")'>Click to show all stack frames</a>
<div class='stack-trace' id='stack-trace447427749'><pre>java.lang.AssertionError: Filter -  element not present
	at org.testng.Assert.fail(Assert.java:99)
	at utils.WebBasePage.click(WebBasePage.java:126)
	at pageobjects.CrmPage.clickOnFilter(CrmPage.java:208)
	at action.CrmAction.GoToVendorPage(CrmAction.java:274)
	at testcases.CrmTest.ValidateClickTestingOfVendorPage(CrmTest.java:275)
	at java.base/jdk.internal.reflect.NativeMethodAccessorImpl.invoke0(Native Method)
	at java.base/jdk.internal.reflect.NativeMethodAccessorImpl.invoke(NativeMethodAccessorImpl.java:77)
	at java.base/jdk.internal.reflect.DelegatingMethodAccessorImpl.invoke(DelegatingMethodAccessorImpl.java:43)
	at java.base/java.lang.reflect.Method.invoke(Method.java:568)
	at org.testng.internal.MethodInvocationHelper.invokeMethod(MethodInvocationHelper.java:133)
	at org.testng.internal.TestInvoker.invokeMethod(TestInvoker.java:598)
	at org.testng.internal.TestInvoker.invokeTestMethod(TestInvoker.java:173)
	at org.testng.internal.MethodRunner.runInSequence(MethodRunner.java:46)
	at org.testng.internal.TestInvoker$MethodInvocationAgent.invoke(TestInvoker.java:824)
	at org.testng.internal.TestInvoker.invokeTestMethods(TestInvoker.java:146)
	at org.testng.internal.TestMethodWorker.invokeTestMethods(TestMethodWorker.java:146)
	at org.testng.internal.TestMethodWorker.run(TestMethodWorker.java:128)
	at java.base/java.util.ArrayList.forEach(ArrayList.java:1511)
	at org.testng.TestRunner.privateRun(TestRunner.java:794)
	at org.testng.TestRunner.run(TestRunner.java:596)
	at org.testng.SuiteRunner.runTest(SuiteRunner.java:377)
	at org.testng.SuiteRunner.runSequentially(SuiteRunner.java:371)
	at org.testng.SuiteRunner.privateRun(SuiteRunner.java:332)
	at org.testng.SuiteRunner.run(SuiteRunner.java:276)
	at org.testng.SuiteRunnerWorker.runSuite(SuiteRunnerWorker.java:53)
	at org.testng.SuiteRunnerWorker.run(SuiteRunnerWorker.java:96)
	at org.testng.TestNG.runSuitesSequentially(TestNG.java:1212)
	at org.testng.TestNG.runSuitesLocally(TestNG.java:1134)
	at org.testng.TestNG.runSuites(TestNG.java:1063)
	at org.testng.TestNG.run(TestNG.java:1031)
	at org.testng.remote.AbstractRemoteTestNG.run(AbstractRemoteTestNG.java:115)
	at org.testng.remote.RemoteTestNG.initAndRun(RemoteTestNG.java:251)
	at org.testng.remote.RemoteTestNG.main(RemoteTestNG.java:77)
</pre></div></td>
<td>91</td>
<td>testcases.CrmTest@313ac989</td></tr>
<tr>
<td title='testcases.DocumentStorageTest.ValidateClickTestingOfManageClientStoragePage()'><b>ValidateClickTestingOfManageClientStoragePage</b><br>Test class: testcases.DocumentStorageTest</td>
<td><div><pre>java.lang.AssertionError: Check Box -  element not present
	at utils.WebBasePage.click(WebBasePage.java:126)
	at pageobjects.DocumentStoragePage.clickOnCheckBox(DocumentStoragePage.java:49)
	at action.DocumentStorageAction.GoToManageClientStoragePage(DocumentStorageAction.java:30)
	at testcases.DocumentStorageTest.ValidateClickTestingOfManageClientStoragePage(DocumentStorageTest.java:27)
	at java.base/java.util.ArrayList.forEach(ArrayList.java:1511)
... Removed 28 stack frames</pre></div><a href='#' onClick='toggleBox("stack-trace1676118760", this, "Click to show all stack frames", "Click to hide stack frames")'>Click to show all stack frames</a>
<div class='stack-trace' id='stack-trace1676118760'><pre>java.lang.AssertionError: Check Box -  element not present
	at org.testng.Assert.fail(Assert.java:99)
	at utils.WebBasePage.click(WebBasePage.java:126)
	at pageobjects.DocumentStoragePage.clickOnCheckBox(DocumentStoragePage.java:49)
	at action.DocumentStorageAction.GoToManageClientStoragePage(DocumentStorageAction.java:30)
	at testcases.DocumentStorageTest.ValidateClickTestingOfManageClientStoragePage(DocumentStorageTest.java:27)
	at java.base/jdk.internal.reflect.NativeMethodAccessorImpl.invoke0(Native Method)
	at java.base/jdk.internal.reflect.NativeMethodAccessorImpl.invoke(NativeMethodAccessorImpl.java:77)
	at java.base/jdk.internal.reflect.DelegatingMethodAccessorImpl.invoke(DelegatingMethodAccessorImpl.java:43)
	at java.base/java.lang.reflect.Method.invoke(Method.java:568)
	at org.testng.internal.MethodInvocationHelper.invokeMethod(MethodInvocationHelper.java:133)
	at org.testng.internal.TestInvoker.invokeMethod(TestInvoker.java:598)
	at org.testng.internal.TestInvoker.invokeTestMethod(TestInvoker.java:173)
	at org.testng.internal.MethodRunner.runInSequence(MethodRunner.java:46)
	at org.testng.internal.TestInvoker$MethodInvocationAgent.invoke(TestInvoker.java:824)
	at org.testng.internal.TestInvoker.invokeTestMethods(TestInvoker.java:146)
	at org.testng.internal.TestMethodWorker.invokeTestMethods(TestMethodWorker.java:146)
	at org.testng.internal.TestMethodWorker.run(TestMethodWorker.java:128)
	at java.base/java.util.ArrayList.forEach(ArrayList.java:1511)
	at org.testng.TestRunner.privateRun(TestRunner.java:794)
	at org.testng.TestRunner.run(TestRunner.java:596)
	at org.testng.SuiteRunner.runTest(SuiteRunner.java:377)
	at org.testng.SuiteRunner.runSequentially(SuiteRunner.java:371)
	at org.testng.SuiteRunner.privateRun(SuiteRunner.java:332)
	at org.testng.SuiteRunner.run(SuiteRunner.java:276)
	at org.testng.SuiteRunnerWorker.runSuite(SuiteRunnerWorker.java:53)
	at org.testng.SuiteRunnerWorker.run(SuiteRunnerWorker.java:96)
	at org.testng.TestNG.runSuitesSequentially(TestNG.java:1212)
	at org.testng.TestNG.runSuitesLocally(TestNG.java:1134)
	at org.testng.TestNG.runSuites(TestNG.java:1063)
	at org.testng.TestNG.run(TestNG.java:1031)
	at org.testng.remote.AbstractRemoteTestNG.run(AbstractRemoteTestNG.java:115)
	at org.testng.remote.RemoteTestNG.initAndRun(RemoteTestNG.java:251)
	at org.testng.remote.RemoteTestNG.main(RemoteTestNG.java:77)
</pre></div></td>
<td>61</td>
<td>testcases.DocumentStorageTest@4562e04d</td></tr>
<tr>
<td title='testcases.CrmTest.ValidateClickTestingOfSalesOrderPage()'><b>ValidateClickTestingOfSalesOrderPage</b><br>Test class: testcases.CrmTest</td>
<td><div><pre>java.lang.AssertionError: org.openqa.selenium.JavascriptException: javascript error: Cannot read properties of null (reading &apos;click&apos;)
  (Session info: chrome=114.0.5735.198)
Build info: version: &apos;3.141.59&apos;, revision: &apos;e82be7d358&apos;, time: &apos;2018-11-14T08:17:03&apos;
System info: host: &apos;COG-WIN-MAC03&apos;, ip: &apos;192.168.0.159&apos;, os.name: &apos;Windows 10&apos;, os.arch: &apos;amd64&apos;, os.version: &apos;10.0&apos;, java.version: &apos;17.0.2&apos;
Driver info: org.openqa.selenium.chrome.ChromeDriver
Capabilities {acceptInsecureCerts: false, browserName: chrome, browserVersion: 114.0.5735.198, chrome: {chromedriverVersion: 114.0.5735.90 (386bc09e8f4f..., userDataDir: C:\Users\aanand\AppData\Loc...}, goog:chromeOptions: {debuggerAddress: localhost:51026}, javascriptEnabled: true, networkConnectionEnabled: false, pageLoadStrategy: normal, platform: WINDOWS, platformName: WINDOWS, proxy: Proxy(), setWindowRect: true, strictFileInteractability: false, timeouts: {implicit: 0, pageLoad: 300000, script: 30000}, unhandledPromptBehavior: dismiss and notify, webauthn:extension:credBlob: true, webauthn:extension:largeBlob: true, webauthn:extension:minPinLength: true, webauthn:extension:prf: true, webauthn:virtualAuthenticators: true}
Session ID: f00f577d3d86929b5703b8de27f8e382
	at utils.WebBasePage.clickByJavascript(WebBasePage.java:274)
	at pageobjects.CrmPage.clickOnPageTourGuideForBrand(CrmPage.java:122)
	at action.CrmAction.GoToSalesOrderPage(CrmAction.java:245)
	at testcases.CrmTest.ValidateClickTestingOfSalesOrderPage(CrmTest.java:249)
	at java.base/java.util.ArrayList.forEach(ArrayList.java:1511)
... Removed 28 stack frames</pre></div><a href='#' onClick='toggleBox("stack-trace756483079", this, "Click to show all stack frames", "Click to hide stack frames")'>Click to show all stack frames</a>
<div class='stack-trace' id='stack-trace756483079'><pre>java.lang.AssertionError: org.openqa.selenium.JavascriptException: javascript error: Cannot read properties of null (reading &apos;click&apos;)
  (Session info: chrome=114.0.5735.198)
Build info: version: &apos;3.141.59&apos;, revision: &apos;e82be7d358&apos;, time: &apos;2018-11-14T08:17:03&apos;
System info: host: &apos;COG-WIN-MAC03&apos;, ip: &apos;192.168.0.159&apos;, os.name: &apos;Windows 10&apos;, os.arch: &apos;amd64&apos;, os.version: &apos;10.0&apos;, java.version: &apos;17.0.2&apos;
Driver info: org.openqa.selenium.chrome.ChromeDriver
Capabilities {acceptInsecureCerts: false, browserName: chrome, browserVersion: 114.0.5735.198, chrome: {chromedriverVersion: 114.0.5735.90 (386bc09e8f4f..., userDataDir: C:\Users\aanand\AppData\Loc...}, goog:chromeOptions: {debuggerAddress: localhost:51026}, javascriptEnabled: true, networkConnectionEnabled: false, pageLoadStrategy: normal, platform: WINDOWS, platformName: WINDOWS, proxy: Proxy(), setWindowRect: true, strictFileInteractability: false, timeouts: {implicit: 0, pageLoad: 300000, script: 30000}, unhandledPromptBehavior: dismiss and notify, webauthn:extension:credBlob: true, webauthn:extension:largeBlob: true, webauthn:extension:minPinLength: true, webauthn:extension:prf: true, webauthn:virtualAuthenticators: true}
Session ID: f00f577d3d86929b5703b8de27f8e382
	at org.testng.Assert.fail(Assert.java:99)
	at utils.WebBasePage.clickByJavascript(WebBasePage.java:274)
	at pageobjects.CrmPage.clickOnPageTourGuideForBrand(CrmPage.java:122)
	at action.CrmAction.GoToSalesOrderPage(CrmAction.java:245)
	at testcases.CrmTest.ValidateClickTestingOfSalesOrderPage(CrmTest.java:249)
	at java.base/jdk.internal.reflect.NativeMethodAccessorImpl.invoke0(Native Method)
	at java.base/jdk.internal.reflect.NativeMethodAccessorImpl.invoke(NativeMethodAccessorImpl.java:77)
	at java.base/jdk.internal.reflect.DelegatingMethodAccessorImpl.invoke(DelegatingMethodAccessorImpl.java:43)
	at java.base/java.lang.reflect.Method.invoke(Method.java:568)
	at org.testng.internal.MethodInvocationHelper.invokeMethod(MethodInvocationHelper.java:133)
	at org.testng.internal.TestInvoker.invokeMethod(TestInvoker.java:598)
	at org.testng.internal.TestInvoker.invokeTestMethod(TestInvoker.java:173)
	at org.testng.internal.MethodRunner.runInSequence(MethodRunner.java:46)
	at org.testng.internal.TestInvoker$MethodInvocationAgent.invoke(TestInvoker.java:824)
	at org.testng.internal.TestInvoker.invokeTestMethods(TestInvoker.java:146)
	at org.testng.internal.TestMethodWorker.invokeTestMethods(TestMethodWorker.java:146)
	at org.testng.internal.TestMethodWorker.run(TestMethodWorker.java:128)
	at java.base/java.util.ArrayList.forEach(ArrayList.java:1511)
	at org.testng.TestRunner.privateRun(TestRunner.java:794)
	at org.testng.TestRunner.run(TestRunner.java:596)
	at org.testng.SuiteRunner.runTest(SuiteRunner.java:377)
	at org.testng.SuiteRunner.runSequentially(SuiteRunner.java:371)
	at org.testng.SuiteRunner.privateRun(SuiteRunner.java:332)
	at org.testng.SuiteRunner.run(SuiteRunner.java:276)
	at org.testng.SuiteRunnerWorker.runSuite(SuiteRunnerWorker.java:53)
	at org.testng.SuiteRunnerWorker.run(SuiteRunnerWorker.java:96)
	at org.testng.TestNG.runSuitesSequentially(TestNG.java:1212)
	at org.testng.TestNG.runSuitesLocally(TestNG.java:1134)
	at org.testng.TestNG.runSuites(TestNG.java:1063)
	at org.testng.TestNG.run(TestNG.java:1031)
	at org.testng.remote.AbstractRemoteTestNG.run(AbstractRemoteTestNG.java:115)
	at org.testng.remote.RemoteTestNG.initAndRun(RemoteTestNG.java:251)
	at org.testng.remote.RemoteTestNG.main(RemoteTestNG.java:77)
</pre></div></td>
<td>81</td>
<td>testcases.CrmTest@313ac989</td></tr>
<tr>
<td title='testcases.CrmTest.ValidateClickTestingOfCampaignPage()'><b>ValidateClickTestingOfCampaignPage</b><br>Test class: testcases.CrmTest</td>
<td><div><pre>java.lang.AssertionError: org.openqa.selenium.JavascriptException: javascript error: Cannot read properties of null (reading &apos;click&apos;)
  (Session info: chrome=114.0.5735.198)
Build info: version: &apos;3.141.59&apos;, revision: &apos;e82be7d358&apos;, time: &apos;2018-11-14T08:17:03&apos;
System info: host: &apos;COG-WIN-MAC03&apos;, ip: &apos;192.168.0.159&apos;, os.name: &apos;Windows 10&apos;, os.arch: &apos;amd64&apos;, os.version: &apos;10.0&apos;, java.version: &apos;17.0.2&apos;
Driver info: org.openqa.selenium.chrome.ChromeDriver
Capabilities {acceptInsecureCerts: false, browserName: chrome, browserVersion: 114.0.5735.198, chrome: {chromedriverVersion: 114.0.5735.90 (386bc09e8f4f..., userDataDir: C:\Users\aanand\AppData\Loc...}, goog:chromeOptions: {debuggerAddress: localhost:51026}, javascriptEnabled: true, networkConnectionEnabled: false, pageLoadStrategy: normal, platform: WINDOWS, platformName: WINDOWS, proxy: Proxy(), setWindowRect: true, strictFileInteractability: false, timeouts: {implicit: 0, pageLoad: 300000, script: 30000}, unhandledPromptBehavior: dismiss and notify, webauthn:extension:credBlob: true, webauthn:extension:largeBlob: true, webauthn:extension:minPinLength: true, webauthn:extension:prf: true, webauthn:virtualAuthenticators: true}
Session ID: f00f577d3d86929b5703b8de27f8e382
	at utils.WebBasePage.clickByJavascript(WebBasePage.java:274)
	at pageobjects.UserLoginPage.forcefulLogOutLogin(UserLoginPage.java:78)
	at action.LoginAction.logoutLogin(LoginAction.java:25)
	at testcases.CrmTest.ValidateClickTestingOfCampaignPage(CrmTest.java:52)
	at java.base/java.util.ArrayList.forEach(ArrayList.java:1511)
... Removed 28 stack frames</pre></div><a href='#' onClick='toggleBox("stack-trace1063385584", this, "Click to show all stack frames", "Click to hide stack frames")'>Click to show all stack frames</a>
<div class='stack-trace' id='stack-trace1063385584'><pre>java.lang.AssertionError: org.openqa.selenium.JavascriptException: javascript error: Cannot read properties of null (reading &apos;click&apos;)
  (Session info: chrome=114.0.5735.198)
Build info: version: &apos;3.141.59&apos;, revision: &apos;e82be7d358&apos;, time: &apos;2018-11-14T08:17:03&apos;
System info: host: &apos;COG-WIN-MAC03&apos;, ip: &apos;192.168.0.159&apos;, os.name: &apos;Windows 10&apos;, os.arch: &apos;amd64&apos;, os.version: &apos;10.0&apos;, java.version: &apos;17.0.2&apos;
Driver info: org.openqa.selenium.chrome.ChromeDriver
Capabilities {acceptInsecureCerts: false, browserName: chrome, browserVersion: 114.0.5735.198, chrome: {chromedriverVersion: 114.0.5735.90 (386bc09e8f4f..., userDataDir: C:\Users\aanand\AppData\Loc...}, goog:chromeOptions: {debuggerAddress: localhost:51026}, javascriptEnabled: true, networkConnectionEnabled: false, pageLoadStrategy: normal, platform: WINDOWS, platformName: WINDOWS, proxy: Proxy(), setWindowRect: true, strictFileInteractability: false, timeouts: {implicit: 0, pageLoad: 300000, script: 30000}, unhandledPromptBehavior: dismiss and notify, webauthn:extension:credBlob: true, webauthn:extension:largeBlob: true, webauthn:extension:minPinLength: true, webauthn:extension:prf: true, webauthn:virtualAuthenticators: true}
Session ID: f00f577d3d86929b5703b8de27f8e382
	at org.testng.Assert.fail(Assert.java:99)
	at utils.WebBasePage.clickByJavascript(WebBasePage.java:274)
	at pageobjects.UserLoginPage.forcefulLogOutLogin(UserLoginPage.java:78)
	at action.LoginAction.logoutLogin(LoginAction.java:25)
	at testcases.CrmTest.ValidateClickTestingOfCampaignPage(CrmTest.java:52)
	at java.base/jdk.internal.reflect.NativeMethodAccessorImpl.invoke0(Native Method)
	at java.base/jdk.internal.reflect.NativeMethodAccessorImpl.invoke(NativeMethodAccessorImpl.java:77)
	at java.base/jdk.internal.reflect.DelegatingMethodAccessorImpl.invoke(DelegatingMethodAccessorImpl.java:43)
	at java.base/java.lang.reflect.Method.invoke(Method.java:568)
	at org.testng.internal.MethodInvocationHelper.invokeMethod(MethodInvocationHelper.java:133)
	at org.testng.internal.TestInvoker.invokeMethod(TestInvoker.java:598)
	at org.testng.internal.TestInvoker.invokeTestMethod(TestInvoker.java:173)
	at org.testng.internal.MethodRunner.runInSequence(MethodRunner.java:46)
	at org.testng.internal.TestInvoker$MethodInvocationAgent.invoke(TestInvoker.java:824)
	at org.testng.internal.TestInvoker.invokeTestMethods(TestInvoker.java:146)
	at org.testng.internal.TestMethodWorker.invokeTestMethods(TestMethodWorker.java:146)
	at org.testng.internal.TestMethodWorker.run(TestMethodWorker.java:128)
	at java.base/java.util.ArrayList.forEach(ArrayList.java:1511)
	at org.testng.TestRunner.privateRun(TestRunner.java:794)
	at org.testng.TestRunner.run(TestRunner.java:596)
	at org.testng.SuiteRunner.runTest(SuiteRunner.java:377)
	at org.testng.SuiteRunner.runSequentially(SuiteRunner.java:371)
	at org.testng.SuiteRunner.privateRun(SuiteRunner.java:332)
	at org.testng.SuiteRunner.run(SuiteRunner.java:276)
	at org.testng.SuiteRunnerWorker.runSuite(SuiteRunnerWorker.java:53)
	at org.testng.SuiteRunnerWorker.run(SuiteRunnerWorker.java:96)
	at org.testng.TestNG.runSuitesSequentially(TestNG.java:1212)
	at org.testng.TestNG.runSuitesLocally(TestNG.java:1134)
	at org.testng.TestNG.runSuites(TestNG.java:1063)
	at org.testng.TestNG.run(TestNG.java:1031)
	at org.testng.remote.AbstractRemoteTestNG.run(AbstractRemoteTestNG.java:115)
	at org.testng.remote.RemoteTestNG.initAndRun(RemoteTestNG.java:251)
	at org.testng.remote.RemoteTestNG.main(RemoteTestNG.java:77)
</pre></div></td>
<td>22</td>
<td>testcases.CrmTest@313ac989</td></tr>
<tr>
<td title='testcases.DocumentStorageTest.ValidateClickTestingOfUserStorageReportPage()'><b>ValidateClickTestingOfUserStorageReportPage</b><br>Test class: testcases.DocumentStorageTest</td>
<td><div><pre>java.lang.AssertionError: List View -  element not present
	at utils.WebBasePage.click(WebBasePage.java:126)
	at pageobjects.DocumentStoragePage.clickOnListView(DocumentStoragePage.java:106)
	at action.DocumentStorageAction.GoToUserStorageReportPage(DocumentStorageAction.java:48)
	at testcases.DocumentStorageTest.ValidateClickTestingOfUserStorageReportPage(DocumentStorageTest.java:53)
	at java.base/java.util.ArrayList.forEach(ArrayList.java:1511)
... Removed 28 stack frames</pre></div><a href='#' onClick='toggleBox("stack-trace1953676192", this, "Click to show all stack frames", "Click to hide stack frames")'>Click to show all stack frames</a>
<div class='stack-trace' id='stack-trace1953676192'><pre>java.lang.AssertionError: List View -  element not present
	at org.testng.Assert.fail(Assert.java:99)
	at utils.WebBasePage.click(WebBasePage.java:126)
	at pageobjects.DocumentStoragePage.clickOnListView(DocumentStoragePage.java:106)
	at action.DocumentStorageAction.GoToUserStorageReportPage(DocumentStorageAction.java:48)
	at testcases.DocumentStorageTest.ValidateClickTestingOfUserStorageReportPage(DocumentStorageTest.java:53)
	at java.base/jdk.internal.reflect.NativeMethodAccessorImpl.invoke0(Native Method)
	at java.base/jdk.internal.reflect.NativeMethodAccessorImpl.invoke(NativeMethodAccessorImpl.java:77)
	at java.base/jdk.internal.reflect.DelegatingMethodAccessorImpl.invoke(DelegatingMethodAccessorImpl.java:43)
	at java.base/java.lang.reflect.Method.invoke(Method.java:568)
	at org.testng.internal.MethodInvocationHelper.invokeMethod(MethodInvocationHelper.java:133)
	at org.testng.internal.TestInvoker.invokeMethod(TestInvoker.java:598)
	at org.testng.internal.TestInvoker.invokeTestMethod(TestInvoker.java:173)
	at org.testng.internal.MethodRunner.runInSequence(MethodRunner.java:46)
	at org.testng.internal.TestInvoker$MethodInvocationAgent.invoke(TestInvoker.java:824)
	at org.testng.internal.TestInvoker.invokeTestMethods(TestInvoker.java:146)
	at org.testng.internal.TestMethodWorker.invokeTestMethods(TestMethodWorker.java:146)
	at org.testng.internal.TestMethodWorker.run(TestMethodWorker.java:128)
	at java.base/java.util.ArrayList.forEach(ArrayList.java:1511)
	at org.testng.TestRunner.privateRun(TestRunner.java:794)
	at org.testng.TestRunner.run(TestRunner.java:596)
	at org.testng.SuiteRunner.runTest(SuiteRunner.java:377)
	at org.testng.SuiteRunner.runSequentially(SuiteRunner.java:371)
	at org.testng.SuiteRunner.privateRun(SuiteRunner.java:332)
	at org.testng.SuiteRunner.run(SuiteRunner.java:276)
	at org.testng.SuiteRunnerWorker.runSuite(SuiteRunnerWorker.java:53)
	at org.testng.SuiteRunnerWorker.run(SuiteRunnerWorker.java:96)
	at org.testng.TestNG.runSuitesSequentially(TestNG.java:1212)
	at org.testng.TestNG.runSuitesLocally(TestNG.java:1134)
	at org.testng.TestNG.runSuites(TestNG.java:1063)
	at org.testng.TestNG.run(TestNG.java:1031)
	at org.testng.remote.AbstractRemoteTestNG.run(AbstractRemoteTestNG.java:115)
	at org.testng.remote.RemoteTestNG.initAndRun(RemoteTestNG.java:251)
	at org.testng.remote.RemoteTestNG.main(RemoteTestNG.java:77)
</pre></div></td>
<td>83</td>
<td>testcases.DocumentStorageTest@4562e04d</td></tr>
<tr>
<td title='testcases.CrmTest.ValidateClickTestingOfAccountsPage()'><b>ValidateClickTestingOfAccountsPage</b><br>Test class: testcases.CrmTest</td>
<td><div><pre>java.lang.AssertionError: org.openqa.selenium.JavascriptException: javascript error: Cannot read properties of null (reading &apos;click&apos;)
  (Session info: chrome=114.0.5735.198)
Build info: version: &apos;3.141.59&apos;, revision: &apos;e82be7d358&apos;, time: &apos;2018-11-14T08:17:03&apos;
System info: host: &apos;COG-WIN-MAC03&apos;, ip: &apos;192.168.0.159&apos;, os.name: &apos;Windows 10&apos;, os.arch: &apos;amd64&apos;, os.version: &apos;10.0&apos;, java.version: &apos;17.0.2&apos;
Driver info: org.openqa.selenium.chrome.ChromeDriver
Capabilities {acceptInsecureCerts: false, browserName: chrome, browserVersion: 114.0.5735.198, chrome: {chromedriverVersion: 114.0.5735.90 (386bc09e8f4f..., userDataDir: C:\Users\aanand\AppData\Loc...}, goog:chromeOptions: {debuggerAddress: localhost:51026}, javascriptEnabled: true, networkConnectionEnabled: false, pageLoadStrategy: normal, platform: WINDOWS, platformName: WINDOWS, proxy: Proxy(), setWindowRect: true, strictFileInteractability: false, timeouts: {implicit: 0, pageLoad: 300000, script: 30000}, unhandledPromptBehavior: dismiss and notify, webauthn:extension:credBlob: true, webauthn:extension:largeBlob: true, webauthn:extension:minPinLength: true, webauthn:extension:prf: true, webauthn:virtualAuthenticators: true}
Session ID: f00f577d3d86929b5703b8de27f8e382
	at utils.WebBasePage.clickByJavascript(WebBasePage.java:274)
	at pageobjects.CrmPage.clickOnPageTourGuide(CrmPage.java:52)
	at action.CrmAction.GoToAccountsPage(CrmAction.java:30)
	at testcases.CrmTest.ValidateClickTestingOfAccountsPage(CrmTest.java:28)
	at java.base/java.util.ArrayList.forEach(ArrayList.java:1511)
... Removed 28 stack frames</pre></div><a href='#' onClick='toggleBox("stack-trace1827778660", this, "Click to show all stack frames", "Click to hide stack frames")'>Click to show all stack frames</a>
<div class='stack-trace' id='stack-trace1827778660'><pre>java.lang.AssertionError: org.openqa.selenium.JavascriptException: javascript error: Cannot read properties of null (reading &apos;click&apos;)
  (Session info: chrome=114.0.5735.198)
Build info: version: &apos;3.141.59&apos;, revision: &apos;e82be7d358&apos;, time: &apos;2018-11-14T08:17:03&apos;
System info: host: &apos;COG-WIN-MAC03&apos;, ip: &apos;192.168.0.159&apos;, os.name: &apos;Windows 10&apos;, os.arch: &apos;amd64&apos;, os.version: &apos;10.0&apos;, java.version: &apos;17.0.2&apos;
Driver info: org.openqa.selenium.chrome.ChromeDriver
Capabilities {acceptInsecureCerts: false, browserName: chrome, browserVersion: 114.0.5735.198, chrome: {chromedriverVersion: 114.0.5735.90 (386bc09e8f4f..., userDataDir: C:\Users\aanand\AppData\Loc...}, goog:chromeOptions: {debuggerAddress: localhost:51026}, javascriptEnabled: true, networkConnectionEnabled: false, pageLoadStrategy: normal, platform: WINDOWS, platformName: WINDOWS, proxy: Proxy(), setWindowRect: true, strictFileInteractability: false, timeouts: {implicit: 0, pageLoad: 300000, script: 30000}, unhandledPromptBehavior: dismiss and notify, webauthn:extension:credBlob: true, webauthn:extension:largeBlob: true, webauthn:extension:minPinLength: true, webauthn:extension:prf: true, webauthn:virtualAuthenticators: true}
Session ID: f00f577d3d86929b5703b8de27f8e382
	at org.testng.Assert.fail(Assert.java:99)
	at utils.WebBasePage.clickByJavascript(WebBasePage.java:274)
	at pageobjects.CrmPage.clickOnPageTourGuide(CrmPage.java:52)
	at action.CrmAction.GoToAccountsPage(CrmAction.java:30)
	at testcases.CrmTest.ValidateClickTestingOfAccountsPage(CrmTest.java:28)
	at java.base/jdk.internal.reflect.NativeMethodAccessorImpl.invoke0(Native Method)
	at java.base/jdk.internal.reflect.NativeMethodAccessorImpl.invoke(NativeMethodAccessorImpl.java:77)
	at java.base/jdk.internal.reflect.DelegatingMethodAccessorImpl.invoke(DelegatingMethodAccessorImpl.java:43)
	at java.base/java.lang.reflect.Method.invoke(Method.java:568)
	at org.testng.internal.MethodInvocationHelper.invokeMethod(MethodInvocationHelper.java:133)
	at org.testng.internal.TestInvoker.invokeMethod(TestInvoker.java:598)
	at org.testng.internal.TestInvoker.invokeTestMethod(TestInvoker.java:173)
	at org.testng.internal.MethodRunner.runInSequence(MethodRunner.java:46)
	at org.testng.internal.TestInvoker$MethodInvocationAgent.invoke(TestInvoker.java:824)
	at org.testng.internal.TestInvoker.invokeTestMethods(TestInvoker.java:146)
	at org.testng.internal.TestMethodWorker.invokeTestMethods(TestMethodWorker.java:146)
	at org.testng.internal.TestMethodWorker.run(TestMethodWorker.java:128)
	at java.base/java.util.ArrayList.forEach(ArrayList.java:1511)
	at org.testng.TestRunner.privateRun(TestRunner.java:794)
	at org.testng.TestRunner.run(TestRunner.java:596)
	at org.testng.SuiteRunner.runTest(SuiteRunner.java:377)
	at org.testng.SuiteRunner.runSequentially(SuiteRunner.java:371)
	at org.testng.SuiteRunner.privateRun(SuiteRunner.java:332)
	at org.testng.SuiteRunner.run(SuiteRunner.java:276)
	at org.testng.SuiteRunnerWorker.runSuite(SuiteRunnerWorker.java:53)
	at org.testng.SuiteRunnerWorker.run(SuiteRunnerWorker.java:96)
	at org.testng.TestNG.runSuitesSequentially(TestNG.java:1212)
	at org.testng.TestNG.runSuitesLocally(TestNG.java:1134)
	at org.testng.TestNG.runSuites(TestNG.java:1063)
	at org.testng.TestNG.run(TestNG.java:1031)
	at org.testng.remote.AbstractRemoteTestNG.run(AbstractRemoteTestNG.java:115)
	at org.testng.remote.RemoteTestNG.initAndRun(RemoteTestNG.java:251)
	at org.testng.remote.RemoteTestNG.main(RemoteTestNG.java:77)
</pre></div></td>
<td>66</td>
<td>testcases.CrmTest@313ac989</td></tr>
<tr>
<td title='testcases.CrmTest.ValidateClickTestingOfQuotePage()'><b>ValidateClickTestingOfQuotePage</b><br>Test class: testcases.CrmTest</td>
<td><div><pre>java.lang.AssertionError: java.lang.NullPointerException: Cannot invoke &quot;org.openqa.selenium.WebElement.clear()&quot; because &quot;element&quot; is null
	at utils.WebBasePage.enter(WebBasePage.java:81)
	at pageobjects.UserLoginPage.enterUserName(UserLoginPage.java:35)
	at pageobjects.UserLoginPage.forcefulLogOutLogin(UserLoginPage.java:80)
	at action.LoginAction.logoutLogin(LoginAction.java:25)
	at testcases.CrmTest.ValidateClickTestingOfQuotePage(CrmTest.java:234)
	at java.base/java.util.ArrayList.forEach(ArrayList.java:1511)
... Removed 28 stack frames</pre></div><a href='#' onClick='toggleBox("stack-trace1467747302", this, "Click to show all stack frames", "Click to hide stack frames")'>Click to show all stack frames</a>
<div class='stack-trace' id='stack-trace1467747302'><pre>java.lang.AssertionError: java.lang.NullPointerException: Cannot invoke &quot;org.openqa.selenium.WebElement.clear()&quot; because &quot;element&quot; is null
	at org.testng.Assert.fail(Assert.java:99)
	at utils.WebBasePage.enter(WebBasePage.java:81)
	at pageobjects.UserLoginPage.enterUserName(UserLoginPage.java:35)
	at pageobjects.UserLoginPage.forcefulLogOutLogin(UserLoginPage.java:80)
	at action.LoginAction.logoutLogin(LoginAction.java:25)
	at testcases.CrmTest.ValidateClickTestingOfQuotePage(CrmTest.java:234)
	at java.base/jdk.internal.reflect.NativeMethodAccessorImpl.invoke0(Native Method)
	at java.base/jdk.internal.reflect.NativeMethodAccessorImpl.invoke(NativeMethodAccessorImpl.java:77)
	at java.base/jdk.internal.reflect.DelegatingMethodAccessorImpl.invoke(DelegatingMethodAccessorImpl.java:43)
	at java.base/java.lang.reflect.Method.invoke(Method.java:568)
	at org.testng.internal.MethodInvocationHelper.invokeMethod(MethodInvocationHelper.java:133)
	at org.testng.internal.TestInvoker.invokeMethod(TestInvoker.java:598)
	at org.testng.internal.TestInvoker.invokeTestMethod(TestInvoker.java:173)
	at org.testng.internal.MethodRunner.runInSequence(MethodRunner.java:46)
	at org.testng.internal.TestInvoker$MethodInvocationAgent.invoke(TestInvoker.java:824)
	at org.testng.internal.TestInvoker.invokeTestMethods(TestInvoker.java:146)
	at org.testng.internal.TestMethodWorker.invokeTestMethods(TestMethodWorker.java:146)
	at org.testng.internal.TestMethodWorker.run(TestMethodWorker.java:128)
	at java.base/java.util.ArrayList.forEach(ArrayList.java:1511)
	at org.testng.TestRunner.privateRun(TestRunner.java:794)
	at org.testng.TestRunner.run(TestRunner.java:596)
	at org.testng.SuiteRunner.runTest(SuiteRunner.java:377)
	at org.testng.SuiteRunner.runSequentially(SuiteRunner.java:371)
	at org.testng.SuiteRunner.privateRun(SuiteRunner.java:332)
	at org.testng.SuiteRunner.run(SuiteRunner.java:276)
	at org.testng.SuiteRunnerWorker.runSuite(SuiteRunnerWorker.java:53)
	at org.testng.SuiteRunnerWorker.run(SuiteRunnerWorker.java:96)
	at org.testng.TestNG.runSuitesSequentially(TestNG.java:1212)
	at org.testng.TestNG.runSuitesLocally(TestNG.java:1134)
	at org.testng.TestNG.runSuites(TestNG.java:1063)
	at org.testng.TestNG.run(TestNG.java:1031)
	at org.testng.remote.AbstractRemoteTestNG.run(AbstractRemoteTestNG.java:115)
	at org.testng.remote.RemoteTestNG.initAndRun(RemoteTestNG.java:251)
	at org.testng.remote.RemoteTestNG.main(RemoteTestNG.java:77)
</pre></div></td>
<td>33</td>
<td>testcases.CrmTest@313ac989</td></tr>
<tr>
<td title='testcases.CrmTest.ValidateClickTestingOfPurchaseOrderPage()'><b>ValidateClickTestingOfPurchaseOrderPage</b><br>Test class: testcases.CrmTest</td>
<td><div><pre>java.lang.AssertionError: org.openqa.selenium.JavascriptException: javascript error: Cannot read properties of null (reading &apos;click&apos;)
  (Session info: chrome=114.0.5735.198)
Build info: version: &apos;3.141.59&apos;, revision: &apos;e82be7d358&apos;, time: &apos;2018-11-14T08:17:03&apos;
System info: host: &apos;COG-WIN-MAC03&apos;, ip: &apos;192.168.0.159&apos;, os.name: &apos;Windows 10&apos;, os.arch: &apos;amd64&apos;, os.version: &apos;10.0&apos;, java.version: &apos;17.0.2&apos;
Driver info: org.openqa.selenium.chrome.ChromeDriver
Capabilities {acceptInsecureCerts: false, browserName: chrome, browserVersion: 114.0.5735.198, chrome: {chromedriverVersion: 114.0.5735.90 (386bc09e8f4f..., userDataDir: C:\Users\aanand\AppData\Loc...}, goog:chromeOptions: {debuggerAddress: localhost:51026}, javascriptEnabled: true, networkConnectionEnabled: false, pageLoadStrategy: normal, platform: WINDOWS, platformName: WINDOWS, proxy: Proxy(), setWindowRect: true, strictFileInteractability: false, timeouts: {implicit: 0, pageLoad: 300000, script: 30000}, unhandledPromptBehavior: dismiss and notify, webauthn:extension:credBlob: true, webauthn:extension:largeBlob: true, webauthn:extension:minPinLength: true, webauthn:extension:prf: true, webauthn:virtualAuthenticators: true}
Session ID: f00f577d3d86929b5703b8de27f8e382
	at utils.WebBasePage.clickByJavascript(WebBasePage.java:274)
	at pageobjects.CrmPage.clickOnPageTourGuideForBrand(CrmPage.java:122)
	at action.CrmAction.GoToPurchaseOrderPage(CrmAction.java:217)
	at testcases.CrmTest.ValidateClickTestingOfPurchaseOrderPage(CrmTest.java:223)
	at java.base/java.util.ArrayList.forEach(ArrayList.java:1511)
... Removed 28 stack frames</pre></div><a href='#' onClick='toggleBox("stack-trace522833010", this, "Click to show all stack frames", "Click to hide stack frames")'>Click to show all stack frames</a>
<div class='stack-trace' id='stack-trace522833010'><pre>java.lang.AssertionError: org.openqa.selenium.JavascriptException: javascript error: Cannot read properties of null (reading &apos;click&apos;)
  (Session info: chrome=114.0.5735.198)
Build info: version: &apos;3.141.59&apos;, revision: &apos;e82be7d358&apos;, time: &apos;2018-11-14T08:17:03&apos;
System info: host: &apos;COG-WIN-MAC03&apos;, ip: &apos;192.168.0.159&apos;, os.name: &apos;Windows 10&apos;, os.arch: &apos;amd64&apos;, os.version: &apos;10.0&apos;, java.version: &apos;17.0.2&apos;
Driver info: org.openqa.selenium.chrome.ChromeDriver
Capabilities {acceptInsecureCerts: false, browserName: chrome, browserVersion: 114.0.5735.198, chrome: {chromedriverVersion: 114.0.5735.90 (386bc09e8f4f..., userDataDir: C:\Users\aanand\AppData\Loc...}, goog:chromeOptions: {debuggerAddress: localhost:51026}, javascriptEnabled: true, networkConnectionEnabled: false, pageLoadStrategy: normal, platform: WINDOWS, platformName: WINDOWS, proxy: Proxy(), setWindowRect: true, strictFileInteractability: false, timeouts: {implicit: 0, pageLoad: 300000, script: 30000}, unhandledPromptBehavior: dismiss and notify, webauthn:extension:credBlob: true, webauthn:extension:largeBlob: true, webauthn:extension:minPinLength: true, webauthn:extension:prf: true, webauthn:virtualAuthenticators: true}
Session ID: f00f577d3d86929b5703b8de27f8e382
	at org.testng.Assert.fail(Assert.java:99)
	at utils.WebBasePage.clickByJavascript(WebBasePage.java:274)
	at pageobjects.CrmPage.clickOnPageTourGuideForBrand(CrmPage.java:122)
	at action.CrmAction.GoToPurchaseOrderPage(CrmAction.java:217)
	at testcases.CrmTest.ValidateClickTestingOfPurchaseOrderPage(CrmTest.java:223)
	at java.base/jdk.internal.reflect.NativeMethodAccessorImpl.invoke0(Native Method)
	at java.base/jdk.internal.reflect.NativeMethodAccessorImpl.invoke(NativeMethodAccessorImpl.java:77)
	at java.base/jdk.internal.reflect.DelegatingMethodAccessorImpl.invoke(DelegatingMethodAccessorImpl.java:43)
	at java.base/java.lang.reflect.Method.invoke(Method.java:568)
	at org.testng.internal.MethodInvocationHelper.invokeMethod(MethodInvocationHelper.java:133)
	at org.testng.internal.TestInvoker.invokeMethod(TestInvoker.java:598)
	at org.testng.internal.TestInvoker.invokeTestMethod(TestInvoker.java:173)
	at org.testng.internal.MethodRunner.runInSequence(MethodRunner.java:46)
	at org.testng.internal.TestInvoker$MethodInvocationAgent.invoke(TestInvoker.java:824)
	at org.testng.internal.TestInvoker.invokeTestMethods(TestInvoker.java:146)
	at org.testng.internal.TestMethodWorker.invokeTestMethods(TestMethodWorker.java:146)
	at org.testng.internal.TestMethodWorker.run(TestMethodWorker.java:128)
	at java.base/java.util.ArrayList.forEach(ArrayList.java:1511)
	at org.testng.TestRunner.privateRun(TestRunner.java:794)
	at org.testng.TestRunner.run(TestRunner.java:596)
	at org.testng.SuiteRunner.runTest(SuiteRunner.java:377)
	at org.testng.SuiteRunner.runSequentially(SuiteRunner.java:371)
	at org.testng.SuiteRunner.privateRun(SuiteRunner.java:332)
	at org.testng.SuiteRunner.run(SuiteRunner.java:276)
	at org.testng.SuiteRunnerWorker.runSuite(SuiteRunnerWorker.java:53)
	at org.testng.SuiteRunnerWorker.run(SuiteRunnerWorker.java:96)
	at org.testng.TestNG.runSuitesSequentially(TestNG.java:1212)
	at org.testng.TestNG.runSuitesLocally(TestNG.java:1134)
	at org.testng.TestNG.runSuites(TestNG.java:1063)
	at org.testng.TestNG.run(TestNG.java:1031)
	at org.testng.remote.AbstractRemoteTestNG.run(AbstractRemoteTestNG.java:115)
	at org.testng.remote.RemoteTestNG.initAndRun(RemoteTestNG.java:251)
	at org.testng.remote.RemoteTestNG.main(RemoteTestNG.java:77)
</pre></div></td>
<td>82</td>
<td>testcases.CrmTest@313ac989</td></tr>
<tr>
<td title='testcases.DocumentStorageTest.ValidateClickTestingOfManageUserStoragePage()'><b>ValidateClickTestingOfManageUserStoragePage</b><br>Test class: testcases.DocumentStorageTest</td>
<td><div><pre>java.lang.AssertionError: java.lang.NullPointerException: Cannot invoke &quot;org.openqa.selenium.WebElement.clear()&quot; because &quot;element&quot; is null
	at utils.WebBasePage.enter(WebBasePage.java:81)
	at pageobjects.UserLoginPage.enterUserName(UserLoginPage.java:35)
	at pageobjects.UserLoginPage.forcefulLogOutLogin(UserLoginPage.java:80)
	at action.LoginAction.logoutLogin(LoginAction.java:25)
	at testcases.DocumentStorageTest.ValidateClickTestingOfManageUserStoragePage(DocumentStorageTest.java:38)
	at java.base/java.util.ArrayList.forEach(ArrayList.java:1511)
... Removed 28 stack frames</pre></div><a href='#' onClick='toggleBox("stack-trace539236863", this, "Click to show all stack frames", "Click to hide stack frames")'>Click to show all stack frames</a>
<div class='stack-trace' id='stack-trace539236863'><pre>java.lang.AssertionError: java.lang.NullPointerException: Cannot invoke &quot;org.openqa.selenium.WebElement.clear()&quot; because &quot;element&quot; is null
	at org.testng.Assert.fail(Assert.java:99)
	at utils.WebBasePage.enter(WebBasePage.java:81)
	at pageobjects.UserLoginPage.enterUserName(UserLoginPage.java:35)
	at pageobjects.UserLoginPage.forcefulLogOutLogin(UserLoginPage.java:80)
	at action.LoginAction.logoutLogin(LoginAction.java:25)
	at testcases.DocumentStorageTest.ValidateClickTestingOfManageUserStoragePage(DocumentStorageTest.java:38)
	at java.base/jdk.internal.reflect.NativeMethodAccessorImpl.invoke0(Native Method)
	at java.base/jdk.internal.reflect.NativeMethodAccessorImpl.invoke(NativeMethodAccessorImpl.java:77)
	at java.base/jdk.internal.reflect.DelegatingMethodAccessorImpl.invoke(DelegatingMethodAccessorImpl.java:43)
	at java.base/java.lang.reflect.Method.invoke(Method.java:568)
	at org.testng.internal.MethodInvocationHelper.invokeMethod(MethodInvocationHelper.java:133)
	at org.testng.internal.TestInvoker.invokeMethod(TestInvoker.java:598)
	at org.testng.internal.TestInvoker.invokeTestMethod(TestInvoker.java:173)
	at org.testng.internal.MethodRunner.runInSequence(MethodRunner.java:46)
	at org.testng.internal.TestInvoker$MethodInvocationAgent.invoke(TestInvoker.java:824)
	at org.testng.internal.TestInvoker.invokeTestMethods(TestInvoker.java:146)
	at org.testng.internal.TestMethodWorker.invokeTestMethods(TestMethodWorker.java:146)
	at org.testng.internal.TestMethodWorker.run(TestMethodWorker.java:128)
	at java.base/java.util.ArrayList.forEach(ArrayList.java:1511)
	at org.testng.TestRunner.privateRun(TestRunner.java:794)
	at org.testng.TestRunner.run(TestRunner.java:596)
	at org.testng.SuiteRunner.runTest(SuiteRunner.java:377)
	at org.testng.SuiteRunner.runSequentially(SuiteRunner.java:371)
	at org.testng.SuiteRunner.privateRun(SuiteRunner.java:332)
	at org.testng.SuiteRunner.run(SuiteRunner.java:276)
	at org.testng.SuiteRunnerWorker.runSuite(SuiteRunnerWorker.java:53)
	at org.testng.SuiteRunnerWorker.run(SuiteRunnerWorker.java:96)
	at org.testng.TestNG.runSuitesSequentially(TestNG.java:1212)
	at org.testng.TestNG.runSuitesLocally(TestNG.java:1134)
	at org.testng.TestNG.runSuites(TestNG.java:1063)
	at org.testng.TestNG.run(TestNG.java:1031)
	at org.testng.remote.AbstractRemoteTestNG.run(AbstractRemoteTestNG.java:115)
	at org.testng.remote.RemoteTestNG.initAndRun(RemoteTestNG.java:251)
	at org.testng.remote.RemoteTestNG.main(RemoteTestNG.java:77)
</pre></div></td>
<td>32</td>
<td>testcases.DocumentStorageTest@4562e04d</td></tr>
<tr>
<td title='testcases.CrmTest.ValidateClickTestingOfLeadPage()'><b>ValidateClickTestingOfLeadPage</b><br>Test class: testcases.CrmTest</td>
<td><div><pre>java.lang.AssertionError: org.openqa.selenium.JavascriptException: javascript error: Cannot read properties of null (reading &apos;click&apos;)
  (Session info: chrome=114.0.5735.198)
Build info: version: &apos;3.141.59&apos;, revision: &apos;e82be7d358&apos;, time: &apos;2018-11-14T08:17:03&apos;
System info: host: &apos;COG-WIN-MAC03&apos;, ip: &apos;192.168.0.159&apos;, os.name: &apos;Windows 10&apos;, os.arch: &apos;amd64&apos;, os.version: &apos;10.0&apos;, java.version: &apos;17.0.2&apos;
Driver info: org.openqa.selenium.chrome.ChromeDriver
Capabilities {acceptInsecureCerts: false, browserName: chrome, browserVersion: 114.0.5735.198, chrome: {chromedriverVersion: 114.0.5735.90 (386bc09e8f4f..., userDataDir: C:\Users\aanand\AppData\Loc...}, goog:chromeOptions: {debuggerAddress: localhost:51026}, javascriptEnabled: true, networkConnectionEnabled: false, pageLoadStrategy: normal, platform: WINDOWS, platformName: WINDOWS, proxy: Proxy(), setWindowRect: true, strictFileInteractability: false, timeouts: {implicit: 0, pageLoad: 300000, script: 30000}, unhandledPromptBehavior: dismiss and notify, webauthn:extension:credBlob: true, webauthn:extension:largeBlob: true, webauthn:extension:minPinLength: true, webauthn:extension:prf: true, webauthn:virtualAuthenticators: true}
Session ID: f00f577d3d86929b5703b8de27f8e382
	at utils.WebBasePage.clickByJavascript(WebBasePage.java:274)
	at pageobjects.CrmPage.clickOnPageTourGuideForBrand(CrmPage.java:122)
	at action.CrmAction.GoToLeadPage(CrmAction.java:152)
	at testcases.CrmTest.ValidateClickTestingOfLeadPage(CrmTest.java:171)
	at java.base/java.util.ArrayList.forEach(ArrayList.java:1511)
... Removed 28 stack frames</pre></div><a href='#' onClick='toggleBox("stack-trace1133210901", this, "Click to show all stack frames", "Click to hide stack frames")'>Click to show all stack frames</a>
<div class='stack-trace' id='stack-trace1133210901'><pre>java.lang.AssertionError: org.openqa.selenium.JavascriptException: javascript error: Cannot read properties of null (reading &apos;click&apos;)
  (Session info: chrome=114.0.5735.198)
Build info: version: &apos;3.141.59&apos;, revision: &apos;e82be7d358&apos;, time: &apos;2018-11-14T08:17:03&apos;
System info: host: &apos;COG-WIN-MAC03&apos;, ip: &apos;192.168.0.159&apos;, os.name: &apos;Windows 10&apos;, os.arch: &apos;amd64&apos;, os.version: &apos;10.0&apos;, java.version: &apos;17.0.2&apos;
Driver info: org.openqa.selenium.chrome.ChromeDriver
Capabilities {acceptInsecureCerts: false, browserName: chrome, browserVersion: 114.0.5735.198, chrome: {chromedriverVersion: 114.0.5735.90 (386bc09e8f4f..., userDataDir: C:\Users\aanand\AppData\Loc...}, goog:chromeOptions: {debuggerAddress: localhost:51026}, javascriptEnabled: true, networkConnectionEnabled: false, pageLoadStrategy: normal, platform: WINDOWS, platformName: WINDOWS, proxy: Proxy(), setWindowRect: true, strictFileInteractability: false, timeouts: {implicit: 0, pageLoad: 300000, script: 30000}, unhandledPromptBehavior: dismiss and notify, webauthn:extension:credBlob: true, webauthn:extension:largeBlob: true, webauthn:extension:minPinLength: true, webauthn:extension:prf: true, webauthn:virtualAuthenticators: true}
Session ID: f00f577d3d86929b5703b8de27f8e382
	at org.testng.Assert.fail(Assert.java:99)
	at utils.WebBasePage.clickByJavascript(WebBasePage.java:274)
	at pageobjects.CrmPage.clickOnPageTourGuideForBrand(CrmPage.java:122)
	at action.CrmAction.GoToLeadPage(CrmAction.java:152)
	at testcases.CrmTest.ValidateClickTestingOfLeadPage(CrmTest.java:171)
	at java.base/jdk.internal.reflect.NativeMethodAccessorImpl.invoke0(Native Method)
	at java.base/jdk.internal.reflect.NativeMethodAccessorImpl.invoke(NativeMethodAccessorImpl.java:77)
	at java.base/jdk.internal.reflect.DelegatingMethodAccessorImpl.invoke(DelegatingMethodAccessorImpl.java:43)
	at java.base/java.lang.reflect.Method.invoke(Method.java:568)
	at org.testng.internal.MethodInvocationHelper.invokeMethod(MethodInvocationHelper.java:133)
	at org.testng.internal.TestInvoker.invokeMethod(TestInvoker.java:598)
	at org.testng.internal.TestInvoker.invokeTestMethod(TestInvoker.java:173)
	at org.testng.internal.MethodRunner.runInSequence(MethodRunner.java:46)
	at org.testng.internal.TestInvoker$MethodInvocationAgent.invoke(TestInvoker.java:824)
	at org.testng.internal.TestInvoker.invokeTestMethods(TestInvoker.java:146)
	at org.testng.internal.TestMethodWorker.invokeTestMethods(TestMethodWorker.java:146)
	at org.testng.internal.TestMethodWorker.run(TestMethodWorker.java:128)
	at java.base/java.util.ArrayList.forEach(ArrayList.java:1511)
	at org.testng.TestRunner.privateRun(TestRunner.java:794)
	at org.testng.TestRunner.run(TestRunner.java:596)
	at org.testng.SuiteRunner.runTest(SuiteRunner.java:377)
	at org.testng.SuiteRunner.runSequentially(SuiteRunner.java:371)
	at org.testng.SuiteRunner.privateRun(SuiteRunner.java:332)
	at org.testng.SuiteRunner.run(SuiteRunner.java:276)
	at org.testng.SuiteRunnerWorker.runSuite(SuiteRunnerWorker.java:53)
	at org.testng.SuiteRunnerWorker.run(SuiteRunnerWorker.java:96)
	at org.testng.TestNG.runSuitesSequentially(TestNG.java:1212)
	at org.testng.TestNG.runSuitesLocally(TestNG.java:1134)
	at org.testng.TestNG.runSuites(TestNG.java:1063)
	at org.testng.TestNG.run(TestNG.java:1031)
	at org.testng.remote.AbstractRemoteTestNG.run(AbstractRemoteTestNG.java:115)
	at org.testng.remote.RemoteTestNG.initAndRun(RemoteTestNG.java:251)
	at org.testng.remote.RemoteTestNG.main(RemoteTestNG.java:77)
</pre></div></td>
<td>82</td>
<td>testcases.CrmTest@313ac989</td></tr>
<tr>
<td title='testcases.CrmTest.ValidateClickTestingOfProductTypePage()'><b>ValidateClickTestingOfProductTypePage</b><br>Test class: testcases.CrmTest</td>
<td><div><pre>java.lang.AssertionError: java.lang.NullPointerException: Cannot invoke &quot;org.openqa.selenium.WebElement.clear()&quot; because &quot;element&quot; is null
	at utils.WebBasePage.enter(WebBasePage.java:81)
	at pageobjects.UserLoginPage.enterUserName(UserLoginPage.java:35)
	at pageobjects.UserLoginPage.forcefulLogOutLogin(UserLoginPage.java:80)
	at action.LoginAction.logoutLogin(LoginAction.java:25)
	at testcases.CrmTest.ValidateClickTestingOfProductTypePage(CrmTest.java:156)
	at java.base/java.util.ArrayList.forEach(ArrayList.java:1511)
... Removed 28 stack frames</pre></div><a href='#' onClick='toggleBox("stack-trace334002766", this, "Click to show all stack frames", "Click to hide stack frames")'>Click to show all stack frames</a>
<div class='stack-trace' id='stack-trace334002766'><pre>java.lang.AssertionError: java.lang.NullPointerException: Cannot invoke &quot;org.openqa.selenium.WebElement.clear()&quot; because &quot;element&quot; is null
	at org.testng.Assert.fail(Assert.java:99)
	at utils.WebBasePage.enter(WebBasePage.java:81)
	at pageobjects.UserLoginPage.enterUserName(UserLoginPage.java:35)
	at pageobjects.UserLoginPage.forcefulLogOutLogin(UserLoginPage.java:80)
	at action.LoginAction.logoutLogin(LoginAction.java:25)
	at testcases.CrmTest.ValidateClickTestingOfProductTypePage(CrmTest.java:156)
	at java.base/jdk.internal.reflect.NativeMethodAccessorImpl.invoke0(Native Method)
	at java.base/jdk.internal.reflect.NativeMethodAccessorImpl.invoke(NativeMethodAccessorImpl.java:77)
	at java.base/jdk.internal.reflect.DelegatingMethodAccessorImpl.invoke(DelegatingMethodAccessorImpl.java:43)
	at java.base/java.lang.reflect.Method.invoke(Method.java:568)
	at org.testng.internal.MethodInvocationHelper.invokeMethod(MethodInvocationHelper.java:133)
	at org.testng.internal.TestInvoker.invokeMethod(TestInvoker.java:598)
	at org.testng.internal.TestInvoker.invokeTestMethod(TestInvoker.java:173)
	at org.testng.internal.MethodRunner.runInSequence(MethodRunner.java:46)
	at org.testng.internal.TestInvoker$MethodInvocationAgent.invoke(TestInvoker.java:824)
	at org.testng.internal.TestInvoker.invokeTestMethods(TestInvoker.java:146)
	at org.testng.internal.TestMethodWorker.invokeTestMethods(TestMethodWorker.java:146)
	at org.testng.internal.TestMethodWorker.run(TestMethodWorker.java:128)
	at java.base/java.util.ArrayList.forEach(ArrayList.java:1511)
	at org.testng.TestRunner.privateRun(TestRunner.java:794)
	at org.testng.TestRunner.run(TestRunner.java:596)
	at org.testng.SuiteRunner.runTest(SuiteRunner.java:377)
	at org.testng.SuiteRunner.runSequentially(SuiteRunner.java:371)
	at org.testng.SuiteRunner.privateRun(SuiteRunner.java:332)
	at org.testng.SuiteRunner.run(SuiteRunner.java:276)
	at org.testng.SuiteRunnerWorker.runSuite(SuiteRunnerWorker.java:53)
	at org.testng.SuiteRunnerWorker.run(SuiteRunnerWorker.java:96)
	at org.testng.TestNG.runSuitesSequentially(TestNG.java:1212)
	at org.testng.TestNG.runSuitesLocally(TestNG.java:1134)
	at org.testng.TestNG.runSuites(TestNG.java:1063)
	at org.testng.TestNG.run(TestNG.java:1031)
	at org.testng.remote.AbstractRemoteTestNG.run(AbstractRemoteTestNG.java:115)
	at org.testng.remote.RemoteTestNG.initAndRun(RemoteTestNG.java:251)
	at org.testng.remote.RemoteTestNG.main(RemoteTestNG.java:77)
</pre></div></td>
<td>32</td>
<td>testcases.CrmTest@313ac989</td></tr>
<tr>
<td title='testcases.CrmTest.ValidateClickTestingOfProductPage()'><b>ValidateClickTestingOfProductPage</b><br>Test class: testcases.CrmTest</td>
<td><div><pre>java.lang.AssertionError: java.lang.NullPointerException: Cannot invoke &quot;org.openqa.selenium.WebElement.clear()&quot; because &quot;element&quot; is null
	at utils.WebBasePage.enter(WebBasePage.java:81)
	at pageobjects.UserLoginPage.enterUserName(UserLoginPage.java:35)
	at pageobjects.UserLoginPage.forcefulLogOutLogin(UserLoginPage.java:80)
	at action.LoginAction.logoutLogin(LoginAction.java:25)
	at testcases.CrmTest.ValidateClickTestingOfProductPage(CrmTest.java:208)
	at java.base/java.util.ArrayList.forEach(ArrayList.java:1511)
... Removed 28 stack frames</pre></div><a href='#' onClick='toggleBox("stack-trace1562038899", this, "Click to show all stack frames", "Click to hide stack frames")'>Click to show all stack frames</a>
<div class='stack-trace' id='stack-trace1562038899'><pre>java.lang.AssertionError: java.lang.NullPointerException: Cannot invoke &quot;org.openqa.selenium.WebElement.clear()&quot; because &quot;element&quot; is null
	at org.testng.Assert.fail(Assert.java:99)
	at utils.WebBasePage.enter(WebBasePage.java:81)
	at pageobjects.UserLoginPage.enterUserName(UserLoginPage.java:35)
	at pageobjects.UserLoginPage.forcefulLogOutLogin(UserLoginPage.java:80)
	at action.LoginAction.logoutLogin(LoginAction.java:25)
	at testcases.CrmTest.ValidateClickTestingOfProductPage(CrmTest.java:208)
	at java.base/jdk.internal.reflect.NativeMethodAccessorImpl.invoke0(Native Method)
	at java.base/jdk.internal.reflect.NativeMethodAccessorImpl.invoke(NativeMethodAccessorImpl.java:77)
	at java.base/jdk.internal.reflect.DelegatingMethodAccessorImpl.invoke(DelegatingMethodAccessorImpl.java:43)
	at java.base/java.lang.reflect.Method.invoke(Method.java:568)
	at org.testng.internal.MethodInvocationHelper.invokeMethod(MethodInvocationHelper.java:133)
	at org.testng.internal.TestInvoker.invokeMethod(TestInvoker.java:598)
	at org.testng.internal.TestInvoker.invokeTestMethod(TestInvoker.java:173)
	at org.testng.internal.MethodRunner.runInSequence(MethodRunner.java:46)
	at org.testng.internal.TestInvoker$MethodInvocationAgent.invoke(TestInvoker.java:824)
	at org.testng.internal.TestInvoker.invokeTestMethods(TestInvoker.java:146)
	at org.testng.internal.TestMethodWorker.invokeTestMethods(TestMethodWorker.java:146)
	at org.testng.internal.TestMethodWorker.run(TestMethodWorker.java:128)
	at java.base/java.util.ArrayList.forEach(ArrayList.java:1511)
	at org.testng.TestRunner.privateRun(TestRunner.java:794)
	at org.testng.TestRunner.run(TestRunner.java:596)
	at org.testng.SuiteRunner.runTest(SuiteRunner.java:377)
	at org.testng.SuiteRunner.runSequentially(SuiteRunner.java:371)
	at org.testng.SuiteRunner.privateRun(SuiteRunner.java:332)
	at org.testng.SuiteRunner.run(SuiteRunner.java:276)
	at org.testng.SuiteRunnerWorker.runSuite(SuiteRunnerWorker.java:53)
	at org.testng.SuiteRunnerWorker.run(SuiteRunnerWorker.java:96)
	at org.testng.TestNG.runSuitesSequentially(TestNG.java:1212)
	at org.testng.TestNG.runSuitesLocally(TestNG.java:1134)
	at org.testng.TestNG.runSuites(TestNG.java:1063)
	at org.testng.TestNG.run(TestNG.java:1031)
	at org.testng.remote.AbstractRemoteTestNG.run(AbstractRemoteTestNG.java:115)
	at org.testng.remote.RemoteTestNG.initAndRun(RemoteTestNG.java:251)
	at org.testng.remote.RemoteTestNG.main(RemoteTestNG.java:77)
</pre></div></td>
<td>32</td>
<td>testcases.CrmTest@313ac989</td></tr>
<tr>
<td title='testcases.HumanResourcesTest.ValidateClickTestingOfGroupListPage()'><b>ValidateClickTestingOfGroupListPage</b><br>Test class: testcases.HumanResourcesTest</td>
<td><div><pre>java.lang.AssertionError: java.lang.NullPointerException: Cannot invoke &quot;org.openqa.selenium.WebElement.clear()&quot; because &quot;element&quot; is null
	at utils.WebBasePage.enter(WebBasePage.java:81)
	at pageobjects.UserLoginPage.enterUserName(UserLoginPage.java:35)
	at pageobjects.UserLoginPage.forcefulLogOutLogin(UserLoginPage.java:80)
	at action.LoginAction.logoutLogin(LoginAction.java:25)
	at testcases.HumanResourcesTest.ValidateClickTestingOfGroupListPage(HumanResourcesTest.java:90)
	at java.base/java.util.ArrayList.forEach(ArrayList.java:1511)
... Removed 28 stack frames</pre></div><a href='#' onClick='toggleBox("stack-trace1998876751", this, "Click to show all stack frames", "Click to hide stack frames")'>Click to show all stack frames</a>
<div class='stack-trace' id='stack-trace1998876751'><pre>java.lang.AssertionError: java.lang.NullPointerException: Cannot invoke &quot;org.openqa.selenium.WebElement.clear()&quot; because &quot;element&quot; is null
	at org.testng.Assert.fail(Assert.java:99)
	at utils.WebBasePage.enter(WebBasePage.java:81)
	at pageobjects.UserLoginPage.enterUserName(UserLoginPage.java:35)
	at pageobjects.UserLoginPage.forcefulLogOutLogin(UserLoginPage.java:80)
	at action.LoginAction.logoutLogin(LoginAction.java:25)
	at testcases.HumanResourcesTest.ValidateClickTestingOfGroupListPage(HumanResourcesTest.java:90)
	at java.base/jdk.internal.reflect.NativeMethodAccessorImpl.invoke0(Native Method)
	at java.base/jdk.internal.reflect.NativeMethodAccessorImpl.invoke(NativeMethodAccessorImpl.java:77)
	at java.base/jdk.internal.reflect.DelegatingMethodAccessorImpl.invoke(DelegatingMethodAccessorImpl.java:43)
	at java.base/java.lang.reflect.Method.invoke(Method.java:568)
	at org.testng.internal.MethodInvocationHelper.invokeMethod(MethodInvocationHelper.java:133)
	at org.testng.internal.TestInvoker.invokeMethod(TestInvoker.java:598)
	at org.testng.internal.TestInvoker.invokeTestMethod(TestInvoker.java:173)
	at org.testng.internal.MethodRunner.runInSequence(MethodRunner.java:46)
	at org.testng.internal.TestInvoker$MethodInvocationAgent.invoke(TestInvoker.java:824)
	at org.testng.internal.TestInvoker.invokeTestMethods(TestInvoker.java:146)
	at org.testng.internal.TestMethodWorker.invokeTestMethods(TestMethodWorker.java:146)
	at org.testng.internal.TestMethodWorker.run(TestMethodWorker.java:128)
	at java.base/java.util.ArrayList.forEach(ArrayList.java:1511)
	at org.testng.TestRunner.privateRun(TestRunner.java:794)
	at org.testng.TestRunner.run(TestRunner.java:596)
	at org.testng.SuiteRunner.runTest(SuiteRunner.java:377)
	at org.testng.SuiteRunner.runSequentially(SuiteRunner.java:371)
	at org.testng.SuiteRunner.privateRun(SuiteRunner.java:332)
	at org.testng.SuiteRunner.run(SuiteRunner.java:276)
	at org.testng.SuiteRunnerWorker.runSuite(SuiteRunnerWorker.java:53)
	at org.testng.SuiteRunnerWorker.run(SuiteRunnerWorker.java:96)
	at org.testng.TestNG.runSuitesSequentially(TestNG.java:1212)
	at org.testng.TestNG.runSuitesLocally(TestNG.java:1134)
	at org.testng.TestNG.runSuites(TestNG.java:1063)
	at org.testng.TestNG.run(TestNG.java:1031)
	at org.testng.remote.AbstractRemoteTestNG.run(AbstractRemoteTestNG.java:115)
	at org.testng.remote.RemoteTestNG.initAndRun(RemoteTestNG.java:251)
	at org.testng.remote.RemoteTestNG.main(RemoteTestNG.java:77)
</pre></div></td>
<td>61</td>
<td>testcases.HumanResourcesTest@6cf0e0ba</td></tr>
<tr>
<td title='testcases.CrmTest.ValidateClickTestingOfStagesPage()'><b>ValidateClickTestingOfStagesPage</b><br>Test class: testcases.CrmTest</td>
<td><div><pre>java.lang.AssertionError: java.lang.NullPointerException: Cannot invoke &quot;org.openqa.selenium.WebElement.clear()&quot; because &quot;element&quot; is null
	at utils.WebBasePage.enter(WebBasePage.java:81)
	at pageobjects.UserLoginPage.enterUserName(UserLoginPage.java:35)
	at pageobjects.UserLoginPage.forcefulLogOutLogin(UserLoginPage.java:80)
	at action.LoginAction.logoutLogin(LoginAction.java:25)
	at testcases.CrmTest.ValidateClickTestingOfStagesPage(CrmTest.java:260)
	at java.base/java.util.ArrayList.forEach(ArrayList.java:1511)
... Removed 28 stack frames</pre></div><a href='#' onClick='toggleBox("stack-trace536879980", this, "Click to show all stack frames", "Click to hide stack frames")'>Click to show all stack frames</a>
<div class='stack-trace' id='stack-trace536879980'><pre>java.lang.AssertionError: java.lang.NullPointerException: Cannot invoke &quot;org.openqa.selenium.WebElement.clear()&quot; because &quot;element&quot; is null
	at org.testng.Assert.fail(Assert.java:99)
	at utils.WebBasePage.enter(WebBasePage.java:81)
	at pageobjects.UserLoginPage.enterUserName(UserLoginPage.java:35)
	at pageobjects.UserLoginPage.forcefulLogOutLogin(UserLoginPage.java:80)
	at action.LoginAction.logoutLogin(LoginAction.java:25)
	at testcases.CrmTest.ValidateClickTestingOfStagesPage(CrmTest.java:260)
	at java.base/jdk.internal.reflect.NativeMethodAccessorImpl.invoke0(Native Method)
	at java.base/jdk.internal.reflect.NativeMethodAccessorImpl.invoke(NativeMethodAccessorImpl.java:77)
	at java.base/jdk.internal.reflect.DelegatingMethodAccessorImpl.invoke(DelegatingMethodAccessorImpl.java:43)
	at java.base/java.lang.reflect.Method.invoke(Method.java:568)
	at org.testng.internal.MethodInvocationHelper.invokeMethod(MethodInvocationHelper.java:133)
	at org.testng.internal.TestInvoker.invokeMethod(TestInvoker.java:598)
	at org.testng.internal.TestInvoker.invokeTestMethod(TestInvoker.java:173)
	at org.testng.internal.MethodRunner.runInSequence(MethodRunner.java:46)
	at org.testng.internal.TestInvoker$MethodInvocationAgent.invoke(TestInvoker.java:824)
	at org.testng.internal.TestInvoker.invokeTestMethods(TestInvoker.java:146)
	at org.testng.internal.TestMethodWorker.invokeTestMethods(TestMethodWorker.java:146)
	at org.testng.internal.TestMethodWorker.run(TestMethodWorker.java:128)
	at java.base/java.util.ArrayList.forEach(ArrayList.java:1511)
	at org.testng.TestRunner.privateRun(TestRunner.java:794)
	at org.testng.TestRunner.run(TestRunner.java:596)
	at org.testng.SuiteRunner.runTest(SuiteRunner.java:377)
	at org.testng.SuiteRunner.runSequentially(SuiteRunner.java:371)
	at org.testng.SuiteRunner.privateRun(SuiteRunner.java:332)
	at org.testng.SuiteRunner.run(SuiteRunner.java:276)
	at org.testng.SuiteRunnerWorker.runSuite(SuiteRunnerWorker.java:53)
	at org.testng.SuiteRunnerWorker.run(SuiteRunnerWorker.java:96)
	at org.testng.TestNG.runSuitesSequentially(TestNG.java:1212)
	at org.testng.TestNG.runSuitesLocally(TestNG.java:1134)
	at org.testng.TestNG.runSuites(TestNG.java:1063)
	at org.testng.TestNG.run(TestNG.java:1031)
	at org.testng.remote.AbstractRemoteTestNG.run(AbstractRemoteTestNG.java:115)
	at org.testng.remote.RemoteTestNG.initAndRun(RemoteTestNG.java:251)
	at org.testng.remote.RemoteTestNG.main(RemoteTestNG.java:77)
</pre></div></td>
<td>31</td>
<td>testcases.CrmTest@313ac989</td></tr>
<tr>
<td title='testcases.CrmTest.ValidateClickTestingOfBrandPage()'><b>ValidateClickTestingOfBrandPage</b><br>Test class: testcases.CrmTest</td>
<td><div><pre>java.lang.AssertionError: java.lang.NullPointerException: Cannot invoke &quot;org.openqa.selenium.WebElement.clear()&quot; because &quot;element&quot; is null
	at utils.WebBasePage.enter(WebBasePage.java:81)
	at pageobjects.UserLoginPage.enterUserName(UserLoginPage.java:35)
	at pageobjects.UserLoginPage.forcefulLogOutLogin(UserLoginPage.java:80)
	at action.LoginAction.logoutLogin(LoginAction.java:25)
	at testcases.CrmTest.ValidateClickTestingOfBrandPage(CrmTest.java:39)
	at java.base/java.util.ArrayList.forEach(ArrayList.java:1511)
... Removed 28 stack frames</pre></div><a href='#' onClick='toggleBox("stack-trace922312395", this, "Click to show all stack frames", "Click to hide stack frames")'>Click to show all stack frames</a>
<div class='stack-trace' id='stack-trace922312395'><pre>java.lang.AssertionError: java.lang.NullPointerException: Cannot invoke &quot;org.openqa.selenium.WebElement.clear()&quot; because &quot;element&quot; is null
	at org.testng.Assert.fail(Assert.java:99)
	at utils.WebBasePage.enter(WebBasePage.java:81)
	at pageobjects.UserLoginPage.enterUserName(UserLoginPage.java:35)
	at pageobjects.UserLoginPage.forcefulLogOutLogin(UserLoginPage.java:80)
	at action.LoginAction.logoutLogin(LoginAction.java:25)
	at testcases.CrmTest.ValidateClickTestingOfBrandPage(CrmTest.java:39)
	at java.base/jdk.internal.reflect.NativeMethodAccessorImpl.invoke0(Native Method)
	at java.base/jdk.internal.reflect.NativeMethodAccessorImpl.invoke(NativeMethodAccessorImpl.java:77)
	at java.base/jdk.internal.reflect.DelegatingMethodAccessorImpl.invoke(DelegatingMethodAccessorImpl.java:43)
	at java.base/java.lang.reflect.Method.invoke(Method.java:568)
	at org.testng.internal.MethodInvocationHelper.invokeMethod(MethodInvocationHelper.java:133)
	at org.testng.internal.TestInvoker.invokeMethod(TestInvoker.java:598)
	at org.testng.internal.TestInvoker.invokeTestMethod(TestInvoker.java:173)
	at org.testng.internal.MethodRunner.runInSequence(MethodRunner.java:46)
	at org.testng.internal.TestInvoker$MethodInvocationAgent.invoke(TestInvoker.java:824)
	at org.testng.internal.TestInvoker.invokeTestMethods(TestInvoker.java:146)
	at org.testng.internal.TestMethodWorker.invokeTestMethods(TestMethodWorker.java:146)
	at org.testng.internal.TestMethodWorker.run(TestMethodWorker.java:128)
	at java.base/java.util.ArrayList.forEach(ArrayList.java:1511)
	at org.testng.TestRunner.privateRun(TestRunner.java:794)
	at org.testng.TestRunner.run(TestRunner.java:596)
	at org.testng.SuiteRunner.runTest(SuiteRunner.java:377)
	at org.testng.SuiteRunner.runSequentially(SuiteRunner.java:371)
	at org.testng.SuiteRunner.privateRun(SuiteRunner.java:332)
	at org.testng.SuiteRunner.run(SuiteRunner.java:276)
	at org.testng.SuiteRunnerWorker.runSuite(SuiteRunnerWorker.java:53)
	at org.testng.SuiteRunnerWorker.run(SuiteRunnerWorker.java:96)
	at org.testng.TestNG.runSuitesSequentially(TestNG.java:1212)
	at org.testng.TestNG.runSuitesLocally(TestNG.java:1134)
	at org.testng.TestNG.runSuites(TestNG.java:1063)
	at org.testng.TestNG.run(TestNG.java:1031)
	at org.testng.remote.AbstractRemoteTestNG.run(AbstractRemoteTestNG.java:115)
	at org.testng.remote.RemoteTestNG.initAndRun(RemoteTestNG.java:251)
	at org.testng.remote.RemoteTestNG.main(RemoteTestNG.java:77)
</pre></div></td>
<td>33</td>
<td>testcases.CrmTest@313ac989</td></tr>
<tr>
<td title='testcases.HiringTest.ValidateClickTestingOfjobListListPage()'><b>ValidateClickTestingOfjobListListPage</b><br>Test class: testcases.HiringTest</td>
<td><div><pre>java.lang.AssertionError: Close Notify Message -  element not present
	at utils.WebBasePage.click(WebBasePage.java:126)
	at pageobjects.HiringPage.clickOnCloseNotifyMessageButton(HiringPage.java:70)
	at action.HiringAction.GoToJobListPage(HiringAction.java:74)
	at testcases.HiringTest.ValidateClickTestingOfjobListListPage(HiringTest.java:66)
	at java.base/java.util.ArrayList.forEach(ArrayList.java:1511)
... Removed 28 stack frames</pre></div><a href='#' onClick='toggleBox("stack-trace766966149", this, "Click to show all stack frames", "Click to hide stack frames")'>Click to show all stack frames</a>
<div class='stack-trace' id='stack-trace766966149'><pre>java.lang.AssertionError: Close Notify Message -  element not present
	at org.testng.Assert.fail(Assert.java:99)
	at utils.WebBasePage.click(WebBasePage.java:126)
	at pageobjects.HiringPage.clickOnCloseNotifyMessageButton(HiringPage.java:70)
	at action.HiringAction.GoToJobListPage(HiringAction.java:74)
	at testcases.HiringTest.ValidateClickTestingOfjobListListPage(HiringTest.java:66)
	at java.base/jdk.internal.reflect.NativeMethodAccessorImpl.invoke0(Native Method)
	at java.base/jdk.internal.reflect.NativeMethodAccessorImpl.invoke(NativeMethodAccessorImpl.java:77)
	at java.base/jdk.internal.reflect.DelegatingMethodAccessorImpl.invoke(DelegatingMethodAccessorImpl.java:43)
	at java.base/java.lang.reflect.Method.invoke(Method.java:568)
	at org.testng.internal.MethodInvocationHelper.invokeMethod(MethodInvocationHelper.java:133)
	at org.testng.internal.TestInvoker.invokeMethod(TestInvoker.java:598)
	at org.testng.internal.TestInvoker.invokeTestMethod(TestInvoker.java:173)
	at org.testng.internal.MethodRunner.runInSequence(MethodRunner.java:46)
	at org.testng.internal.TestInvoker$MethodInvocationAgent.invoke(TestInvoker.java:824)
	at org.testng.internal.TestInvoker.invokeTestMethods(TestInvoker.java:146)
	at org.testng.internal.TestMethodWorker.invokeTestMethods(TestMethodWorker.java:146)
	at org.testng.internal.TestMethodWorker.run(TestMethodWorker.java:128)
	at java.base/java.util.ArrayList.forEach(ArrayList.java:1511)
	at org.testng.TestRunner.privateRun(TestRunner.java:794)
	at org.testng.TestRunner.run(TestRunner.java:596)
	at org.testng.SuiteRunner.runTest(SuiteRunner.java:377)
	at org.testng.SuiteRunner.runSequentially(SuiteRunner.java:371)
	at org.testng.SuiteRunner.privateRun(SuiteRunner.java:332)
	at org.testng.SuiteRunner.run(SuiteRunner.java:276)
	at org.testng.SuiteRunnerWorker.runSuite(SuiteRunnerWorker.java:53)
	at org.testng.SuiteRunnerWorker.run(SuiteRunnerWorker.java:96)
	at org.testng.TestNG.runSuitesSequentially(TestNG.java:1212)
	at org.testng.TestNG.runSuitesLocally(TestNG.java:1134)
	at org.testng.TestNG.runSuites(TestNG.java:1063)
	at org.testng.TestNG.run(TestNG.java:1031)
	at org.testng.remote.AbstractRemoteTestNG.run(AbstractRemoteTestNG.java:115)
	at org.testng.remote.RemoteTestNG.initAndRun(RemoteTestNG.java:251)
	at org.testng.remote.RemoteTestNG.main(RemoteTestNG.java:77)
</pre></div></td>
<td>59</td>
<td>testcases.HiringTest@7cc0cdad</td></tr>
<tr>
<td title='testcases.HiringTest.ValidateClickTestingOfGroupListListPage()'><b>ValidateClickTestingOfGroupListListPage</b><br>Test class: testcases.HiringTest</td>
<td><div><pre>java.lang.AssertionError: java.lang.NullPointerException: Cannot invoke &quot;org.openqa.selenium.WebElement.clear()&quot; because &quot;element&quot; is null
	at utils.WebBasePage.enter(WebBasePage.java:81)
	at pageobjects.UserLoginPage.enterUserName(UserLoginPage.java:35)
	at pageobjects.UserLoginPage.forcefulLogOutLogin(UserLoginPage.java:80)
	at action.LoginAction.logoutLogin(LoginAction.java:25)
	at testcases.HiringTest.ValidateClickTestingOfGroupListListPage(HiringTest.java:51)
	at java.base/java.util.ArrayList.forEach(ArrayList.java:1511)
... Removed 28 stack frames</pre></div><a href='#' onClick='toggleBox("stack-trace1948736979", this, "Click to show all stack frames", "Click to hide stack frames")'>Click to show all stack frames</a>
<div class='stack-trace' id='stack-trace1948736979'><pre>java.lang.AssertionError: java.lang.NullPointerException: Cannot invoke &quot;org.openqa.selenium.WebElement.clear()&quot; because &quot;element&quot; is null
	at org.testng.Assert.fail(Assert.java:99)
	at utils.WebBasePage.enter(WebBasePage.java:81)
	at pageobjects.UserLoginPage.enterUserName(UserLoginPage.java:35)
	at pageobjects.UserLoginPage.forcefulLogOutLogin(UserLoginPage.java:80)
	at action.LoginAction.logoutLogin(LoginAction.java:25)
	at testcases.HiringTest.ValidateClickTestingOfGroupListListPage(HiringTest.java:51)
	at java.base/jdk.internal.reflect.NativeMethodAccessorImpl.invoke0(Native Method)
	at java.base/jdk.internal.reflect.NativeMethodAccessorImpl.invoke(NativeMethodAccessorImpl.java:77)
	at java.base/jdk.internal.reflect.DelegatingMethodAccessorImpl.invoke(DelegatingMethodAccessorImpl.java:43)
	at java.base/java.lang.reflect.Method.invoke(Method.java:568)
	at org.testng.internal.MethodInvocationHelper.invokeMethod(MethodInvocationHelper.java:133)
	at org.testng.internal.TestInvoker.invokeMethod(TestInvoker.java:598)
	at org.testng.internal.TestInvoker.invokeTestMethod(TestInvoker.java:173)
	at org.testng.internal.MethodRunner.runInSequence(MethodRunner.java:46)
	at org.testng.internal.TestInvoker$MethodInvocationAgent.invoke(TestInvoker.java:824)
	at org.testng.internal.TestInvoker.invokeTestMethods(TestInvoker.java:146)
	at org.testng.internal.TestMethodWorker.invokeTestMethods(TestMethodWorker.java:146)
	at org.testng.internal.TestMethodWorker.run(TestMethodWorker.java:128)
	at java.base/java.util.ArrayList.forEach(ArrayList.java:1511)
	at org.testng.TestRunner.privateRun(TestRunner.java:794)
	at org.testng.TestRunner.run(TestRunner.java:596)
	at org.testng.SuiteRunner.runTest(SuiteRunner.java:377)
	at org.testng.SuiteRunner.runSequentially(SuiteRunner.java:371)
	at org.testng.SuiteRunner.privateRun(SuiteRunner.java:332)
	at org.testng.SuiteRunner.run(SuiteRunner.java:276)
	at org.testng.SuiteRunnerWorker.runSuite(SuiteRunnerWorker.java:53)
	at org.testng.SuiteRunnerWorker.run(SuiteRunnerWorker.java:96)
	at org.testng.TestNG.runSuitesSequentially(TestNG.java:1212)
	at org.testng.TestNG.runSuitesLocally(TestNG.java:1134)
	at org.testng.TestNG.runSuites(TestNG.java:1063)
	at org.testng.TestNG.run(TestNG.java:1031)
	at org.testng.remote.AbstractRemoteTestNG.run(AbstractRemoteTestNG.java:115)
	at org.testng.remote.RemoteTestNG.initAndRun(RemoteTestNG.java:251)
	at org.testng.remote.RemoteTestNG.main(RemoteTestNG.java:77)
</pre></div></td>
<td>35</td>
<td>testcases.HiringTest@7cc0cdad</td></tr>
<tr>
<td title='testcases.ApprovalTest.ValidateClickTestingOfApprovalGroupPage()'><b>ValidateClickTestingOfApprovalGroupPage</b><br>Test class: testcases.ApprovalTest</td>
<td><div><pre>java.lang.AssertionError: java.lang.NullPointerException: Cannot invoke &quot;org.openqa.selenium.WebElement.clear()&quot; because &quot;element&quot; is null
	at utils.WebBasePage.enter(WebBasePage.java:81)
	at pageobjects.UserLoginPage.enterUserName(UserLoginPage.java:35)
	at pageobjects.UserLoginPage.forcefulLogOutLogin(UserLoginPage.java:80)
	at action.LoginAction.logoutLogin(LoginAction.java:25)
	at testcases.ApprovalTest.ValidateClickTestingOfApprovalGroupPage(ApprovalTest.java:36)
	at java.base/java.util.ArrayList.forEach(ArrayList.java:1511)
... Removed 28 stack frames</pre></div><a href='#' onClick='toggleBox("stack-trace631432020", this, "Click to show all stack frames", "Click to hide stack frames")'>Click to show all stack frames</a>
<div class='stack-trace' id='stack-trace631432020'><pre>java.lang.AssertionError: java.lang.NullPointerException: Cannot invoke &quot;org.openqa.selenium.WebElement.clear()&quot; because &quot;element&quot; is null
	at org.testng.Assert.fail(Assert.java:99)
	at utils.WebBasePage.enter(WebBasePage.java:81)
	at pageobjects.UserLoginPage.enterUserName(UserLoginPage.java:35)
	at pageobjects.UserLoginPage.forcefulLogOutLogin(UserLoginPage.java:80)
	at action.LoginAction.logoutLogin(LoginAction.java:25)
	at testcases.ApprovalTest.ValidateClickTestingOfApprovalGroupPage(ApprovalTest.java:36)
	at java.base/jdk.internal.reflect.NativeMethodAccessorImpl.invoke0(Native Method)
	at java.base/jdk.internal.reflect.NativeMethodAccessorImpl.invoke(NativeMethodAccessorImpl.java:77)
	at java.base/jdk.internal.reflect.DelegatingMethodAccessorImpl.invoke(DelegatingMethodAccessorImpl.java:43)
	at java.base/java.lang.reflect.Method.invoke(Method.java:568)
	at org.testng.internal.MethodInvocationHelper.invokeMethod(MethodInvocationHelper.java:133)
	at org.testng.internal.TestInvoker.invokeMethod(TestInvoker.java:598)
	at org.testng.internal.TestInvoker.invokeTestMethod(TestInvoker.java:173)
	at org.testng.internal.MethodRunner.runInSequence(MethodRunner.java:46)
	at org.testng.internal.TestInvoker$MethodInvocationAgent.invoke(TestInvoker.java:824)
	at org.testng.internal.TestInvoker.invokeTestMethods(TestInvoker.java:146)
	at org.testng.internal.TestMethodWorker.invokeTestMethods(TestMethodWorker.java:146)
	at org.testng.internal.TestMethodWorker.run(TestMethodWorker.java:128)
	at java.base/java.util.ArrayList.forEach(ArrayList.java:1511)
	at org.testng.TestRunner.privateRun(TestRunner.java:794)
	at org.testng.TestRunner.run(TestRunner.java:596)
	at org.testng.SuiteRunner.runTest(SuiteRunner.java:377)
	at org.testng.SuiteRunner.runSequentially(SuiteRunner.java:371)
	at org.testng.SuiteRunner.privateRun(SuiteRunner.java:332)
	at org.testng.SuiteRunner.run(SuiteRunner.java:276)
	at org.testng.SuiteRunnerWorker.runSuite(SuiteRunnerWorker.java:53)
	at org.testng.SuiteRunnerWorker.run(SuiteRunnerWorker.java:96)
	at org.testng.TestNG.runSuitesSequentially(TestNG.java:1212)
	at org.testng.TestNG.runSuitesLocally(TestNG.java:1134)
	at org.testng.TestNG.runSuites(TestNG.java:1063)
	at org.testng.TestNG.run(TestNG.java:1031)
	at org.testng.remote.AbstractRemoteTestNG.run(AbstractRemoteTestNG.java:115)
	at org.testng.remote.RemoteTestNG.initAndRun(RemoteTestNG.java:251)
	at org.testng.remote.RemoteTestNG.main(RemoteTestNG.java:77)
</pre></div></td>
<td>48</td>
<td>testcases.ApprovalTest@31304f14</td></tr>
<tr>
<td title='testcases.AssetManagementTest.ValidateClickTestingOfGroupListPage()'><b>ValidateClickTestingOfGroupListPage</b><br>Test class: testcases.AssetManagementTest</td>
<td><div><pre>java.lang.AssertionError: Save Button -  element not present
	at utils.WebBasePage.click(WebBasePage.java:126)
	at pageobjects.AssetManagementPage.clickOnSaveButton(AssetManagementPage.java:56)
	at action.AssetManagementAstion.GoToGroupListPage(AssetManagementAstion.java:31)
	at testcases.AssetManagementTest.ValidateClickTestingOfGroupListPage(AssetManagementTest.java:27)
	at java.base/java.util.ArrayList.forEach(ArrayList.java:1511)
... Removed 28 stack frames</pre></div><a href='#' onClick='toggleBox("stack-trace1069082831", this, "Click to show all stack frames", "Click to hide stack frames")'>Click to show all stack frames</a>
<div class='stack-trace' id='stack-trace1069082831'><pre>java.lang.AssertionError: Save Button -  element not present
	at org.testng.Assert.fail(Assert.java:99)
	at utils.WebBasePage.click(WebBasePage.java:126)
	at pageobjects.AssetManagementPage.clickOnSaveButton(AssetManagementPage.java:56)
	at action.AssetManagementAstion.GoToGroupListPage(AssetManagementAstion.java:31)
	at testcases.AssetManagementTest.ValidateClickTestingOfGroupListPage(AssetManagementTest.java:27)
	at java.base/jdk.internal.reflect.NativeMethodAccessorImpl.invoke0(Native Method)
	at java.base/jdk.internal.reflect.NativeMethodAccessorImpl.invoke(NativeMethodAccessorImpl.java:77)
	at java.base/jdk.internal.reflect.DelegatingMethodAccessorImpl.invoke(DelegatingMethodAccessorImpl.java:43)
	at java.base/java.lang.reflect.Method.invoke(Method.java:568)
	at org.testng.internal.MethodInvocationHelper.invokeMethod(MethodInvocationHelper.java:133)
	at org.testng.internal.TestInvoker.invokeMethod(TestInvoker.java:598)
	at org.testng.internal.TestInvoker.invokeTestMethod(TestInvoker.java:173)
	at org.testng.internal.MethodRunner.runInSequence(MethodRunner.java:46)
	at org.testng.internal.TestInvoker$MethodInvocationAgent.invoke(TestInvoker.java:824)
	at org.testng.internal.TestInvoker.invokeTestMethods(TestInvoker.java:146)
	at org.testng.internal.TestMethodWorker.invokeTestMethods(TestMethodWorker.java:146)
	at org.testng.internal.TestMethodWorker.run(TestMethodWorker.java:128)
	at java.base/java.util.ArrayList.forEach(ArrayList.java:1511)
	at org.testng.TestRunner.privateRun(TestRunner.java:794)
	at org.testng.TestRunner.run(TestRunner.java:596)
	at org.testng.SuiteRunner.runTest(SuiteRunner.java:377)
	at org.testng.SuiteRunner.runSequentially(SuiteRunner.java:371)
	at org.testng.SuiteRunner.privateRun(SuiteRunner.java:332)
	at org.testng.SuiteRunner.run(SuiteRunner.java:276)
	at org.testng.SuiteRunnerWorker.runSuite(SuiteRunnerWorker.java:53)
	at org.testng.SuiteRunnerWorker.run(SuiteRunnerWorker.java:96)
	at org.testng.TestNG.runSuitesSequentially(TestNG.java:1212)
	at org.testng.TestNG.runSuitesLocally(TestNG.java:1134)
	at org.testng.TestNG.runSuites(TestNG.java:1063)
	at org.testng.TestNG.run(TestNG.java:1031)
	at org.testng.remote.AbstractRemoteTestNG.run(AbstractRemoteTestNG.java:115)
	at org.testng.remote.RemoteTestNG.initAndRun(RemoteTestNG.java:251)
	at org.testng.remote.RemoteTestNG.main(RemoteTestNG.java:77)
</pre></div></td>
<td>62</td>
<td>testcases.AssetManagementTest@799f10e1</td></tr>
<tr>
<td title='testcases.CrmTest.ValidateClickTestingOfContractsPage()'><b>ValidateClickTestingOfContractsPage</b><br>Test class: testcases.CrmTest</td>
<td><div><pre>java.lang.AssertionError: java.lang.NullPointerException: Cannot invoke &quot;org.openqa.selenium.WebElement.clear()&quot; because &quot;element&quot; is null
	at utils.WebBasePage.enter(WebBasePage.java:81)
	at pageobjects.UserLoginPage.enterUserName(UserLoginPage.java:35)
	at pageobjects.UserLoginPage.forcefulLogOutLogin(UserLoginPage.java:80)
	at action.LoginAction.logoutLogin(LoginAction.java:25)
	at testcases.CrmTest.ValidateClickTestingOfContractsPage(CrmTest.java:91)
	at java.base/java.util.ArrayList.forEach(ArrayList.java:1511)
... Removed 28 stack frames</pre></div><a href='#' onClick='toggleBox("stack-trace1601206793", this, "Click to show all stack frames", "Click to hide stack frames")'>Click to show all stack frames</a>
<div class='stack-trace' id='stack-trace1601206793'><pre>java.lang.AssertionError: java.lang.NullPointerException: Cannot invoke &quot;org.openqa.selenium.WebElement.clear()&quot; because &quot;element&quot; is null
	at org.testng.Assert.fail(Assert.java:99)
	at utils.WebBasePage.enter(WebBasePage.java:81)
	at pageobjects.UserLoginPage.enterUserName(UserLoginPage.java:35)
	at pageobjects.UserLoginPage.forcefulLogOutLogin(UserLoginPage.java:80)
	at action.LoginAction.logoutLogin(LoginAction.java:25)
	at testcases.CrmTest.ValidateClickTestingOfContractsPage(CrmTest.java:91)
	at java.base/jdk.internal.reflect.NativeMethodAccessorImpl.invoke0(Native Method)
	at java.base/jdk.internal.reflect.NativeMethodAccessorImpl.invoke(NativeMethodAccessorImpl.java:77)
	at java.base/jdk.internal.reflect.DelegatingMethodAccessorImpl.invoke(DelegatingMethodAccessorImpl.java:43)
	at java.base/java.lang.reflect.Method.invoke(Method.java:568)
	at org.testng.internal.MethodInvocationHelper.invokeMethod(MethodInvocationHelper.java:133)
	at org.testng.internal.TestInvoker.invokeMethod(TestInvoker.java:598)
	at org.testng.internal.TestInvoker.invokeTestMethod(TestInvoker.java:173)
	at org.testng.internal.MethodRunner.runInSequence(MethodRunner.java:46)
	at org.testng.internal.TestInvoker$MethodInvocationAgent.invoke(TestInvoker.java:824)
	at org.testng.internal.TestInvoker.invokeTestMethods(TestInvoker.java:146)
	at org.testng.internal.TestMethodWorker.invokeTestMethods(TestMethodWorker.java:146)
	at org.testng.internal.TestMethodWorker.run(TestMethodWorker.java:128)
	at java.base/java.util.ArrayList.forEach(ArrayList.java:1511)
	at org.testng.TestRunner.privateRun(TestRunner.java:794)
	at org.testng.TestRunner.run(TestRunner.java:596)
	at org.testng.SuiteRunner.runTest(SuiteRunner.java:377)
	at org.testng.SuiteRunner.runSequentially(SuiteRunner.java:371)
	at org.testng.SuiteRunner.privateRun(SuiteRunner.java:332)
	at org.testng.SuiteRunner.run(SuiteRunner.java:276)
	at org.testng.SuiteRunnerWorker.runSuite(SuiteRunnerWorker.java:53)
	at org.testng.SuiteRunnerWorker.run(SuiteRunnerWorker.java:96)
	at org.testng.TestNG.runSuitesSequentially(TestNG.java:1212)
	at org.testng.TestNG.runSuitesLocally(TestNG.java:1134)
	at org.testng.TestNG.runSuites(TestNG.java:1063)
	at org.testng.TestNG.run(TestNG.java:1031)
	at org.testng.remote.AbstractRemoteTestNG.run(AbstractRemoteTestNG.java:115)
	at org.testng.remote.RemoteTestNG.initAndRun(RemoteTestNG.java:251)
	at org.testng.remote.RemoteTestNG.main(RemoteTestNG.java:77)
</pre></div></td>
<td>36</td>
<td>testcases.CrmTest@313ac989</td></tr>
<tr>
<td title='testcases.CrmTest.ValidateClickTestingOfgoodsInwardPage()'><b>ValidateClickTestingOfgoodsInwardPage</b><br>Test class: testcases.CrmTest</td>
<td><div><pre>java.lang.AssertionError: java.lang.NullPointerException: Cannot invoke &quot;org.openqa.selenium.WebElement.clear()&quot; because &quot;element&quot; is null
	at utils.WebBasePage.enter(WebBasePage.java:81)
	at pageobjects.UserLoginPage.enterUserName(UserLoginPage.java:35)
	at pageobjects.UserLoginPage.forcefulLogOutLogin(UserLoginPage.java:80)
	at action.LoginAction.logoutLogin(LoginAction.java:25)
	at testcases.CrmTest.ValidateClickTestingOfgoodsInwardPage(CrmTest.java:130)
	at java.base/java.util.ArrayList.forEach(ArrayList.java:1511)
... Removed 28 stack frames</pre></div><a href='#' onClick='toggleBox("stack-trace1004289701", this, "Click to show all stack frames", "Click to hide stack frames")'>Click to show all stack frames</a>
<div class='stack-trace' id='stack-trace1004289701'><pre>java.lang.AssertionError: java.lang.NullPointerException: Cannot invoke &quot;org.openqa.selenium.WebElement.clear()&quot; because &quot;element&quot; is null
	at org.testng.Assert.fail(Assert.java:99)
	at utils.WebBasePage.enter(WebBasePage.java:81)
	at pageobjects.UserLoginPage.enterUserName(UserLoginPage.java:35)
	at pageobjects.UserLoginPage.forcefulLogOutLogin(UserLoginPage.java:80)
	at action.LoginAction.logoutLogin(LoginAction.java:25)
	at testcases.CrmTest.ValidateClickTestingOfgoodsInwardPage(CrmTest.java:130)
	at java.base/jdk.internal.reflect.NativeMethodAccessorImpl.invoke0(Native Method)
	at java.base/jdk.internal.reflect.NativeMethodAccessorImpl.invoke(NativeMethodAccessorImpl.java:77)
	at java.base/jdk.internal.reflect.DelegatingMethodAccessorImpl.invoke(DelegatingMethodAccessorImpl.java:43)
	at java.base/java.lang.reflect.Method.invoke(Method.java:568)
	at org.testng.internal.MethodInvocationHelper.invokeMethod(MethodInvocationHelper.java:133)
	at org.testng.internal.TestInvoker.invokeMethod(TestInvoker.java:598)
	at org.testng.internal.TestInvoker.invokeTestMethod(TestInvoker.java:173)
	at org.testng.internal.MethodRunner.runInSequence(MethodRunner.java:46)
	at org.testng.internal.TestInvoker$MethodInvocationAgent.invoke(TestInvoker.java:824)
	at org.testng.internal.TestInvoker.invokeTestMethods(TestInvoker.java:146)
	at org.testng.internal.TestMethodWorker.invokeTestMethods(TestMethodWorker.java:146)
	at org.testng.internal.TestMethodWorker.run(TestMethodWorker.java:128)
	at java.base/java.util.ArrayList.forEach(ArrayList.java:1511)
	at org.testng.TestRunner.privateRun(TestRunner.java:794)
	at org.testng.TestRunner.run(TestRunner.java:596)
	at org.testng.SuiteRunner.runTest(SuiteRunner.java:377)
	at org.testng.SuiteRunner.runSequentially(SuiteRunner.java:371)
	at org.testng.SuiteRunner.privateRun(SuiteRunner.java:332)
	at org.testng.SuiteRunner.run(SuiteRunner.java:276)
	at org.testng.SuiteRunnerWorker.runSuite(SuiteRunnerWorker.java:53)
	at org.testng.SuiteRunnerWorker.run(SuiteRunnerWorker.java:96)
	at org.testng.TestNG.runSuitesSequentially(TestNG.java:1212)
	at org.testng.TestNG.runSuitesLocally(TestNG.java:1134)
	at org.testng.TestNG.runSuites(TestNG.java:1063)
	at org.testng.TestNG.run(TestNG.java:1031)
	at org.testng.remote.AbstractRemoteTestNG.run(AbstractRemoteTestNG.java:115)
	at org.testng.remote.RemoteTestNG.initAndRun(RemoteTestNG.java:251)
	at org.testng.remote.RemoteTestNG.main(RemoteTestNG.java:77)
</pre></div></td>
<td>33</td>
<td>testcases.CrmTest@313ac989</td></tr>
<tr>
<td title='testcases.CrmTest.ValidateClickTestingOfInvoicePage()'><b>ValidateClickTestingOfInvoicePage</b><br>Test class: testcases.CrmTest</td>
<td><div><pre>java.lang.AssertionError: Filter -  element not present
	at utils.WebBasePage.click(WebBasePage.java:126)
	at pageobjects.CrmPage.clickOnFilter(CrmPage.java:208)
	at action.CrmAction.GoToInvoicePage(CrmAction.java:128)
	at testcases.CrmTest.ValidateClickTestingOfInvoicePage(CrmTest.java:145)
	at java.base/java.util.ArrayList.forEach(ArrayList.java:1511)
... Removed 28 stack frames</pre></div><a href='#' onClick='toggleBox("stack-trace184710968", this, "Click to show all stack frames", "Click to hide stack frames")'>Click to show all stack frames</a>
<div class='stack-trace' id='stack-trace184710968'><pre>java.lang.AssertionError: Filter -  element not present
	at org.testng.Assert.fail(Assert.java:99)
	at utils.WebBasePage.click(WebBasePage.java:126)
	at pageobjects.CrmPage.clickOnFilter(CrmPage.java:208)
	at action.CrmAction.GoToInvoicePage(CrmAction.java:128)
	at testcases.CrmTest.ValidateClickTestingOfInvoicePage(CrmTest.java:145)
	at java.base/jdk.internal.reflect.NativeMethodAccessorImpl.invoke0(Native Method)
	at java.base/jdk.internal.reflect.NativeMethodAccessorImpl.invoke(NativeMethodAccessorImpl.java:77)
	at java.base/jdk.internal.reflect.DelegatingMethodAccessorImpl.invoke(DelegatingMethodAccessorImpl.java:43)
	at java.base/java.lang.reflect.Method.invoke(Method.java:568)
	at org.testng.internal.MethodInvocationHelper.invokeMethod(MethodInvocationHelper.java:133)
	at org.testng.internal.TestInvoker.invokeMethod(TestInvoker.java:598)
	at org.testng.internal.TestInvoker.invokeTestMethod(TestInvoker.java:173)
	at org.testng.internal.MethodRunner.runInSequence(MethodRunner.java:46)
	at org.testng.internal.TestInvoker$MethodInvocationAgent.invoke(TestInvoker.java:824)
	at org.testng.internal.TestInvoker.invokeTestMethods(TestInvoker.java:146)
	at org.testng.internal.TestMethodWorker.invokeTestMethods(TestMethodWorker.java:146)
	at org.testng.internal.TestMethodWorker.run(TestMethodWorker.java:128)
	at java.base/java.util.ArrayList.forEach(ArrayList.java:1511)
	at org.testng.TestRunner.privateRun(TestRunner.java:794)
	at org.testng.TestRunner.run(TestRunner.java:596)
	at org.testng.SuiteRunner.runTest(SuiteRunner.java:377)
	at org.testng.SuiteRunner.runSequentially(SuiteRunner.java:371)
	at org.testng.SuiteRunner.privateRun(SuiteRunner.java:332)
	at org.testng.SuiteRunner.run(SuiteRunner.java:276)
	at org.testng.SuiteRunnerWorker.runSuite(SuiteRunnerWorker.java:53)
	at org.testng.SuiteRunnerWorker.run(SuiteRunnerWorker.java:96)
	at org.testng.TestNG.runSuitesSequentially(TestNG.java:1212)
	at org.testng.TestNG.runSuitesLocally(TestNG.java:1134)
	at org.testng.TestNG.runSuites(TestNG.java:1063)
	at org.testng.TestNG.run(TestNG.java:1031)
	at org.testng.remote.AbstractRemoteTestNG.run(AbstractRemoteTestNG.java:115)
	at org.testng.remote.RemoteTestNG.initAndRun(RemoteTestNG.java:251)
	at org.testng.remote.RemoteTestNG.main(RemoteTestNG.java:77)
</pre></div></td>
<td>83</td>
<td>testcases.CrmTest@313ac989</td></tr>
<tr>
<td title='testcases.CrmTest.ValidateClickTestingOfContactsPage()'><b>ValidateClickTestingOfContactsPage</b><br>Test class: testcases.CrmTest</td>
<td><div><pre>java.lang.AssertionError: org.openqa.selenium.JavascriptException: javascript error: Cannot read properties of null (reading &apos;click&apos;)
  (Session info: chrome=114.0.5735.198)
Build info: version: &apos;3.141.59&apos;, revision: &apos;e82be7d358&apos;, time: &apos;2018-11-14T08:17:03&apos;
System info: host: &apos;COG-WIN-MAC03&apos;, ip: &apos;192.168.0.159&apos;, os.name: &apos;Windows 10&apos;, os.arch: &apos;amd64&apos;, os.version: &apos;10.0&apos;, java.version: &apos;17.0.2&apos;
Driver info: org.openqa.selenium.chrome.ChromeDriver
Capabilities {acceptInsecureCerts: false, browserName: chrome, browserVersion: 114.0.5735.198, chrome: {chromedriverVersion: 114.0.5735.90 (386bc09e8f4f..., userDataDir: C:\Users\aanand\AppData\Loc...}, goog:chromeOptions: {debuggerAddress: localhost:51026}, javascriptEnabled: true, networkConnectionEnabled: false, pageLoadStrategy: normal, platform: WINDOWS, platformName: WINDOWS, proxy: Proxy(), setWindowRect: true, strictFileInteractability: false, timeouts: {implicit: 0, pageLoad: 300000, script: 30000}, unhandledPromptBehavior: dismiss and notify, webauthn:extension:credBlob: true, webauthn:extension:largeBlob: true, webauthn:extension:minPinLength: true, webauthn:extension:prf: true, webauthn:virtualAuthenticators: true}
Session ID: f00f577d3d86929b5703b8de27f8e382
	at utils.WebBasePage.clickByJavascript(WebBasePage.java:274)
	at pageobjects.CrmPage.clickOnPageTourGuideForBrand(CrmPage.java:122)
	at action.CrmAction.GoToContactPage(CrmAction.java:77)
	at testcases.CrmTest.ValidateClickTestingOfContactsPage(CrmTest.java:80)
	at java.base/java.util.ArrayList.forEach(ArrayList.java:1511)
... Removed 28 stack frames</pre></div><a href='#' onClick='toggleBox("stack-trace1609186326", this, "Click to show all stack frames", "Click to hide stack frames")'>Click to show all stack frames</a>
<div class='stack-trace' id='stack-trace1609186326'><pre>java.lang.AssertionError: org.openqa.selenium.JavascriptException: javascript error: Cannot read properties of null (reading &apos;click&apos;)
  (Session info: chrome=114.0.5735.198)
Build info: version: &apos;3.141.59&apos;, revision: &apos;e82be7d358&apos;, time: &apos;2018-11-14T08:17:03&apos;
System info: host: &apos;COG-WIN-MAC03&apos;, ip: &apos;192.168.0.159&apos;, os.name: &apos;Windows 10&apos;, os.arch: &apos;amd64&apos;, os.version: &apos;10.0&apos;, java.version: &apos;17.0.2&apos;
Driver info: org.openqa.selenium.chrome.ChromeDriver
Capabilities {acceptInsecureCerts: false, browserName: chrome, browserVersion: 114.0.5735.198, chrome: {chromedriverVersion: 114.0.5735.90 (386bc09e8f4f..., userDataDir: C:\Users\aanand\AppData\Loc...}, goog:chromeOptions: {debuggerAddress: localhost:51026}, javascriptEnabled: true, networkConnectionEnabled: false, pageLoadStrategy: normal, platform: WINDOWS, platformName: WINDOWS, proxy: Proxy(), setWindowRect: true, strictFileInteractability: false, timeouts: {implicit: 0, pageLoad: 300000, script: 30000}, unhandledPromptBehavior: dismiss and notify, webauthn:extension:credBlob: true, webauthn:extension:largeBlob: true, webauthn:extension:minPinLength: true, webauthn:extension:prf: true, webauthn:virtualAuthenticators: true}
Session ID: f00f577d3d86929b5703b8de27f8e382
	at org.testng.Assert.fail(Assert.java:99)
	at utils.WebBasePage.clickByJavascript(WebBasePage.java:274)
	at pageobjects.CrmPage.clickOnPageTourGuideForBrand(CrmPage.java:122)
	at action.CrmAction.GoToContactPage(CrmAction.java:77)
	at testcases.CrmTest.ValidateClickTestingOfContactsPage(CrmTest.java:80)
	at java.base/jdk.internal.reflect.NativeMethodAccessorImpl.invoke0(Native Method)
	at java.base/jdk.internal.reflect.NativeMethodAccessorImpl.invoke(NativeMethodAccessorImpl.java:77)
	at java.base/jdk.internal.reflect.DelegatingMethodAccessorImpl.invoke(DelegatingMethodAccessorImpl.java:43)
	at java.base/java.lang.reflect.Method.invoke(Method.java:568)
	at org.testng.internal.MethodInvocationHelper.invokeMethod(MethodInvocationHelper.java:133)
	at org.testng.internal.TestInvoker.invokeMethod(TestInvoker.java:598)
	at org.testng.internal.TestInvoker.invokeTestMethod(TestInvoker.java:173)
	at org.testng.internal.MethodRunner.runInSequence(MethodRunner.java:46)
	at org.testng.internal.TestInvoker$MethodInvocationAgent.invoke(TestInvoker.java:824)
	at org.testng.internal.TestInvoker.invokeTestMethods(TestInvoker.java:146)
	at org.testng.internal.TestMethodWorker.invokeTestMethods(TestMethodWorker.java:146)
	at org.testng.internal.TestMethodWorker.run(TestMethodWorker.java:128)
	at java.base/java.util.ArrayList.forEach(ArrayList.java:1511)
	at org.testng.TestRunner.privateRun(TestRunner.java:794)
	at org.testng.TestRunner.run(TestRunner.java:596)
	at org.testng.SuiteRunner.runTest(SuiteRunner.java:377)
	at org.testng.SuiteRunner.runSequentially(SuiteRunner.java:371)
	at org.testng.SuiteRunner.privateRun(SuiteRunner.java:332)
	at org.testng.SuiteRunner.run(SuiteRunner.java:276)
	at org.testng.SuiteRunnerWorker.runSuite(SuiteRunnerWorker.java:53)
	at org.testng.SuiteRunnerWorker.run(SuiteRunnerWorker.java:96)
	at org.testng.TestNG.runSuitesSequentially(TestNG.java:1212)
	at org.testng.TestNG.runSuitesLocally(TestNG.java:1134)
	at org.testng.TestNG.runSuites(TestNG.java:1063)
	at org.testng.TestNG.run(TestNG.java:1031)
	at org.testng.remote.AbstractRemoteTestNG.run(AbstractRemoteTestNG.java:115)
	at org.testng.remote.RemoteTestNG.initAndRun(RemoteTestNG.java:251)
	at org.testng.remote.RemoteTestNG.main(RemoteTestNG.java:77)
</pre></div></td>
<td>75</td>
<td>testcases.CrmTest@313ac989</td></tr>
<tr>
<td title='testcases.CrmTest.ValidateClickTestingOfPriceBookPage()'><b>ValidateClickTestingOfPriceBookPage</b><br>Test class: testcases.CrmTest</td>
<td><div><pre>java.lang.AssertionError: org.openqa.selenium.JavascriptException: javascript error: Cannot read properties of null (reading &apos;click&apos;)
  (Session info: chrome=114.0.5735.198)
Build info: version: &apos;3.141.59&apos;, revision: &apos;e82be7d358&apos;, time: &apos;2018-11-14T08:17:03&apos;
System info: host: &apos;COG-WIN-MAC03&apos;, ip: &apos;192.168.0.159&apos;, os.name: &apos;Windows 10&apos;, os.arch: &apos;amd64&apos;, os.version: &apos;10.0&apos;, java.version: &apos;17.0.2&apos;
Driver info: org.openqa.selenium.chrome.ChromeDriver
Capabilities {acceptInsecureCerts: false, browserName: chrome, browserVersion: 114.0.5735.198, chrome: {chromedriverVersion: 114.0.5735.90 (386bc09e8f4f..., userDataDir: C:\Users\aanand\AppData\Loc...}, goog:chromeOptions: {debuggerAddress: localhost:51026}, javascriptEnabled: true, networkConnectionEnabled: false, pageLoadStrategy: normal, platform: WINDOWS, platformName: WINDOWS, proxy: Proxy(), setWindowRect: true, strictFileInteractability: false, timeouts: {implicit: 0, pageLoad: 300000, script: 30000}, unhandledPromptBehavior: dismiss and notify, webauthn:extension:credBlob: true, webauthn:extension:largeBlob: true, webauthn:extension:minPinLength: true, webauthn:extension:prf: true, webauthn:virtualAuthenticators: true}
Session ID: f00f577d3d86929b5703b8de27f8e382
	at utils.WebBasePage.clickByJavascript(WebBasePage.java:274)
	at pageobjects.CrmPage.clickOnPageTourGuideForBrand(CrmPage.java:122)
	at action.CrmAction.GoToPriceBookPage(CrmAction.java:191)
	at testcases.CrmTest.ValidateClickTestingOfPriceBookPage(CrmTest.java:197)
	at java.base/java.util.ArrayList.forEach(ArrayList.java:1511)
... Removed 28 stack frames</pre></div><a href='#' onClick='toggleBox("stack-trace1624421807", this, "Click to show all stack frames", "Click to hide stack frames")'>Click to show all stack frames</a>
<div class='stack-trace' id='stack-trace1624421807'><pre>java.lang.AssertionError: org.openqa.selenium.JavascriptException: javascript error: Cannot read properties of null (reading &apos;click&apos;)
  (Session info: chrome=114.0.5735.198)
Build info: version: &apos;3.141.59&apos;, revision: &apos;e82be7d358&apos;, time: &apos;2018-11-14T08:17:03&apos;
System info: host: &apos;COG-WIN-MAC03&apos;, ip: &apos;192.168.0.159&apos;, os.name: &apos;Windows 10&apos;, os.arch: &apos;amd64&apos;, os.version: &apos;10.0&apos;, java.version: &apos;17.0.2&apos;
Driver info: org.openqa.selenium.chrome.ChromeDriver
Capabilities {acceptInsecureCerts: false, browserName: chrome, browserVersion: 114.0.5735.198, chrome: {chromedriverVersion: 114.0.5735.90 (386bc09e8f4f..., userDataDir: C:\Users\aanand\AppData\Loc...}, goog:chromeOptions: {debuggerAddress: localhost:51026}, javascriptEnabled: true, networkConnectionEnabled: false, pageLoadStrategy: normal, platform: WINDOWS, platformName: WINDOWS, proxy: Proxy(), setWindowRect: true, strictFileInteractability: false, timeouts: {implicit: 0, pageLoad: 300000, script: 30000}, unhandledPromptBehavior: dismiss and notify, webauthn:extension:credBlob: true, webauthn:extension:largeBlob: true, webauthn:extension:minPinLength: true, webauthn:extension:prf: true, webauthn:virtualAuthenticators: true}
Session ID: f00f577d3d86929b5703b8de27f8e382
	at org.testng.Assert.fail(Assert.java:99)
	at utils.WebBasePage.clickByJavascript(WebBasePage.java:274)
	at pageobjects.CrmPage.clickOnPageTourGuideForBrand(CrmPage.java:122)
	at action.CrmAction.GoToPriceBookPage(CrmAction.java:191)
	at testcases.CrmTest.ValidateClickTestingOfPriceBookPage(CrmTest.java:197)
	at java.base/jdk.internal.reflect.NativeMethodAccessorImpl.invoke0(Native Method)
	at java.base/jdk.internal.reflect.NativeMethodAccessorImpl.invoke(NativeMethodAccessorImpl.java:77)
	at java.base/jdk.internal.reflect.DelegatingMethodAccessorImpl.invoke(DelegatingMethodAccessorImpl.java:43)
	at java.base/java.lang.reflect.Method.invoke(Method.java:568)
	at org.testng.internal.MethodInvocationHelper.invokeMethod(MethodInvocationHelper.java:133)
	at org.testng.internal.TestInvoker.invokeMethod(TestInvoker.java:598)
	at org.testng.internal.TestInvoker.invokeTestMethod(TestInvoker.java:173)
	at org.testng.internal.MethodRunner.runInSequence(MethodRunner.java:46)
	at org.testng.internal.TestInvoker$MethodInvocationAgent.invoke(TestInvoker.java:824)
	at org.testng.internal.TestInvoker.invokeTestMethods(TestInvoker.java:146)
	at org.testng.internal.TestMethodWorker.invokeTestMethods(TestMethodWorker.java:146)
	at org.testng.internal.TestMethodWorker.run(TestMethodWorker.java:128)
	at java.base/java.util.ArrayList.forEach(ArrayList.java:1511)
	at org.testng.TestRunner.privateRun(TestRunner.java:794)
	at org.testng.TestRunner.run(TestRunner.java:596)
	at org.testng.SuiteRunner.runTest(SuiteRunner.java:377)
	at org.testng.SuiteRunner.runSequentially(SuiteRunner.java:371)
	at org.testng.SuiteRunner.privateRun(SuiteRunner.java:332)
	at org.testng.SuiteRunner.run(SuiteRunner.java:276)
	at org.testng.SuiteRunnerWorker.runSuite(SuiteRunnerWorker.java:53)
	at org.testng.SuiteRunnerWorker.run(SuiteRunnerWorker.java:96)
	at org.testng.TestNG.runSuitesSequentially(TestNG.java:1212)
	at org.testng.TestNG.runSuitesLocally(TestNG.java:1134)
	at org.testng.TestNG.runSuites(TestNG.java:1063)
	at org.testng.TestNG.run(TestNG.java:1031)
	at org.testng.remote.AbstractRemoteTestNG.run(AbstractRemoteTestNG.java:115)
	at org.testng.remote.RemoteTestNG.initAndRun(RemoteTestNG.java:251)
	at org.testng.remote.RemoteTestNG.main(RemoteTestNG.java:77)
</pre></div></td>
<td>80</td>
<td>testcases.CrmTest@313ac989</td></tr>
</table><p>
<table width='100%' border='1' class='invocation-passed'>
<tr><td colspan='4' align='center'><b>PASSED TESTS</b></td></tr>
<tr><td><b>Test method</b></td>
<td width="30%"><b>Exception</b></td>
<td width="10%"><b>Time (seconds)</b></td>
<td><b>Instance</b></td>
</tr>
<tr>
<td title='testcases.AppotmentCalendarTest.ValidateClickTestingOfAppoitmentServicePage()'><b>ValidateClickTestingOfAppoitmentServicePage</b><br>Test class: testcases.AppotmentCalendarTest</td>
<td></td>
<td>66</td>
<td>testcases.AppotmentCalendarTest@18078bef</td></tr>
<tr>
<td title='testcases.HiringTest.ValidateClickTestingOfCandidateListPage()'><b>ValidateClickTestingOfCandidateListPage</b><br>Test class: testcases.HiringTest</td>
<td></td>
<td>76</td>
<td>testcases.HiringTest@7cc0cdad</td></tr>
<tr>
<td title='testcases.EventManagementTest.ValidateClickTestingOfEventManagementPage()'><b>ValidateClickTestingOfEventManagementPage</b><br>Test class: testcases.EventManagementTest</td>
<td></td>
<td>78</td>
<td>testcases.EventManagementTest@3023df74</td></tr>
<tr>
<td title='testcases.AssetManagementTest.ValidateClickTestingOfProductReportPage()'><b>ValidateClickTestingOfProductReportPage</b><br>Test class: testcases.AssetManagementTest</td>
<td></td>
<td>44</td>
<td>testcases.AssetManagementTest@799f10e1</td></tr>
<tr>
<td title='testcases.TicketingTest.ValidateClickTestingOfMyArticlesPage()'><b>ValidateClickTestingOfMyArticlesPage</b><br>Test class: testcases.TicketingTest</td>
<td></td>
<td>93</td>
<td>testcases.TicketingTest@459e9125</td></tr>
<tr>
<td title='testcases.GeneralTest.ValidateClickTestingOfCustomFieldsPage()'><b>ValidateClickTestingOfCustomFieldsPage</b><br>Test class: testcases.GeneralTest</td>
<td></td>
<td>58</td>
<td>testcases.GeneralTest@4c371370</td></tr>
<tr>
<td title='testcases.HRManagementTest.ValidateClickTestingOfAttendancePage()'><b>ValidateClickTestingOfAttendancePage</b><br>Test class: testcases.HRManagementTest</td>
<td></td>
<td>21</td>
<td>testcases.HRManagementTest@6f1de4c7</td></tr>
<tr>
<td title='testcases.HRManagementTest.ValidateClickTestingOfHrReportPage()'><b>ValidateClickTestingOfHrReportPage</b><br>Test class: testcases.HRManagementTest</td>
<td></td>
<td>46</td>
<td>testcases.HRManagementTest@6f1de4c7</td></tr>
<tr>
<td title='testcases.VendorTest.ValidateClickTestingOfTrainingPage()'><b>ValidateClickTestingOfTrainingPage</b><br>Test class: testcases.VendorTest</td>
<td></td>
<td>24</td>
<td>testcases.VendorTest@34a3d150</td></tr>
<tr>
<td title='testcases.ProjectManagementTest.ValidateClickTestingOfProjectReportPage()'><b>ValidateClickTestingOfProjectReportPage</b><br>Test class: testcases.ProjectManagementTest</td>
<td></td>
<td>53</td>
<td>testcases.ProjectManagementTest@368f2016</td></tr>
<tr>
<td title='testcases.CrmTest.ValidateClickTestingOfCommunicationPage()'><b>ValidateClickTestingOfCommunicationPage</b><br>Test class: testcases.CrmTest</td>
<td></td>
<td>69</td>
<td>testcases.CrmTest@313ac989</td></tr>
<tr>
<td title='testcases.TimeTrackingTest.ValidateClickTestingOfTimeReportPage()'><b>ValidateClickTestingOfTimeReportPage</b><br>Test class: testcases.TimeTrackingTest</td>
<td></td>
<td>69</td>
<td>testcases.TimeTrackingTest@128d2484</td></tr>
<tr>
<td title='testcases.CommunicationTest.ValidateClickTestingOfIVRPage()'><b>ValidateClickTestingOfIVRPage</b><br>Test class: testcases.CommunicationTest</td>
<td></td>
<td>43</td>
<td>testcases.CommunicationTest@7c7b252e</td></tr>
<tr>
<td title='testcases.HRManagementTest.ValidateClickTestingOfManageCheckInPage()'><b>ValidateClickTestingOfManageCheckInPage</b><br>Test class: testcases.HRManagementTest</td>
<td></td>
<td>49</td>
<td>testcases.HRManagementTest@6f1de4c7</td></tr>
<tr>
<td title='testcases.BillingTest.ValidateClickTestingOfClientReportPage()'><b>ValidateClickTestingOfClientReportPage</b><br>Test class: testcases.BillingTest</td>
<td></td>
<td>51</td>
<td>testcases.BillingTest@689604d9</td></tr>
<tr>
<td title='testcases.HumanResourcesTest.ValidateClickTestingOfAttendanceApprovalPage()'><b>ValidateClickTestingOfAttendanceApprovalPage</b><br>Test class: testcases.HumanResourcesTest</td>
<td></td>
<td>39</td>
<td>testcases.HumanResourcesTest@6cf0e0ba</td></tr>
<tr>
<td title='testcases.HumanResourcesTest.ValidateClickTestingOfCandidateListPage()'><b>ValidateClickTestingOfCandidateListPage</b><br>Test class: testcases.HumanResourcesTest</td>
<td></td>
<td>91</td>
<td>testcases.HumanResourcesTest@6cf0e0ba</td></tr>
<tr>
<td title='testcases.AssetManagementTest.ValidateClickTestingOfManageProductPage()'><b>ValidateClickTestingOfManageProductPage</b><br>Test class: testcases.AssetManagementTest</td>
<td></td>
<td>169</td>
<td>testcases.AssetManagementTest@799f10e1</td></tr>
<tr>
<td title='testcases.ExpenseTest.ValidateClickTestingOfProjectPage()'><b>ValidateClickTestingOfProjectPage</b><br>Test class: testcases.ExpenseTest</td>
<td></td>
<td>81</td>
<td>testcases.ExpenseTest@145f66e3</td></tr>
<tr>
<td title='testcases.AppotmentCalendarTest.ValidateClickTestingOfScheduleAppointmentPage()'><b>ValidateClickTestingOfScheduleAppointmentPage</b><br>Test class: testcases.AppotmentCalendarTest</td>
<td></td>
<td>36</td>
<td>testcases.AppotmentCalendarTest@18078bef</td></tr>
<tr>
<td title='testcases.BillingTest.ValidateClickTestingOfBillingRulePage()'><b>ValidateClickTestingOfBillingRulePage</b><br>Test class: testcases.BillingTest</td>
<td></td>
<td>116</td>
<td>testcases.BillingTest@689604d9</td></tr>
<tr>
<td title='testcases.GeneralTest.ValidateClickTestingOfStoragePage()'><b>ValidateClickTestingOfStoragePage</b><br>Test class: testcases.GeneralTest</td>
<td></td>
<td>38</td>
<td>testcases.GeneralTest@4c371370</td></tr>
<tr>
<td title='testcases.AssetManagementTest.ValidateClickTestingOfProductsScanSummaryPage()'><b>ValidateClickTestingOfProductsScanSummaryPage</b><br>Test class: testcases.AssetManagementTest</td>
<td></td>
<td>36</td>
<td>testcases.AssetManagementTest@799f10e1</td></tr>
<tr>
<td title='testcases.IntegrationTest.ValidateClickTestingOfIVrPage()'><b>ValidateClickTestingOfIVrPage</b><br>Test class: testcases.IntegrationTest</td>
<td></td>
<td>73</td>
<td>testcases.IntegrationTest@4c583ecf</td></tr>
<tr>
<td title='testcases.GeneralTest.ValidateClickTestingOfCustomReportsPage()'><b>ValidateClickTestingOfCustomReportsPage</b><br>Test class: testcases.GeneralTest</td>
<td></td>
<td>58</td>
<td>testcases.GeneralTest@4c371370</td></tr>
<tr>
<td title='testcases.BillingTest.ValidateClickTestingOfFlagRecordsPage()'><b>ValidateClickTestingOfFlagRecordsPage</b><br>Test class: testcases.BillingTest</td>
<td></td>
<td>66</td>
<td>testcases.BillingTest@689604d9</td></tr>
<tr>
<td title='testcases.DisplayScreenTest.ValidateClickTestingOfCounterPage()'><b>ValidateClickTestingOfCounterPage</b><br>Test class: testcases.DisplayScreenTest</td>
<td></td>
<td>35</td>
<td>testcases.DisplayScreenTest@6302bbb1</td></tr>
<tr>
<td title='testcases.CommunicationTest.ValidateClickTestingOfVideoRecordingListPage()'><b>ValidateClickTestingOfVideoRecordingListPage</b><br>Test class: testcases.CommunicationTest</td>
<td></td>
<td>41</td>
<td>testcases.CommunicationTest@7c7b252e</td></tr>
<tr>
<td title='testcases.HRManagementTest.ValidateClickTestingOfLeavePage()'><b>ValidateClickTestingOfLeavePage</b><br>Test class: testcases.HRManagementTest</td>
<td></td>
<td>84</td>
<td>testcases.HRManagementTest@6f1de4c7</td></tr>
<tr>
<td title='testcases.PerformanceReviewTest.ValidateClickTestingOfProvideReviewPage()'><b>ValidateClickTestingOfProvideReviewPage</b><br>Test class: testcases.PerformanceReviewTest</td>
<td></td>
<td>36</td>
<td>testcases.PerformanceReviewTest@5c6648b0</td></tr>
<tr>
<td title='testcases.TicketingTest.ValidateClickTestingOfCallCenterSyncStatusPage()'><b>ValidateClickTestingOfCallCenterSyncStatusPage</b><br>Test class: testcases.TicketingTest</td>
<td></td>
<td>39</td>
<td>testcases.TicketingTest@459e9125</td></tr>
<tr>
<td title='testcases.HRManagementTest.ValidateClickTestingOfGroupListPage()'><b>ValidateClickTestingOfGroupListPage</b><br>Test class: testcases.HRManagementTest</td>
<td></td>
<td>53</td>
<td>testcases.HRManagementTest@6f1de4c7</td></tr>
<tr>
<td title='testcases.ExpenseTest.ValidateClickTestingOfExpenseDashBoardPage()'><b>ValidateClickTestingOfExpenseDashBoardPage</b><br>Test class: testcases.ExpenseTest</td>
<td></td>
<td>55</td>
<td>testcases.ExpenseTest@145f66e3</td></tr>
<tr>
<td title='testcases.TicketingTest.ValidateClickTestingOfFormBuilderPage()'><b>ValidateClickTestingOfFormBuilderPage</b><br>Test class: testcases.TicketingTest</td>
<td></td>
<td>52</td>
<td>testcases.TicketingTest@459e9125</td></tr>
<tr>
<td title='testcases.TimeTrackingTest.ValidateClickTestingOfTimeApprovalPage()'><b>ValidateClickTestingOfTimeApprovalPage</b><br>Test class: testcases.TimeTrackingTest</td>
<td></td>
<td>52</td>
<td>testcases.TimeTrackingTest@128d2484</td></tr>
<tr>
<td title='testcases.MSPModuleTest.ValidateClickTestingOfAddSubscriptionPage()'><b>ValidateClickTestingOfAddSubscriptionPage</b><br>Test class: testcases.MSPModuleTest</td>
<td></td>
<td>59</td>
<td>testcases.MSPModuleTest@4135c3b</td></tr>
<tr>
<td title='testcases.AppotmentCalendarTest.ValidateClickTestingOfAppoitmentReportPage()'><b>ValidateClickTestingOfAppoitmentReportPage</b><br>Test class: testcases.AppotmentCalendarTest</td>
<td></td>
<td>49</td>
<td>testcases.AppotmentCalendarTest@18078bef</td></tr>
<tr>
<td title='testcases.HiringTest.ValidateClickTestingOfOffboardEmployeeListPage()'><b>ValidateClickTestingOfOffboardEmployeeListPage</b><br>Test class: testcases.HiringTest</td>
<td></td>
<td>63</td>
<td>testcases.HiringTest@7cc0cdad</td></tr>
<tr>
<td title='testcases.BillingTest.ValidateClickTestingOfAutomateFlagProcessingPage()'><b>ValidateClickTestingOfAutomateFlagProcessingPage</b><br>Test class: testcases.BillingTest</td>
<td></td>
<td>41</td>
<td>testcases.BillingTest@689604d9</td></tr>
<tr>
<td title='testcases.TicketingTest.ValidateClickTestingOfTicketTypeListingPage()'><b>ValidateClickTestingOfTicketTypeListingPage</b><br>Test class: testcases.TicketingTest</td>
<td></td>
<td>76</td>
<td>testcases.TicketingTest@459e9125</td></tr>
<tr>
<td title='testcases.HumanResourcesTest.ValidateClickTestingOfLeaveTypeListingPage()'><b>ValidateClickTestingOfLeaveTypeListingPage</b><br>Test class: testcases.HumanResourcesTest</td>
<td></td>
<td>64</td>
<td>testcases.HumanResourcesTest@6cf0e0ba</td></tr>
<tr>
<td title='testcases.INTEGRATIONSTest.ValidateClickTestingOfConnectorPage()'><b>ValidateClickTestingOfConnectorPage</b><br>Test class: testcases.INTEGRATIONSTest</td>
<td></td>
<td>93</td>
<td>testcases.INTEGRATIONSTest@2a65fe7c</td></tr>
<tr>
<td title='testcases.HumanResourcesTest.ValidateClickTestingOfAttendancePage()'><b>ValidateClickTestingOfAttendancePage</b><br>Test class: testcases.HumanResourcesTest</td>
<td></td>
<td>22</td>
<td>testcases.HumanResourcesTest@6cf0e0ba</td></tr>
<tr>
<td title='testcases.GeneralTest.ValidateClickTestingOfAutoResponderPage()'><b>ValidateClickTestingOfAutoResponderPage</b><br>Test class: testcases.GeneralTest</td>
<td></td>
<td>55</td>
<td>testcases.GeneralTest@4c371370</td></tr>
<tr>
<td title='testcases.MSPModuleTest.ValidateClickTestingOfManagePackagesPage()'><b>ValidateClickTestingOfManagePackagesPage</b><br>Test class: testcases.MSPModuleTest</td>
<td></td>
<td>53</td>
<td>testcases.MSPModuleTest@4135c3b</td></tr>
<tr>
<td title='testcases.TicketingTest.ValidateClickTestingOfAddTicketPage()'><b>ValidateClickTestingOfAddTicketPage</b><br>Test class: testcases.TicketingTest</td>
<td></td>
<td>58</td>
<td>testcases.TicketingTest@459e9125</td></tr>
<tr>
<td title='testcases.TicketingTest.ValidateClickTestingOfServiceCrewPage()'><b>ValidateClickTestingOfServiceCrewPage</b><br>Test class: testcases.TicketingTest</td>
<td></td>
<td>101</td>
<td>testcases.TicketingTest@459e9125</td></tr>
<tr>
<td title='testcases.AssetManagementTest.ValidateClickTestingOfScannedItemsStatusPage()'><b>ValidateClickTestingOfScannedItemsStatusPage</b><br>Test class: testcases.AssetManagementTest</td>
<td></td>
<td>35</td>
<td>testcases.AssetManagementTest@799f10e1</td></tr>
<tr>
<td title='testcases.TimeTrackingTest.ValidateClickTestingOfAuditRulePage()'><b>ValidateClickTestingOfAuditRulePage</b><br>Test class: testcases.TimeTrackingTest</td>
<td></td>
<td>46</td>
<td>testcases.TimeTrackingTest@128d2484</td></tr>
<tr>
<td title='testcases.BillingTest.ValidateClickTestingOfImportInvoicePage()'><b>ValidateClickTestingOfImportInvoicePage</b><br>Test class: testcases.BillingTest</td>
<td></td>
<td>49</td>
<td>testcases.BillingTest@689604d9</td></tr>
<tr>
<td title='testcases.BillingTest.ValidateClickTestingOfInvoiceReportPage()'><b>ValidateClickTestingOfInvoiceReportPage</b><br>Test class: testcases.BillingTest</td>
<td></td>
<td>49</td>
<td>testcases.BillingTest@689604d9</td></tr>
<tr>
<td title='testcases.CompanySetUpTest.ValidateClickTestingOfRolesPage()'><b>ValidateClickTestingOfRolesPage</b><br>Test class: testcases.CompanySetUpTest</td>
<td></td>
<td>41</td>
<td>testcases.CompanySetUpTest@2a4fb17b</td></tr>
<tr>
<td title='testcases.TicketingTest.ValidateClickTestingOfManageCategoryPage()'><b>ValidateClickTestingOfManageCategoryPage</b><br>Test class: testcases.TicketingTest</td>
<td></td>
<td>55</td>
<td>testcases.TicketingTest@459e9125</td></tr>
<tr>
<td title='testcases.TicketingTest.ValidateClickTestingOfZoneManagementPage()'><b>ValidateClickTestingOfZoneManagementPage</b><br>Test class: testcases.TicketingTest</td>
<td></td>
<td>50</td>
<td>testcases.TicketingTest@459e9125</td></tr>
<tr>
<td title='testcases.TicketingTest.ValidateClickTestingOfDashBoardPage()'><b>ValidateClickTestingOfDashBoardPage</b><br>Test class: testcases.TicketingTest</td>
<td></td>
<td>45</td>
<td>testcases.TicketingTest@459e9125</td></tr>
<tr>
<td title='testcases.CompanySetUpTest.ValidateClickTestingOfConfigurationPage()'><b>ValidateClickTestingOfConfigurationPage</b><br>Test class: testcases.CompanySetUpTest</td>
<td></td>
<td>47</td>
<td>testcases.CompanySetUpTest@2a4fb17b</td></tr>
<tr>
<td title='testcases.AssetManagementTest.ValidateClickTestingOfMyProductPage()'><b>ValidateClickTestingOfMyProductPage</b><br>Test class: testcases.AssetManagementTest</td>
<td></td>
<td>276</td>
<td>testcases.AssetManagementTest@799f10e1</td></tr>
<tr>
<td title='testcases.ProjectManagementTest.ValidateClickTestingOfTaskPage()'><b>ValidateClickTestingOfTaskPage</b><br>Test class: testcases.ProjectManagementTest</td>
<td></td>
<td>47</td>
<td>testcases.ProjectManagementTest@368f2016</td></tr>
<tr>
<td title='testcases.GeneralTest.ValidateClickTestingOfWorkingWeekPage()'><b>ValidateClickTestingOfWorkingWeekPage</b><br>Test class: testcases.GeneralTest</td>
<td></td>
<td>46</td>
<td>testcases.GeneralTest@4c371370</td></tr>
<tr>
<td title='testcases.CommunicationTest.ValidateClickTestingOfMeetingRecordingListPage()'><b>ValidateClickTestingOfMeetingRecordingListPage</b><br>Test class: testcases.CommunicationTest</td>
<td></td>
<td>37</td>
<td>testcases.CommunicationTest@7c7b252e</td></tr>
<tr>
<td title='testcases.ProjectManagementTest.ValidateClickTestingOfResourceImpactPage()'><b>ValidateClickTestingOfResourceImpactPage</b><br>Test class: testcases.ProjectManagementTest</td>
<td></td>
<td>51</td>
<td>testcases.ProjectManagementTest@368f2016</td></tr>
<tr>
<td title='testcases.GeneralTest.ValidateClickTestingOfWorkingDayPage()'><b>ValidateClickTestingOfWorkingDayPage</b><br>Test class: testcases.GeneralTest</td>
<td></td>
<td>53</td>
<td>testcases.GeneralTest@4c371370</td></tr>
<tr>
<td title='testcases.CompanySetUpTest.ValidateClickTestingOfCompanySetupPage()'><b>ValidateClickTestingOfCompanySetupPage</b><br>Test class: testcases.CompanySetUpTest</td>
<td></td>
<td>39</td>
<td>testcases.CompanySetUpTest@2a4fb17b</td></tr>
<tr>
<td title='testcases.PerformanceReviewTest.ValidateClickTestingOfProvideFeedbackPage()'><b>ValidateClickTestingOfProvideFeedbackPage</b><br>Test class: testcases.PerformanceReviewTest</td>
<td></td>
<td>36</td>
<td>testcases.PerformanceReviewTest@5c6648b0</td></tr>
<tr>
<td title='testcases.TicketingTest.ValidateClickTestingOfManageServiceBoardPage()'><b>ValidateClickTestingOfManageServiceBoardPage</b><br>Test class: testcases.TicketingTest</td>
<td></td>
<td>87</td>
<td>testcases.TicketingTest@459e9125</td></tr>
<tr>
<td title='testcases.HRManagementTest.ValidateClickTestingOfResignationPage()'><b>ValidateClickTestingOfResignationPage</b><br>Test class: testcases.HRManagementTest</td>
<td></td>
<td>60</td>
<td>testcases.HRManagementTest@6f1de4c7</td></tr>
<tr>
<td title='testcases.MSPModuleTest.ValidateClickTestingOfManageSubscriptionPage()'><b>ValidateClickTestingOfManageSubscriptionPage</b><br>Test class: testcases.MSPModuleTest</td>
<td></td>
<td>64</td>
<td>testcases.MSPModuleTest@4135c3b</td></tr>
<tr>
<td title='testcases.HiringTest.ValidateClickTestingOfPolicyPage()'><b>ValidateClickTestingOfPolicyPage</b><br>Test class: testcases.HiringTest</td>
<td></td>
<td>62</td>
<td>testcases.HiringTest@7cc0cdad</td></tr>
<tr>
<td title='testcases.EventManagementTest.ValidateClickTestingOfUserAvailabilityPage()'><b>ValidateClickTestingOfUserAvailabilityPage</b><br>Test class: testcases.EventManagementTest</td>
<td></td>
<td>53</td>
<td>testcases.EventManagementTest@3023df74</td></tr>
<tr>
<td title='testcases.HiringTest.ValidateClickTestingOfJobRequisitionPage()'><b>ValidateClickTestingOfJobRequisitionPage</b><br>Test class: testcases.HiringTest</td>
<td></td>
<td>56</td>
<td>testcases.HiringTest@7cc0cdad</td></tr>
<tr>
<td title='testcases.HRManagementTest.ValidateClickTestingOfLeaveTypeListingPage()'><b>ValidateClickTestingOfLeaveTypeListingPage</b><br>Test class: testcases.HRManagementTest</td>
<td></td>
<td>62</td>
<td>testcases.HRManagementTest@6f1de4c7</td></tr>
<tr>
<td title='testcases.IntegrationTest.ValidateClickTestingOfTwilioPage()'><b>ValidateClickTestingOfTwilioPage</b><br>Test class: testcases.IntegrationTest</td>
<td></td>
<td>58</td>
<td>testcases.IntegrationTest@4c583ecf</td></tr>
<tr>
<td title='testcases.EventManagementTest.ValidateClickTestingOfDashBoardPage()'><b>ValidateClickTestingOfDashBoardPage</b><br>Test class: testcases.EventManagementTest</td>
<td></td>
<td>52</td>
<td>testcases.EventManagementTest@3023df74</td></tr>
<tr>
<td title='testcases.ApprovalTest.ValidateClickTestingOfApprovalRulePage()'><b>ValidateClickTestingOfApprovalRulePage</b><br>Test class: testcases.ApprovalTest</td>
<td></td>
<td>72</td>
<td>testcases.ApprovalTest@31304f14</td></tr>
<tr>
<td title='testcases.CompanySetUpTest.ValidateClickTestingOfCompanyDirectoryPage()'><b>ValidateClickTestingOfCompanyDirectoryPage</b><br>Test class: testcases.CompanySetUpTest</td>
<td></td>
<td>35</td>
<td>testcases.CompanySetUpTest@2a4fb17b</td></tr>
<tr>
<td title='testcases.ProjectManagementTest.ValidateClickTestingOfGlobalTaskPage()'><b>ValidateClickTestingOfGlobalTaskPage</b><br>Test class: testcases.ProjectManagementTest</td>
<td></td>
<td>59</td>
<td>testcases.ProjectManagementTest@368f2016</td></tr>
<tr>
<td title='testcases.EventManagementTest.ValidateClickTestingOfManageVenuePage()'><b>ValidateClickTestingOfManageVenuePage</b><br>Test class: testcases.EventManagementTest</td>
<td></td>
<td>44</td>
<td>testcases.EventManagementTest@3023df74</td></tr>
<tr>
<td title='testcases.TicketingTest.ValidateClickTestingOfWorkOrderPage()'><b>ValidateClickTestingOfWorkOrderPage</b><br>Test class: testcases.TicketingTest</td>
<td></td>
<td>131</td>
<td>testcases.TicketingTest@459e9125</td></tr>
<tr>
<td title='testcases.ProjectManagementTest.ValidateClickTestingOfProjectPage()'><b>ValidateClickTestingOfProjectPage</b><br>Test class: testcases.ProjectManagementTest</td>
<td></td>
<td>115</td>
<td>testcases.ProjectManagementTest@368f2016</td></tr>
<tr>
<td title='testcases.TimeTrackingTest.ValidateClickTestingOfBulkTimeEntryPage()'><b>ValidateClickTestingOfBulkTimeEntryPage</b><br>Test class: testcases.TimeTrackingTest</td>
<td></td>
<td>41</td>
<td>testcases.TimeTrackingTest@128d2484</td></tr>
<tr>
<td title='testcases.CommunicationTest.ValidateClickTestingOfMeetingsPage()'><b>ValidateClickTestingOfMeetingsPage</b><br>Test class: testcases.CommunicationTest</td>
<td></td>
<td>45</td>
<td>testcases.CommunicationTest@7c7b252e</td></tr>
<tr>
<td title='testcases.AppotmentCalendarTest.ValidateClickTestingOfManageExternalLinkPage()'><b>ValidateClickTestingOfManageExternalLinkPage</b><br>Test class: testcases.AppotmentCalendarTest</td>
<td></td>
<td>43</td>
<td>testcases.AppotmentCalendarTest@18078bef</td></tr>
<tr>
<td title='testcases.EventManagementTest.ValidateClickTestingOfGoogleCalendarPage()'><b>ValidateClickTestingOfGoogleCalendarPage</b><br>Test class: testcases.EventManagementTest</td>
<td></td>
<td>54</td>
<td>testcases.EventManagementTest@3023df74</td></tr>
<tr>
<td title='testcases.IntegrationTest.ValidateClickTestingOfEmailPage()'><b>ValidateClickTestingOfEmailPage</b><br>Test class: testcases.IntegrationTest</td>
<td></td>
<td>35</td>
<td>testcases.IntegrationTest@4c583ecf</td></tr>
<tr>
<td title='testcases.AssetManagementTest.ValidateClickTestingOfProductContainerPage()'><b>ValidateClickTestingOfProductContainerPage</b><br>Test class: testcases.AssetManagementTest</td>
<td></td>
<td>115</td>
<td>testcases.AssetManagementTest@799f10e1</td></tr>
<tr>
<td title='testcases.IntegrationTest.ValidateClickTestingOfUnifiedSetupPage()'><b>ValidateClickTestingOfUnifiedSetupPage</b><br>Test class: testcases.IntegrationTest</td>
<td></td>
<td>44</td>
<td>testcases.IntegrationTest@4c583ecf</td></tr>
<tr>
<td title='testcases.TimeTrackingTest.ValidateClickTestingOfFlagTrackEntryPage()'><b>ValidateClickTestingOfFlagTrackEntryPage</b><br>Test class: testcases.TimeTrackingTest</td>
<td></td>
<td>40</td>
<td>testcases.TimeTrackingTest@128d2484</td></tr>
<tr>
<td title='testcases.VendorTest.ValidateClickTestingOfVendorListingPage()'><b>ValidateClickTestingOfVendorListingPage</b><br>Test class: testcases.VendorTest</td>
<td></td>
<td>54</td>
<td>testcases.VendorTest@34a3d150</td></tr>
<tr>
<td title='testcases.IntegrationTest.ValidateClickTestingOfTrelloPage()'><b>ValidateClickTestingOfTrelloPage</b><br>Test class: testcases.IntegrationTest</td>
<td></td>
<td>47</td>
<td>testcases.IntegrationTest@4c583ecf</td></tr>
<tr>
<td title='testcases.HRManagementTest.ValidateClickTestingOfLeaveApprovalPage()'><b>ValidateClickTestingOfLeaveApprovalPage</b><br>Test class: testcases.HRManagementTest</td>
<td></td>
<td>71</td>
<td>testcases.HRManagementTest@6f1de4c7</td></tr>
<tr>
<td title='testcases.TicketingTest.ValidateClickTestingOfCannedReplyPage()'><b>ValidateClickTestingOfCannedReplyPage</b><br>Test class: testcases.TicketingTest</td>
<td></td>
<td>70</td>
<td>testcases.TicketingTest@459e9125</td></tr>
<tr>
<td title='testcases.INTEGRATIONSTest.ValidateClickTestingOfGPSTrackingPage()'><b>ValidateClickTestingOfGPSTrackingPage</b><br>Test class: testcases.INTEGRATIONSTest</td>
<td></td>
<td>34</td>
<td>testcases.INTEGRATIONSTest@2a65fe7c</td></tr>
<tr>
<td title='testcases.HumanResourcesTest.ValidateClickTestingOfTalentPoolListPage()'><b>ValidateClickTestingOfTalentPoolListPage</b><br>Test class: testcases.HumanResourcesTest</td>
<td></td>
<td>72</td>
<td>testcases.HumanResourcesTest@6cf0e0ba</td></tr>
<tr>
<td title='testcases.ExpenseTest.ValidateClickTestingOfAddExpensePage()'><b>ValidateClickTestingOfAddExpensePage</b><br>Test class: testcases.ExpenseTest</td>
<td></td>
<td>37</td>
<td>testcases.ExpenseTest@145f66e3</td></tr>
<tr>
<td title='testcases.IntegrationTest.ValidateClickTestingOfSalesForcePage()'><b>ValidateClickTestingOfSalesForcePage</b><br>Test class: testcases.IntegrationTest</td>
<td></td>
<td>36</td>
<td>testcases.IntegrationTest@4c583ecf</td></tr>
<tr>
<td title='testcases.AssetManagementTest.ValidateClickTestingOfProductWriteOffPage()'><b>ValidateClickTestingOfProductWriteOffPage</b><br>Test class: testcases.AssetManagementTest</td>
<td></td>
<td>51</td>
<td>testcases.AssetManagementTest@799f10e1</td></tr>
<tr>
<td title='testcases.HumanResourcesTest.ValidateClickTestingOfHRReportPage()'><b>ValidateClickTestingOfHRReportPage</b><br>Test class: testcases.HumanResourcesTest</td>
<td></td>
<td>20</td>
<td>testcases.HumanResourcesTest@6cf0e0ba</td></tr>
<tr>
<td title='testcases.GeneralTest.ValidateClickTestingOfRuleEnginePage()'><b>ValidateClickTestingOfRuleEnginePage</b><br>Test class: testcases.GeneralTest</td>
<td></td>
<td>59</td>
<td>testcases.GeneralTest@4c371370</td></tr>
<tr>
<td title='testcases.AssetManagementTest.ValidateClickTestingOfRFIDAssetListingPage()'><b>ValidateClickTestingOfRFIDAssetListingPage</b><br>Test class: testcases.AssetManagementTest</td>
<td></td>
<td>36</td>
<td>testcases.AssetManagementTest@799f10e1</td></tr>
<tr>
<td title='testcases.ExpenseTest.ValidateClickTestingOfExpenseApprovalPage()'><b>ValidateClickTestingOfExpenseApprovalPage</b><br>Test class: testcases.ExpenseTest</td>
<td></td>
<td>63</td>
<td>testcases.ExpenseTest@145f66e3</td></tr>
<tr>
<td title='testcases.TimeTrackingTest.ValidateClickTestingOfTimeSheetPage()'><b>ValidateClickTestingOfTimeSheetPage</b><br>Test class: testcases.TimeTrackingTest</td>
<td></td>
<td>38</td>
<td>testcases.TimeTrackingTest@128d2484</td></tr>
<tr>
<td title='testcases.TicketingTest.ValidateClickTestingOfResourceTypePage()'><b>ValidateClickTestingOfResourceTypePage</b><br>Test class: testcases.TicketingTest</td>
<td></td>
<td>68</td>
<td>testcases.TicketingTest@459e9125</td></tr>
<tr>
<td title='testcases.GeneralTest.ValidateClickTestingOfManageLayoutPage()'><b>ValidateClickTestingOfManageLayoutPage</b><br>Test class: testcases.GeneralTest</td>
<td></td>
<td>43</td>
<td>testcases.GeneralTest@4c371370</td></tr>
<tr>
<td title='testcases.PerformanceReviewTest.ValidateClickTestingOfPerformanceReviewPage()'><b>ValidateClickTestingOfPerformanceReviewPage</b><br>Test class: testcases.PerformanceReviewTest</td>
<td></td>
<td>23</td>
<td>testcases.PerformanceReviewTest@5c6648b0</td></tr>
<tr>
<td title='testcases.TicketingTest.ValidateClickTestingOfTicketingPage()'><b>ValidateClickTestingOfTicketingPage</b><br>Test class: testcases.TicketingTest</td>
<td></td>
<td>182</td>
<td>testcases.TicketingTest@459e9125</td></tr>
<tr>
<td title='testcases.HRManagementTest.ValidateClickTestingOfDisputeApprovalPage()'><b>ValidateClickTestingOfDisputeApprovalPage</b><br>Test class: testcases.HRManagementTest</td>
<td></td>
<td>37</td>
<td>testcases.HRManagementTest@6f1de4c7</td></tr>
<tr>
<td title='testcases.TicketingTest.ValidateClickTestingOfProductPage()'><b>ValidateClickTestingOfProductPage</b><br>Test class: testcases.TicketingTest</td>
<td></td>
<td>83</td>
<td>testcases.TicketingTest@459e9125</td></tr>
<tr>
<td title='testcases.HumanResourcesTest.ValidateClickTestingOfLeavePage()'><b>ValidateClickTestingOfLeavePage</b><br>Test class: testcases.HumanResourcesTest</td>
<td></td>
<td>86</td>
<td>testcases.HumanResourcesTest@6cf0e0ba</td></tr>
<tr>
<td title='testcases.TicketingTest.ValidateClickTestingOfTicketGroupPage()'><b>ValidateClickTestingOfTicketGroupPage</b><br>Test class: testcases.TicketingTest</td>
<td></td>
<td>88</td>
<td>testcases.TicketingTest@459e9125</td></tr>
<tr>
<td title='testcases.HiringTest.ValidateClickTestingOfTalentPoolListPage()'><b>ValidateClickTestingOfTalentPoolListPage</b><br>Test class: testcases.HiringTest</td>
<td></td>
<td>68</td>
<td>testcases.HiringTest@7cc0cdad</td></tr>
<tr>
<td title='testcases.ProjectManagementTest.ValidateClickTestingOfQuotesPage()'><b>ValidateClickTestingOfQuotesPage</b><br>Test class: testcases.ProjectManagementTest</td>
<td></td>
<td>56</td>
<td>testcases.ProjectManagementTest@368f2016</td></tr>
<tr>
<td title='testcases.IntegrationTest.ValidateClickTestingOfQuickBooksPage()'><b>ValidateClickTestingOfQuickBooksPage</b><br>Test class: testcases.IntegrationTest</td>
<td></td>
<td>44</td>
<td>testcases.IntegrationTest@4c583ecf</td></tr>
<tr>
<td title='testcases.HRManagementTest.ValidateClickTestingOfCheckInFlagListPage()'><b>ValidateClickTestingOfCheckInFlagListPage</b><br>Test class: testcases.HRManagementTest</td>
<td></td>
<td>35</td>
<td>testcases.HRManagementTest@6f1de4c7</td></tr>
<tr>
<td title='testcases.GeneralTest.ValidateClickTestingOfPassportInformationPage()'><b>ValidateClickTestingOfPassportInformationPage</b><br>Test class: testcases.GeneralTest</td>
<td></td>
<td>52</td>
<td>testcases.GeneralTest@4c371370</td></tr>
<tr>
<td title='testcases.TicketingTest.ValidateClickTestingOfMapExtentPage()'><b>ValidateClickTestingOfMapExtentPage</b><br>Test class: testcases.TicketingTest</td>
<td></td>
<td>42</td>
<td>testcases.TicketingTest@459e9125</td></tr>
<tr>
<td title='testcases.TicketingTest.ValidateClickTestingOfTransformPendingPage()'><b>ValidateClickTestingOfTransformPendingPage</b><br>Test class: testcases.TicketingTest</td>
<td></td>
<td>38</td>
<td>testcases.TicketingTest@459e9125</td></tr>
<tr>
<td title='testcases.AssetManagementTest.ValidateClickTestingOfReturnListPage()'><b>ValidateClickTestingOfReturnListPage</b><br>Test class: testcases.AssetManagementTest</td>
<td></td>
<td>36</td>
<td>testcases.AssetManagementTest@799f10e1</td></tr>
<tr>
<td title='testcases.ProjectManagementTest.ValidateClickTestingOfToDoListPage()'><b>ValidateClickTestingOfToDoListPage</b><br>Test class: testcases.ProjectManagementTest</td>
<td></td>
<td>93</td>
<td>testcases.ProjectManagementTest@368f2016</td></tr>
<tr>
<td title='testcases.TicketingTest.ValidateClickTestingOfWorkTypeListingPage()'><b>ValidateClickTestingOfWorkTypeListingPage</b><br>Test class: testcases.TicketingTest</td>
<td></td>
<td>99</td>
<td>testcases.TicketingTest@459e9125</td></tr>
<tr>
<td title='testcases.IntegrationTest.ValidateClickTestingOfConnectorPage()'><b>ValidateClickTestingOfConnectorPage</b><br>Test class: testcases.IntegrationTest</td>
<td></td>
<td>140</td>
<td>testcases.IntegrationTest@4c583ecf</td></tr>
<tr>
<td title='testcases.TimeTrackingTest.ValidateClickTestingOfProjectReportPage()'><b>ValidateClickTestingOfProjectReportPage</b><br>Test class: testcases.TimeTrackingTest</td>
<td></td>
<td>49</td>
<td>testcases.TimeTrackingTest@128d2484</td></tr>
<tr>
<td title='testcases.CommunicationTest.ValidateClickTestingOfUnifiedSetupPage()'><b>ValidateClickTestingOfUnifiedSetupPage</b><br>Test class: testcases.CommunicationTest</td>
<td></td>
<td>43</td>
<td>testcases.CommunicationTest@7c7b252e</td></tr>
<tr>
<td title='testcases.ExpenseTest.ValidateClickTestingOfExpenseReportsPage()'><b>ValidateClickTestingOfExpenseReportsPage</b><br>Test class: testcases.ExpenseTest</td>
<td></td>
<td>44</td>
<td>testcases.ExpenseTest@145f66e3</td></tr>
<tr>
<td title='testcases.AssetManagementTest.ValidateClickTestingOfProductTyperPage()'><b>ValidateClickTestingOfProductTyperPage</b><br>Test class: testcases.AssetManagementTest</td>
<td></td>
<td>64</td>
<td>testcases.AssetManagementTest@799f10e1</td></tr>
<tr>
<td title='testcases.ProjectManagementTest.ValidateClickTestingOfRequestedTimeListPage()'><b>ValidateClickTestingOfRequestedTimeListPage</b><br>Test class: testcases.ProjectManagementTest</td>
<td></td>
<td>37</td>
<td>testcases.ProjectManagementTest@368f2016</td></tr>
<tr>
<td title='testcases.AppotmentCalendarTest.ValidateClickTestingOfTokenPage()'><b>ValidateClickTestingOfTokenPage</b><br>Test class: testcases.AppotmentCalendarTest</td>
<td></td>
<td>78</td>
<td>testcases.AppotmentCalendarTest@18078bef</td></tr>
<tr>
<td title='testcases.HiringTest.ValidateClickTestingOfResignationPage()'><b>ValidateClickTestingOfResignationPage</b><br>Test class: testcases.HiringTest</td>
<td></td>
<td>55</td>
<td>testcases.HiringTest@7cc0cdad</td></tr>
<tr>
<td title='testcases.GeneralTest.ValidateClickTestingOfProvisionalRightsPage()'><b>ValidateClickTestingOfProvisionalRightsPage</b><br>Test class: testcases.GeneralTest</td>
<td></td>
<td>121</td>
<td>testcases.GeneralTest@4c371370</td></tr>
<tr>
<td title='testcases.MSPModuleTest.ValidateClickTestingOfAddPackagesPage()'><b>ValidateClickTestingOfAddPackagesPage</b><br>Test class: testcases.MSPModuleTest</td>
<td></td>
<td>37</td>
<td>testcases.MSPModuleTest@4135c3b</td></tr>
<tr>
<td title='testcases.BillingTest.ValidateClickTestingOfInvoicePage()'><b>ValidateClickTestingOfInvoicePage</b><br>Test class: testcases.BillingTest</td>
<td></td>
<td>70</td>
<td>testcases.BillingTest@689604d9</td></tr>
<tr>
<td title='testcases.CompanySetUpTest.ValidateClickTestingOfClientPage()'><b>ValidateClickTestingOfClientPage</b><br>Test class: testcases.CompanySetUpTest</td>
<td></td>
<td>67</td>
<td>testcases.CompanySetUpTest@2a4fb17b</td></tr>
<tr>
<td title='testcases.AssetManagementTest.ValidateClickTestingOfProductAssignmentPage()'><b>ValidateClickTestingOfProductAssignmentPage</b><br>Test class: testcases.AssetManagementTest</td>
<td></td>
<td>115</td>
<td>testcases.AssetManagementTest@799f10e1</td></tr>
<tr>
<td title='testcases.HRManagementTest.ValidateClickTestingOfCheckInOutDisputePage()'><b>ValidateClickTestingOfCheckInOutDisputePage</b><br>Test class: testcases.HRManagementTest</td>
<td></td>
<td>36</td>
<td>testcases.HRManagementTest@6f1de4c7</td></tr>
<tr>
<td title='testcases.IntegrationTest.ValidateClickTestingOfMicrosoftProjectPlanPage()'><b>ValidateClickTestingOfMicrosoftProjectPlanPage</b><br>Test class: testcases.IntegrationTest</td>
<td></td>
<td>52</td>
<td>testcases.IntegrationTest@4c583ecf</td></tr>
<tr>
<td title='testcases.CompanySetUpTest.ValidateClickTestingOfSearchVendorsPage()'><b>ValidateClickTestingOfSearchVendorsPage</b><br>Test class: testcases.CompanySetUpTest</td>
<td></td>
<td>69</td>
<td>testcases.CompanySetUpTest@2a4fb17b</td></tr>
<tr>
<td title='testcases.HRManagementTest.ValidateClickTestingOfPolicyPage()'><b>ValidateClickTestingOfPolicyPage</b><br>Test class: testcases.HRManagementTest</td>
<td></td>
<td>65</td>
<td>testcases.HRManagementTest@6f1de4c7</td></tr>
<tr>
<td title='testcases.TicketingTest.ValidateClickTestingOfKnowledgeBasePage()'><b>ValidateClickTestingOfKnowledgeBasePage</b><br>Test class: testcases.TicketingTest</td>
<td></td>
<td>92</td>
<td>testcases.TicketingTest@459e9125</td></tr>
<tr>
<td title='testcases.AppotmentCalendarTest.ValidateClickTestingOfCounterPage()'><b>ValidateClickTestingOfCounterPage</b><br>Test class: testcases.AppotmentCalendarTest</td>
<td></td>
<td>56</td>
<td>testcases.AppotmentCalendarTest@18078bef</td></tr>
<tr>
<td title='testcases.BillingTest.ValidateClickTestingOfAddInvoicePage()'><b>ValidateClickTestingOfAddInvoicePage</b><br>Test class: testcases.BillingTest</td>
<td></td>
<td>44</td>
<td>testcases.BillingTest@689604d9</td></tr>
<tr>
<td title='testcases.TicketingTest.ValidateClickTestingOfUnassignedTicketPage()'><b>ValidateClickTestingOfUnassignedTicketPage</b><br>Test class: testcases.TicketingTest</td>
<td></td>
<td>193</td>
<td>testcases.TicketingTest@459e9125</td></tr>
<tr>
<td title='testcases.HRManagementTest.ValidateClickTestingOfAttendanceInOutReportPage()'><b>ValidateClickTestingOfAttendanceInOutReportPage</b><br>Test class: testcases.HRManagementTest</td>
<td></td>
<td>36</td>
<td>testcases.HRManagementTest@6f1de4c7</td></tr>
<tr>
<td title='testcases.HRManagementTest.ValidateClickTestingOfInductionDocumentListPage()'><b>ValidateClickTestingOfInductionDocumentListPage</b><br>Test class: testcases.HRManagementTest</td>
<td></td>
<td>60</td>
<td>testcases.HRManagementTest@6f1de4c7</td></tr>
<tr>
<td title='testcases.IntegrationTest.ValidateClickTestingOfGPSTrackingPage()'><b>ValidateClickTestingOfGPSTrackingPage</b><br>Test class: testcases.IntegrationTest</td>
<td></td>
<td>47</td>
<td>testcases.IntegrationTest@4c583ecf</td></tr>
<tr>
<td title='testcases.HRManagementTest.ValidateClickTestingOfOffboardEmployeeListPage()'><b>ValidateClickTestingOfOffboardEmployeeListPage</b><br>Test class: testcases.HRManagementTest</td>
<td></td>
<td>63</td>
<td>testcases.HRManagementTest@6f1de4c7</td></tr>
<tr>
<td title='testcases.IntegrationTest.ValidateClickTestingOfFreshBookPage()'><b>ValidateClickTestingOfFreshBookPage</b><br>Test class: testcases.IntegrationTest</td>
<td></td>
<td>41</td>
<td>testcases.IntegrationTest@4c583ecf</td></tr>
<tr>
<td title='testcases.HumanResourcesTest.ValidateClickTestingOfCheckInFlagListPage()'><b>ValidateClickTestingOfCheckInFlagListPage</b><br>Test class: testcases.HumanResourcesTest</td>
<td></td>
<td>38</td>
<td>testcases.HumanResourcesTest@6cf0e0ba</td></tr>
<tr>
<td title='testcases.TicketingTest.ValidateClickTestingOfTicketReportPage()'><b>ValidateClickTestingOfTicketReportPage</b><br>Test class: testcases.TicketingTest</td>
<td></td>
<td>48</td>
<td>testcases.TicketingTest@459e9125</td></tr>
<tr>
<td title='testcases.INTEGRATIONSTest.ValidateClickTestingOfTwilioPage()'><b>ValidateClickTestingOfTwilioPage</b><br>Test class: testcases.INTEGRATIONSTest</td>
<td></td>
<td>57</td>
<td>testcases.INTEGRATIONSTest@2a65fe7c</td></tr>
<tr>
<td title='testcases.HRManagementTest.ValidateClickTestingOfAttendanceApprovalPage()'><b>ValidateClickTestingOfAttendanceApprovalPage</b><br>Test class: testcases.HRManagementTest</td>
<td></td>
<td>36</td>
<td>testcases.HRManagementTest@6f1de4c7</td></tr>
<tr>
<td title='testcases.BillingTest.ValidateClickTestingOfReceivedInvoicePage()'><b>ValidateClickTestingOfReceivedInvoicePage</b><br>Test class: testcases.BillingTest</td>
<td></td>
<td>37</td>
<td>testcases.BillingTest@689604d9</td></tr>
<tr>
<td title='testcases.BillingTest.ValidateClickTestingOfBillingServicePage()'><b>ValidateClickTestingOfBillingServicePage</b><br>Test class: testcases.BillingTest</td>
<td></td>
<td>56</td>
<td>testcases.BillingTest@689604d9</td></tr>
<tr>
<td title='testcases.AssetManagementTest.ValidateClickTestingOfDashboardPage()'><b>ValidateClickTestingOfDashboardPage</b><br>Test class: testcases.AssetManagementTest</td>
<td></td>
<td>50</td>
<td>testcases.AssetManagementTest@799f10e1</td></tr>
<tr>
<td title='testcases.HumanResourcesTest.ValidateClickTestingOfManageCheckInPage()'><b>ValidateClickTestingOfManageCheckInPage</b><br>Test class: testcases.HumanResourcesTest</td>
<td></td>
<td>52</td>
<td>testcases.HumanResourcesTest@6cf0e0ba</td></tr>
<tr>
<td title='testcases.TicketingTest.ValidateClickTestingOfTicketFeedbackPage()'><b>ValidateClickTestingOfTicketFeedbackPage</b><br>Test class: testcases.TicketingTest</td>
<td></td>
<td>74</td>
<td>testcases.TicketingTest@459e9125</td></tr>
<tr>
<td title='testcases.AppotmentCalendarTest.ValidateClickTestingOfCoursePage()'><b>ValidateClickTestingOfCoursePage</b><br>Test class: testcases.AppotmentCalendarTest</td>
<td></td>
<td>40</td>
<td>testcases.AppotmentCalendarTest@18078bef</td></tr>
<tr>
<td title='testcases.TicketingTest.ValidateClickTestingOfManageMapConfigurationPage()'><b>ValidateClickTestingOfManageMapConfigurationPage</b><br>Test class: testcases.TicketingTest</td>
<td></td>
<td>56</td>
<td>testcases.TicketingTest@459e9125</td></tr>
<tr>
<td title='testcases.HumanResourcesTest.ValidateClickTestingOfInductionDocumentListPage()'><b>ValidateClickTestingOfInductionDocumentListPage</b><br>Test class: testcases.HumanResourcesTest</td>
<td></td>
<td>60</td>
<td>testcases.HumanResourcesTest@6cf0e0ba</td></tr>
<tr>
<td title='testcases.ExpenseTest.ValidateClickTestingOfExpensesPage()'><b>ValidateClickTestingOfExpensesPage</b><br>Test class: testcases.ExpenseTest</td>
<td></td>
<td>74</td>
<td>testcases.ExpenseTest@145f66e3</td></tr>
<tr>
<td title='testcases.AssetManagementTest.ValidateClickTestingOfScannedItemsPage()'><b>ValidateClickTestingOfScannedItemsPage</b><br>Test class: testcases.AssetManagementTest</td>
<td></td>
<td>49</td>
<td>testcases.AssetManagementTest@799f10e1</td></tr>
<tr>
<td title='testcases.CompanySetUpTest.ValidateClickTestingOfManageTaxPage()'><b>ValidateClickTestingOfManageTaxPage</b><br>Test class: testcases.CompanySetUpTest</td>
<td></td>
<td>145</td>
<td>testcases.CompanySetUpTest@2a4fb17b</td></tr>
<tr>
<td title='testcases.BillingTest.ValidateClickTestingOfViewHistoryPage()'><b>ValidateClickTestingOfViewHistoryPage</b><br>Test class: testcases.BillingTest</td>
<td></td>
<td>59</td>
<td>testcases.BillingTest@689604d9</td></tr>
<tr>
<td title='testcases.GeneralTest.ValidateClickTestingOfTagsPage()'><b>ValidateClickTestingOfTagsPage</b><br>Test class: testcases.GeneralTest</td>
<td></td>
<td>42</td>
<td>testcases.GeneralTest@4c371370</td></tr>
<tr>
<td title='testcases.HumanResourcesTest.ValidateClickTestingOfLeaveApprovalPage()'><b>ValidateClickTestingOfLeaveApprovalPage</b><br>Test class: testcases.HumanResourcesTest</td>
<td></td>
<td>70</td>
<td>testcases.HumanResourcesTest@6cf0e0ba</td></tr>
<tr>
<td title='testcases.ApprovalTest.ValidateClickTestingOfApprovalChainPage()'><b>ValidateClickTestingOfApprovalChainPage</b><br>Test class: testcases.ApprovalTest</td>
<td></td>
<td>51</td>
<td>testcases.ApprovalTest@31304f14</td></tr>
<tr>
<td title='testcases.EventManagementTest.ValidateClickTestingOfCalendarPage()'><b>ValidateClickTestingOfCalendarPage</b><br>Test class: testcases.EventManagementTest</td>
<td></td>
<td>29</td>
<td>testcases.EventManagementTest@3023df74</td></tr>
<tr>
<td title='testcases.ApprovalTest.ValidateClickTestingOfApprovalReportPage()'><b>ValidateClickTestingOfApprovalReportPage</b><br>Test class: testcases.ApprovalTest</td>
<td></td>
<td>33</td>
<td>testcases.ApprovalTest@31304f14</td></tr>
<tr>
<td title='testcases.ProjectManagementTest.ValidateClickTestingOfProjectRequestPage()'><b>ValidateClickTestingOfProjectRequestPage</b><br>Test class: testcases.ProjectManagementTest</td>
<td></td>
<td>64</td>
<td>testcases.ProjectManagementTest@368f2016</td></tr>
<tr>
<td title='testcases.BillingTest.ValidateClickTestingOfProcessAndReprocessChargesPage()'><b>ValidateClickTestingOfProcessAndReprocessChargesPage</b><br>Test class: testcases.BillingTest</td>
<td></td>
<td>40</td>
<td>testcases.BillingTest@689604d9</td></tr>
<tr>
<td title='testcases.GeneralTest.ValidateClickTestingOfExternalLinkPage()'><b>ValidateClickTestingOfExternalLinkPage</b><br>Test class: testcases.GeneralTest</td>
<td></td>
<td>36</td>
<td>testcases.GeneralTest@4c371370</td></tr>
<tr>
<td title='testcases.CompanySetUpTest.ValidateClickTestingOfUserPage()'><b>ValidateClickTestingOfUserPage</b><br>Test class: testcases.CompanySetUpTest</td>
<td></td>
<td>60</td>
<td>testcases.CompanySetUpTest@2a4fb17b</td></tr>
<tr>
<td title='testcases.TicketingTest.ValidateClickTestingOfFSMReportPage()'><b>ValidateClickTestingOfFSMReportPage</b><br>Test class: testcases.TicketingTest</td>
<td></td>
<td>40</td>
<td>testcases.TicketingTest@459e9125</td></tr>
<tr>
<td title='testcases.CrmTest.ValidateClickTestingOfCRMReportPage()'><b>ValidateClickTestingOfCRMReportPage</b><br>Test class: testcases.CrmTest</td>
<td></td>
<td>47</td>
<td>testcases.CrmTest@313ac989</td></tr>
<tr>
<td title='testcases.TicketingTest.ValidateClickTestingOfIncidentTypePage()'><b>ValidateClickTestingOfIncidentTypePage</b><br>Test class: testcases.TicketingTest</td>
<td></td>
<td>67</td>
<td>testcases.TicketingTest@459e9125</td></tr>
<tr>
<td title='testcases.AppotmentCalendarTest.ValidateClickTestingOfConsumerListPage()'><b>ValidateClickTestingOfConsumerListPage</b><br>Test class: testcases.AppotmentCalendarTest</td>
<td></td>
<td>48</td>
<td>testcases.AppotmentCalendarTest@18078bef</td></tr>
<tr>
<td title='testcases.BillingTest.ValidateClickTestingOfBillingSetupPage()'><b>ValidateClickTestingOfBillingSetupPage</b><br>Test class: testcases.BillingTest</td>
<td></td>
<td>57</td>
<td>testcases.BillingTest@689604d9</td></tr>
<tr>
<td title='testcases.HRManagementTest.ValidateClickTestingOfAttendanceCardReportPage()'><b>ValidateClickTestingOfAttendanceCardReportPage</b><br>Test class: testcases.HRManagementTest</td>
<td></td>
<td>35</td>
<td>testcases.HRManagementTest@6f1de4c7</td></tr>
<tr>
<td title='testcases.ExpenseTest.ValidateClickTestingOfBulkUploadExpensePage()'><b>ValidateClickTestingOfBulkUploadExpensePage</b><br>Test class: testcases.ExpenseTest</td>
<td></td>
<td>39</td>
<td>testcases.ExpenseTest@145f66e3</td></tr>
<tr>
<td title='testcases.TicketingTest.ValidateClickTestingOfServiceAppointmentPage()'><b>ValidateClickTestingOfServiceAppointmentPage</b><br>Test class: testcases.TicketingTest</td>
<td></td>
<td>135</td>
<td>testcases.TicketingTest@459e9125</td></tr>
<tr>
<td title='testcases.PerformanceReviewTest.ValidateClickTestingOfReviewPage()'><b>ValidateClickTestingOfReviewPage</b><br>Test class: testcases.PerformanceReviewTest</td>
<td></td>
<td>52</td>
<td>testcases.PerformanceReviewTest@5c6648b0</td></tr>
<tr>
<td title='testcases.TimeTrackingTest.ValidateClickTestingOfWorkDiaryPage()'><b>ValidateClickTestingOfWorkDiaryPage</b><br>Test class: testcases.TimeTrackingTest</td>
<td></td>
<td>49</td>
<td>testcases.TimeTrackingTest@128d2484</td></tr>
<tr>
<td title='testcases.CompanySetUpTest.ValidateClickTestingOfHoliDayBankPage()'><b>ValidateClickTestingOfHoliDayBankPage</b><br>Test class: testcases.CompanySetUpTest</td>
<td></td>
<td>72</td>
<td>testcases.CompanySetUpTest@2a4fb17b</td></tr>
<tr>
<td title='testcases.TimeTrackingTest.ValidateClickTestingOfTimeTrackPage()'><b>ValidateClickTestingOfTimeTrackPage</b><br>Test class: testcases.TimeTrackingTest</td>
<td></td>
<td>82</td>
<td>testcases.TimeTrackingTest@128d2484</td></tr>
<tr>
<td title='testcases.GeneralTest.ValidateClickTestingOfAddReportPage()'><b>ValidateClickTestingOfAddReportPage</b><br>Test class: testcases.GeneralTest</td>
<td></td>
<td>38</td>
<td>testcases.GeneralTest@4c371370</td></tr>
<tr>
<td title='testcases.AssetManagementTest.ValidateClickTestingOfMissingProductPage()'><b>ValidateClickTestingOfMissingProductPage</b><br>Test class: testcases.AssetManagementTest</td>
<td></td>
<td>36</td>
<td>testcases.AssetManagementTest@799f10e1</td></tr>
<tr>
<td title='testcases.DisplayScreenTest.ValidateClickTestingOfTokenPage()'><b>ValidateClickTestingOfTokenPage</b><br>Test class: testcases.DisplayScreenTest</td>
<td></td>
<td>70</td>
<td>testcases.DisplayScreenTest@6302bbb1</td></tr>
<tr>
<td title='testcases.PerformanceReviewTest.ValidateClickTestingOfPerformanceReviewReportPage()'><b>ValidateClickTestingOfPerformanceReviewReportPage</b><br>Test class: testcases.PerformanceReviewTest</td>
<td></td>
<td>49</td>
<td>testcases.PerformanceReviewTest@5c6648b0</td></tr>
<tr>
<td title='testcases.HiringTest.ValidateClickTestingOfjobPostReportPage()'><b>ValidateClickTestingOfjobPostReportPage</b><br>Test class: testcases.HiringTest</td>
<td></td>
<td>37</td>
<td>testcases.HiringTest@7cc0cdad</td></tr>
<tr>
<td title='testcases.IntegrationTest.ValidateClickTestingOfBasecampPage()'><b>ValidateClickTestingOfBasecampPage</b><br>Test class: testcases.IntegrationTest</td>
<td></td>
<td>28</td>
<td>testcases.IntegrationTest@4c583ecf</td></tr>
<tr>
<td title='testcases.TicketingTest.ValidateClickTestingOfAddticketGroupPage()'><b>ValidateClickTestingOfAddticketGroupPage</b><br>Test class: testcases.TicketingTest</td>
<td></td>
<td>51</td>
<td>testcases.TicketingTest@459e9125</td></tr>
<tr>
<td title='testcases.CompanySetUpTest.ValidateClickTestingOfManageSubscriptionPage()'><b>ValidateClickTestingOfManageSubscriptionPage</b><br>Test class: testcases.CompanySetUpTest</td>
<td></td>
<td>37</td>
<td>testcases.CompanySetUpTest@2a4fb17b</td></tr>
<tr>
<td title='testcases.CompanySetUpTest.ValidateClickTestingOfContextMenuPage()'><b>ValidateClickTestingOfContextMenuPage</b><br>Test class: testcases.CompanySetUpTest</td>
<td></td>
<td>35</td>
<td>testcases.CompanySetUpTest@2a4fb17b</td></tr>
<tr>
<td title='testcases.ProjectManagementTest.ValidateClickTestingOfResourceSchedulingPage()'><b>ValidateClickTestingOfResourceSchedulingPage</b><br>Test class: testcases.ProjectManagementTest</td>
<td></td>
<td>52</td>
<td>testcases.ProjectManagementTest@368f2016</td></tr>
<tr>
<td title='testcases.GeneralTest.ValidateClickTestingOfOrganizationChartPage()'><b>ValidateClickTestingOfOrganizationChartPage</b><br>Test class: testcases.GeneralTest</td>
<td></td>
<td>40</td>
<td>testcases.GeneralTest@4c371370</td></tr>
<tr>
<td title='testcases.TicketingTest.ValidateClickTestingOfSLAPage()'><b>ValidateClickTestingOfSLAPage</b><br>Test class: testcases.TicketingTest</td>
<td></td>
<td>85</td>
<td>testcases.TicketingTest@459e9125</td></tr>
<tr>
<td title='testcases.TicketingTest.ValidateClickTestingOfTechTrackingPage()'><b>ValidateClickTestingOfTechTrackingPage</b><br>Test class: testcases.TicketingTest</td>
<td></td>
<td>37</td>
<td>testcases.TicketingTest@459e9125</td></tr>
<tr>
<td title='testcases.CompanySetUpTest.ValidateClickTestingOfResourceApprovalPage()'><b>ValidateClickTestingOfResourceApprovalPage</b><br>Test class: testcases.CompanySetUpTest</td>
<td></td>
<td>39</td>
<td>testcases.CompanySetUpTest@2a4fb17b</td></tr>
</table><p>
<table width='100%' border='1' class='invocation-skipped'>
<tr><td colspan='4' align='center'><b>SKIPPED TESTS</b></td></tr>
<tr><td><b>Test method</b></td>
<td width="30%"><b>Exception</b></td>
<td width="10%"><b>Time (seconds)</b></td>
<td><b>Instance</b></td>
</tr>
<tr>
<td title='testcases.TrainingTest.ValidateClickTestingOfTrainingPage()'><b>ValidateClickTestingOfTrainingPage</b><br>Test class: testcases.TrainingTest</td>
<td><div><pre>org.openqa.selenium.TimeoutException: timeout: Timed out receiving message from renderer: 298.032
  (Session info: chrome=114.0.5735.198)
Build info: version: &apos;3.141.59&apos;, revision: &apos;e82be7d358&apos;, time: &apos;2018-11-14T08:17:03&apos;
System info: host: &apos;COG-WIN-MAC03&apos;, ip: &apos;192.168.0.159&apos;, os.name: &apos;Windows 10&apos;, os.arch: &apos;amd64&apos;, os.version: &apos;10.0&apos;, java.version: &apos;17.0.2&apos;
Driver info: org.openqa.selenium.chrome.ChromeDriver
Capabilities {acceptInsecureCerts: false, browserName: chrome, browserVersion: 114.0.5735.198, chrome: {chromedriverVersion: 114.0.5735.90 (386bc09e8f4f..., userDataDir: C:\Users\aanand\AppData\Loc...}, goog:chromeOptions: {debuggerAddress: localhost:53247}, javascriptEnabled: true, networkConnectionEnabled: false, pageLoadStrategy: normal, platform: WINDOWS, platformName: WINDOWS, proxy: Proxy(), setWindowRect: true, strictFileInteractability: false, timeouts: {implicit: 0, pageLoad: 300000, script: 30000}, unhandledPromptBehavior: dismiss and notify, webauthn:extension:credBlob: true, webauthn:extension:largeBlob: true, webauthn:extension:minPinLength: true, webauthn:extension:prf: true, webauthn:virtualAuthenticators: true}
Session ID: 7fdb595c8f4e7657554f52eb2eb3606e
	at org.openqa.selenium.remote.http.W3CHttpResponseCodec.createException(W3CHttpResponseCodec.java:187)
	at org.openqa.selenium.remote.http.W3CHttpResponseCodec.decode(W3CHttpResponseCodec.java:122)
	at org.openqa.selenium.remote.http.W3CHttpResponseCodec.decode(W3CHttpResponseCodec.java:49)
	at org.openqa.selenium.remote.HttpCommandExecutor.execute(HttpCommandExecutor.java:158)
	at org.openqa.selenium.remote.service.DriverCommandExecutor.execute(DriverCommandExecutor.java:83)
	at org.openqa.selenium.remote.RemoteWebDriver.execute(RemoteWebDriver.java:552)
	at org.openqa.selenium.remote.RemoteWebDriver.get(RemoteWebDriver.java:277)
	at utils.WebTestBase.setUp(WebTestBase.java:52)
	at java.base/java.util.ArrayList.forEach(ArrayList.java:1511)
... Removed 29 stack frames</pre></div><a href='#' onClick='toggleBox("stack-trace60194496", this, "Click to show all stack frames", "Click to hide stack frames")'>Click to show all stack frames</a>
<div class='stack-trace' id='stack-trace60194496'><pre>org.openqa.selenium.TimeoutException: timeout: Timed out receiving message from renderer: 298.032
  (Session info: chrome=114.0.5735.198)
Build info: version: &apos;3.141.59&apos;, revision: &apos;e82be7d358&apos;, time: &apos;2018-11-14T08:17:03&apos;
System info: host: &apos;COG-WIN-MAC03&apos;, ip: &apos;192.168.0.159&apos;, os.name: &apos;Windows 10&apos;, os.arch: &apos;amd64&apos;, os.version: &apos;10.0&apos;, java.version: &apos;17.0.2&apos;
Driver info: org.openqa.selenium.chrome.ChromeDriver
Capabilities {acceptInsecureCerts: false, browserName: chrome, browserVersion: 114.0.5735.198, chrome: {chromedriverVersion: 114.0.5735.90 (386bc09e8f4f..., userDataDir: C:\Users\aanand\AppData\Loc...}, goog:chromeOptions: {debuggerAddress: localhost:53247}, javascriptEnabled: true, networkConnectionEnabled: false, pageLoadStrategy: normal, platform: WINDOWS, platformName: WINDOWS, proxy: Proxy(), setWindowRect: true, strictFileInteractability: false, timeouts: {implicit: 0, pageLoad: 300000, script: 30000}, unhandledPromptBehavior: dismiss and notify, webauthn:extension:credBlob: true, webauthn:extension:largeBlob: true, webauthn:extension:minPinLength: true, webauthn:extension:prf: true, webauthn:virtualAuthenticators: true}
Session ID: 7fdb595c8f4e7657554f52eb2eb3606e
	at java.base/jdk.internal.reflect.NativeConstructorAccessorImpl.newInstance0(Native Method)
	at java.base/jdk.internal.reflect.NativeConstructorAccessorImpl.newInstance(NativeConstructorAccessorImpl.java:77)
	at java.base/jdk.internal.reflect.DelegatingConstructorAccessorImpl.newInstance(DelegatingConstructorAccessorImpl.java:45)
	at java.base/java.lang.reflect.Constructor.newInstanceWithCaller(Constructor.java:499)
	at java.base/java.lang.reflect.Constructor.newInstance(Constructor.java:480)
	at org.openqa.selenium.remote.http.W3CHttpResponseCodec.createException(W3CHttpResponseCodec.java:187)
	at org.openqa.selenium.remote.http.W3CHttpResponseCodec.decode(W3CHttpResponseCodec.java:122)
	at org.openqa.selenium.remote.http.W3CHttpResponseCodec.decode(W3CHttpResponseCodec.java:49)
	at org.openqa.selenium.remote.HttpCommandExecutor.execute(HttpCommandExecutor.java:158)
	at org.openqa.selenium.remote.service.DriverCommandExecutor.execute(DriverCommandExecutor.java:83)
	at org.openqa.selenium.remote.RemoteWebDriver.execute(RemoteWebDriver.java:552)
	at org.openqa.selenium.remote.RemoteWebDriver.get(RemoteWebDriver.java:277)
	at utils.WebTestBase.setUp(WebTestBase.java:52)
	at jdk.internal.reflect.GeneratedMethodAccessor8.invoke(Unknown Source)
	at java.base/jdk.internal.reflect.DelegatingMethodAccessorImpl.invoke(DelegatingMethodAccessorImpl.java:43)
	at java.base/java.lang.reflect.Method.invoke(Method.java:568)
	at org.testng.internal.MethodInvocationHelper.invokeMethod(MethodInvocationHelper.java:133)
	at org.testng.internal.MethodInvocationHelper.invokeMethodConsideringTimeout(MethodInvocationHelper.java:62)
	at org.testng.internal.ConfigInvoker.invokeConfigurationMethod(ConfigInvoker.java:385)
	at org.testng.internal.ConfigInvoker.invokeConfigurations(ConfigInvoker.java:321)
	at org.testng.internal.TestMethodWorker.invokeBeforeClassMethods(TestMethodWorker.java:176)
	at org.testng.internal.TestMethodWorker.run(TestMethodWorker.java:122)
	at java.base/java.util.ArrayList.forEach(ArrayList.java:1511)
	at org.testng.TestRunner.privateRun(TestRunner.java:794)
	at org.testng.TestRunner.run(TestRunner.java:596)
	at org.testng.SuiteRunner.runTest(SuiteRunner.java:377)
	at org.testng.SuiteRunner.runSequentially(SuiteRunner.java:371)
	at org.testng.SuiteRunner.privateRun(SuiteRunner.java:332)
	at org.testng.SuiteRunner.run(SuiteRunner.java:276)
	at org.testng.SuiteRunnerWorker.runSuite(SuiteRunnerWorker.java:53)
	at org.testng.SuiteRunnerWorker.run(SuiteRunnerWorker.java:96)
	at org.testng.TestNG.runSuitesSequentially(TestNG.java:1212)
	at org.testng.TestNG.runSuitesLocally(TestNG.java:1134)
	at org.testng.TestNG.runSuites(TestNG.java:1063)
	at org.testng.TestNG.run(TestNG.java:1031)
	at org.testng.remote.AbstractRemoteTestNG.run(AbstractRemoteTestNG.java:115)
	at org.testng.remote.RemoteTestNG.initAndRun(RemoteTestNG.java:251)
	at org.testng.remote.RemoteTestNG.main(RemoteTestNG.java:77)
</pre></div></td>
<td>0</td>
<td>testcases.TrainingTest@4d5d943d</td></tr>
<tr>
<td title='testcases.TrainingTest.ValidateClickTestingOfTrainingReportPage()'><b>ValidateClickTestingOfTrainingReportPage</b><br>Test class: testcases.TrainingTest</td>
<td><div><pre>org.openqa.selenium.TimeoutException: timeout: Timed out receiving message from renderer: 10.000
  (Session info: chrome=114.0.5735.198)
Build info: version: &apos;3.141.59&apos;, revision: &apos;e82be7d358&apos;, time: &apos;2018-11-14T08:17:03&apos;
System info: host: &apos;COG-WIN-MAC03&apos;, ip: &apos;192.168.0.159&apos;, os.name: &apos;Windows 10&apos;, os.arch: &apos;amd64&apos;, os.version: &apos;10.0&apos;, java.version: &apos;17.0.2&apos;
Driver info: org.openqa.selenium.chrome.ChromeDriver
Capabilities {acceptInsecureCerts: false, browserName: chrome, browserVersion: 114.0.5735.198, chrome: {chromedriverVersion: 114.0.5735.90 (386bc09e8f4f..., userDataDir: C:\Users\aanand\AppData\Loc...}, goog:chromeOptions: {debuggerAddress: localhost:53247}, javascriptEnabled: true, networkConnectionEnabled: false, pageLoadStrategy: normal, platform: WINDOWS, platformName: WINDOWS, proxy: Proxy(), setWindowRect: true, strictFileInteractability: false, timeouts: {implicit: 0, pageLoad: 300000, script: 30000}, unhandledPromptBehavior: dismiss and notify, webauthn:extension:credBlob: true, webauthn:extension:largeBlob: true, webauthn:extension:minPinLength: true, webauthn:extension:prf: true, webauthn:virtualAuthenticators: true}
Session ID: 7fdb595c8f4e7657554f52eb2eb3606e
	at org.openqa.selenium.remote.http.W3CHttpResponseCodec.createException(W3CHttpResponseCodec.java:187)
	at org.openqa.selenium.remote.http.W3CHttpResponseCodec.decode(W3CHttpResponseCodec.java:122)
	at org.openqa.selenium.remote.http.W3CHttpResponseCodec.decode(W3CHttpResponseCodec.java:49)
	at org.openqa.selenium.remote.HttpCommandExecutor.execute(HttpCommandExecutor.java:158)
	at org.openqa.selenium.remote.service.DriverCommandExecutor.execute(DriverCommandExecutor.java:83)
	at org.openqa.selenium.remote.RemoteWebDriver.execute(RemoteWebDriver.java:552)
	at org.openqa.selenium.remote.RemoteWebDriver.execute(RemoteWebDriver.java:609)
	at org.openqa.selenium.remote.RemoteWebDriver.getScreenshotAs(RemoteWebDriver.java:295)
	at utils.WebTestBase.reportWrapUp(WebTestBase.java:70)
	at java.base/java.util.ArrayList.forEach(ArrayList.java:1511)
... Removed 36 stack frames</pre></div><a href='#' onClick='toggleBox("stack-trace52904185", this, "Click to show all stack frames", "Click to hide stack frames")'>Click to show all stack frames</a>
<div class='stack-trace' id='stack-trace52904185'><pre>org.openqa.selenium.TimeoutException: timeout: Timed out receiving message from renderer: 10.000
  (Session info: chrome=114.0.5735.198)
Build info: version: &apos;3.141.59&apos;, revision: &apos;e82be7d358&apos;, time: &apos;2018-11-14T08:17:03&apos;
System info: host: &apos;COG-WIN-MAC03&apos;, ip: &apos;192.168.0.159&apos;, os.name: &apos;Windows 10&apos;, os.arch: &apos;amd64&apos;, os.version: &apos;10.0&apos;, java.version: &apos;17.0.2&apos;
Driver info: org.openqa.selenium.chrome.ChromeDriver
Capabilities {acceptInsecureCerts: false, browserName: chrome, browserVersion: 114.0.5735.198, chrome: {chromedriverVersion: 114.0.5735.90 (386bc09e8f4f..., userDataDir: C:\Users\aanand\AppData\Loc...}, goog:chromeOptions: {debuggerAddress: localhost:53247}, javascriptEnabled: true, networkConnectionEnabled: false, pageLoadStrategy: normal, platform: WINDOWS, platformName: WINDOWS, proxy: Proxy(), setWindowRect: true, strictFileInteractability: false, timeouts: {implicit: 0, pageLoad: 300000, script: 30000}, unhandledPromptBehavior: dismiss and notify, webauthn:extension:credBlob: true, webauthn:extension:largeBlob: true, webauthn:extension:minPinLength: true, webauthn:extension:prf: true, webauthn:virtualAuthenticators: true}
Session ID: 7fdb595c8f4e7657554f52eb2eb3606e
	at java.base/jdk.internal.reflect.NativeConstructorAccessorImpl.newInstance0(Native Method)
	at java.base/jdk.internal.reflect.NativeConstructorAccessorImpl.newInstance(NativeConstructorAccessorImpl.java:77)
	at java.base/jdk.internal.reflect.DelegatingConstructorAccessorImpl.newInstance(DelegatingConstructorAccessorImpl.java:45)
	at java.base/java.lang.reflect.Constructor.newInstanceWithCaller(Constructor.java:499)
	at java.base/java.lang.reflect.Constructor.newInstance(Constructor.java:480)
	at org.openqa.selenium.remote.http.W3CHttpResponseCodec.createException(W3CHttpResponseCodec.java:187)
	at org.openqa.selenium.remote.http.W3CHttpResponseCodec.decode(W3CHttpResponseCodec.java:122)
	at org.openqa.selenium.remote.http.W3CHttpResponseCodec.decode(W3CHttpResponseCodec.java:49)
	at org.openqa.selenium.remote.HttpCommandExecutor.execute(HttpCommandExecutor.java:158)
	at org.openqa.selenium.remote.service.DriverCommandExecutor.execute(DriverCommandExecutor.java:83)
	at org.openqa.selenium.remote.RemoteWebDriver.execute(RemoteWebDriver.java:552)
	at org.openqa.selenium.remote.RemoteWebDriver.execute(RemoteWebDriver.java:609)
	at org.openqa.selenium.remote.RemoteWebDriver.getScreenshotAs(RemoteWebDriver.java:295)
	at utils.WebTestBase.reportWrapUp(WebTestBase.java:70)
	at jdk.internal.reflect.GeneratedMethodAccessor7.invoke(Unknown Source)
	at java.base/jdk.internal.reflect.DelegatingMethodAccessorImpl.invoke(DelegatingMethodAccessorImpl.java:43)
	at java.base/java.lang.reflect.Method.invoke(Method.java:568)
	at org.testng.internal.MethodInvocationHelper.invokeMethod(MethodInvocationHelper.java:133)
	at org.testng.internal.MethodInvocationHelper.invokeMethodConsideringTimeout(MethodInvocationHelper.java:62)
	at org.testng.internal.ConfigInvoker.invokeConfigurationMethod(ConfigInvoker.java:385)
	at org.testng.internal.ConfigInvoker.invokeConfigurations(ConfigInvoker.java:321)
	at org.testng.internal.TestInvoker.runConfigMethods(TestInvoker.java:700)
	at org.testng.internal.TestInvoker.runAfterGroupsConfigurations(TestInvoker.java:676)
	at org.testng.internal.TestInvoker.invokeMethod(TestInvoker.java:546)
	at org.testng.internal.TestInvoker.invokeTestMethod(TestInvoker.java:173)
	at org.testng.internal.MethodRunner.runInSequence(MethodRunner.java:46)
	at org.testng.internal.TestInvoker$MethodInvocationAgent.invoke(TestInvoker.java:824)
	at org.testng.internal.TestInvoker.invokeTestMethods(TestInvoker.java:146)
	at org.testng.internal.TestMethodWorker.invokeTestMethods(TestMethodWorker.java:146)
	at org.testng.internal.TestMethodWorker.run(TestMethodWorker.java:128)
	at java.base/java.util.ArrayList.forEach(ArrayList.java:1511)
	at org.testng.TestRunner.privateRun(TestRunner.java:794)
	at org.testng.TestRunner.run(TestRunner.java:596)
	at org.testng.SuiteRunner.runTest(SuiteRunner.java:377)
	at org.testng.SuiteRunner.runSequentially(SuiteRunner.java:371)
	at org.testng.SuiteRunner.privateRun(SuiteRunner.java:332)
	at org.testng.SuiteRunner.run(SuiteRunner.java:276)
	at org.testng.SuiteRunnerWorker.runSuite(SuiteRunnerWorker.java:53)
	at org.testng.SuiteRunnerWorker.run(SuiteRunnerWorker.java:96)
	at org.testng.TestNG.runSuitesSequentially(TestNG.java:1212)
	at org.testng.TestNG.runSuitesLocally(TestNG.java:1134)
	at org.testng.TestNG.runSuites(TestNG.java:1063)
	at org.testng.TestNG.run(TestNG.java:1031)
	at org.testng.remote.AbstractRemoteTestNG.run(AbstractRemoteTestNG.java:115)
	at org.testng.remote.RemoteTestNG.initAndRun(RemoteTestNG.java:251)
	at org.testng.remote.RemoteTestNG.main(RemoteTestNG.java:77)
</pre></div></td>
<td>0</td>
<td>testcases.TrainingTest@4d5d943d</td></tr>
</table><p>
</body>
</html>