<?xml version="1.0" encoding="UTF-8"?>
<!-- Generated by org.testng.reporters.JUnitXMLReporter -->
<testsuite ignored="23" hostname="COG-WIN-MAC03" failures="26" tests="224" name="Test" time="13804.457" errors="0" timestamp="2023-06-29T05:36:19 IST">
  <testcase classname="utils.WebTestBase" name="@BeforeClass setUp" time="301.192">
    <failure type="org.openqa.selenium.TimeoutException" message="timeout: Timed out receiving message from renderer: 298.032
  (Session info: chrome=114.0.5735.198)
Build info: version: &amp;apos;3.141.59&amp;apos;, revision: &amp;apos;e82be7d358&amp;apos;, time: &amp;apos;2018-11-14T08:17:03&amp;apos;
System info: host: &amp;apos;COG-WIN-MAC03&amp;apos;, ip: &amp;apos;192.168.0.159&amp;apos;, os.name: &amp;apos;Windows 10&amp;apos;, os.arch: &amp;apos;amd64&amp;apos;, os.version: &amp;apos;10.0&amp;apos;, java.version: &amp;apos;17.0.2&amp;apos;
Driver info: org.openqa.selenium.chrome.ChromeDriver
Capabilities {acceptInsecureCerts: false, browserName: chrome, browserVersion: 114.0.5735.198, chrome: {chromedriverVersion: 114.0.5735.90 (386bc09e8f4f..., userDataDir: C:\Users\aanand\AppData\Loc...}, goog:chromeOptions: {debuggerAddress: localhost:53247}, javascriptEnabled: true, networkConnectionEnabled: false, pageLoadStrategy: normal, platform: WINDOWS, platformName: WINDOWS, proxy: Proxy(), setWindowRect: true, strictFileInteractability: false, timeouts: {implicit: 0, pageLoad: 300000, script: 30000}, unhandledPromptBehavior: dismiss and notify, webauthn:extension:credBlob: true, webauthn:extension:largeBlob: true, webauthn:extension:minPinLength: true, webauthn:extension:prf: true, webauthn:virtualAuthenticators: true}
Session ID: 7fdb595c8f4e7657554f52eb2eb3606e">
      <![CDATA[org.openqa.selenium.TimeoutException: timeout: Timed out receiving message from renderer: 298.032
  (Session info: chrome=114.0.5735.198)
Build info: version: '3.141.59', revision: 'e82be7d358', time: '2018-11-14T08:17:03'
System info: host: 'COG-WIN-MAC03', ip: '192.168.0.159', os.name: 'Windows 10', os.arch: 'amd64', os.version: '10.0', java.version: '17.0.2'
Driver info: org.openqa.selenium.chrome.ChromeDriver
Capabilities {acceptInsecureCerts: false, browserName: chrome, browserVersion: 114.0.5735.198, chrome: {chromedriverVersion: 114.0.5735.90 (386bc09e8f4f..., userDataDir: C:\Users\aanand\AppData\Loc...}, goog:chromeOptions: {debuggerAddress: localhost:53247}, javascriptEnabled: true, networkConnectionEnabled: false, pageLoadStrategy: normal, platform: WINDOWS, platformName: WINDOWS, proxy: Proxy(), setWindowRect: true, strictFileInteractability: false, timeouts: {implicit: 0, pageLoad: 300000, script: 30000}, unhandledPromptBehavior: dismiss and notify, webauthn:extension:credBlob: true, webauthn:extension:largeBlob: true, webauthn:extension:minPinLength: true, webauthn:extension:prf: true, webauthn:virtualAuthenticators: true}
Session ID: 7fdb595c8f4e7657554f52eb2eb3606e
at org.openqa.selenium.remote.http.W3CHttpResponseCodec.createException(W3CHttpResponseCodec.java:187)
at org.openqa.selenium.remote.http.W3CHttpResponseCodec.decode(W3CHttpResponseCodec.java:122)
at org.openqa.selenium.remote.http.W3CHttpResponseCodec.decode(W3CHttpResponseCodec.java:49)
at org.openqa.selenium.remote.HttpCommandExecutor.execute(HttpCommandExecutor.java:158)
at org.openqa.selenium.remote.service.DriverCommandExecutor.execute(DriverCommandExecutor.java:83)
at org.openqa.selenium.remote.RemoteWebDriver.execute(RemoteWebDriver.java:552)
at org.openqa.selenium.remote.RemoteWebDriver.get(RemoteWebDriver.java:277)
at utils.WebTestBase.setUp(WebTestBase.java:52)
at java.base/java.util.ArrayList.forEach(ArrayList.java:1511)
... Removed 29 stack frames]]>
    </failure>
  </testcase> <!-- @BeforeClass setUp -->
  <testcase classname="utils.WebTestBase" name="@BeforeMethod beforeMethod" time="-1.687995755709E9">
    <skipped/>
  </testcase> <!-- @BeforeMethod beforeMethod -->
  <testcase classname="utils.WebTestBase" name="@AfterMethod reportWrapUp" time="60.067">
    <failure type="org.openqa.selenium.TimeoutException" message="timeout: Timed out receiving message from renderer: 10.000
  (Session info: chrome=114.0.5735.198)
Build info: version: &amp;apos;3.141.59&amp;apos;, revision: &amp;apos;e82be7d358&amp;apos;, time: &amp;apos;2018-11-14T08:17:03&amp;apos;
System info: host: &amp;apos;COG-WIN-MAC03&amp;apos;, ip: &amp;apos;192.168.0.159&amp;apos;, os.name: &amp;apos;Windows 10&amp;apos;, os.arch: &amp;apos;amd64&amp;apos;, os.version: &amp;apos;10.0&amp;apos;, java.version: &amp;apos;17.0.2&amp;apos;
Driver info: org.openqa.selenium.chrome.ChromeDriver
Capabilities {acceptInsecureCerts: false, browserName: chrome, browserVersion: 114.0.5735.198, chrome: {chromedriverVersion: 114.0.5735.90 (386bc09e8f4f..., userDataDir: C:\Users\aanand\AppData\Loc...}, goog:chromeOptions: {debuggerAddress: localhost:53247}, javascriptEnabled: true, networkConnectionEnabled: false, pageLoadStrategy: normal, platform: WINDOWS, platformName: WINDOWS, proxy: Proxy(), setWindowRect: true, strictFileInteractability: false, timeouts: {implicit: 0, pageLoad: 300000, script: 30000}, unhandledPromptBehavior: dismiss and notify, webauthn:extension:credBlob: true, webauthn:extension:largeBlob: true, webauthn:extension:minPinLength: true, webauthn:extension:prf: true, webauthn:virtualAuthenticators: true}
Session ID: 7fdb595c8f4e7657554f52eb2eb3606e">
      <![CDATA[org.openqa.selenium.TimeoutException: timeout: Timed out receiving message from renderer: 10.000
  (Session info: chrome=114.0.5735.198)
Build info: version: '3.141.59', revision: 'e82be7d358', time: '2018-11-14T08:17:03'
System info: host: 'COG-WIN-MAC03', ip: '192.168.0.159', os.name: 'Windows 10', os.arch: 'amd64', os.version: '10.0', java.version: '17.0.2'
Driver info: org.openqa.selenium.chrome.ChromeDriver
Capabilities {acceptInsecureCerts: false, browserName: chrome, browserVersion: 114.0.5735.198, chrome: {chromedriverVersion: 114.0.5735.90 (386bc09e8f4f..., userDataDir: C:\Users\aanand\AppData\Loc...}, goog:chromeOptions: {debuggerAddress: localhost:53247}, javascriptEnabled: true, networkConnectionEnabled: false, pageLoadStrategy: normal, platform: WINDOWS, platformName: WINDOWS, proxy: Proxy(), setWindowRect: true, strictFileInteractability: false, timeouts: {implicit: 0, pageLoad: 300000, script: 30000}, unhandledPromptBehavior: dismiss and notify, webauthn:extension:credBlob: true, webauthn:extension:largeBlob: true, webauthn:extension:minPinLength: true, webauthn:extension:prf: true, webauthn:virtualAuthenticators: true}
Session ID: 7fdb595c8f4e7657554f52eb2eb3606e
at org.openqa.selenium.remote.http.W3CHttpResponseCodec.createException(W3CHttpResponseCodec.java:187)
at org.openqa.selenium.remote.http.W3CHttpResponseCodec.decode(W3CHttpResponseCodec.java:122)
at org.openqa.selenium.remote.http.W3CHttpResponseCodec.decode(W3CHttpResponseCodec.java:49)
at org.openqa.selenium.remote.HttpCommandExecutor.execute(HttpCommandExecutor.java:158)
at org.openqa.selenium.remote.service.DriverCommandExecutor.execute(DriverCommandExecutor.java:83)
at org.openqa.selenium.remote.RemoteWebDriver.execute(RemoteWebDriver.java:552)
at org.openqa.selenium.remote.RemoteWebDriver.execute(RemoteWebDriver.java:609)
at org.openqa.selenium.remote.RemoteWebDriver.getScreenshotAs(RemoteWebDriver.java:295)
at utils.WebTestBase.reportWrapUp(WebTestBase.java:70)
at java.base/java.util.ArrayList.forEach(ArrayList.java:1511)
... Removed 36 stack frames]]>
    </failure>
  </testcase> <!-- @AfterMethod reportWrapUp -->
  <testcase classname="utils.WebTestBase" name="@BeforeMethod beforeMethod" time="-1.687995815784E9">
    <skipped/>
  </testcase> <!-- @BeforeMethod beforeMethod -->
  <testcase classname="utils.WebTestBase" name="@AfterMethod reportWrapUp" time="60.055">
    <failure type="org.openqa.selenium.TimeoutException" message="timeout: Timed out receiving message from renderer: 10.000
  (Session info: chrome=114.0.5735.198)
Build info: version: &amp;apos;3.141.59&amp;apos;, revision: &amp;apos;e82be7d358&amp;apos;, time: &amp;apos;2018-11-14T08:17:03&amp;apos;
System info: host: &amp;apos;COG-WIN-MAC03&amp;apos;, ip: &amp;apos;192.168.0.159&amp;apos;, os.name: &amp;apos;Windows 10&amp;apos;, os.arch: &amp;apos;amd64&amp;apos;, os.version: &amp;apos;10.0&amp;apos;, java.version: &amp;apos;17.0.2&amp;apos;
Driver info: org.openqa.selenium.chrome.ChromeDriver
Capabilities {acceptInsecureCerts: false, browserName: chrome, browserVersion: 114.0.5735.198, chrome: {chromedriverVersion: 114.0.5735.90 (386bc09e8f4f..., userDataDir: C:\Users\aanand\AppData\Loc...}, goog:chromeOptions: {debuggerAddress: localhost:53247}, javascriptEnabled: true, networkConnectionEnabled: false, pageLoadStrategy: normal, platform: WINDOWS, platformName: WINDOWS, proxy: Proxy(), setWindowRect: true, strictFileInteractability: false, timeouts: {implicit: 0, pageLoad: 300000, script: 30000}, unhandledPromptBehavior: dismiss and notify, webauthn:extension:credBlob: true, webauthn:extension:largeBlob: true, webauthn:extension:minPinLength: true, webauthn:extension:prf: true, webauthn:virtualAuthenticators: true}
Session ID: 7fdb595c8f4e7657554f52eb2eb3606e">
      <![CDATA[org.openqa.selenium.TimeoutException: timeout: Timed out receiving message from renderer: 10.000
  (Session info: chrome=114.0.5735.198)
Build info: version: '3.141.59', revision: 'e82be7d358', time: '2018-11-14T08:17:03'
System info: host: 'COG-WIN-MAC03', ip: '192.168.0.159', os.name: 'Windows 10', os.arch: 'amd64', os.version: '10.0', java.version: '17.0.2'
Driver info: org.openqa.selenium.chrome.ChromeDriver
Capabilities {acceptInsecureCerts: false, browserName: chrome, browserVersion: 114.0.5735.198, chrome: {chromedriverVersion: 114.0.5735.90 (386bc09e8f4f..., userDataDir: C:\Users\aanand\AppData\Loc...}, goog:chromeOptions: {debuggerAddress: localhost:53247}, javascriptEnabled: true, networkConnectionEnabled: false, pageLoadStrategy: normal, platform: WINDOWS, platformName: WINDOWS, proxy: Proxy(), setWindowRect: true, strictFileInteractability: false, timeouts: {implicit: 0, pageLoad: 300000, script: 30000}, unhandledPromptBehavior: dismiss and notify, webauthn:extension:credBlob: true, webauthn:extension:largeBlob: true, webauthn:extension:minPinLength: true, webauthn:extension:prf: true, webauthn:virtualAuthenticators: true}
Session ID: 7fdb595c8f4e7657554f52eb2eb3606e
at org.openqa.selenium.remote.http.W3CHttpResponseCodec.createException(W3CHttpResponseCodec.java:187)
at org.openqa.selenium.remote.http.W3CHttpResponseCodec.decode(W3CHttpResponseCodec.java:122)
at org.openqa.selenium.remote.http.W3CHttpResponseCodec.decode(W3CHttpResponseCodec.java:49)
at org.openqa.selenium.remote.HttpCommandExecutor.execute(HttpCommandExecutor.java:158)
at org.openqa.selenium.remote.service.DriverCommandExecutor.execute(DriverCommandExecutor.java:83)
at org.openqa.selenium.remote.RemoteWebDriver.execute(RemoteWebDriver.java:552)
at org.openqa.selenium.remote.RemoteWebDriver.execute(RemoteWebDriver.java:609)
at org.openqa.selenium.remote.RemoteWebDriver.getScreenshotAs(RemoteWebDriver.java:295)
at utils.WebTestBase.reportWrapUp(WebTestBase.java:70)
at java.base/java.util.ArrayList.forEach(ArrayList.java:1511)
... Removed 36 stack frames]]>
    </failure>
  </testcase> <!-- @AfterMethod reportWrapUp -->
  <testcase classname="testcases.HumanResourcesTest" name="ValidateClickTestingOfAttendancePage" time="22.293"/>
  <testcase classname="testcases.HumanResourcesTest" name="ValidateClickTestingOfAttendanceApprovalPage" time="39.849"/>
  <testcase classname="testcases.HumanResourcesTest" name="ValidateClickTestingOfCandidateListPage" time="91.828"/>
  <testcase classname="testcases.HumanResourcesTest" name="ValidateClickTestingOfCheckInFlagListPage" time="38.535"/>
  <testcase classname="testcases.HumanResourcesTest" name="ValidateClickTestingOfGroupListPage" time="61.854">
    <failure type="java.lang.AssertionError" message="java.lang.NullPointerException: Cannot invoke &amp;quot;org.openqa.selenium.WebElement.clear()&amp;quot; because &amp;quot;element&amp;quot; is null">
      <![CDATA[java.lang.AssertionError: java.lang.NullPointerException: Cannot invoke "org.openqa.selenium.WebElement.clear()" because "element" is null
at utils.WebBasePage.enter(WebBasePage.java:81)
at pageobjects.UserLoginPage.enterUserName(UserLoginPage.java:35)
at pageobjects.UserLoginPage.forcefulLogOutLogin(UserLoginPage.java:80)
at action.LoginAction.logoutLogin(LoginAction.java:25)
at testcases.HumanResourcesTest.ValidateClickTestingOfGroupListPage(HumanResourcesTest.java:90)
at java.base/java.util.ArrayList.forEach(ArrayList.java:1511)
... Removed 28 stack frames]]>
    </failure>
  </testcase> <!-- ValidateClickTestingOfGroupListPage -->
  <testcase classname="testcases.HumanResourcesTest" name="ValidateClickTestingOfHRReportPage" time="20.486"/>
  <testcase classname="testcases.HumanResourcesTest" name="ValidateClickTestingOfInductionDocumentListPage" time="60.456"/>
  <testcase classname="testcases.HumanResourcesTest" name="ValidateClickTestingOfLeavePage" time="86.975"/>
  <testcase classname="testcases.HumanResourcesTest" name="ValidateClickTestingOfLeaveApprovalPage" time="70.261"/>
  <testcase classname="testcases.HumanResourcesTest" name="ValidateClickTestingOfLeaveTypeListingPage" time="64.171"/>
  <testcase classname="testcases.HumanResourcesTest" name="ValidateClickTestingOfManageCheckInPage" time="52.216"/>
  <testcase classname="testcases.HumanResourcesTest" name="ValidateClickTestingOfTalentPoolListPage" time="72.803"/>
  <testcase classname="testcases.BillingTest" name="ValidateClickTestingOfAutomateFlagProcessingPage" time="41.408"/>
  <testcase classname="testcases.BillingTest" name="ValidateClickTestingOfBillingRulePage" time="116.124"/>
  <testcase classname="testcases.BillingTest" name="ValidateClickTestingOfBillingServicePage" time="56.803"/>
  <testcase classname="testcases.BillingTest" name="ValidateClickTestingOfBillingSetupPage" time="57.732"/>
  <testcase classname="testcases.BillingTest" name="ValidateClickTestingOfFlagRecordsPage" time="66.538"/>
  <testcase classname="testcases.BillingTest" name="ValidateClickTestingOfClientReportPage" time="51.898"/>
  <testcase classname="testcases.BillingTest" name="ValidateClickTestingOfAddInvoicePage" time="44.349"/>
  <testcase classname="testcases.BillingTest" name="ValidateClickTestingOfImportInvoicePage" time="49.309"/>
  <testcase classname="testcases.BillingTest" name="ValidateClickTestingOfInvoicePage" time="70.939"/>
  <testcase classname="testcases.BillingTest" name="ValidateClickTestingOfInvoiceReportPage" time="49.152"/>
  <testcase classname="testcases.BillingTest" name="ValidateClickTestingOfProcessAndReprocessChargesPage" time="40.195"/>
  <testcase classname="testcases.BillingTest" name="ValidateClickTestingOfViewHistoryPage" time="59.677"/>
  <testcase classname="testcases.BillingTest" name="ValidateClickTestingOfReceivedInvoicePage" time="37.056"/>
  <testcase classname="testcases.AppotmentCalendarTest" name="ValidateClickTestingOfManageExternalLinkPage" time="43.942"/>
  <testcase classname="testcases.AppotmentCalendarTest" name="ValidateClickTestingOfAppoitmentReportPage" time="49.51"/>
  <testcase classname="testcases.AppotmentCalendarTest" name="ValidateClickTestingOfConsumerListPage" time="48.024"/>
  <testcase classname="testcases.AppotmentCalendarTest" name="ValidateClickTestingOfCounterPage" time="56.898"/>
  <testcase classname="testcases.AppotmentCalendarTest" name="ValidateClickTestingOfCoursePage" time="40.878"/>
  <testcase classname="testcases.AppotmentCalendarTest" name="ValidateClickTestingOfScheduleAppointmentPage" time="36.344"/>
  <testcase classname="testcases.AppotmentCalendarTest" name="ValidateClickTestingOfAppoitmentServicePage" time="66.979"/>
  <testcase classname="testcases.AppotmentCalendarTest" name="ValidateClickTestingOfTokenPage" time="78.087"/>
  <testcase classname="testcases.AssetManagementTest" name="ValidateClickTestingOfGroupListPage" time="62.7">
    <failure type="java.lang.AssertionError" message="Save Button -  element not present">
      <![CDATA[java.lang.AssertionError: Save Button -  element not present
at utils.WebBasePage.click(WebBasePage.java:126)
at pageobjects.AssetManagementPage.clickOnSaveButton(AssetManagementPage.java:56)
at action.AssetManagementAstion.GoToGroupListPage(AssetManagementAstion.java:31)
at testcases.AssetManagementTest.ValidateClickTestingOfGroupListPage(AssetManagementTest.java:27)
at java.base/java.util.ArrayList.forEach(ArrayList.java:1511)
... Removed 28 stack frames]]>
    </failure>
  </testcase> <!-- ValidateClickTestingOfGroupListPage -->
  <testcase classname="testcases.AssetManagementTest" name="ValidateClickTestingOfReturnListPage" time="36.192"/>
  <testcase classname="testcases.AssetManagementTest" name="ValidateClickTestingOfMissingProductPage" time="36.569"/>
  <testcase classname="testcases.AssetManagementTest" name="ValidateClickTestingOfProductsScanSummaryPage" time="36.125"/>
  <testcase classname="testcases.AssetManagementTest" name="ValidateClickTestingOfRFIDAssetListingPage" time="36.888"/>
  <testcase classname="testcases.AssetManagementTest" name="ValidateClickTestingOfScannedItemsPage" time="49.558"/>
  <testcase classname="testcases.AssetManagementTest" name="ValidateClickTestingOfScannedItemsStatusPage" time="35.099"/>
  <testcase classname="testcases.AssetManagementTest" name="ValidateClickTestingOfManageProductPage" time="169.603"/>
  <testcase classname="testcases.AssetManagementTest" name="ValidateClickTestingOfProductWriteOffPage" time="51.296"/>
  <testcase classname="testcases.AssetManagementTest" name="ValidateClickTestingOfMyProductPage" time="276.594"/>
  <testcase classname="testcases.AssetManagementTest" name="ValidateClickTestingOfProductReportPage" time="44.619"/>
  <testcase classname="testcases.AssetManagementTest" name="ValidateClickTestingOfProductAssignmentPage" time="115.353"/>
  <testcase classname="testcases.AssetManagementTest" name="ValidateClickTestingOfProductContainerPage" time="115.379"/>
  <testcase classname="testcases.AssetManagementTest" name="ValidateClickTestingOfProductTyperPage" time="64.459"/>
  <testcase classname="testcases.AssetManagementTest" name="ValidateClickTestingOfDashboardPage" time="50.118"/>
  <testcase classname="testcases.GeneralTest" name="ValidateClickTestingOfAddReportPage" time="38.436"/>
  <testcase classname="testcases.GeneralTest" name="ValidateClickTestingOfAutoResponderPage" time="55.12"/>
  <testcase classname="testcases.GeneralTest" name="ValidateClickTestingOfCustomFieldsPage" time="58.537"/>
  <testcase classname="testcases.GeneralTest" name="ValidateClickTestingOfCustomReportsPage" time="58.993"/>
  <testcase classname="testcases.GeneralTest" name="ValidateClickTestingOfExternalLinkPage" time="36.024"/>
  <testcase classname="testcases.GeneralTest" name="ValidateClickTestingOfPassportInformationPage" time="52.656"/>
  <testcase classname="testcases.GeneralTest" name="ValidateClickTestingOfManageLayoutPage" time="43.081"/>
  <testcase classname="testcases.GeneralTest" name="ValidateClickTestingOfOrganizationChartPage" time="40.353"/>
  <testcase classname="testcases.GeneralTest" name="ValidateClickTestingOfProvisionalRightsPage" time="121.911"/>
  <testcase classname="testcases.GeneralTest" name="ValidateClickTestingOfRuleEnginePage" time="59.589"/>
  <testcase classname="testcases.GeneralTest" name="ValidateClickTestingOfStoragePage" time="38.679"/>
  <testcase classname="testcases.GeneralTest" name="ValidateClickTestingOfTagsPage" time="42.851"/>
  <testcase classname="testcases.GeneralTest" name="ValidateClickTestingOfWorkingDayPage" time="53.226"/>
  <testcase classname="testcases.GeneralTest" name="ValidateClickTestingOfWorkingWeekPage" time="46.103"/>
  <testcase classname="testcases.ExpenseTest" name="ValidateClickTestingOfAddExpensePage" time="37.405"/>
  <testcase classname="testcases.ExpenseTest" name="ValidateClickTestingOfBulkUploadExpensePage" time="39.71"/>
  <testcase classname="testcases.ExpenseTest" name="ValidateClickTestingOfExpenseApprovalPage" time="63.414"/>
  <testcase classname="testcases.ExpenseTest" name="ValidateClickTestingOfExpenseReportsPage" time="44.745"/>
  <testcase classname="testcases.ExpenseTest" name="ValidateClickTestingOfExpensesPage" time="74.156"/>
  <testcase classname="testcases.ExpenseTest" name="ValidateClickTestingOfProjectPage" time="81.726"/>
  <testcase classname="testcases.ExpenseTest" name="ValidateClickTestingOfExpenseDashBoardPage" time="55.554"/>
  <testcase classname="testcases.EventManagementTest" name="ValidateClickTestingOfCalendarPage" time="29.546"/>
  <testcase classname="testcases.EventManagementTest" name="ValidateClickTestingOfGoogleCalendarPage" time="54.29"/>
  <testcase classname="testcases.EventManagementTest" name="ValidateClickTestingOfEventManagementPage" time="78.364"/>
  <testcase classname="testcases.EventManagementTest" name="ValidateClickTestingOfManageVenuePage" time="44.01"/>
  <testcase classname="testcases.EventManagementTest" name="ValidateClickTestingOfUserAvailabilityPage" time="53.323"/>
  <testcase classname="testcases.EventManagementTest" name="ValidateClickTestingOfDashBoardPage" time="52.05"/>
  <testcase classname="testcases.CrmTest" name="ValidateClickTestingOfAccountsPage" time="66.52">
    <failure type="java.lang.AssertionError" message="org.openqa.selenium.JavascriptException: javascript error: Cannot read properties of null (reading &amp;apos;click&amp;apos;)
  (Session info: chrome=114.0.5735.198)
Build info: version: &amp;apos;3.141.59&amp;apos;, revision: &amp;apos;e82be7d358&amp;apos;, time: &amp;apos;2018-11-14T08:17:03&amp;apos;
System info: host: &amp;apos;COG-WIN-MAC03&amp;apos;, ip: &amp;apos;192.168.0.159&amp;apos;, os.name: &amp;apos;Windows 10&amp;apos;, os.arch: &amp;apos;amd64&amp;apos;, os.version: &amp;apos;10.0&amp;apos;, java.version: &amp;apos;17.0.2&amp;apos;
Driver info: org.openqa.selenium.chrome.ChromeDriver
Capabilities {acceptInsecureCerts: false, browserName: chrome, browserVersion: 114.0.5735.198, chrome: {chromedriverVersion: 114.0.5735.90 (386bc09e8f4f..., userDataDir: C:\Users\aanand\AppData\Loc...}, goog:chromeOptions: {debuggerAddress: localhost:51026}, javascriptEnabled: true, networkConnectionEnabled: false, pageLoadStrategy: normal, platform: WINDOWS, platformName: WINDOWS, proxy: Proxy(), setWindowRect: true, strictFileInteractability: false, timeouts: {implicit: 0, pageLoad: 300000, script: 30000}, unhandledPromptBehavior: dismiss and notify, webauthn:extension:credBlob: true, webauthn:extension:largeBlob: true, webauthn:extension:minPinLength: true, webauthn:extension:prf: true, webauthn:virtualAuthenticators: true}
Session ID: f00f577d3d86929b5703b8de27f8e382">
      <![CDATA[java.lang.AssertionError: org.openqa.selenium.JavascriptException: javascript error: Cannot read properties of null (reading 'click')
  (Session info: chrome=114.0.5735.198)
Build info: version: '3.141.59', revision: 'e82be7d358', time: '2018-11-14T08:17:03'
System info: host: 'COG-WIN-MAC03', ip: '192.168.0.159', os.name: 'Windows 10', os.arch: 'amd64', os.version: '10.0', java.version: '17.0.2'
Driver info: org.openqa.selenium.chrome.ChromeDriver
Capabilities {acceptInsecureCerts: false, browserName: chrome, browserVersion: 114.0.5735.198, chrome: {chromedriverVersion: 114.0.5735.90 (386bc09e8f4f..., userDataDir: C:\Users\aanand\AppData\Loc...}, goog:chromeOptions: {debuggerAddress: localhost:51026}, javascriptEnabled: true, networkConnectionEnabled: false, pageLoadStrategy: normal, platform: WINDOWS, platformName: WINDOWS, proxy: Proxy(), setWindowRect: true, strictFileInteractability: false, timeouts: {implicit: 0, pageLoad: 300000, script: 30000}, unhandledPromptBehavior: dismiss and notify, webauthn:extension:credBlob: true, webauthn:extension:largeBlob: true, webauthn:extension:minPinLength: true, webauthn:extension:prf: true, webauthn:virtualAuthenticators: true}
Session ID: f00f577d3d86929b5703b8de27f8e382
at utils.WebBasePage.clickByJavascript(WebBasePage.java:274)
at pageobjects.CrmPage.clickOnPageTourGuide(CrmPage.java:52)
at action.CrmAction.GoToAccountsPage(CrmAction.java:30)
at testcases.CrmTest.ValidateClickTestingOfAccountsPage(CrmTest.java:28)
at java.base/java.util.ArrayList.forEach(ArrayList.java:1511)
... Removed 28 stack frames]]>
    </failure>
  </testcase> <!-- ValidateClickTestingOfAccountsPage -->
  <testcase classname="testcases.CrmTest" name="ValidateClickTestingOfBrandPage" time="33.294">
    <failure type="java.lang.AssertionError" message="java.lang.NullPointerException: Cannot invoke &amp;quot;org.openqa.selenium.WebElement.clear()&amp;quot; because &amp;quot;element&amp;quot; is null">
      <![CDATA[java.lang.AssertionError: java.lang.NullPointerException: Cannot invoke "org.openqa.selenium.WebElement.clear()" because "element" is null
at utils.WebBasePage.enter(WebBasePage.java:81)
at pageobjects.UserLoginPage.enterUserName(UserLoginPage.java:35)
at pageobjects.UserLoginPage.forcefulLogOutLogin(UserLoginPage.java:80)
at action.LoginAction.logoutLogin(LoginAction.java:25)
at testcases.CrmTest.ValidateClickTestingOfBrandPage(CrmTest.java:39)
at java.base/java.util.ArrayList.forEach(ArrayList.java:1511)
... Removed 28 stack frames]]>
    </failure>
  </testcase> <!-- ValidateClickTestingOfBrandPage -->
  <testcase classname="testcases.CrmTest" name="ValidateClickTestingOfCampaignPage" time="22.828">
    <failure type="java.lang.AssertionError" message="org.openqa.selenium.JavascriptException: javascript error: Cannot read properties of null (reading &amp;apos;click&amp;apos;)
  (Session info: chrome=114.0.5735.198)
Build info: version: &amp;apos;3.141.59&amp;apos;, revision: &amp;apos;e82be7d358&amp;apos;, time: &amp;apos;2018-11-14T08:17:03&amp;apos;
System info: host: &amp;apos;COG-WIN-MAC03&amp;apos;, ip: &amp;apos;192.168.0.159&amp;apos;, os.name: &amp;apos;Windows 10&amp;apos;, os.arch: &amp;apos;amd64&amp;apos;, os.version: &amp;apos;10.0&amp;apos;, java.version: &amp;apos;17.0.2&amp;apos;
Driver info: org.openqa.selenium.chrome.ChromeDriver
Capabilities {acceptInsecureCerts: false, browserName: chrome, browserVersion: 114.0.5735.198, chrome: {chromedriverVersion: 114.0.5735.90 (386bc09e8f4f..., userDataDir: C:\Users\aanand\AppData\Loc...}, goog:chromeOptions: {debuggerAddress: localhost:51026}, javascriptEnabled: true, networkConnectionEnabled: false, pageLoadStrategy: normal, platform: WINDOWS, platformName: WINDOWS, proxy: Proxy(), setWindowRect: true, strictFileInteractability: false, timeouts: {implicit: 0, pageLoad: 300000, script: 30000}, unhandledPromptBehavior: dismiss and notify, webauthn:extension:credBlob: true, webauthn:extension:largeBlob: true, webauthn:extension:minPinLength: true, webauthn:extension:prf: true, webauthn:virtualAuthenticators: true}
Session ID: f00f577d3d86929b5703b8de27f8e382">
      <![CDATA[java.lang.AssertionError: org.openqa.selenium.JavascriptException: javascript error: Cannot read properties of null (reading 'click')
  (Session info: chrome=114.0.5735.198)
Build info: version: '3.141.59', revision: 'e82be7d358', time: '2018-11-14T08:17:03'
System info: host: 'COG-WIN-MAC03', ip: '192.168.0.159', os.name: 'Windows 10', os.arch: 'amd64', os.version: '10.0', java.version: '17.0.2'
Driver info: org.openqa.selenium.chrome.ChromeDriver
Capabilities {acceptInsecureCerts: false, browserName: chrome, browserVersion: 114.0.5735.198, chrome: {chromedriverVersion: 114.0.5735.90 (386bc09e8f4f..., userDataDir: C:\Users\aanand\AppData\Loc...}, goog:chromeOptions: {debuggerAddress: localhost:51026}, javascriptEnabled: true, networkConnectionEnabled: false, pageLoadStrategy: normal, platform: WINDOWS, platformName: WINDOWS, proxy: Proxy(), setWindowRect: true, strictFileInteractability: false, timeouts: {implicit: 0, pageLoad: 300000, script: 30000}, unhandledPromptBehavior: dismiss and notify, webauthn:extension:credBlob: true, webauthn:extension:largeBlob: true, webauthn:extension:minPinLength: true, webauthn:extension:prf: true, webauthn:virtualAuthenticators: true}
Session ID: f00f577d3d86929b5703b8de27f8e382
at utils.WebBasePage.clickByJavascript(WebBasePage.java:274)
at pageobjects.UserLoginPage.forcefulLogOutLogin(UserLoginPage.java:78)
at action.LoginAction.logoutLogin(LoginAction.java:25)
at testcases.CrmTest.ValidateClickTestingOfCampaignPage(CrmTest.java:52)
at java.base/java.util.ArrayList.forEach(ArrayList.java:1511)
... Removed 28 stack frames]]>
    </failure>
  </testcase> <!-- ValidateClickTestingOfCampaignPage -->
  <testcase classname="testcases.CrmTest" name="ValidateClickTestingOfCommunicationPage" time="69.849"/>
  <testcase classname="testcases.CrmTest" name="ValidateClickTestingOfContactsPage" time="75.442">
    <failure type="java.lang.AssertionError" message="org.openqa.selenium.JavascriptException: javascript error: Cannot read properties of null (reading &amp;apos;click&amp;apos;)
  (Session info: chrome=114.0.5735.198)
Build info: version: &amp;apos;3.141.59&amp;apos;, revision: &amp;apos;e82be7d358&amp;apos;, time: &amp;apos;2018-11-14T08:17:03&amp;apos;
System info: host: &amp;apos;COG-WIN-MAC03&amp;apos;, ip: &amp;apos;192.168.0.159&amp;apos;, os.name: &amp;apos;Windows 10&amp;apos;, os.arch: &amp;apos;amd64&amp;apos;, os.version: &amp;apos;10.0&amp;apos;, java.version: &amp;apos;17.0.2&amp;apos;
Driver info: org.openqa.selenium.chrome.ChromeDriver
Capabilities {acceptInsecureCerts: false, browserName: chrome, browserVersion: 114.0.5735.198, chrome: {chromedriverVersion: 114.0.5735.90 (386bc09e8f4f..., userDataDir: C:\Users\aanand\AppData\Loc...}, goog:chromeOptions: {debuggerAddress: localhost:51026}, javascriptEnabled: true, networkConnectionEnabled: false, pageLoadStrategy: normal, platform: WINDOWS, platformName: WINDOWS, proxy: Proxy(), setWindowRect: true, strictFileInteractability: false, timeouts: {implicit: 0, pageLoad: 300000, script: 30000}, unhandledPromptBehavior: dismiss and notify, webauthn:extension:credBlob: true, webauthn:extension:largeBlob: true, webauthn:extension:minPinLength: true, webauthn:extension:prf: true, webauthn:virtualAuthenticators: true}
Session ID: f00f577d3d86929b5703b8de27f8e382">
      <![CDATA[java.lang.AssertionError: org.openqa.selenium.JavascriptException: javascript error: Cannot read properties of null (reading 'click')
  (Session info: chrome=114.0.5735.198)
Build info: version: '3.141.59', revision: 'e82be7d358', time: '2018-11-14T08:17:03'
System info: host: 'COG-WIN-MAC03', ip: '192.168.0.159', os.name: 'Windows 10', os.arch: 'amd64', os.version: '10.0', java.version: '17.0.2'
Driver info: org.openqa.selenium.chrome.ChromeDriver
Capabilities {acceptInsecureCerts: false, browserName: chrome, browserVersion: 114.0.5735.198, chrome: {chromedriverVersion: 114.0.5735.90 (386bc09e8f4f..., userDataDir: C:\Users\aanand\AppData\Loc...}, goog:chromeOptions: {debuggerAddress: localhost:51026}, javascriptEnabled: true, networkConnectionEnabled: false, pageLoadStrategy: normal, platform: WINDOWS, platformName: WINDOWS, proxy: Proxy(), setWindowRect: true, strictFileInteractability: false, timeouts: {implicit: 0, pageLoad: 300000, script: 30000}, unhandledPromptBehavior: dismiss and notify, webauthn:extension:credBlob: true, webauthn:extension:largeBlob: true, webauthn:extension:minPinLength: true, webauthn:extension:prf: true, webauthn:virtualAuthenticators: true}
Session ID: f00f577d3d86929b5703b8de27f8e382
at utils.WebBasePage.clickByJavascript(WebBasePage.java:274)
at pageobjects.CrmPage.clickOnPageTourGuideForBrand(CrmPage.java:122)
at action.CrmAction.GoToContactPage(CrmAction.java:77)
at testcases.CrmTest.ValidateClickTestingOfContactsPage(CrmTest.java:80)
at java.base/java.util.ArrayList.forEach(ArrayList.java:1511)
... Removed 28 stack frames]]>
    </failure>
  </testcase> <!-- ValidateClickTestingOfContactsPage -->
  <testcase classname="testcases.CrmTest" name="ValidateClickTestingOfContractsPage" time="36.536">
    <failure type="java.lang.AssertionError" message="java.lang.NullPointerException: Cannot invoke &amp;quot;org.openqa.selenium.WebElement.clear()&amp;quot; because &amp;quot;element&amp;quot; is null">
      <![CDATA[java.lang.AssertionError: java.lang.NullPointerException: Cannot invoke "org.openqa.selenium.WebElement.clear()" because "element" is null
at utils.WebBasePage.enter(WebBasePage.java:81)
at pageobjects.UserLoginPage.enterUserName(UserLoginPage.java:35)
at pageobjects.UserLoginPage.forcefulLogOutLogin(UserLoginPage.java:80)
at action.LoginAction.logoutLogin(LoginAction.java:25)
at testcases.CrmTest.ValidateClickTestingOfContractsPage(CrmTest.java:91)
at java.base/java.util.ArrayList.forEach(ArrayList.java:1511)
... Removed 28 stack frames]]>
    </failure>
  </testcase> <!-- ValidateClickTestingOfContractsPage -->
  <testcase classname="testcases.CrmTest" name="ValidateClickTestingOfCRMReportPage" time="47.053"/>
  <testcase classname="testcases.CrmTest" name="ValidateClickTestingOfDEalsPage" time="74.929">
    <failure type="java.lang.AssertionError" message="org.openqa.selenium.JavascriptException: javascript error: Cannot read properties of null (reading &amp;apos;click&amp;apos;)
  (Session info: chrome=114.0.5735.198)
Build info: version: &amp;apos;3.141.59&amp;apos;, revision: &amp;apos;e82be7d358&amp;apos;, time: &amp;apos;2018-11-14T08:17:03&amp;apos;
System info: host: &amp;apos;COG-WIN-MAC03&amp;apos;, ip: &amp;apos;192.168.0.159&amp;apos;, os.name: &amp;apos;Windows 10&amp;apos;, os.arch: &amp;apos;amd64&amp;apos;, os.version: &amp;apos;10.0&amp;apos;, java.version: &amp;apos;17.0.2&amp;apos;
Driver info: org.openqa.selenium.chrome.ChromeDriver
Capabilities {acceptInsecureCerts: false, browserName: chrome, browserVersion: 114.0.5735.198, chrome: {chromedriverVersion: 114.0.5735.90 (386bc09e8f4f..., userDataDir: C:\Users\aanand\AppData\Loc...}, goog:chromeOptions: {debuggerAddress: localhost:51026}, javascriptEnabled: true, networkConnectionEnabled: false, pageLoadStrategy: normal, platform: WINDOWS, platformName: WINDOWS, proxy: Proxy(), setWindowRect: true, strictFileInteractability: false, timeouts: {implicit: 0, pageLoad: 300000, script: 30000}, unhandledPromptBehavior: dismiss and notify, webauthn:extension:credBlob: true, webauthn:extension:largeBlob: true, webauthn:extension:minPinLength: true, webauthn:extension:prf: true, webauthn:virtualAuthenticators: true}
Session ID: f00f577d3d86929b5703b8de27f8e382">
      <![CDATA[java.lang.AssertionError: org.openqa.selenium.JavascriptException: javascript error: Cannot read properties of null (reading 'click')
  (Session info: chrome=114.0.5735.198)
Build info: version: '3.141.59', revision: 'e82be7d358', time: '2018-11-14T08:17:03'
System info: host: 'COG-WIN-MAC03', ip: '192.168.0.159', os.name: 'Windows 10', os.arch: 'amd64', os.version: '10.0', java.version: '17.0.2'
Driver info: org.openqa.selenium.chrome.ChromeDriver
Capabilities {acceptInsecureCerts: false, browserName: chrome, browserVersion: 114.0.5735.198, chrome: {chromedriverVersion: 114.0.5735.90 (386bc09e8f4f..., userDataDir: C:\Users\aanand\AppData\Loc...}, goog:chromeOptions: {debuggerAddress: localhost:51026}, javascriptEnabled: true, networkConnectionEnabled: false, pageLoadStrategy: normal, platform: WINDOWS, platformName: WINDOWS, proxy: Proxy(), setWindowRect: true, strictFileInteractability: false, timeouts: {implicit: 0, pageLoad: 300000, script: 30000}, unhandledPromptBehavior: dismiss and notify, webauthn:extension:credBlob: true, webauthn:extension:largeBlob: true, webauthn:extension:minPinLength: true, webauthn:extension:prf: true, webauthn:virtualAuthenticators: true}
Session ID: f00f577d3d86929b5703b8de27f8e382
at utils.WebBasePage.clickByJavascript(WebBasePage.java:274)
at pageobjects.CrmPage.clickOnPageTourGuideForBrand(CrmPage.java:122)
at action.CrmAction.GoToDealsPage(CrmAction.java:106)
at testcases.CrmTest.ValidateClickTestingOfDEalsPage(CrmTest.java:119)
at java.base/java.util.ArrayList.forEach(ArrayList.java:1511)
... Removed 28 stack frames]]>
    </failure>
  </testcase> <!-- ValidateClickTestingOfDEalsPage -->
  <testcase classname="testcases.CrmTest" name="ValidateClickTestingOfgoodsInwardPage" time="33.389">
    <failure type="java.lang.AssertionError" message="java.lang.NullPointerException: Cannot invoke &amp;quot;org.openqa.selenium.WebElement.clear()&amp;quot; because &amp;quot;element&amp;quot; is null">
      <![CDATA[java.lang.AssertionError: java.lang.NullPointerException: Cannot invoke "org.openqa.selenium.WebElement.clear()" because "element" is null
at utils.WebBasePage.enter(WebBasePage.java:81)
at pageobjects.UserLoginPage.enterUserName(UserLoginPage.java:35)
at pageobjects.UserLoginPage.forcefulLogOutLogin(UserLoginPage.java:80)
at action.LoginAction.logoutLogin(LoginAction.java:25)
at testcases.CrmTest.ValidateClickTestingOfgoodsInwardPage(CrmTest.java:130)
at java.base/java.util.ArrayList.forEach(ArrayList.java:1511)
... Removed 28 stack frames]]>
    </failure>
  </testcase> <!-- ValidateClickTestingOfgoodsInwardPage -->
  <testcase classname="testcases.CrmTest" name="ValidateClickTestingOfInvoicePage" time="83.346">
    <failure type="java.lang.AssertionError" message="Filter -  element not present">
      <![CDATA[java.lang.AssertionError: Filter -  element not present
at utils.WebBasePage.click(WebBasePage.java:126)
at pageobjects.CrmPage.clickOnFilter(CrmPage.java:208)
at action.CrmAction.GoToInvoicePage(CrmAction.java:128)
at testcases.CrmTest.ValidateClickTestingOfInvoicePage(CrmTest.java:145)
at java.base/java.util.ArrayList.forEach(ArrayList.java:1511)
... Removed 28 stack frames]]>
    </failure>
  </testcase> <!-- ValidateClickTestingOfInvoicePage -->
  <testcase classname="testcases.CrmTest" name="ValidateClickTestingOfProductTypePage" time="32.879">
    <failure type="java.lang.AssertionError" message="java.lang.NullPointerException: Cannot invoke &amp;quot;org.openqa.selenium.WebElement.clear()&amp;quot; because &amp;quot;element&amp;quot; is null">
      <![CDATA[java.lang.AssertionError: java.lang.NullPointerException: Cannot invoke "org.openqa.selenium.WebElement.clear()" because "element" is null
at utils.WebBasePage.enter(WebBasePage.java:81)
at pageobjects.UserLoginPage.enterUserName(UserLoginPage.java:35)
at pageobjects.UserLoginPage.forcefulLogOutLogin(UserLoginPage.java:80)
at action.LoginAction.logoutLogin(LoginAction.java:25)
at testcases.CrmTest.ValidateClickTestingOfProductTypePage(CrmTest.java:156)
at java.base/java.util.ArrayList.forEach(ArrayList.java:1511)
... Removed 28 stack frames]]>
    </failure>
  </testcase> <!-- ValidateClickTestingOfProductTypePage -->
  <testcase classname="testcases.CrmTest" name="ValidateClickTestingOfLeadPage" time="82.338">
    <failure type="java.lang.AssertionError" message="org.openqa.selenium.JavascriptException: javascript error: Cannot read properties of null (reading &amp;apos;click&amp;apos;)
  (Session info: chrome=114.0.5735.198)
Build info: version: &amp;apos;3.141.59&amp;apos;, revision: &amp;apos;e82be7d358&amp;apos;, time: &amp;apos;2018-11-14T08:17:03&amp;apos;
System info: host: &amp;apos;COG-WIN-MAC03&amp;apos;, ip: &amp;apos;192.168.0.159&amp;apos;, os.name: &amp;apos;Windows 10&amp;apos;, os.arch: &amp;apos;amd64&amp;apos;, os.version: &amp;apos;10.0&amp;apos;, java.version: &amp;apos;17.0.2&amp;apos;
Driver info: org.openqa.selenium.chrome.ChromeDriver
Capabilities {acceptInsecureCerts: false, browserName: chrome, browserVersion: 114.0.5735.198, chrome: {chromedriverVersion: 114.0.5735.90 (386bc09e8f4f..., userDataDir: C:\Users\aanand\AppData\Loc...}, goog:chromeOptions: {debuggerAddress: localhost:51026}, javascriptEnabled: true, networkConnectionEnabled: false, pageLoadStrategy: normal, platform: WINDOWS, platformName: WINDOWS, proxy: Proxy(), setWindowRect: true, strictFileInteractability: false, timeouts: {implicit: 0, pageLoad: 300000, script: 30000}, unhandledPromptBehavior: dismiss and notify, webauthn:extension:credBlob: true, webauthn:extension:largeBlob: true, webauthn:extension:minPinLength: true, webauthn:extension:prf: true, webauthn:virtualAuthenticators: true}
Session ID: f00f577d3d86929b5703b8de27f8e382">
      <![CDATA[java.lang.AssertionError: org.openqa.selenium.JavascriptException: javascript error: Cannot read properties of null (reading 'click')
  (Session info: chrome=114.0.5735.198)
Build info: version: '3.141.59', revision: 'e82be7d358', time: '2018-11-14T08:17:03'
System info: host: 'COG-WIN-MAC03', ip: '192.168.0.159', os.name: 'Windows 10', os.arch: 'amd64', os.version: '10.0', java.version: '17.0.2'
Driver info: org.openqa.selenium.chrome.ChromeDriver
Capabilities {acceptInsecureCerts: false, browserName: chrome, browserVersion: 114.0.5735.198, chrome: {chromedriverVersion: 114.0.5735.90 (386bc09e8f4f..., userDataDir: C:\Users\aanand\AppData\Loc...}, goog:chromeOptions: {debuggerAddress: localhost:51026}, javascriptEnabled: true, networkConnectionEnabled: false, pageLoadStrategy: normal, platform: WINDOWS, platformName: WINDOWS, proxy: Proxy(), setWindowRect: true, strictFileInteractability: false, timeouts: {implicit: 0, pageLoad: 300000, script: 30000}, unhandledPromptBehavior: dismiss and notify, webauthn:extension:credBlob: true, webauthn:extension:largeBlob: true, webauthn:extension:minPinLength: true, webauthn:extension:prf: true, webauthn:virtualAuthenticators: true}
Session ID: f00f577d3d86929b5703b8de27f8e382
at utils.WebBasePage.clickByJavascript(WebBasePage.java:274)
at pageobjects.CrmPage.clickOnPageTourGuideForBrand(CrmPage.java:122)
at action.CrmAction.GoToLeadPage(CrmAction.java:152)
at testcases.CrmTest.ValidateClickTestingOfLeadPage(CrmTest.java:171)
at java.base/java.util.ArrayList.forEach(ArrayList.java:1511)
... Removed 28 stack frames]]>
    </failure>
  </testcase> <!-- ValidateClickTestingOfLeadPage -->
  <testcase classname="testcases.CrmTest" name="ValidateClickTestingOfManageProductPage" time="32.61">
    <failure type="java.lang.AssertionError" message="java.lang.NullPointerException: Cannot invoke &amp;quot;org.openqa.selenium.WebElement.clear()&amp;quot; because &amp;quot;element&amp;quot; is null">
      <![CDATA[java.lang.AssertionError: java.lang.NullPointerException: Cannot invoke "org.openqa.selenium.WebElement.clear()" because "element" is null
at utils.WebBasePage.enter(WebBasePage.java:81)
at pageobjects.UserLoginPage.enterUserName(UserLoginPage.java:35)
at pageobjects.UserLoginPage.forcefulLogOutLogin(UserLoginPage.java:80)
at action.LoginAction.logoutLogin(LoginAction.java:25)
at testcases.CrmTest.ValidateClickTestingOfManageProductPage(CrmTest.java:182)
at java.base/java.util.ArrayList.forEach(ArrayList.java:1511)
... Removed 28 stack frames]]>
    </failure>
  </testcase> <!-- ValidateClickTestingOfManageProductPage -->
  <testcase classname="testcases.CrmTest" name="ValidateClickTestingOfPriceBookPage" time="80.984">
    <failure type="java.lang.AssertionError" message="org.openqa.selenium.JavascriptException: javascript error: Cannot read properties of null (reading &amp;apos;click&amp;apos;)
  (Session info: chrome=114.0.5735.198)
Build info: version: &amp;apos;3.141.59&amp;apos;, revision: &amp;apos;e82be7d358&amp;apos;, time: &amp;apos;2018-11-14T08:17:03&amp;apos;
System info: host: &amp;apos;COG-WIN-MAC03&amp;apos;, ip: &amp;apos;192.168.0.159&amp;apos;, os.name: &amp;apos;Windows 10&amp;apos;, os.arch: &amp;apos;amd64&amp;apos;, os.version: &amp;apos;10.0&amp;apos;, java.version: &amp;apos;17.0.2&amp;apos;
Driver info: org.openqa.selenium.chrome.ChromeDriver
Capabilities {acceptInsecureCerts: false, browserName: chrome, browserVersion: 114.0.5735.198, chrome: {chromedriverVersion: 114.0.5735.90 (386bc09e8f4f..., userDataDir: C:\Users\aanand\AppData\Loc...}, goog:chromeOptions: {debuggerAddress: localhost:51026}, javascriptEnabled: true, networkConnectionEnabled: false, pageLoadStrategy: normal, platform: WINDOWS, platformName: WINDOWS, proxy: Proxy(), setWindowRect: true, strictFileInteractability: false, timeouts: {implicit: 0, pageLoad: 300000, script: 30000}, unhandledPromptBehavior: dismiss and notify, webauthn:extension:credBlob: true, webauthn:extension:largeBlob: true, webauthn:extension:minPinLength: true, webauthn:extension:prf: true, webauthn:virtualAuthenticators: true}
Session ID: f00f577d3d86929b5703b8de27f8e382">
      <![CDATA[java.lang.AssertionError: org.openqa.selenium.JavascriptException: javascript error: Cannot read properties of null (reading 'click')
  (Session info: chrome=114.0.5735.198)
Build info: version: '3.141.59', revision: 'e82be7d358', time: '2018-11-14T08:17:03'
System info: host: 'COG-WIN-MAC03', ip: '192.168.0.159', os.name: 'Windows 10', os.arch: 'amd64', os.version: '10.0', java.version: '17.0.2'
Driver info: org.openqa.selenium.chrome.ChromeDriver
Capabilities {acceptInsecureCerts: false, browserName: chrome, browserVersion: 114.0.5735.198, chrome: {chromedriverVersion: 114.0.5735.90 (386bc09e8f4f..., userDataDir: C:\Users\aanand\AppData\Loc...}, goog:chromeOptions: {debuggerAddress: localhost:51026}, javascriptEnabled: true, networkConnectionEnabled: false, pageLoadStrategy: normal, platform: WINDOWS, platformName: WINDOWS, proxy: Proxy(), setWindowRect: true, strictFileInteractability: false, timeouts: {implicit: 0, pageLoad: 300000, script: 30000}, unhandledPromptBehavior: dismiss and notify, webauthn:extension:credBlob: true, webauthn:extension:largeBlob: true, webauthn:extension:minPinLength: true, webauthn:extension:prf: true, webauthn:virtualAuthenticators: true}
Session ID: f00f577d3d86929b5703b8de27f8e382
at utils.WebBasePage.clickByJavascript(WebBasePage.java:274)
at pageobjects.CrmPage.clickOnPageTourGuideForBrand(CrmPage.java:122)
at action.CrmAction.GoToPriceBookPage(CrmAction.java:191)
at testcases.CrmTest.ValidateClickTestingOfPriceBookPage(CrmTest.java:197)
at java.base/java.util.ArrayList.forEach(ArrayList.java:1511)
... Removed 28 stack frames]]>
    </failure>
  </testcase> <!-- ValidateClickTestingOfPriceBookPage -->
  <testcase classname="testcases.CrmTest" name="ValidateClickTestingOfProductPage" time="32.492">
    <failure type="java.lang.AssertionError" message="java.lang.NullPointerException: Cannot invoke &amp;quot;org.openqa.selenium.WebElement.clear()&amp;quot; because &amp;quot;element&amp;quot; is null">
      <![CDATA[java.lang.AssertionError: java.lang.NullPointerException: Cannot invoke "org.openqa.selenium.WebElement.clear()" because "element" is null
at utils.WebBasePage.enter(WebBasePage.java:81)
at pageobjects.UserLoginPage.enterUserName(UserLoginPage.java:35)
at pageobjects.UserLoginPage.forcefulLogOutLogin(UserLoginPage.java:80)
at action.LoginAction.logoutLogin(LoginAction.java:25)
at testcases.CrmTest.ValidateClickTestingOfProductPage(CrmTest.java:208)
at java.base/java.util.ArrayList.forEach(ArrayList.java:1511)
... Removed 28 stack frames]]>
    </failure>
  </testcase> <!-- ValidateClickTestingOfProductPage -->
  <testcase classname="testcases.CrmTest" name="ValidateClickTestingOfPurchaseOrderPage" time="82.971">
    <failure type="java.lang.AssertionError" message="org.openqa.selenium.JavascriptException: javascript error: Cannot read properties of null (reading &amp;apos;click&amp;apos;)
  (Session info: chrome=114.0.5735.198)
Build info: version: &amp;apos;3.141.59&amp;apos;, revision: &amp;apos;e82be7d358&amp;apos;, time: &amp;apos;2018-11-14T08:17:03&amp;apos;
System info: host: &amp;apos;COG-WIN-MAC03&amp;apos;, ip: &amp;apos;192.168.0.159&amp;apos;, os.name: &amp;apos;Windows 10&amp;apos;, os.arch: &amp;apos;amd64&amp;apos;, os.version: &amp;apos;10.0&amp;apos;, java.version: &amp;apos;17.0.2&amp;apos;
Driver info: org.openqa.selenium.chrome.ChromeDriver
Capabilities {acceptInsecureCerts: false, browserName: chrome, browserVersion: 114.0.5735.198, chrome: {chromedriverVersion: 114.0.5735.90 (386bc09e8f4f..., userDataDir: C:\Users\aanand\AppData\Loc...}, goog:chromeOptions: {debuggerAddress: localhost:51026}, javascriptEnabled: true, networkConnectionEnabled: false, pageLoadStrategy: normal, platform: WINDOWS, platformName: WINDOWS, proxy: Proxy(), setWindowRect: true, strictFileInteractability: false, timeouts: {implicit: 0, pageLoad: 300000, script: 30000}, unhandledPromptBehavior: dismiss and notify, webauthn:extension:credBlob: true, webauthn:extension:largeBlob: true, webauthn:extension:minPinLength: true, webauthn:extension:prf: true, webauthn:virtualAuthenticators: true}
Session ID: f00f577d3d86929b5703b8de27f8e382">
      <![CDATA[java.lang.AssertionError: org.openqa.selenium.JavascriptException: javascript error: Cannot read properties of null (reading 'click')
  (Session info: chrome=114.0.5735.198)
Build info: version: '3.141.59', revision: 'e82be7d358', time: '2018-11-14T08:17:03'
System info: host: 'COG-WIN-MAC03', ip: '192.168.0.159', os.name: 'Windows 10', os.arch: 'amd64', os.version: '10.0', java.version: '17.0.2'
Driver info: org.openqa.selenium.chrome.ChromeDriver
Capabilities {acceptInsecureCerts: false, browserName: chrome, browserVersion: 114.0.5735.198, chrome: {chromedriverVersion: 114.0.5735.90 (386bc09e8f4f..., userDataDir: C:\Users\aanand\AppData\Loc...}, goog:chromeOptions: {debuggerAddress: localhost:51026}, javascriptEnabled: true, networkConnectionEnabled: false, pageLoadStrategy: normal, platform: WINDOWS, platformName: WINDOWS, proxy: Proxy(), setWindowRect: true, strictFileInteractability: false, timeouts: {implicit: 0, pageLoad: 300000, script: 30000}, unhandledPromptBehavior: dismiss and notify, webauthn:extension:credBlob: true, webauthn:extension:largeBlob: true, webauthn:extension:minPinLength: true, webauthn:extension:prf: true, webauthn:virtualAuthenticators: true}
Session ID: f00f577d3d86929b5703b8de27f8e382
at utils.WebBasePage.clickByJavascript(WebBasePage.java:274)
at pageobjects.CrmPage.clickOnPageTourGuideForBrand(CrmPage.java:122)
at action.CrmAction.GoToPurchaseOrderPage(CrmAction.java:217)
at testcases.CrmTest.ValidateClickTestingOfPurchaseOrderPage(CrmTest.java:223)
at java.base/java.util.ArrayList.forEach(ArrayList.java:1511)
... Removed 28 stack frames]]>
    </failure>
  </testcase> <!-- ValidateClickTestingOfPurchaseOrderPage -->
  <testcase classname="testcases.CrmTest" name="ValidateClickTestingOfQuotePage" time="33.348">
    <failure type="java.lang.AssertionError" message="java.lang.NullPointerException: Cannot invoke &amp;quot;org.openqa.selenium.WebElement.clear()&amp;quot; because &amp;quot;element&amp;quot; is null">
      <![CDATA[java.lang.AssertionError: java.lang.NullPointerException: Cannot invoke "org.openqa.selenium.WebElement.clear()" because "element" is null
at utils.WebBasePage.enter(WebBasePage.java:81)
at pageobjects.UserLoginPage.enterUserName(UserLoginPage.java:35)
at pageobjects.UserLoginPage.forcefulLogOutLogin(UserLoginPage.java:80)
at action.LoginAction.logoutLogin(LoginAction.java:25)
at testcases.CrmTest.ValidateClickTestingOfQuotePage(CrmTest.java:234)
at java.base/java.util.ArrayList.forEach(ArrayList.java:1511)
... Removed 28 stack frames]]>
    </failure>
  </testcase> <!-- ValidateClickTestingOfQuotePage -->
  <testcase classname="testcases.CrmTest" name="ValidateClickTestingOfSalesOrderPage" time="81.755">
    <failure type="java.lang.AssertionError" message="org.openqa.selenium.JavascriptException: javascript error: Cannot read properties of null (reading &amp;apos;click&amp;apos;)
  (Session info: chrome=114.0.5735.198)
Build info: version: &amp;apos;3.141.59&amp;apos;, revision: &amp;apos;e82be7d358&amp;apos;, time: &amp;apos;2018-11-14T08:17:03&amp;apos;
System info: host: &amp;apos;COG-WIN-MAC03&amp;apos;, ip: &amp;apos;192.168.0.159&amp;apos;, os.name: &amp;apos;Windows 10&amp;apos;, os.arch: &amp;apos;amd64&amp;apos;, os.version: &amp;apos;10.0&amp;apos;, java.version: &amp;apos;17.0.2&amp;apos;
Driver info: org.openqa.selenium.chrome.ChromeDriver
Capabilities {acceptInsecureCerts: false, browserName: chrome, browserVersion: 114.0.5735.198, chrome: {chromedriverVersion: 114.0.5735.90 (386bc09e8f4f..., userDataDir: C:\Users\aanand\AppData\Loc...}, goog:chromeOptions: {debuggerAddress: localhost:51026}, javascriptEnabled: true, networkConnectionEnabled: false, pageLoadStrategy: normal, platform: WINDOWS, platformName: WINDOWS, proxy: Proxy(), setWindowRect: true, strictFileInteractability: false, timeouts: {implicit: 0, pageLoad: 300000, script: 30000}, unhandledPromptBehavior: dismiss and notify, webauthn:extension:credBlob: true, webauthn:extension:largeBlob: true, webauthn:extension:minPinLength: true, webauthn:extension:prf: true, webauthn:virtualAuthenticators: true}
Session ID: f00f577d3d86929b5703b8de27f8e382">
      <![CDATA[java.lang.AssertionError: org.openqa.selenium.JavascriptException: javascript error: Cannot read properties of null (reading 'click')
  (Session info: chrome=114.0.5735.198)
Build info: version: '3.141.59', revision: 'e82be7d358', time: '2018-11-14T08:17:03'
System info: host: 'COG-WIN-MAC03', ip: '192.168.0.159', os.name: 'Windows 10', os.arch: 'amd64', os.version: '10.0', java.version: '17.0.2'
Driver info: org.openqa.selenium.chrome.ChromeDriver
Capabilities {acceptInsecureCerts: false, browserName: chrome, browserVersion: 114.0.5735.198, chrome: {chromedriverVersion: 114.0.5735.90 (386bc09e8f4f..., userDataDir: C:\Users\aanand\AppData\Loc...}, goog:chromeOptions: {debuggerAddress: localhost:51026}, javascriptEnabled: true, networkConnectionEnabled: false, pageLoadStrategy: normal, platform: WINDOWS, platformName: WINDOWS, proxy: Proxy(), setWindowRect: true, strictFileInteractability: false, timeouts: {implicit: 0, pageLoad: 300000, script: 30000}, unhandledPromptBehavior: dismiss and notify, webauthn:extension:credBlob: true, webauthn:extension:largeBlob: true, webauthn:extension:minPinLength: true, webauthn:extension:prf: true, webauthn:virtualAuthenticators: true}
Session ID: f00f577d3d86929b5703b8de27f8e382
at utils.WebBasePage.clickByJavascript(WebBasePage.java:274)
at pageobjects.CrmPage.clickOnPageTourGuideForBrand(CrmPage.java:122)
at action.CrmAction.GoToSalesOrderPage(CrmAction.java:245)
at testcases.CrmTest.ValidateClickTestingOfSalesOrderPage(CrmTest.java:249)
at java.base/java.util.ArrayList.forEach(ArrayList.java:1511)
... Removed 28 stack frames]]>
    </failure>
  </testcase> <!-- ValidateClickTestingOfSalesOrderPage -->
  <testcase classname="testcases.CrmTest" name="ValidateClickTestingOfStagesPage" time="31.732">
    <failure type="java.lang.AssertionError" message="java.lang.NullPointerException: Cannot invoke &amp;quot;org.openqa.selenium.WebElement.clear()&amp;quot; because &amp;quot;element&amp;quot; is null">
      <![CDATA[java.lang.AssertionError: java.lang.NullPointerException: Cannot invoke "org.openqa.selenium.WebElement.clear()" because "element" is null
at utils.WebBasePage.enter(WebBasePage.java:81)
at pageobjects.UserLoginPage.enterUserName(UserLoginPage.java:35)
at pageobjects.UserLoginPage.forcefulLogOutLogin(UserLoginPage.java:80)
at action.LoginAction.logoutLogin(LoginAction.java:25)
at testcases.CrmTest.ValidateClickTestingOfStagesPage(CrmTest.java:260)
at java.base/java.util.ArrayList.forEach(ArrayList.java:1511)
... Removed 28 stack frames]]>
    </failure>
  </testcase> <!-- ValidateClickTestingOfStagesPage -->
  <testcase classname="testcases.CrmTest" name="ValidateClickTestingOfVendorPage" time="91.073">
    <failure type="java.lang.AssertionError" message="Filter -  element not present">
      <![CDATA[java.lang.AssertionError: Filter -  element not present
at utils.WebBasePage.click(WebBasePage.java:126)
at pageobjects.CrmPage.clickOnFilter(CrmPage.java:208)
at action.CrmAction.GoToVendorPage(CrmAction.java:274)
at testcases.CrmTest.ValidateClickTestingOfVendorPage(CrmTest.java:275)
at java.base/java.util.ArrayList.forEach(ArrayList.java:1511)
... Removed 28 stack frames]]>
    </failure>
  </testcase> <!-- ValidateClickTestingOfVendorPage -->
  <testcase classname="testcases.DocumentStorageTest" name="ValidateClickTestingOfManageClientStoragePage" time="61.274">
    <failure type="java.lang.AssertionError" message="Check Box -  element not present">
      <![CDATA[java.lang.AssertionError: Check Box -  element not present
at utils.WebBasePage.click(WebBasePage.java:126)
at pageobjects.DocumentStoragePage.clickOnCheckBox(DocumentStoragePage.java:49)
at action.DocumentStorageAction.GoToManageClientStoragePage(DocumentStorageAction.java:30)
at testcases.DocumentStorageTest.ValidateClickTestingOfManageClientStoragePage(DocumentStorageTest.java:27)
at java.base/java.util.ArrayList.forEach(ArrayList.java:1511)
... Removed 28 stack frames]]>
    </failure>
  </testcase> <!-- ValidateClickTestingOfManageClientStoragePage -->
  <testcase classname="testcases.DocumentStorageTest" name="ValidateClickTestingOfManageUserStoragePage" time="32.362">
    <failure type="java.lang.AssertionError" message="java.lang.NullPointerException: Cannot invoke &amp;quot;org.openqa.selenium.WebElement.clear()&amp;quot; because &amp;quot;element&amp;quot; is null">
      <![CDATA[java.lang.AssertionError: java.lang.NullPointerException: Cannot invoke "org.openqa.selenium.WebElement.clear()" because "element" is null
at utils.WebBasePage.enter(WebBasePage.java:81)
at pageobjects.UserLoginPage.enterUserName(UserLoginPage.java:35)
at pageobjects.UserLoginPage.forcefulLogOutLogin(UserLoginPage.java:80)
at action.LoginAction.logoutLogin(LoginAction.java:25)
at testcases.DocumentStorageTest.ValidateClickTestingOfManageUserStoragePage(DocumentStorageTest.java:38)
at java.base/java.util.ArrayList.forEach(ArrayList.java:1511)
... Removed 28 stack frames]]>
    </failure>
  </testcase> <!-- ValidateClickTestingOfManageUserStoragePage -->
  <testcase classname="testcases.DocumentStorageTest" name="ValidateClickTestingOfUserStorageReportPage" time="83.919">
    <failure type="java.lang.AssertionError" message="List View -  element not present">
      <![CDATA[java.lang.AssertionError: List View -  element not present
at utils.WebBasePage.click(WebBasePage.java:126)
at pageobjects.DocumentStoragePage.clickOnListView(DocumentStoragePage.java:106)
at action.DocumentStorageAction.GoToUserStorageReportPage(DocumentStorageAction.java:48)
at testcases.DocumentStorageTest.ValidateClickTestingOfUserStorageReportPage(DocumentStorageTest.java:53)
at java.base/java.util.ArrayList.forEach(ArrayList.java:1511)
... Removed 28 stack frames]]>
    </failure>
  </testcase> <!-- ValidateClickTestingOfUserStorageReportPage -->
  <testcase classname="testcases.INTEGRATIONSTest" name="ValidateClickTestingOfGPSTrackingPage" time="34.223"/>
  <testcase classname="testcases.INTEGRATIONSTest" name="ValidateClickTestingOfTwilioPage" time="57.41"/>
  <testcase classname="testcases.INTEGRATIONSTest" name="ValidateClickTestingOfConnectorPage" time="93.544"/>
  <testcase classname="testcases.MSPModuleTest" name="ValidateClickTestingOfAddPackagesPage" time="37.117"/>
  <testcase classname="testcases.MSPModuleTest" name="ValidateClickTestingOfAddSubscriptionPage" time="59.806"/>
  <testcase classname="testcases.MSPModuleTest" name="ValidateClickTestingOfManagePackagesPage" time="53.608"/>
  <testcase classname="testcases.MSPModuleTest" name="ValidateClickTestingOfManageSubscriptionPage" time="64.054"/>
  <testcase classname="testcases.DisplayScreenTest" name="ValidateClickTestingOfCounterPage" time="35.715"/>
  <testcase classname="testcases.DisplayScreenTest" name="ValidateClickTestingOfTokenPage" time="70.481"/>
  <testcase classname="testcases.ApprovalTest" name="ValidateClickTestingOfApprovalChainPage" time="51.137"/>
  <testcase classname="testcases.ApprovalTest" name="ValidateClickTestingOfApprovalGroupPage" time="48.408">
    <failure type="java.lang.AssertionError" message="java.lang.NullPointerException: Cannot invoke &amp;quot;org.openqa.selenium.WebElement.clear()&amp;quot; because &amp;quot;element&amp;quot; is null">
      <![CDATA[java.lang.AssertionError: java.lang.NullPointerException: Cannot invoke "org.openqa.selenium.WebElement.clear()" because "element" is null
at utils.WebBasePage.enter(WebBasePage.java:81)
at pageobjects.UserLoginPage.enterUserName(UserLoginPage.java:35)
at pageobjects.UserLoginPage.forcefulLogOutLogin(UserLoginPage.java:80)
at action.LoginAction.logoutLogin(LoginAction.java:25)
at testcases.ApprovalTest.ValidateClickTestingOfApprovalGroupPage(ApprovalTest.java:36)
at java.base/java.util.ArrayList.forEach(ArrayList.java:1511)
... Removed 28 stack frames]]>
    </failure>
  </testcase> <!-- ValidateClickTestingOfApprovalGroupPage -->
  <testcase classname="testcases.ApprovalTest" name="ValidateClickTestingOfApprovalReportPage" time="33.255"/>
  <testcase classname="testcases.ApprovalTest" name="ValidateClickTestingOfApprovalRulePage" time="72.152"/>
  <testcase classname="testcases.VendorTest" name="ValidateClickTestingOfTrainingPage" time="24.927"/>
  <testcase classname="testcases.VendorTest" name="ValidateClickTestingOfVendorListingPage" time="54.355"/>
  <testcase classname="testcases.CompanySetUpTest" name="ValidateClickTestingOfClientPage" time="67.617"/>
  <testcase classname="testcases.CompanySetUpTest" name="ValidateClickTestingOfCompanyDirectoryPage" time="35.866"/>
  <testcase classname="testcases.CompanySetUpTest" name="ValidateClickTestingOfCompanySetupPage" time="39.436"/>
  <testcase classname="testcases.CompanySetUpTest" name="ValidateClickTestingOfConfigurationPage" time="47.076"/>
  <testcase classname="testcases.CompanySetUpTest" name="ValidateClickTestingOfContextMenuPage" time="35.701"/>
  <testcase classname="testcases.CompanySetUpTest" name="ValidateClickTestingOfHoliDayBankPage" time="72.34"/>
  <testcase classname="testcases.CompanySetUpTest" name="ValidateClickTestingOfManageSubscriptionPage" time="37.039"/>
  <testcase classname="testcases.CompanySetUpTest" name="ValidateClickTestingOfManageTaxPage" time="145.598"/>
  <testcase classname="testcases.CompanySetUpTest" name="ValidateClickTestingOfResourceApprovalPage" time="39.201"/>
  <testcase classname="testcases.CompanySetUpTest" name="ValidateClickTestingOfRolesPage" time="41.321"/>
  <testcase classname="testcases.CompanySetUpTest" name="ValidateClickTestingOfUserPage" time="60.417"/>
  <testcase classname="testcases.CompanySetUpTest" name="ValidateClickTestingOfSearchVendorsPage" time="69.67"/>
  <testcase classname="testcases.PerformanceReviewTest" name="ValidateClickTestingOfPerformanceReviewPage" time="23.667"/>
  <testcase classname="testcases.PerformanceReviewTest" name="ValidateClickTestingOfPerformanceReviewReportPage" time="49.835"/>
  <testcase classname="testcases.PerformanceReviewTest" name="ValidateClickTestingOfProvideFeedbackPage" time="36.599"/>
  <testcase classname="testcases.PerformanceReviewTest" name="ValidateClickTestingOfProvideReviewPage" time="36.34"/>
  <testcase classname="testcases.PerformanceReviewTest" name="ValidateClickTestingOfReviewPage" time="52.531"/>
  <testcase classname="testcases.HRManagementTest" name="ValidateClickTestingOfAttendancePage" time="21.319"/>
  <testcase classname="testcases.HRManagementTest" name="ValidateClickTestingOfAttendanceCardReportPage" time="35.682"/>
  <testcase classname="testcases.HRManagementTest" name="ValidateClickTestingOfAttendanceInOutReportPage" time="36.076"/>
  <testcase classname="testcases.HRManagementTest" name="ValidateClickTestingOfAttendanceApprovalPage" time="36.361"/>
  <testcase classname="testcases.HRManagementTest" name="ValidateClickTestingOfCheckInFlagListPage" time="35.463"/>
  <testcase classname="testcases.HRManagementTest" name="ValidateClickTestingOfDisputeApprovalPage" time="37.213"/>
  <testcase classname="testcases.HRManagementTest" name="ValidateClickTestingOfCheckInOutDisputePage" time="36.871"/>
  <testcase classname="testcases.HRManagementTest" name="ValidateClickTestingOfGroupListPage" time="53.341"/>
  <testcase classname="testcases.HRManagementTest" name="ValidateClickTestingOfHrReportPage" time="46.069"/>
  <testcase classname="testcases.HRManagementTest" name="ValidateClickTestingOfInductionDocumentListPage" time="60.259"/>
  <testcase classname="testcases.HRManagementTest" name="ValidateClickTestingOfLeavePage" time="84.471"/>
  <testcase classname="testcases.HRManagementTest" name="ValidateClickTestingOfLeaveApprovalPage" time="71.161"/>
  <testcase classname="testcases.HRManagementTest" name="ValidateClickTestingOfLeaveTypeListingPage" time="62.903"/>
  <testcase classname="testcases.HRManagementTest" name="ValidateClickTestingOfManageCheckInPage" time="49.432"/>
  <testcase classname="testcases.HRManagementTest" name="ValidateClickTestingOfOffboardEmployeeListPage" time="63.298"/>
  <testcase classname="testcases.HRManagementTest" name="ValidateClickTestingOfPolicyPage" time="65.879"/>
  <testcase classname="testcases.HRManagementTest" name="ValidateClickTestingOfResignationPage" time="60.782"/>
  <testcase classname="testcases.TicketingTest" name="ValidateClickTestingOfTicketingPage" time="182.669"/>
  <testcase classname="testcases.TicketingTest" name="ValidateClickTestingOfAddTicketPage" time="58.519"/>
  <testcase classname="testcases.TicketingTest" name="ValidateClickTestingOfUnassignedTicketPage" time="193.18"/>
  <testcase classname="testcases.TicketingTest" name="ValidateClickTestingOfTicketFeedbackPage" time="74.643"/>
  <testcase classname="testcases.TicketingTest" name="ValidateClickTestingOfCannedReplyPage" time="70.25"/>
  <testcase classname="testcases.TicketingTest" name="ValidateClickTestingOfTicketReportPage" time="48.406"/>
  <testcase classname="testcases.TicketingTest" name="ValidateClickTestingOfManageServiceBoardPage" time="87.714"/>
  <testcase classname="testcases.TicketingTest" name="ValidateClickTestingOfAddticketGroupPage" time="51.941"/>
  <testcase classname="testcases.TicketingTest" name="ValidateClickTestingOfTicketGroupPage" time="88.964"/>
  <testcase classname="testcases.TicketingTest" name="ValidateClickTestingOfSLAPage" time="85.493"/>
  <testcase classname="testcases.TicketingTest" name="ValidateClickTestingOfKnowledgeBasePage" time="92.16"/>
  <testcase classname="testcases.TicketingTest" name="ValidateClickTestingOfManageCategoryPage" time="55.54"/>
  <testcase classname="testcases.TicketingTest" name="ValidateClickTestingOfMyArticlesPage" time="93.782"/>
  <testcase classname="testcases.TicketingTest" name="ValidateClickTestingOfProductPage" time="83.966"/>
  <testcase classname="testcases.TicketingTest" name="ValidateClickTestingOfCallCenterSyncStatusPage" time="39.226"/>
  <testcase classname="testcases.TicketingTest" name="ValidateClickTestingOfFormBuilderPage" time="52.517"/>
  <testcase classname="testcases.TicketingTest" name="ValidateClickTestingOfFSMReportPage" time="40.033"/>
  <testcase classname="testcases.TicketingTest" name="ValidateClickTestingOfManageMapConfigurationPage" time="56.002"/>
  <testcase classname="testcases.TicketingTest" name="ValidateClickTestingOfMapExtentPage" time="42.927"/>
  <testcase classname="testcases.TicketingTest" name="ValidateClickTestingOfServiceAppointmentPage" time="135.269"/>
  <testcase classname="testcases.TicketingTest" name="ValidateClickTestingOfServiceCrewPage" time="101.566"/>
  <testcase classname="testcases.TicketingTest" name="ValidateClickTestingOfTechTrackingPage" time="37.441"/>
  <testcase classname="testcases.TicketingTest" name="ValidateClickTestingOfTransformPendingPage" time="38.018"/>
  <testcase classname="testcases.TicketingTest" name="ValidateClickTestingOfWorkTypeListingPage" time="99.845"/>
  <testcase classname="testcases.TicketingTest" name="ValidateClickTestingOfZoneManagementPage" time="50.231"/>
  <testcase classname="testcases.TicketingTest" name="ValidateClickTestingOfDashBoardPage" time="45.596"/>
  <testcase classname="testcases.TicketingTest" name="ValidateClickTestingOfTicketTypeListingPage" time="76.77"/>
  <testcase classname="testcases.TicketingTest" name="ValidateClickTestingOfWorkOrderPage" time="131.023"/>
  <testcase classname="testcases.TicketingTest" name="ValidateClickTestingOfIncidentTypePage" time="67.924"/>
  <testcase classname="testcases.TicketingTest" name="ValidateClickTestingOfResourceTypePage" time="68.879"/>
  <testcase classname="testcases.TimeTrackingTest" name="ValidateClickTestingOfAuditRulePage" time="46.44"/>
  <testcase classname="testcases.TimeTrackingTest" name="ValidateClickTestingOfBulkTimeEntryPage" time="41.441"/>
  <testcase classname="testcases.TimeTrackingTest" name="ValidateClickTestingOfFlagTrackEntryPage" time="40.487"/>
  <testcase classname="testcases.TimeTrackingTest" name="ValidateClickTestingOfProjectReportPage" time="49.702"/>
  <testcase classname="testcases.TimeTrackingTest" name="ValidateClickTestingOfTimeReportPage" time="69.81"/>
  <testcase classname="testcases.TimeTrackingTest" name="ValidateClickTestingOfTimeApprovalPage" time="52.549"/>
  <testcase classname="testcases.TimeTrackingTest" name="ValidateClickTestingOfTimeSheetPage" time="38.797"/>
  <testcase classname="testcases.TimeTrackingTest" name="ValidateClickTestingOfTimeTrackPage" time="82.264"/>
  <testcase classname="testcases.TimeTrackingTest" name="ValidateClickTestingOfWorkDiaryPage" time="49.271"/>
  <testcase classname="testcases.HiringTest" name="ValidateClickTestingOfCandidateListPage" time="76.045"/>
  <testcase classname="testcases.HiringTest" name="ValidateClickTestingOfGroupListListPage" time="35.794">
    <failure type="java.lang.AssertionError" message="java.lang.NullPointerException: Cannot invoke &amp;quot;org.openqa.selenium.WebElement.clear()&amp;quot; because &amp;quot;element&amp;quot; is null">
      <![CDATA[java.lang.AssertionError: java.lang.NullPointerException: Cannot invoke "org.openqa.selenium.WebElement.clear()" because "element" is null
at utils.WebBasePage.enter(WebBasePage.java:81)
at pageobjects.UserLoginPage.enterUserName(UserLoginPage.java:35)
at pageobjects.UserLoginPage.forcefulLogOutLogin(UserLoginPage.java:80)
at action.LoginAction.logoutLogin(LoginAction.java:25)
at testcases.HiringTest.ValidateClickTestingOfGroupListListPage(HiringTest.java:51)
at java.base/java.util.ArrayList.forEach(ArrayList.java:1511)
... Removed 28 stack frames]]>
    </failure>
  </testcase> <!-- ValidateClickTestingOfGroupListListPage -->
  <testcase classname="testcases.HiringTest" name="ValidateClickTestingOfjobListListPage" time="59.006">
    <failure type="java.lang.AssertionError" message="Close Notify Message -  element not present">
      <![CDATA[java.lang.AssertionError: Close Notify Message -  element not present
at utils.WebBasePage.click(WebBasePage.java:126)
at pageobjects.HiringPage.clickOnCloseNotifyMessageButton(HiringPage.java:70)
at action.HiringAction.GoToJobListPage(HiringAction.java:74)
at testcases.HiringTest.ValidateClickTestingOfjobListListPage(HiringTest.java:66)
at java.base/java.util.ArrayList.forEach(ArrayList.java:1511)
... Removed 28 stack frames]]>
    </failure>
  </testcase> <!-- ValidateClickTestingOfjobListListPage -->
  <testcase classname="testcases.HiringTest" name="ValidateClickTestingOfjobPostReportPage" time="37.065"/>
  <testcase classname="testcases.HiringTest" name="ValidateClickTestingOfJobRequisitionPage" time="56.446"/>
  <testcase classname="testcases.HiringTest" name="ValidateClickTestingOfOffboardEmployeeListPage" time="63.81"/>
  <testcase classname="testcases.HiringTest" name="ValidateClickTestingOfPolicyPage" time="62.693"/>
  <testcase classname="testcases.HiringTest" name="ValidateClickTestingOfResignationPage" time="55.031"/>
  <testcase classname="testcases.HiringTest" name="ValidateClickTestingOfTalentPoolListPage" time="68.698"/>
  <testcase classname="testcases.CommunicationTest" name="ValidateClickTestingOfIVRPage" time="43.444"/>
  <testcase classname="testcases.CommunicationTest" name="ValidateClickTestingOfMeetingRecordingListPage" time="37.81"/>
  <testcase classname="testcases.CommunicationTest" name="ValidateClickTestingOfMeetingsPage" time="45.007"/>
  <testcase classname="testcases.CommunicationTest" name="ValidateClickTestingOfUnifiedSetupPage" time="43.953"/>
  <testcase classname="testcases.CommunicationTest" name="ValidateClickTestingOfVideoRecordingListPage" time="41.286"/>
  <testcase classname="testcases.TrainingTest" name="ValidateClickTestingOfTrainingPage" time="0.0">
    <skipped/>
  </testcase> <!-- ValidateClickTestingOfTrainingPage -->
  <testcase classname="testcases.TrainingTest" name="ValidateClickTestingOfTrainingReportPage" time="0.0">
    <skipped/>
  </testcase> <!-- ValidateClickTestingOfTrainingReportPage -->
  <testcase classname="testcases.ProjectManagementTest" name="ValidateClickTestingOfGlobalTaskPage" time="59.51"/>
  <testcase classname="testcases.ProjectManagementTest" name="ValidateClickTestingOfProjectPage" time="115.802"/>
  <testcase classname="testcases.ProjectManagementTest" name="ValidateClickTestingOfProjectReportPage" time="53.417"/>
  <testcase classname="testcases.ProjectManagementTest" name="ValidateClickTestingOfProjectRequestPage" time="64.075"/>
  <testcase classname="testcases.ProjectManagementTest" name="ValidateClickTestingOfQuotesPage" time="56.597"/>
  <testcase classname="testcases.ProjectManagementTest" name="ValidateClickTestingOfRequestedTimeListPage" time="37.775"/>
  <testcase classname="testcases.ProjectManagementTest" name="ValidateClickTestingOfResourceImpactPage" time="51.299"/>
  <testcase classname="testcases.ProjectManagementTest" name="ValidateClickTestingOfResourceSchedulingPage" time="52.571"/>
  <testcase classname="testcases.ProjectManagementTest" name="ValidateClickTestingOfTaskPage" time="47.442"/>
  <testcase classname="testcases.ProjectManagementTest" name="ValidateClickTestingOfToDoListPage" time="93.799"/>
  <testcase classname="testcases.IntegrationTest" name="ValidateClickTestingOfBasecampPage" time="28.106"/>
  <testcase classname="testcases.IntegrationTest" name="ValidateClickTestingOfConnectorPage" time="140.561"/>
  <testcase classname="testcases.IntegrationTest" name="ValidateClickTestingOfEmailPage" time="35.898"/>
  <testcase classname="testcases.IntegrationTest" name="ValidateClickTestingOfFreshBookPage" time="41.679"/>
  <testcase classname="testcases.IntegrationTest" name="ValidateClickTestingOfGPSTrackingPage" time="47.814"/>
  <testcase classname="testcases.IntegrationTest" name="ValidateClickTestingOfIVrPage" time="73.722"/>
  <testcase classname="testcases.IntegrationTest" name="ValidateClickTestingOfMicrosoftProjectPlanPage" time="52.738"/>
  <testcase classname="testcases.IntegrationTest" name="ValidateClickTestingOfQuickBooksPage" time="44.874"/>
  <testcase classname="testcases.IntegrationTest" name="ValidateClickTestingOfSalesForcePage" time="36.77"/>
  <testcase classname="testcases.IntegrationTest" name="ValidateClickTestingOfTrelloPage" time="47.082"/>
  <testcase classname="testcases.IntegrationTest" name="ValidateClickTestingOfTwilioPage" time="58.5"/>
  <testcase classname="testcases.IntegrationTest" name="ValidateClickTestingOfUnifiedSetupPage" time="44.241"/>
  <testcase classname="utils.WebTestBase" name="@AfterSuite close" time="0.0">
    <ignored/>
  </testcase> <!-- @AfterSuite close -->
  <testcase classname="utils.WebTestBase" name="@AfterSuite close" time="0.0">
    <ignored/>
  </testcase> <!-- @AfterSuite close -->
  <testcase classname="utils.WebTestBase" name="@AfterSuite close" time="0.0">
    <ignored/>
  </testcase> <!-- @AfterSuite close -->
  <testcase classname="utils.WebTestBase" name="@AfterSuite close" time="0.0">
    <ignored/>
  </testcase> <!-- @AfterSuite close -->
  <testcase classname="utils.WebTestBase" name="@AfterSuite close" time="0.0">
    <ignored/>
  </testcase> <!-- @AfterSuite close -->
  <testcase classname="utils.WebTestBase" name="@AfterSuite close" time="0.0">
    <ignored/>
  </testcase> <!-- @AfterSuite close -->
  <testcase classname="utils.WebTestBase" name="@AfterSuite close" time="0.0">
    <ignored/>
  </testcase> <!-- @AfterSuite close -->
  <testcase classname="utils.WebTestBase" name="@AfterSuite close" time="0.0">
    <ignored/>
  </testcase> <!-- @AfterSuite close -->
  <testcase classname="utils.WebTestBase" name="@AfterSuite close" time="0.0">
    <ignored/>
  </testcase> <!-- @AfterSuite close -->
  <testcase classname="utils.WebTestBase" name="@AfterSuite close" time="0.0">
    <ignored/>
  </testcase> <!-- @AfterSuite close -->
  <testcase classname="utils.WebTestBase" name="@AfterSuite close" time="0.0">
    <ignored/>
  </testcase> <!-- @AfterSuite close -->
  <testcase classname="utils.WebTestBase" name="@AfterSuite close" time="0.0">
    <ignored/>
  </testcase> <!-- @AfterSuite close -->
  <testcase classname="utils.WebTestBase" name="@AfterSuite close" time="0.0">
    <ignored/>
  </testcase> <!-- @AfterSuite close -->
  <testcase classname="utils.WebTestBase" name="@AfterSuite close" time="0.0">
    <ignored/>
  </testcase> <!-- @AfterSuite close -->
  <testcase classname="utils.WebTestBase" name="@AfterSuite close" time="0.0">
    <ignored/>
  </testcase> <!-- @AfterSuite close -->
  <testcase classname="utils.WebTestBase" name="@AfterSuite close" time="0.0">
    <ignored/>
  </testcase> <!-- @AfterSuite close -->
  <testcase classname="utils.WebTestBase" name="@AfterSuite close" time="0.0">
    <ignored/>
  </testcase> <!-- @AfterSuite close -->
  <testcase classname="utils.WebTestBase" name="@AfterSuite close" time="0.0">
    <ignored/>
  </testcase> <!-- @AfterSuite close -->
  <testcase classname="utils.WebTestBase" name="@AfterSuite close" time="0.0">
    <ignored/>
  </testcase> <!-- @AfterSuite close -->
  <testcase classname="utils.WebTestBase" name="@AfterSuite close" time="0.0">
    <ignored/>
  </testcase> <!-- @AfterSuite close -->
  <testcase classname="utils.WebTestBase" name="@AfterSuite close" time="0.0">
    <ignored/>
  </testcase> <!-- @AfterSuite close -->
  <testcase classname="utils.WebTestBase" name="@AfterSuite close" time="0.0">
    <ignored/>
  </testcase> <!-- @AfterSuite close -->
  <testcase classname="utils.WebTestBase" name="@AfterSuite close" time="0.0">
    <ignored/>
  </testcase> <!-- @AfterSuite close -->
</testsuite> <!-- Test -->
