<?xml version="1.0" encoding="UTF-8"?>
<!-- Generated by org.testng.reporters.JUnitXMLReporter -->
<testsuite ignored="14" hostname="COG-WIN-MAC03" failures="1" tests="1" name="Default test" time="38.366" errors="0" timestamp="2023-06-29T01:37:06 IST">
  <testcase classname="testcases.VDeskTest" name="ValidateClickTestingOfServerGroupsPage" time="28.709">
    <failure type="java.lang.AssertionError" message="Add Server Groups -  element not clickable">
      <![CDATA[java.lang.AssertionError: Add Server Groups -  element not clickable
at org.testng.Assert.fail(Assert.java:99)
at utils.WebBasePage.click(WebBasePage.java:119)
at pageobjects.VDeskPage.clickOnAddServerGroups(VDeskPage.java:365)
at action.VDeskAction.GoToServerGroupsPage(VDeskAction.java:134)
at testcases.VDeskTest.ValidateClickTestingOfServerGroupsPage(VDeskTest.java:209)
at java.base/jdk.internal.reflect.NativeMethodAccessorImpl.invoke0(Native Method)
at java.base/jdk.internal.reflect.NativeMethodAccessorImpl.invoke(NativeMethodAccessorImpl.java:77)
at java.base/jdk.internal.reflect.DelegatingMethodAccessorImpl.invoke(DelegatingMethodAccessorImpl.java:43)
at java.base/java.lang.reflect.Method.invoke(Method.java:568)
at org.testng.internal.MethodInvocationHelper.invokeMethod(MethodInvocationHelper.java:133)
at org.testng.internal.TestInvoker.invokeMethod(TestInvoker.java:598)
at org.testng.internal.TestInvoker.invokeTestMethod(TestInvoker.java:173)
at org.testng.internal.MethodRunner.runInSequence(MethodRunner.java:46)
at org.testng.internal.TestInvoker$MethodInvocationAgent.invoke(TestInvoker.java:824)
at org.testng.internal.TestInvoker.invokeTestMethods(TestInvoker.java:146)
at org.testng.internal.TestMethodWorker.invokeTestMethods(TestMethodWorker.java:146)
at org.testng.internal.TestMethodWorker.run(TestMethodWorker.java:128)
at java.base/java.util.ArrayList.forEach(ArrayList.java:1511)
at org.testng.TestRunner.privateRun(TestRunner.java:794)
at org.testng.TestRunner.run(TestRunner.java:596)
at org.testng.SuiteRunner.runTest(SuiteRunner.java:377)
at org.testng.SuiteRunner.runSequentially(SuiteRunner.java:371)
at org.testng.SuiteRunner.privateRun(SuiteRunner.java:332)
at org.testng.SuiteRunner.run(SuiteRunner.java:276)
at org.testng.SuiteRunnerWorker.runSuite(SuiteRunnerWorker.java:53)
at org.testng.SuiteRunnerWorker.run(SuiteRunnerWorker.java:96)
at org.testng.TestNG.runSuitesSequentially(TestNG.java:1212)
at org.testng.TestNG.runSuitesLocally(TestNG.java:1134)
at org.testng.TestNG.runSuites(TestNG.java:1063)
at org.testng.TestNG.run(TestNG.java:1031)
at org.testng.remote.AbstractRemoteTestNG.run(AbstractRemoteTestNG.java:115)
at org.testng.remote.RemoteTestNG.initAndRun(RemoteTestNG.java:251)
at org.testng.remote.RemoteTestNG.main(RemoteTestNG.java:77)
]]>
    </failure>
  </testcase> <!-- ValidateClickTestingOfServerGroupsPage -->
  <testcase classname="testcases.VDeskTest" name="ValidateClickTestingOfDesktopClientsPage" time="0.0">
    <ignored/>
  </testcase> <!-- ValidateClickTestingOfDesktopClientsPage -->
  <testcase classname="testcases.VDeskTest" name="ValidateClickTestingOfDatabasePage" time="0.0">
    <ignored/>
  </testcase> <!-- ValidateClickTestingOfDatabasePage -->
  <testcase classname="testcases.VDeskTest" name="ValidateClickTestingOfJobsReportPage" time="0.0">
    <ignored/>
  </testcase> <!-- ValidateClickTestingOfJobsReportPage -->
  <testcase classname="testcases.VDeskTest" name="ValidateClickTestingOfApplicationSettingsPage" time="0.0">
    <ignored/>
  </testcase> <!-- ValidateClickTestingOfApplicationSettingsPage -->
  <testcase classname="testcases.VDeskTest" name="ValidateClickTestingOfRemoteDesktopPage" time="0.0">
    <ignored/>
  </testcase> <!-- ValidateClickTestingOfRemoteDesktopPage -->
  <testcase classname="testcases.VDeskTest" name="ValidateClickTestingOfClientLogInPage" time="0.0">
    <ignored/>
  </testcase> <!-- ValidateClickTestingOfClientLogInPage -->
  <testcase classname="testcases.VDeskTest" name="ValidateClickTestingOfGeneralSettingsPage" time="0.0">
    <ignored/>
  </testcase> <!-- ValidateClickTestingOfGeneralSettingsPage -->
  <testcase classname="testcases.VDeskTest" name="ValidateClickTestingOfJobPage" time="0.0">
    <ignored/>
  </testcase> <!-- ValidateClickTestingOfJobPage -->
  <testcase classname="testcases.VDeskTest" name="ValidateClickTestingOfServerDetailsPage" time="0.0">
    <ignored/>
  </testcase> <!-- ValidateClickTestingOfServerDetailsPage -->
  <testcase classname="testcases.VDeskTest" name="ValidateClickTestingOfApplicationSummaryPage" time="0.0">
    <ignored/>
  </testcase> <!-- ValidateClickTestingOfApplicationSummaryPage -->
  <testcase classname="testcases.VDeskTest" name="ValidateClickTestingOfLogsPage" time="0.0">
    <ignored/>
  </testcase> <!-- ValidateClickTestingOfLogsPage -->
  <testcase classname="testcases.VDeskTest" name="ValidateClickTestingOfServerRolesPage" time="0.0">
    <ignored/>
  </testcase> <!-- ValidateClickTestingOfServerRolesPage -->
  <testcase classname="testcases.VDeskTest" name="ValidateClickTestingOfApplicationPage" time="0.0">
    <ignored/>
  </testcase> <!-- ValidateClickTestingOfApplicationPage -->
  <testcase classname="testcases.VDeskTest" name="ValidateClickTestingOfPoliciesPage" time="0.0">
    <ignored/>
  </testcase> <!-- ValidateClickTestingOfPoliciesPage -->
</testsuite> <!-- Default test -->
