<!DOCTYPE html PUBLIC "-//W3C//DTD XHTML 1.1//EN" "https://www.w3.org/TR/xhtml11/DTD/xhtml11.dtd">
<html xmlns="https://www.w3.org/1999/xhtml">
<head>
<meta http-equiv="content-type" content="text/html; charset=UTF-8"/>
<title>TestNG Report</title>
<style type="text/css">table {margin-bottom:10px;border-collapse:collapse;empty-cells:show}th,td {border:1px solid #009;padding:.25em .5em}th {vertical-align:bottom}td {vertical-align:top}table a {font-weight:bold}.stripe td {background-color: #E6EBF9}.num {text-align:right}.passedodd td {background-color: #3F3}.passedeven td {background-color: #0A0}.skippedodd td {background-color: #DDD}.skippedeven td {background-color: #CCC}.failedodd td,.attn {background-color: #F33}.failedeven td,.stripe .attn {background-color: #D00}.stacktrace {white-space:pre;font-family:monospace}.totop {font-size:85%;text-align:center;border-bottom:2px solid #000}.invisible {display:none}</style>
</head>
<body>
<table>
<tr><th>Test</th><th># Passed</th><th># Skipped</th><th># Retried</th><th># Failed</th><th>Time (ms)</th><th>Included Groups</th><th>Excluded Groups</th></tr>
<tr><th colspan="8">Suite</th></tr>
<tr><td><a href="#t0">Test</a></td><td class="num">196</td><td class="num attn">2</td><td class="num">0</td><td class="num attn">26</td><td class="num">13,804,457</td><td></td><td></td></tr>
</table>
<table id='summary'><thead><tr><th>Class</th><th>Method</th><th>Start</th><th>Time (ms)</th></tr></thead><tbody><tr><th colspan="4">Suite</th></tr></tbody><tbody id="t0"><tr><th colspan="4">Test &#8212; failed (configuration methods)</th></tr><tr class="failedeven"><td rowspan="3">testcases.TrainingTest</td><td><a href="#m0">reportWrapUp</a></td><td rowspan="2">1687995815786</td><td rowspan="2">60055</td></tr><tr class="failedeven"><td><a href="#m1">reportWrapUp</a></td></tr><tr class="failedeven"><td><a href="#m2">setUp</a></td><td rowspan="1">1687995454506</td><td rowspan="1">301192</td></tr><tr><th colspan="4">Test &#8212; failed</th></tr><tr class="failedeven"><td rowspan="1">testcases.ApprovalTest</td><td><a href="#m3">ValidateClickTestingOfApprovalGroupPage</a></td><td rowspan="1">1687989842832</td><td rowspan="1">48408</td></tr><tr class="failedodd"><td rowspan="1">testcases.AssetManagementTest</td><td><a href="#m4">ValidateClickTestingOfGroupListPage</a></td><td rowspan="1">1687985257394</td><td rowspan="1">62700</td></tr><tr class="failedeven"><td rowspan="18">testcases.CrmTest</td><td><a href="#m5">ValidateClickTestingOfAccountsPage</a></td><td rowspan="1">1687987929136</td><td rowspan="1">66520</td></tr><tr class="failedeven"><td><a href="#m6">ValidateClickTestingOfBrandPage</a></td><td rowspan="1">1687987995908</td><td rowspan="1">33294</td></tr><tr class="failedeven"><td><a href="#m7">ValidateClickTestingOfCampaignPage</a></td><td rowspan="1">1687988029428</td><td rowspan="1">22828</td></tr><tr class="failedeven"><td><a href="#m8">ValidateClickTestingOfContactsPage</a></td><td rowspan="1">1687988122317</td><td rowspan="1">75442</td></tr><tr class="failedeven"><td><a href="#m9">ValidateClickTestingOfContractsPage</a></td><td rowspan="1">1687988197988</td><td rowspan="1">36536</td></tr><tr class="failedeven"><td><a href="#m10">ValidateClickTestingOfDEalsPage</a></td><td rowspan="1">1687988281819</td><td rowspan="1">74929</td></tr><tr class="failedeven"><td><a href="#m11">ValidateClickTestingOfInvoicePage</a></td><td rowspan="1">1687988390578</td><td rowspan="1">83346</td></tr><tr class="failedeven"><td><a href="#m12">ValidateClickTestingOfLeadPage</a></td><td rowspan="1">1687988507284</td><td rowspan="1">82338</td></tr><tr class="failedeven"><td><a href="#m13">ValidateClickTestingOfManageProductPage</a></td><td rowspan="1">1687988589833</td><td rowspan="1">32610</td></tr><tr class="failedeven"><td><a href="#m14">ValidateClickTestingOfPriceBookPage</a></td><td rowspan="1">1687988622685</td><td rowspan="1">80984</td></tr><tr class="failedeven"><td><a href="#m15">ValidateClickTestingOfProductPage</a></td><td rowspan="1">1687988703887</td><td rowspan="1">32492</td></tr><tr class="failedeven"><td><a href="#m16">ValidateClickTestingOfProductTypePage</a></td><td rowspan="1">1687988474135</td><td rowspan="1">32879</td></tr><tr class="failedeven"><td><a href="#m17">ValidateClickTestingOfPurchaseOrderPage</a></td><td rowspan="1">1687988736629</td><td rowspan="1">82971</td></tr><tr class="failedeven"><td><a href="#m18">ValidateClickTestingOfQuotePage</a></td><td rowspan="1">1687988819819</td><td rowspan="1">33348</td></tr><tr class="failedeven"><td><a href="#m19">ValidateClickTestingOfSalesOrderPage</a></td><td rowspan="1">1687988853411</td><td rowspan="1">81755</td></tr><tr class="failedeven"><td><a href="#m20">ValidateClickTestingOfStagesPage</a></td><td rowspan="1">1687988935400</td><td rowspan="1">31732</td></tr><tr class="failedeven"><td><a href="#m21">ValidateClickTestingOfVendorPage</a></td><td rowspan="1">1687988967338</td><td rowspan="1">91073</td></tr><tr class="failedeven"><td><a href="#m22">ValidateClickTestingOfgoodsInwardPage</a></td><td rowspan="1">1687988356985</td><td rowspan="1">33389</td></tr><tr class="failedodd"><td rowspan="3">testcases.DocumentStorageTest</td><td><a href="#m23">ValidateClickTestingOfManageClientStoragePage</a></td><td rowspan="1">1687989072512</td><td rowspan="1">61274</td></tr><tr class="failedodd"><td><a href="#m24">ValidateClickTestingOfManageUserStoragePage</a></td><td rowspan="1">1687989133996</td><td rowspan="1">32362</td></tr><tr class="failedodd"><td><a href="#m25">ValidateClickTestingOfUserStorageReportPage</a></td><td rowspan="1">1687989166581</td><td rowspan="1">83919</td></tr><tr class="failedeven"><td rowspan="2">testcases.HiringTest</td><td><a href="#m26">ValidateClickTestingOfGroupListListPage</a></td><td rowspan="1">1687994792928</td><td rowspan="1">35794</td></tr><tr class="failedeven"><td><a href="#m27">ValidateClickTestingOfjobListListPage</a></td><td rowspan="1">1687994829913</td><td rowspan="1">59006</td></tr><tr class="failedodd"><td rowspan="1">testcases.HumanResourcesTest</td><td><a href="#m28">ValidateClickTestingOfGroupListPage</a></td><td rowspan="1">1687983577312</td><td rowspan="1">61854</td></tr><tr><th colspan="4">Test &#8212; skipped (configuration methods)</th></tr><tr class="skippedeven"><td rowspan="2">testcases.TrainingTest</td><td><a href="#m29">beforeMethod</a></td><td rowspan="2">1687995755709</td><td rowspan="2">-1687995755709</td></tr><tr class="skippedeven"><td><a href="#m30">beforeMethod</a></td></tr><tr><th colspan="4">Test &#8212; skipped</th></tr><tr class="skippedeven"><td rowspan="2">testcases.TrainingTest</td><td><a href="#m31">ValidateClickTestingOfTrainingPage</a></td><td rowspan="1">1687995755712</td><td rowspan="1">0</td></tr><tr class="skippedeven"><td><a href="#m32">ValidateClickTestingOfTrainingReportPage</a></td><td rowspan="1">1687995815784</td><td rowspan="1">0</td></tr><tr><th colspan="4">Test &#8212; passed</th></tr><tr class="passedeven"><td rowspan="8">testcases.AppotmentCalendarTest</td><td><a href="#m33">ValidateClickTestingOfAppoitmentReportPage</a></td><td rowspan="1">1687984872037</td><td rowspan="1">49510</td></tr><tr class="passedeven"><td><a href="#m34">ValidateClickTestingOfAppoitmentServicePage</a></td><td rowspan="1">1687985103708</td><td rowspan="1">66979</td></tr><tr class="passedeven"><td><a href="#m35">ValidateClickTestingOfConsumerListPage</a></td><td rowspan="1">1687984921552</td><td rowspan="1">48024</td></tr><tr class="passedeven"><td><a href="#m36">ValidateClickTestingOfCounterPage</a></td><td rowspan="1">1687984969578</td><td rowspan="1">56898</td></tr><tr class="passedeven"><td><a href="#m37">ValidateClickTestingOfCoursePage</a></td><td rowspan="1">1687985026479</td><td rowspan="1">40878</td></tr><tr class="passedeven"><td><a href="#m38">ValidateClickTestingOfManageExternalLinkPage</a></td><td rowspan="1">1687984828093</td><td rowspan="1">43942</td></tr><tr class="passedeven"><td><a href="#m39">ValidateClickTestingOfScheduleAppointmentPage</a></td><td rowspan="1">1687985067361</td><td rowspan="1">36344</td></tr><tr class="passedeven"><td><a href="#m40">ValidateClickTestingOfTokenPage</a></td><td rowspan="1">1687985170690</td><td rowspan="1">78087</td></tr><tr class="passedodd"><td rowspan="3">testcases.ApprovalTest</td><td><a href="#m41">ValidateClickTestingOfApprovalChainPage</a></td><td rowspan="1">1687989791693</td><td rowspan="1">51137</td></tr><tr class="passedodd"><td><a href="#m42">ValidateClickTestingOfApprovalReportPage</a></td><td rowspan="1">1687989892380</td><td rowspan="1">33255</td></tr><tr class="passedodd"><td><a href="#m43">ValidateClickTestingOfApprovalRulePage</a></td><td rowspan="1">1687989925638</td><td rowspan="1">72152</td></tr><tr class="passedeven"><td rowspan="14">testcases.AssetManagementTest</td><td><a href="#m44">ValidateClickTestingOfDashboardPage</a></td><td rowspan="1">1687986388147</td><td rowspan="1">50118</td></tr><tr class="passedeven"><td><a href="#m45">ValidateClickTestingOfManageProductPage</a></td><td rowspan="1">1687985550814</td><td rowspan="1">169603</td></tr><tr class="passedeven"><td><a href="#m46">ValidateClickTestingOfMissingProductPage</a></td><td rowspan="1">1687985356557</td><td rowspan="1">36569</td></tr><tr class="passedeven"><td><a href="#m47">ValidateClickTestingOfMyProductPage</a></td><td rowspan="1">1687985771723</td><td rowspan="1">276594</td></tr><tr class="passedeven"><td><a href="#m48">ValidateClickTestingOfProductAssignmentPage</a></td><td rowspan="1">1687986092944</td><td rowspan="1">115353</td></tr><tr class="passedeven"><td><a href="#m49">ValidateClickTestingOfProductContainerPage</a></td><td rowspan="1">1687986208303</td><td rowspan="1">115379</td></tr><tr class="passedeven"><td><a href="#m50">ValidateClickTestingOfProductReportPage</a></td><td rowspan="1">1687986048320</td><td rowspan="1">44619</td></tr><tr class="passedeven"><td><a href="#m51">ValidateClickTestingOfProductTyperPage</a></td><td rowspan="1">1687986323686</td><td rowspan="1">64459</td></tr><tr class="passedeven"><td><a href="#m52">ValidateClickTestingOfProductWriteOffPage</a></td><td rowspan="1">1687985720422</td><td rowspan="1">51296</td></tr><tr class="passedeven"><td><a href="#m53">ValidateClickTestingOfProductsScanSummaryPage</a></td><td rowspan="1">1687985393129</td><td rowspan="1">36125</td></tr><tr class="passedeven"><td><a href="#m54">ValidateClickTestingOfRFIDAssetListingPage</a></td><td rowspan="1">1687985429257</td><td rowspan="1">36888</td></tr><tr class="passedeven"><td><a href="#m55">ValidateClickTestingOfReturnListPage</a></td><td rowspan="1">1687985320359</td><td rowspan="1">36192</td></tr><tr class="passedeven"><td><a href="#m56">ValidateClickTestingOfScannedItemsPage</a></td><td rowspan="1">1687985466148</td><td rowspan="1">49558</td></tr><tr class="passedeven"><td><a href="#m57">ValidateClickTestingOfScannedItemsStatusPage</a></td><td rowspan="1">1687985515710</td><td rowspan="1">35099</td></tr><tr class="passedodd"><td rowspan="13">testcases.BillingTest</td><td><a href="#m58">ValidateClickTestingOfAddInvoicePage</a></td><td rowspan="1">1687984467647</td><td rowspan="1">44349</td></tr><tr class="passedodd"><td><a href="#m59">ValidateClickTestingOfAutomateFlagProcessingPage</a></td><td rowspan="1">1687984077111</td><td rowspan="1">41408</td></tr><tr class="passedodd"><td><a href="#m60">ValidateClickTestingOfBillingRulePage</a></td><td rowspan="1">1687984118529</td><td rowspan="1">116124</td></tr><tr class="passedodd"><td><a href="#m61">ValidateClickTestingOfBillingServicePage</a></td><td rowspan="1">1687984234656</td><td rowspan="1">56803</td></tr><tr class="passedodd"><td><a href="#m62">ValidateClickTestingOfBillingSetupPage</a></td><td rowspan="1">1687984291465</td><td rowspan="1">57732</td></tr><tr class="passedodd"><td><a href="#m63">ValidateClickTestingOfClientReportPage</a></td><td rowspan="1">1687984415746</td><td rowspan="1">51898</td></tr><tr class="passedodd"><td><a href="#m64">ValidateClickTestingOfFlagRecordsPage</a></td><td rowspan="1">1687984349202</td><td rowspan="1">66538</td></tr><tr class="passedodd"><td><a href="#m65">ValidateClickTestingOfImportInvoicePage</a></td><td rowspan="1">1687984512003</td><td rowspan="1">49309</td></tr><tr class="passedodd"><td><a href="#m66">ValidateClickTestingOfInvoicePage</a></td><td rowspan="1">1687984561315</td><td rowspan="1">70939</td></tr><tr class="passedodd"><td><a href="#m67">ValidateClickTestingOfInvoiceReportPage</a></td><td rowspan="1">1687984632258</td><td rowspan="1">49152</td></tr><tr class="passedodd"><td><a href="#m68">ValidateClickTestingOfProcessAndReprocessChargesPage</a></td><td rowspan="1">1687984681415</td><td rowspan="1">40195</td></tr><tr class="passedodd"><td><a href="#m69">ValidateClickTestingOfReceivedInvoicePage</a></td><td rowspan="1">1687984781298</td><td rowspan="1">37056</td></tr><tr class="passedodd"><td><a href="#m70">ValidateClickTestingOfViewHistoryPage</a></td><td rowspan="1">1687984721615</td><td rowspan="1">59677</td></tr><tr class="passedeven"><td rowspan="5">testcases.CommunicationTest</td><td><a href="#m71">ValidateClickTestingOfIVRPage</a></td><td rowspan="1">1687995242583</td><td rowspan="1">43444</td></tr><tr class="passedeven"><td><a href="#m72">ValidateClickTestingOfMeetingRecordingListPage</a></td><td rowspan="1">1687995286031</td><td rowspan="1">37810</td></tr><tr class="passedeven"><td><a href="#m73">ValidateClickTestingOfMeetingsPage</a></td><td rowspan="1">1687995323842</td><td rowspan="1">45007</td></tr><tr class="passedeven"><td><a href="#m74">ValidateClickTestingOfUnifiedSetupPage</a></td><td rowspan="1">1687995368851</td><td rowspan="1">43953</td></tr><tr class="passedeven"><td><a href="#m75">ValidateClickTestingOfVideoRecordingListPage</a></td><td rowspan="1">1687995412807</td><td rowspan="1">41286</td></tr><tr class="passedodd"><td rowspan="12">testcases.CompanySetUpTest</td><td><a href="#m76">ValidateClickTestingOfClientPage</a></td><td rowspan="1">1687990094226</td><td rowspan="1">67617</td></tr><tr class="passedodd"><td><a href="#m77">ValidateClickTestingOfCompanyDirectoryPage</a></td><td rowspan="1">1687990161845</td><td rowspan="1">35866</td></tr><tr class="passedodd"><td><a href="#m78">ValidateClickTestingOfCompanySetupPage</a></td><td rowspan="1">1687990197713</td><td rowspan="1">39436</td></tr><tr class="passedodd"><td><a href="#m79">ValidateClickTestingOfConfigurationPage</a></td><td rowspan="1">1687990237151</td><td rowspan="1">47076</td></tr><tr class="passedodd"><td><a href="#m80">ValidateClickTestingOfContextMenuPage</a></td><td rowspan="1">1687990284230</td><td rowspan="1">35701</td></tr><tr class="passedodd"><td><a href="#m81">ValidateClickTestingOfHoliDayBankPage</a></td><td rowspan="1">1687990319934</td><td rowspan="1">72340</td></tr><tr class="passedodd"><td><a href="#m82">ValidateClickTestingOfManageSubscriptionPage</a></td><td rowspan="1">1687990392277</td><td rowspan="1">37039</td></tr><tr class="passedodd"><td><a href="#m83">ValidateClickTestingOfManageTaxPage</a></td><td rowspan="1">1687990429318</td><td rowspan="1">145598</td></tr><tr class="passedodd"><td><a href="#m84">ValidateClickTestingOfResourceApprovalPage</a></td><td rowspan="1">1687990574918</td><td rowspan="1">39201</td></tr><tr class="passedodd"><td><a href="#m85">ValidateClickTestingOfRolesPage</a></td><td rowspan="1">1687990614121</td><td rowspan="1">41321</td></tr><tr class="passedodd"><td><a href="#m86">ValidateClickTestingOfSearchVendorsPage</a></td><td rowspan="1">1687990715863</td><td rowspan="1">69670</td></tr><tr class="passedodd"><td><a href="#m87">ValidateClickTestingOfUserPage</a></td><td rowspan="1">1687990655443</td><td rowspan="1">60417</td></tr><tr class="passedeven"><td rowspan="2">testcases.CrmTest</td><td><a href="#m88">ValidateClickTestingOfCRMReportPage</a></td><td rowspan="1">1687988234762</td><td rowspan="1">47053</td></tr><tr class="passedeven"><td><a href="#m89">ValidateClickTestingOfCommunicationPage</a></td><td rowspan="1">1687988052460</td><td rowspan="1">69849</td></tr><tr class="passedodd"><td rowspan="2">testcases.DisplayScreenTest</td><td><a href="#m90">ValidateClickTestingOfCounterPage</a></td><td rowspan="1">1687989677115</td><td rowspan="1">35715</td></tr><tr class="passedodd"><td><a href="#m91">ValidateClickTestingOfTokenPage</a></td><td rowspan="1">1687989712832</td><td rowspan="1">70481</td></tr><tr class="passedeven"><td rowspan="6">testcases.EventManagementTest</td><td><a href="#m92">ValidateClickTestingOfCalendarPage</a></td><td rowspan="1">1687987607781</td><td rowspan="1">29546</td></tr><tr class="passedeven"><td><a href="#m93">ValidateClickTestingOfDashBoardPage</a></td><td rowspan="1">1687987867336</td><td rowspan="1">52050</td></tr><tr class="passedeven"><td><a href="#m94">ValidateClickTestingOfEventManagementPage</a></td><td rowspan="1">1687987691626</td><td rowspan="1">78364</td></tr><tr class="passedeven"><td><a href="#m95">ValidateClickTestingOfGoogleCalendarPage</a></td><td rowspan="1">1687987637331</td><td rowspan="1">54290</td></tr><tr class="passedeven"><td><a href="#m96">ValidateClickTestingOfManageVenuePage</a></td><td rowspan="1">1687987769993</td><td rowspan="1">44010</td></tr><tr class="passedeven"><td><a href="#m97">ValidateClickTestingOfUserAvailabilityPage</a></td><td rowspan="1">1687987814009</td><td rowspan="1">53323</td></tr><tr class="passedodd"><td rowspan="7">testcases.ExpenseTest</td><td><a href="#m98">ValidateClickTestingOfAddExpensePage</a></td><td rowspan="1">1687987201711</td><td rowspan="1">37405</td></tr><tr class="passedodd"><td><a href="#m99">ValidateClickTestingOfBulkUploadExpensePage</a></td><td rowspan="1">1687987239120</td><td rowspan="1">39710</td></tr><tr class="passedodd"><td><a href="#m100">ValidateClickTestingOfExpenseApprovalPage</a></td><td rowspan="1">1687987278833</td><td rowspan="1">63414</td></tr><tr class="passedodd"><td><a href="#m101">ValidateClickTestingOfExpenseDashBoardPage</a></td><td rowspan="1">1687987542889</td><td rowspan="1">55554</td></tr><tr class="passedodd"><td><a href="#m102">ValidateClickTestingOfExpenseReportsPage</a></td><td rowspan="1">1687987342250</td><td rowspan="1">44745</td></tr><tr class="passedodd"><td><a href="#m103">ValidateClickTestingOfExpensesPage</a></td><td rowspan="1">1687987387001</td><td rowspan="1">74156</td></tr><tr class="passedodd"><td><a href="#m104">ValidateClickTestingOfProjectPage</a></td><td rowspan="1">1687987461160</td><td rowspan="1">81726</td></tr><tr class="passedeven"><td rowspan="14">testcases.GeneralTest</td><td><a href="#m105">ValidateClickTestingOfAddReportPage</a></td><td rowspan="1">1687986447678</td><td rowspan="1">38436</td></tr><tr class="passedeven"><td><a href="#m106">ValidateClickTestingOfAutoResponderPage</a></td><td rowspan="1">1687986486117</td><td rowspan="1">55120</td></tr><tr class="passedeven"><td><a href="#m107">ValidateClickTestingOfCustomFieldsPage</a></td><td rowspan="1">1687986541241</td><td rowspan="1">58537</td></tr><tr class="passedeven"><td><a href="#m108">ValidateClickTestingOfCustomReportsPage</a></td><td rowspan="1">1687986599781</td><td rowspan="1">58993</td></tr><tr class="passedeven"><td><a href="#m109">ValidateClickTestingOfExternalLinkPage</a></td><td rowspan="1">1687986658778</td><td rowspan="1">36024</td></tr><tr class="passedeven"><td><a href="#m110">ValidateClickTestingOfManageLayoutPage</a></td><td rowspan="1">1687986747463</td><td rowspan="1">43081</td></tr><tr class="passedeven"><td><a href="#m111">ValidateClickTestingOfOrganizationChartPage</a></td><td rowspan="1">1687986790547</td><td rowspan="1">40353</td></tr><tr class="passedeven"><td><a href="#m112">ValidateClickTestingOfPassportInformationPage</a></td><td rowspan="1">1687986694804</td><td rowspan="1">52656</td></tr><tr class="passedeven"><td><a href="#m113">ValidateClickTestingOfProvisionalRightsPage</a></td><td rowspan="1">1687986830903</td><td rowspan="1">121911</td></tr><tr class="passedeven"><td><a href="#m114">ValidateClickTestingOfRuleEnginePage</a></td><td rowspan="1">1687986952817</td><td rowspan="1">59589</td></tr><tr class="passedeven"><td><a href="#m115">ValidateClickTestingOfStoragePage</a></td><td rowspan="1">1687987012408</td><td rowspan="1">38679</td></tr><tr class="passedeven"><td><a href="#m116">ValidateClickTestingOfTagsPage</a></td><td rowspan="1">1687987051090</td><td rowspan="1">42851</td></tr><tr class="passedeven"><td><a href="#m117">ValidateClickTestingOfWorkingDayPage</a></td><td rowspan="1">1687987093944</td><td rowspan="1">53226</td></tr><tr class="passedeven"><td><a href="#m118">ValidateClickTestingOfWorkingWeekPage</a></td><td rowspan="1">1687987147174</td><td rowspan="1">46103</td></tr><tr class="passedodd"><td rowspan="17">testcases.HRManagementTest</td><td><a href="#m119">ValidateClickTestingOfAttendanceApprovalPage</a></td><td rowspan="1">1687991097006</td><td rowspan="1">36361</td></tr><tr class="passedodd"><td><a href="#m120">ValidateClickTestingOfAttendanceCardReportPage</a></td><td rowspan="1">1687991025241</td><td rowspan="1">35682</td></tr><tr class="passedodd"><td><a href="#m121">ValidateClickTestingOfAttendanceInOutReportPage</a></td><td rowspan="1">1687991060926</td><td rowspan="1">36076</td></tr><tr class="passedodd"><td><a href="#m122">ValidateClickTestingOfAttendancePage</a></td><td rowspan="1">1687991003919</td><td rowspan="1">21319</td></tr><tr class="passedodd"><td><a href="#m123">ValidateClickTestingOfCheckInFlagListPage</a></td><td rowspan="1">1687991133370</td><td rowspan="1">35463</td></tr><tr class="passedodd"><td><a href="#m124">ValidateClickTestingOfCheckInOutDisputePage</a></td><td rowspan="1">1687991206052</td><td rowspan="1">36871</td></tr><tr class="passedodd"><td><a href="#m125">ValidateClickTestingOfDisputeApprovalPage</a></td><td rowspan="1">1687991168836</td><td rowspan="1">37213</td></tr><tr class="passedodd"><td><a href="#m126">ValidateClickTestingOfGroupListPage</a></td><td rowspan="1">1687991242927</td><td rowspan="1">53341</td></tr><tr class="passedodd"><td><a href="#m127">ValidateClickTestingOfHrReportPage</a></td><td rowspan="1">1687991296271</td><td rowspan="1">46069</td></tr><tr class="passedodd"><td><a href="#m128">ValidateClickTestingOfInductionDocumentListPage</a></td><td rowspan="1">1687991342343</td><td rowspan="1">60259</td></tr><tr class="passedodd"><td><a href="#m129">ValidateClickTestingOfLeaveApprovalPage</a></td><td rowspan="1">1687991487079</td><td rowspan="1">71161</td></tr><tr class="passedodd"><td><a href="#m130">ValidateClickTestingOfLeavePage</a></td><td rowspan="1">1687991402605</td><td rowspan="1">84471</td></tr><tr class="passedodd"><td><a href="#m131">ValidateClickTestingOfLeaveTypeListingPage</a></td><td rowspan="1">1687991558242</td><td rowspan="1">62903</td></tr><tr class="passedodd"><td><a href="#m132">ValidateClickTestingOfManageCheckInPage</a></td><td rowspan="1">1687991621150</td><td rowspan="1">49432</td></tr><tr class="passedodd"><td><a href="#m133">ValidateClickTestingOfOffboardEmployeeListPage</a></td><td rowspan="1">1687991670587</td><td rowspan="1">63298</td></tr><tr class="passedodd"><td><a href="#m134">ValidateClickTestingOfPolicyPage</a></td><td rowspan="1">1687991733888</td><td rowspan="1">65879</td></tr><tr class="passedodd"><td><a href="#m135">ValidateClickTestingOfResignationPage</a></td><td rowspan="1">1687991799769</td><td rowspan="1">60782</td></tr><tr class="passedeven"><td rowspan="7">testcases.HiringTest</td><td><a href="#m136">ValidateClickTestingOfCandidateListPage</a></td><td rowspan="1">1687994716881</td><td rowspan="1">76045</td></tr><tr class="passedeven"><td><a href="#m137">ValidateClickTestingOfJobRequisitionPage</a></td><td rowspan="1">1687994926208</td><td rowspan="1">56446</td></tr><tr class="passedeven"><td><a href="#m138">ValidateClickTestingOfOffboardEmployeeListPage</a></td><td rowspan="1">1687994982657</td><td rowspan="1">63810</td></tr><tr class="passedeven"><td><a href="#m139">ValidateClickTestingOfPolicyPage</a></td><td rowspan="1">1687995046469</td><td rowspan="1">62693</td></tr><tr class="passedeven"><td><a href="#m140">ValidateClickTestingOfResignationPage</a></td><td rowspan="1">1687995109164</td><td rowspan="1">55031</td></tr><tr class="passedeven"><td><a href="#m141">ValidateClickTestingOfTalentPoolListPage</a></td><td rowspan="1">1687995164196</td><td rowspan="1">68698</td></tr><tr class="passedeven"><td><a href="#m142">ValidateClickTestingOfjobPostReportPage</a></td><td rowspan="1">1687994889141</td><td rowspan="1">37065</td></tr><tr class="passedodd"><td rowspan="11">testcases.HumanResourcesTest</td><td><a href="#m143">ValidateClickTestingOfAttendanceApprovalPage</a></td><td rowspan="1">1687983407087</td><td rowspan="1">39849</td></tr><tr class="passedodd"><td><a href="#m144">ValidateClickTestingOfAttendancePage</a></td><td rowspan="1">1687983384776</td><td rowspan="1">22293</td></tr><tr class="passedodd"><td><a href="#m145">ValidateClickTestingOfCandidateListPage</a></td><td rowspan="1">1687983446941</td><td rowspan="1">91828</td></tr><tr class="passedodd"><td><a href="#m146">ValidateClickTestingOfCheckInFlagListPage</a></td><td rowspan="1">1687983538773</td><td rowspan="1">38535</td></tr><tr class="passedodd"><td><a href="#m147">ValidateClickTestingOfHRReportPage</a></td><td rowspan="1">1687983640237</td><td rowspan="1">20486</td></tr><tr class="passedodd"><td><a href="#m148">ValidateClickTestingOfInductionDocumentListPage</a></td><td rowspan="1">1687983660729</td><td rowspan="1">60456</td></tr><tr class="passedodd"><td><a href="#m149">ValidateClickTestingOfLeaveApprovalPage</a></td><td rowspan="1">1687983808168</td><td rowspan="1">70261</td></tr><tr class="passedodd"><td><a href="#m150">ValidateClickTestingOfLeavePage</a></td><td rowspan="1">1687983721188</td><td rowspan="1">86975</td></tr><tr class="passedodd"><td><a href="#m151">ValidateClickTestingOfLeaveTypeListingPage</a></td><td rowspan="1">1687983878432</td><td rowspan="1">64171</td></tr><tr class="passedodd"><td><a href="#m152">ValidateClickTestingOfManageCheckInPage</a></td><td rowspan="1">1687983942608</td><td rowspan="1">52216</td></tr><tr class="passedodd"><td><a href="#m153">ValidateClickTestingOfTalentPoolListPage</a></td><td rowspan="1">1687983994828</td><td rowspan="1">72803</td></tr><tr class="passedeven"><td rowspan="3">testcases.INTEGRATIONSTest</td><td><a href="#m154">ValidateClickTestingOfConnectorPage</a></td><td rowspan="1">1687989351428</td><td rowspan="1">93544</td></tr><tr class="passedeven"><td><a href="#m155">ValidateClickTestingOfGPSTrackingPage</a></td><td rowspan="1">1687989259790</td><td rowspan="1">34223</td></tr><tr class="passedeven"><td><a href="#m156">ValidateClickTestingOfTwilioPage</a></td><td rowspan="1">1687989294015</td><td rowspan="1">57410</td></tr><tr class="passedodd"><td rowspan="12">testcases.IntegrationTest</td><td><a href="#m157">ValidateClickTestingOfBasecampPage</a></td><td rowspan="1">1687996526880</td><td rowspan="1">28106</td></tr><tr class="passedodd"><td><a href="#m158">ValidateClickTestingOfConnectorPage</a></td><td rowspan="1">1687996554988</td><td rowspan="1">140561</td></tr><tr class="passedodd"><td><a href="#m159">ValidateClickTestingOfEmailPage</a></td><td rowspan="1">1687996695551</td><td rowspan="1">35898</td></tr><tr class="passedodd"><td><a href="#m160">ValidateClickTestingOfFreshBookPage</a></td><td rowspan="1">1687996731453</td><td rowspan="1">41679</td></tr><tr class="passedodd"><td><a href="#m161">ValidateClickTestingOfGPSTrackingPage</a></td><td rowspan="1">1687996773134</td><td rowspan="1">47814</td></tr><tr class="passedodd"><td><a href="#m162">ValidateClickTestingOfIVrPage</a></td><td rowspan="1">1687996820950</td><td rowspan="1">73722</td></tr><tr class="passedodd"><td><a href="#m163">ValidateClickTestingOfMicrosoftProjectPlanPage</a></td><td rowspan="1">1687996894674</td><td rowspan="1">52738</td></tr><tr class="passedodd"><td><a href="#m164">ValidateClickTestingOfQuickBooksPage</a></td><td rowspan="1">1687996947414</td><td rowspan="1">44874</td></tr><tr class="passedodd"><td><a href="#m165">ValidateClickTestingOfSalesForcePage</a></td><td rowspan="1">1687996992290</td><td rowspan="1">36770</td></tr><tr class="passedodd"><td><a href="#m166">ValidateClickTestingOfTrelloPage</a></td><td rowspan="1">1687997029063</td><td rowspan="1">47082</td></tr><tr class="passedodd"><td><a href="#m167">ValidateClickTestingOfTwilioPage</a></td><td rowspan="1">1687997076148</td><td rowspan="1">58500</td></tr><tr class="passedodd"><td><a href="#m168">ValidateClickTestingOfUnifiedSetupPage</a></td><td rowspan="1">1687997134651</td><td rowspan="1">44241</td></tr><tr class="passedeven"><td rowspan="4">testcases.MSPModuleTest</td><td><a href="#m169">ValidateClickTestingOfAddPackagesPage</a></td><td rowspan="1">1687989452804</td><td rowspan="1">37117</td></tr><tr class="passedeven"><td><a href="#m170">ValidateClickTestingOfAddSubscriptionPage</a></td><td rowspan="1">1687989489924</td><td rowspan="1">59806</td></tr><tr class="passedeven"><td><a href="#m171">ValidateClickTestingOfManagePackagesPage</a></td><td rowspan="1">1687989549733</td><td rowspan="1">53608</td></tr><tr class="passedeven"><td><a href="#m172">ValidateClickTestingOfManageSubscriptionPage</a></td><td rowspan="1">1687989603344</td><td rowspan="1">64054</td></tr><tr class="passedodd"><td rowspan="5">testcases.PerformanceReviewTest</td><td><a href="#m173">ValidateClickTestingOfPerformanceReviewPage</a></td><td rowspan="1">1687990796230</td><td rowspan="1">23667</td></tr><tr class="passedodd"><td><a href="#m174">ValidateClickTestingOfPerformanceReviewReportPage</a></td><td rowspan="1">1687990819900</td><td rowspan="1">49835</td></tr><tr class="passedodd"><td><a href="#m175">ValidateClickTestingOfProvideFeedbackPage</a></td><td rowspan="1">1687990869738</td><td rowspan="1">36599</td></tr><tr class="passedodd"><td><a href="#m176">ValidateClickTestingOfProvideReviewPage</a></td><td rowspan="1">1687990906343</td><td rowspan="1">36340</td></tr><tr class="passedodd"><td><a href="#m177">ValidateClickTestingOfReviewPage</a></td><td rowspan="1">1687990942686</td><td rowspan="1">52531</td></tr><tr class="passedeven"><td rowspan="10">testcases.ProjectManagementTest</td><td><a href="#m178">ValidateClickTestingOfGlobalTaskPage</a></td><td rowspan="1">1687995883901</td><td rowspan="1">59510</td></tr><tr class="passedeven"><td><a href="#m179">ValidateClickTestingOfProjectPage</a></td><td rowspan="1">1687995943413</td><td rowspan="1">115802</td></tr><tr class="passedeven"><td><a href="#m180">ValidateClickTestingOfProjectReportPage</a></td><td rowspan="1">1687996059217</td><td rowspan="1">53417</td></tr><tr class="passedeven"><td><a href="#m181">ValidateClickTestingOfProjectRequestPage</a></td><td rowspan="1">1687996112637</td><td rowspan="1">64075</td></tr><tr class="passedeven"><td><a href="#m182">ValidateClickTestingOfQuotesPage</a></td><td rowspan="1">1687996176713</td><td rowspan="1">56597</td></tr><tr class="passedeven"><td><a href="#m183">ValidateClickTestingOfRequestedTimeListPage</a></td><td rowspan="1">1687996233312</td><td rowspan="1">37775</td></tr><tr class="passedeven"><td><a href="#m184">ValidateClickTestingOfResourceImpactPage</a></td><td rowspan="1">1687996271089</td><td rowspan="1">51299</td></tr><tr class="passedeven"><td><a href="#m185">ValidateClickTestingOfResourceSchedulingPage</a></td><td rowspan="1">1687996322390</td><td rowspan="1">52571</td></tr><tr class="passedeven"><td><a href="#m186">ValidateClickTestingOfTaskPage</a></td><td rowspan="1">1687996374964</td><td rowspan="1">47442</td></tr><tr class="passedeven"><td><a href="#m187">ValidateClickTestingOfToDoListPage</a></td><td rowspan="1">1687996422408</td><td rowspan="1">93799</td></tr><tr class="passedodd"><td rowspan="30">testcases.TicketingTest</td><td><a href="#m188">ValidateClickTestingOfAddTicketPage</a></td><td rowspan="1">1687992056294</td><td rowspan="1">58519</td></tr><tr class="passedodd"><td><a href="#m189">ValidateClickTestingOfAddticketGroupPage</a></td><td rowspan="1">1687992589024</td><td rowspan="1">51941</td></tr><tr class="passedodd"><td><a href="#m190">ValidateClickTestingOfCallCenterSyncStatusPage</a></td><td rowspan="1">1687993140899</td><td rowspan="1">39226</td></tr><tr class="passedodd"><td><a href="#m191">ValidateClickTestingOfCannedReplyPage</a></td><td rowspan="1">1687992382642</td><td rowspan="1">70250</td></tr><tr class="passedodd"><td><a href="#m192">ValidateClickTestingOfDashBoardPage</a></td><td rowspan="1">1687993834000</td><td rowspan="1">45596</td></tr><tr class="passedodd"><td><a href="#m193">ValidateClickTestingOfFSMReportPage</a></td><td rowspan="1">1687993232648</td><td rowspan="1">40033</td></tr><tr class="passedodd"><td><a href="#m194">ValidateClickTestingOfFormBuilderPage</a></td><td rowspan="1">1687993180127</td><td rowspan="1">52517</td></tr><tr class="passedodd"><td><a href="#m195">ValidateClickTestingOfIncidentTypePage</a></td><td rowspan="1">1687994087394</td><td rowspan="1">67924</td></tr><tr class="passedodd"><td><a href="#m196">ValidateClickTestingOfKnowledgeBasePage</a></td><td rowspan="1">1687992815433</td><td rowspan="1">92160</td></tr><tr class="passedodd"><td><a href="#m197">ValidateClickTestingOfManageCategoryPage</a></td><td rowspan="1">1687992907599</td><td rowspan="1">55540</td></tr><tr class="passedodd"><td><a href="#m198">ValidateClickTestingOfManageMapConfigurationPage</a></td><td rowspan="1">1687993272683</td><td rowspan="1">56002</td></tr><tr class="passedodd"><td><a href="#m199">ValidateClickTestingOfManageServiceBoardPage</a></td><td rowspan="1">1687992501307</td><td rowspan="1">87714</td></tr><tr class="passedodd"><td><a href="#m200">ValidateClickTestingOfMapExtentPage</a></td><td rowspan="1">1687993328687</td><td rowspan="1">42927</td></tr><tr class="passedodd"><td><a href="#m201">ValidateClickTestingOfMyArticlesPage</a></td><td rowspan="1">1687992963145</td><td rowspan="1">93782</td></tr><tr class="passedodd"><td><a href="#m202">ValidateClickTestingOfProductPage</a></td><td rowspan="1">1687993056931</td><td rowspan="1">83966</td></tr><tr class="passedodd"><td><a href="#m203">ValidateClickTestingOfResourceTypePage</a></td><td rowspan="1">1687994155320</td><td rowspan="1">68879</td></tr><tr class="passedodd"><td><a href="#m204">ValidateClickTestingOfSLAPage</a></td><td rowspan="1">1687992729936</td><td rowspan="1">85493</td></tr><tr class="passedodd"><td><a href="#m205">ValidateClickTestingOfServiceAppointmentPage</a></td><td rowspan="1">1687993371617</td><td rowspan="1">135269</td></tr><tr class="passedodd"><td><a href="#m206">ValidateClickTestingOfServiceCrewPage</a></td><td rowspan="1">1687993506888</td><td rowspan="1">101566</td></tr><tr class="passedodd"><td><a href="#m207">ValidateClickTestingOfTechTrackingPage</a></td><td rowspan="1">1687993608456</td><td rowspan="1">37441</td></tr><tr class="passedodd"><td><a href="#m208">ValidateClickTestingOfTicketFeedbackPage</a></td><td rowspan="1">1687992307997</td><td rowspan="1">74643</td></tr><tr class="passedodd"><td><a href="#m209">ValidateClickTestingOfTicketGroupPage</a></td><td rowspan="1">1687992640968</td><td rowspan="1">88964</td></tr><tr class="passedodd"><td><a href="#m210">ValidateClickTestingOfTicketReportPage</a></td><td rowspan="1">1687992452898</td><td rowspan="1">48406</td></tr><tr class="passedodd"><td><a href="#m211">ValidateClickTestingOfTicketTypeListingPage</a></td><td rowspan="1">1687993879597</td><td rowspan="1">76770</td></tr><tr class="passedodd"><td><a href="#m212">ValidateClickTestingOfTicketingPage</a></td><td rowspan="1">1687991873622</td><td rowspan="1">182669</td></tr><tr class="passedodd"><td><a href="#m213">ValidateClickTestingOfTransformPendingPage</a></td><td rowspan="1">1687993645899</td><td rowspan="1">38018</td></tr><tr class="passedodd"><td><a href="#m214">ValidateClickTestingOfUnassignedTicketPage</a></td><td rowspan="1">1687992114815</td><td rowspan="1">193180</td></tr><tr class="passedodd"><td><a href="#m215">ValidateClickTestingOfWorkOrderPage</a></td><td rowspan="1">1687993956369</td><td rowspan="1">131023</td></tr><tr class="passedodd"><td><a href="#m216">ValidateClickTestingOfWorkTypeListingPage</a></td><td rowspan="1">1687993683919</td><td rowspan="1">99845</td></tr><tr class="passedodd"><td><a href="#m217">ValidateClickTestingOfZoneManagementPage</a></td><td rowspan="1">1687993783767</td><td rowspan="1">50231</td></tr><tr class="passedeven"><td rowspan="9">testcases.TimeTrackingTest</td><td><a href="#m218">ValidateClickTestingOfAuditRulePage</a></td><td rowspan="1">1687994236391</td><td rowspan="1">46440</td></tr><tr class="passedeven"><td><a href="#m219">ValidateClickTestingOfBulkTimeEntryPage</a></td><td rowspan="1">1687994282835</td><td rowspan="1">41441</td></tr><tr class="passedeven"><td><a href="#m220">ValidateClickTestingOfFlagTrackEntryPage</a></td><td rowspan="1">1687994324280</td><td rowspan="1">40487</td></tr><tr class="passedeven"><td><a href="#m221">ValidateClickTestingOfProjectReportPage</a></td><td rowspan="1">1687994364772</td><td rowspan="1">49702</td></tr><tr class="passedeven"><td><a href="#m222">ValidateClickTestingOfTimeApprovalPage</a></td><td rowspan="1">1687994484292</td><td rowspan="1">52549</td></tr><tr class="passedeven"><td><a href="#m223">ValidateClickTestingOfTimeReportPage</a></td><td rowspan="1">1687994414479</td><td rowspan="1">69810</td></tr><tr class="passedeven"><td><a href="#m224">ValidateClickTestingOfTimeSheetPage</a></td><td rowspan="1">1687994536843</td><td rowspan="1">38797</td></tr><tr class="passedeven"><td><a href="#m225">ValidateClickTestingOfTimeTrackPage</a></td><td rowspan="1">1687994575642</td><td rowspan="1">82264</td></tr><tr class="passedeven"><td><a href="#m226">ValidateClickTestingOfWorkDiaryPage</a></td><td rowspan="1">1687994657908</td><td rowspan="1">49271</td></tr><tr class="passedodd"><td rowspan="2">testcases.VendorTest</td><td><a href="#m227">ValidateClickTestingOfTrainingPage</a></td><td rowspan="1">1687990006528</td><td rowspan="1">24927</td></tr><tr class="passedodd"><td><a href="#m228">ValidateClickTestingOfVendorListingPage</a></td><td rowspan="1">1687990031458</td><td rowspan="1">54355</td></tr></tbody>
</table>
<h2>Test</h2><h3 id="m0">testcases.TrainingTest#reportWrapUp</h3><table class="result"><tr class="param"><th>Parameter #1</th><th>Parameter #2</th></tr><tr class="param stripe"><td>[TestResult name={null} status=CREATED method=TrainingTest.ValidateClickTestingOfTrainingReportPage()[pri:1, instance:testcases.TrainingTest@4d5d943d] output={null}]</td><td>public void testcases.TrainingTest.ValidateClickTestingOfTrainingReportPage()</td></tr><tr><th colspan="2">Exception</th></tr><tr><td colspan="2"><div class="stacktrace">org.openqa.selenium.TimeoutException: timeout: Timed out receiving message from renderer: 10.000
  (Session info: chrome=114.0.5735.198)
Build info: version: &apos;3.141.59&apos;, revision: &apos;e82be7d358&apos;, time: &apos;2018-11-14T08:17:03&apos;
System info: host: &apos;COG-WIN-MAC03&apos;, ip: &apos;192.168.0.159&apos;, os.name: &apos;Windows 10&apos;, os.arch: &apos;amd64&apos;, os.version: &apos;10.0&apos;, java.version: &apos;17.0.2&apos;
Driver info: org.openqa.selenium.chrome.ChromeDriver
Capabilities {acceptInsecureCerts: false, browserName: chrome, browserVersion: 114.0.5735.198, chrome: {chromedriverVersion: 114.0.5735.90 (386bc09e8f4f..., userDataDir: C:\Users\aanand\AppData\Loc...}, goog:chromeOptions: {debuggerAddress: localhost:53247}, javascriptEnabled: true, networkConnectionEnabled: false, pageLoadStrategy: normal, platform: WINDOWS, platformName: WINDOWS, proxy: Proxy(), setWindowRect: true, strictFileInteractability: false, timeouts: {implicit: 0, pageLoad: 300000, script: 30000}, unhandledPromptBehavior: dismiss and notify, webauthn:extension:credBlob: true, webauthn:extension:largeBlob: true, webauthn:extension:minPinLength: true, webauthn:extension:prf: true, webauthn:virtualAuthenticators: true}
Session ID: 7fdb595c8f4e7657554f52eb2eb3606e
	at org.openqa.selenium.remote.http.W3CHttpResponseCodec.createException(W3CHttpResponseCodec.java:187)
	at org.openqa.selenium.remote.http.W3CHttpResponseCodec.decode(W3CHttpResponseCodec.java:122)
	at org.openqa.selenium.remote.http.W3CHttpResponseCodec.decode(W3CHttpResponseCodec.java:49)
	at org.openqa.selenium.remote.HttpCommandExecutor.execute(HttpCommandExecutor.java:158)
	at org.openqa.selenium.remote.service.DriverCommandExecutor.execute(DriverCommandExecutor.java:83)
	at org.openqa.selenium.remote.RemoteWebDriver.execute(RemoteWebDriver.java:552)
	at org.openqa.selenium.remote.RemoteWebDriver.execute(RemoteWebDriver.java:609)
	at org.openqa.selenium.remote.RemoteWebDriver.getScreenshotAs(RemoteWebDriver.java:295)
	at utils.WebTestBase.reportWrapUp(WebTestBase.java:70)
	at java.base/java.util.ArrayList.forEach(ArrayList.java:1511)
... Removed 36 stack frames</div></td></tr></table><p class="totop"><a href="#summary">back to summary</a></p>
<h3 id="m1">testcases.TrainingTest#reportWrapUp</h3><table class="result"><tr class="param"><th>Parameter #1</th><th>Parameter #2</th></tr><tr class="param stripe"><td>[TestResult name={null} status=CREATED method=TrainingTest.ValidateClickTestingOfTrainingPage()[pri:0, instance:testcases.TrainingTest@4d5d943d] output={null}]</td><td>public void testcases.TrainingTest.ValidateClickTestingOfTrainingPage()</td></tr><tr><th colspan="2">Exception</th></tr><tr><td colspan="2"><div class="stacktrace">org.openqa.selenium.TimeoutException: timeout: Timed out receiving message from renderer: 10.000
  (Session info: chrome=114.0.5735.198)
Build info: version: &apos;3.141.59&apos;, revision: &apos;e82be7d358&apos;, time: &apos;2018-11-14T08:17:03&apos;
System info: host: &apos;COG-WIN-MAC03&apos;, ip: &apos;192.168.0.159&apos;, os.name: &apos;Windows 10&apos;, os.arch: &apos;amd64&apos;, os.version: &apos;10.0&apos;, java.version: &apos;17.0.2&apos;
Driver info: org.openqa.selenium.chrome.ChromeDriver
Capabilities {acceptInsecureCerts: false, browserName: chrome, browserVersion: 114.0.5735.198, chrome: {chromedriverVersion: 114.0.5735.90 (386bc09e8f4f..., userDataDir: C:\Users\aanand\AppData\Loc...}, goog:chromeOptions: {debuggerAddress: localhost:53247}, javascriptEnabled: true, networkConnectionEnabled: false, pageLoadStrategy: normal, platform: WINDOWS, platformName: WINDOWS, proxy: Proxy(), setWindowRect: true, strictFileInteractability: false, timeouts: {implicit: 0, pageLoad: 300000, script: 30000}, unhandledPromptBehavior: dismiss and notify, webauthn:extension:credBlob: true, webauthn:extension:largeBlob: true, webauthn:extension:minPinLength: true, webauthn:extension:prf: true, webauthn:virtualAuthenticators: true}
Session ID: 7fdb595c8f4e7657554f52eb2eb3606e
	at org.openqa.selenium.remote.http.W3CHttpResponseCodec.createException(W3CHttpResponseCodec.java:187)
	at org.openqa.selenium.remote.http.W3CHttpResponseCodec.decode(W3CHttpResponseCodec.java:122)
	at org.openqa.selenium.remote.http.W3CHttpResponseCodec.decode(W3CHttpResponseCodec.java:49)
	at org.openqa.selenium.remote.HttpCommandExecutor.execute(HttpCommandExecutor.java:158)
	at org.openqa.selenium.remote.service.DriverCommandExecutor.execute(DriverCommandExecutor.java:83)
	at org.openqa.selenium.remote.RemoteWebDriver.execute(RemoteWebDriver.java:552)
	at org.openqa.selenium.remote.RemoteWebDriver.execute(RemoteWebDriver.java:609)
	at org.openqa.selenium.remote.RemoteWebDriver.getScreenshotAs(RemoteWebDriver.java:295)
	at utils.WebTestBase.reportWrapUp(WebTestBase.java:70)
	at java.base/java.util.ArrayList.forEach(ArrayList.java:1511)
... Removed 36 stack frames</div></td></tr></table><p class="totop"><a href="#summary">back to summary</a></p>
<h3 id="m2">testcases.TrainingTest#setUp</h3><table class="result"><tr><th>Exception</th></tr><tr><td><div class="stacktrace">org.openqa.selenium.TimeoutException: timeout: Timed out receiving message from renderer: 298.032
  (Session info: chrome=114.0.5735.198)
Build info: version: &apos;3.141.59&apos;, revision: &apos;e82be7d358&apos;, time: &apos;2018-11-14T08:17:03&apos;
System info: host: &apos;COG-WIN-MAC03&apos;, ip: &apos;192.168.0.159&apos;, os.name: &apos;Windows 10&apos;, os.arch: &apos;amd64&apos;, os.version: &apos;10.0&apos;, java.version: &apos;17.0.2&apos;
Driver info: org.openqa.selenium.chrome.ChromeDriver
Capabilities {acceptInsecureCerts: false, browserName: chrome, browserVersion: 114.0.5735.198, chrome: {chromedriverVersion: 114.0.5735.90 (386bc09e8f4f..., userDataDir: C:\Users\aanand\AppData\Loc...}, goog:chromeOptions: {debuggerAddress: localhost:53247}, javascriptEnabled: true, networkConnectionEnabled: false, pageLoadStrategy: normal, platform: WINDOWS, platformName: WINDOWS, proxy: Proxy(), setWindowRect: true, strictFileInteractability: false, timeouts: {implicit: 0, pageLoad: 300000, script: 30000}, unhandledPromptBehavior: dismiss and notify, webauthn:extension:credBlob: true, webauthn:extension:largeBlob: true, webauthn:extension:minPinLength: true, webauthn:extension:prf: true, webauthn:virtualAuthenticators: true}
Session ID: 7fdb595c8f4e7657554f52eb2eb3606e
	at org.openqa.selenium.remote.http.W3CHttpResponseCodec.createException(W3CHttpResponseCodec.java:187)
	at org.openqa.selenium.remote.http.W3CHttpResponseCodec.decode(W3CHttpResponseCodec.java:122)
	at org.openqa.selenium.remote.http.W3CHttpResponseCodec.decode(W3CHttpResponseCodec.java:49)
	at org.openqa.selenium.remote.HttpCommandExecutor.execute(HttpCommandExecutor.java:158)
	at org.openqa.selenium.remote.service.DriverCommandExecutor.execute(DriverCommandExecutor.java:83)
	at org.openqa.selenium.remote.RemoteWebDriver.execute(RemoteWebDriver.java:552)
	at org.openqa.selenium.remote.RemoteWebDriver.get(RemoteWebDriver.java:277)
	at utils.WebTestBase.setUp(WebTestBase.java:52)
	at java.base/java.util.ArrayList.forEach(ArrayList.java:1511)
... Removed 29 stack frames</div></td></tr></table><p class="totop"><a href="#summary">back to summary</a></p>
<h3 id="m3">testcases.ApprovalTest#ValidateClickTestingOfApprovalGroupPage</h3><table class="result"><tr><th>Exception</th></tr><tr><td><div class="stacktrace">java.lang.AssertionError: java.lang.NullPointerException: Cannot invoke &quot;org.openqa.selenium.WebElement.clear()&quot; because &quot;element&quot; is null
	at utils.WebBasePage.enter(WebBasePage.java:81)
	at pageobjects.UserLoginPage.enterUserName(UserLoginPage.java:35)
	at pageobjects.UserLoginPage.forcefulLogOutLogin(UserLoginPage.java:80)
	at action.LoginAction.logoutLogin(LoginAction.java:25)
	at testcases.ApprovalTest.ValidateClickTestingOfApprovalGroupPage(ApprovalTest.java:36)
	at java.base/java.util.ArrayList.forEach(ArrayList.java:1511)
... Removed 28 stack frames</div></td></tr></table><p class="totop"><a href="#summary">back to summary</a></p>
<h3 id="m4">testcases.AssetManagementTest#ValidateClickTestingOfGroupListPage</h3><table class="result"><tr><th>Exception</th></tr><tr><td><div class="stacktrace">java.lang.AssertionError: Save Button -  element not present
	at utils.WebBasePage.click(WebBasePage.java:126)
	at pageobjects.AssetManagementPage.clickOnSaveButton(AssetManagementPage.java:56)
	at action.AssetManagementAstion.GoToGroupListPage(AssetManagementAstion.java:31)
	at testcases.AssetManagementTest.ValidateClickTestingOfGroupListPage(AssetManagementTest.java:27)
	at java.base/java.util.ArrayList.forEach(ArrayList.java:1511)
... Removed 28 stack frames</div></td></tr></table><p class="totop"><a href="#summary">back to summary</a></p>
<h3 id="m5">testcases.CrmTest#ValidateClickTestingOfAccountsPage</h3><table class="result"><tr><th>Exception</th></tr><tr><td><div class="stacktrace">java.lang.AssertionError: org.openqa.selenium.JavascriptException: javascript error: Cannot read properties of null (reading &apos;click&apos;)
  (Session info: chrome=114.0.5735.198)
Build info: version: &apos;3.141.59&apos;, revision: &apos;e82be7d358&apos;, time: &apos;2018-11-14T08:17:03&apos;
System info: host: &apos;COG-WIN-MAC03&apos;, ip: &apos;192.168.0.159&apos;, os.name: &apos;Windows 10&apos;, os.arch: &apos;amd64&apos;, os.version: &apos;10.0&apos;, java.version: &apos;17.0.2&apos;
Driver info: org.openqa.selenium.chrome.ChromeDriver
Capabilities {acceptInsecureCerts: false, browserName: chrome, browserVersion: 114.0.5735.198, chrome: {chromedriverVersion: 114.0.5735.90 (386bc09e8f4f..., userDataDir: C:\Users\aanand\AppData\Loc...}, goog:chromeOptions: {debuggerAddress: localhost:51026}, javascriptEnabled: true, networkConnectionEnabled: false, pageLoadStrategy: normal, platform: WINDOWS, platformName: WINDOWS, proxy: Proxy(), setWindowRect: true, strictFileInteractability: false, timeouts: {implicit: 0, pageLoad: 300000, script: 30000}, unhandledPromptBehavior: dismiss and notify, webauthn:extension:credBlob: true, webauthn:extension:largeBlob: true, webauthn:extension:minPinLength: true, webauthn:extension:prf: true, webauthn:virtualAuthenticators: true}
Session ID: f00f577d3d86929b5703b8de27f8e382
	at utils.WebBasePage.clickByJavascript(WebBasePage.java:274)
	at pageobjects.CrmPage.clickOnPageTourGuide(CrmPage.java:52)
	at action.CrmAction.GoToAccountsPage(CrmAction.java:30)
	at testcases.CrmTest.ValidateClickTestingOfAccountsPage(CrmTest.java:28)
	at java.base/java.util.ArrayList.forEach(ArrayList.java:1511)
... Removed 28 stack frames</div></td></tr></table><p class="totop"><a href="#summary">back to summary</a></p>
<h3 id="m6">testcases.CrmTest#ValidateClickTestingOfBrandPage</h3><table class="result"><tr><th>Exception</th></tr><tr><td><div class="stacktrace">java.lang.AssertionError: java.lang.NullPointerException: Cannot invoke &quot;org.openqa.selenium.WebElement.clear()&quot; because &quot;element&quot; is null
	at utils.WebBasePage.enter(WebBasePage.java:81)
	at pageobjects.UserLoginPage.enterUserName(UserLoginPage.java:35)
	at pageobjects.UserLoginPage.forcefulLogOutLogin(UserLoginPage.java:80)
	at action.LoginAction.logoutLogin(LoginAction.java:25)
	at testcases.CrmTest.ValidateClickTestingOfBrandPage(CrmTest.java:39)
	at java.base/java.util.ArrayList.forEach(ArrayList.java:1511)
... Removed 28 stack frames</div></td></tr></table><p class="totop"><a href="#summary">back to summary</a></p>
<h3 id="m7">testcases.CrmTest#ValidateClickTestingOfCampaignPage</h3><table class="result"><tr><th>Exception</th></tr><tr><td><div class="stacktrace">java.lang.AssertionError: org.openqa.selenium.JavascriptException: javascript error: Cannot read properties of null (reading &apos;click&apos;)
  (Session info: chrome=114.0.5735.198)
Build info: version: &apos;3.141.59&apos;, revision: &apos;e82be7d358&apos;, time: &apos;2018-11-14T08:17:03&apos;
System info: host: &apos;COG-WIN-MAC03&apos;, ip: &apos;192.168.0.159&apos;, os.name: &apos;Windows 10&apos;, os.arch: &apos;amd64&apos;, os.version: &apos;10.0&apos;, java.version: &apos;17.0.2&apos;
Driver info: org.openqa.selenium.chrome.ChromeDriver
Capabilities {acceptInsecureCerts: false, browserName: chrome, browserVersion: 114.0.5735.198, chrome: {chromedriverVersion: 114.0.5735.90 (386bc09e8f4f..., userDataDir: C:\Users\aanand\AppData\Loc...}, goog:chromeOptions: {debuggerAddress: localhost:51026}, javascriptEnabled: true, networkConnectionEnabled: false, pageLoadStrategy: normal, platform: WINDOWS, platformName: WINDOWS, proxy: Proxy(), setWindowRect: true, strictFileInteractability: false, timeouts: {implicit: 0, pageLoad: 300000, script: 30000}, unhandledPromptBehavior: dismiss and notify, webauthn:extension:credBlob: true, webauthn:extension:largeBlob: true, webauthn:extension:minPinLength: true, webauthn:extension:prf: true, webauthn:virtualAuthenticators: true}
Session ID: f00f577d3d86929b5703b8de27f8e382
	at utils.WebBasePage.clickByJavascript(WebBasePage.java:274)
	at pageobjects.UserLoginPage.forcefulLogOutLogin(UserLoginPage.java:78)
	at action.LoginAction.logoutLogin(LoginAction.java:25)
	at testcases.CrmTest.ValidateClickTestingOfCampaignPage(CrmTest.java:52)
	at java.base/java.util.ArrayList.forEach(ArrayList.java:1511)
... Removed 28 stack frames</div></td></tr></table><p class="totop"><a href="#summary">back to summary</a></p>
<h3 id="m8">testcases.CrmTest#ValidateClickTestingOfContactsPage</h3><table class="result"><tr><th>Exception</th></tr><tr><td><div class="stacktrace">java.lang.AssertionError: org.openqa.selenium.JavascriptException: javascript error: Cannot read properties of null (reading &apos;click&apos;)
  (Session info: chrome=114.0.5735.198)
Build info: version: &apos;3.141.59&apos;, revision: &apos;e82be7d358&apos;, time: &apos;2018-11-14T08:17:03&apos;
System info: host: &apos;COG-WIN-MAC03&apos;, ip: &apos;192.168.0.159&apos;, os.name: &apos;Windows 10&apos;, os.arch: &apos;amd64&apos;, os.version: &apos;10.0&apos;, java.version: &apos;17.0.2&apos;
Driver info: org.openqa.selenium.chrome.ChromeDriver
Capabilities {acceptInsecureCerts: false, browserName: chrome, browserVersion: 114.0.5735.198, chrome: {chromedriverVersion: 114.0.5735.90 (386bc09e8f4f..., userDataDir: C:\Users\aanand\AppData\Loc...}, goog:chromeOptions: {debuggerAddress: localhost:51026}, javascriptEnabled: true, networkConnectionEnabled: false, pageLoadStrategy: normal, platform: WINDOWS, platformName: WINDOWS, proxy: Proxy(), setWindowRect: true, strictFileInteractability: false, timeouts: {implicit: 0, pageLoad: 300000, script: 30000}, unhandledPromptBehavior: dismiss and notify, webauthn:extension:credBlob: true, webauthn:extension:largeBlob: true, webauthn:extension:minPinLength: true, webauthn:extension:prf: true, webauthn:virtualAuthenticators: true}
Session ID: f00f577d3d86929b5703b8de27f8e382
	at utils.WebBasePage.clickByJavascript(WebBasePage.java:274)
	at pageobjects.CrmPage.clickOnPageTourGuideForBrand(CrmPage.java:122)
	at action.CrmAction.GoToContactPage(CrmAction.java:77)
	at testcases.CrmTest.ValidateClickTestingOfContactsPage(CrmTest.java:80)
	at java.base/java.util.ArrayList.forEach(ArrayList.java:1511)
... Removed 28 stack frames</div></td></tr></table><p class="totop"><a href="#summary">back to summary</a></p>
<h3 id="m9">testcases.CrmTest#ValidateClickTestingOfContractsPage</h3><table class="result"><tr><th>Exception</th></tr><tr><td><div class="stacktrace">java.lang.AssertionError: java.lang.NullPointerException: Cannot invoke &quot;org.openqa.selenium.WebElement.clear()&quot; because &quot;element&quot; is null
	at utils.WebBasePage.enter(WebBasePage.java:81)
	at pageobjects.UserLoginPage.enterUserName(UserLoginPage.java:35)
	at pageobjects.UserLoginPage.forcefulLogOutLogin(UserLoginPage.java:80)
	at action.LoginAction.logoutLogin(LoginAction.java:25)
	at testcases.CrmTest.ValidateClickTestingOfContractsPage(CrmTest.java:91)
	at java.base/java.util.ArrayList.forEach(ArrayList.java:1511)
... Removed 28 stack frames</div></td></tr></table><p class="totop"><a href="#summary">back to summary</a></p>
<h3 id="m10">testcases.CrmTest#ValidateClickTestingOfDEalsPage</h3><table class="result"><tr><th>Exception</th></tr><tr><td><div class="stacktrace">java.lang.AssertionError: org.openqa.selenium.JavascriptException: javascript error: Cannot read properties of null (reading &apos;click&apos;)
  (Session info: chrome=114.0.5735.198)
Build info: version: &apos;3.141.59&apos;, revision: &apos;e82be7d358&apos;, time: &apos;2018-11-14T08:17:03&apos;
System info: host: &apos;COG-WIN-MAC03&apos;, ip: &apos;192.168.0.159&apos;, os.name: &apos;Windows 10&apos;, os.arch: &apos;amd64&apos;, os.version: &apos;10.0&apos;, java.version: &apos;17.0.2&apos;
Driver info: org.openqa.selenium.chrome.ChromeDriver
Capabilities {acceptInsecureCerts: false, browserName: chrome, browserVersion: 114.0.5735.198, chrome: {chromedriverVersion: 114.0.5735.90 (386bc09e8f4f..., userDataDir: C:\Users\aanand\AppData\Loc...}, goog:chromeOptions: {debuggerAddress: localhost:51026}, javascriptEnabled: true, networkConnectionEnabled: false, pageLoadStrategy: normal, platform: WINDOWS, platformName: WINDOWS, proxy: Proxy(), setWindowRect: true, strictFileInteractability: false, timeouts: {implicit: 0, pageLoad: 300000, script: 30000}, unhandledPromptBehavior: dismiss and notify, webauthn:extension:credBlob: true, webauthn:extension:largeBlob: true, webauthn:extension:minPinLength: true, webauthn:extension:prf: true, webauthn:virtualAuthenticators: true}
Session ID: f00f577d3d86929b5703b8de27f8e382
	at utils.WebBasePage.clickByJavascript(WebBasePage.java:274)
	at pageobjects.CrmPage.clickOnPageTourGuideForBrand(CrmPage.java:122)
	at action.CrmAction.GoToDealsPage(CrmAction.java:106)
	at testcases.CrmTest.ValidateClickTestingOfDEalsPage(CrmTest.java:119)
	at java.base/java.util.ArrayList.forEach(ArrayList.java:1511)
... Removed 28 stack frames</div></td></tr></table><p class="totop"><a href="#summary">back to summary</a></p>
<h3 id="m11">testcases.CrmTest#ValidateClickTestingOfInvoicePage</h3><table class="result"><tr><th>Exception</th></tr><tr><td><div class="stacktrace">java.lang.AssertionError: Filter -  element not present
	at utils.WebBasePage.click(WebBasePage.java:126)
	at pageobjects.CrmPage.clickOnFilter(CrmPage.java:208)
	at action.CrmAction.GoToInvoicePage(CrmAction.java:128)
	at testcases.CrmTest.ValidateClickTestingOfInvoicePage(CrmTest.java:145)
	at java.base/java.util.ArrayList.forEach(ArrayList.java:1511)
... Removed 28 stack frames</div></td></tr></table><p class="totop"><a href="#summary">back to summary</a></p>
<h3 id="m12">testcases.CrmTest#ValidateClickTestingOfLeadPage</h3><table class="result"><tr><th>Exception</th></tr><tr><td><div class="stacktrace">java.lang.AssertionError: org.openqa.selenium.JavascriptException: javascript error: Cannot read properties of null (reading &apos;click&apos;)
  (Session info: chrome=114.0.5735.198)
Build info: version: &apos;3.141.59&apos;, revision: &apos;e82be7d358&apos;, time: &apos;2018-11-14T08:17:03&apos;
System info: host: &apos;COG-WIN-MAC03&apos;, ip: &apos;192.168.0.159&apos;, os.name: &apos;Windows 10&apos;, os.arch: &apos;amd64&apos;, os.version: &apos;10.0&apos;, java.version: &apos;17.0.2&apos;
Driver info: org.openqa.selenium.chrome.ChromeDriver
Capabilities {acceptInsecureCerts: false, browserName: chrome, browserVersion: 114.0.5735.198, chrome: {chromedriverVersion: 114.0.5735.90 (386bc09e8f4f..., userDataDir: C:\Users\aanand\AppData\Loc...}, goog:chromeOptions: {debuggerAddress: localhost:51026}, javascriptEnabled: true, networkConnectionEnabled: false, pageLoadStrategy: normal, platform: WINDOWS, platformName: WINDOWS, proxy: Proxy(), setWindowRect: true, strictFileInteractability: false, timeouts: {implicit: 0, pageLoad: 300000, script: 30000}, unhandledPromptBehavior: dismiss and notify, webauthn:extension:credBlob: true, webauthn:extension:largeBlob: true, webauthn:extension:minPinLength: true, webauthn:extension:prf: true, webauthn:virtualAuthenticators: true}
Session ID: f00f577d3d86929b5703b8de27f8e382
	at utils.WebBasePage.clickByJavascript(WebBasePage.java:274)
	at pageobjects.CrmPage.clickOnPageTourGuideForBrand(CrmPage.java:122)
	at action.CrmAction.GoToLeadPage(CrmAction.java:152)
	at testcases.CrmTest.ValidateClickTestingOfLeadPage(CrmTest.java:171)
	at java.base/java.util.ArrayList.forEach(ArrayList.java:1511)
... Removed 28 stack frames</div></td></tr></table><p class="totop"><a href="#summary">back to summary</a></p>
<h3 id="m13">testcases.CrmTest#ValidateClickTestingOfManageProductPage</h3><table class="result"><tr><th>Exception</th></tr><tr><td><div class="stacktrace">java.lang.AssertionError: java.lang.NullPointerException: Cannot invoke &quot;org.openqa.selenium.WebElement.clear()&quot; because &quot;element&quot; is null
	at utils.WebBasePage.enter(WebBasePage.java:81)
	at pageobjects.UserLoginPage.enterUserName(UserLoginPage.java:35)
	at pageobjects.UserLoginPage.forcefulLogOutLogin(UserLoginPage.java:80)
	at action.LoginAction.logoutLogin(LoginAction.java:25)
	at testcases.CrmTest.ValidateClickTestingOfManageProductPage(CrmTest.java:182)
	at java.base/java.util.ArrayList.forEach(ArrayList.java:1511)
... Removed 28 stack frames</div></td></tr></table><p class="totop"><a href="#summary">back to summary</a></p>
<h3 id="m14">testcases.CrmTest#ValidateClickTestingOfPriceBookPage</h3><table class="result"><tr><th>Exception</th></tr><tr><td><div class="stacktrace">java.lang.AssertionError: org.openqa.selenium.JavascriptException: javascript error: Cannot read properties of null (reading &apos;click&apos;)
  (Session info: chrome=114.0.5735.198)
Build info: version: &apos;3.141.59&apos;, revision: &apos;e82be7d358&apos;, time: &apos;2018-11-14T08:17:03&apos;
System info: host: &apos;COG-WIN-MAC03&apos;, ip: &apos;192.168.0.159&apos;, os.name: &apos;Windows 10&apos;, os.arch: &apos;amd64&apos;, os.version: &apos;10.0&apos;, java.version: &apos;17.0.2&apos;
Driver info: org.openqa.selenium.chrome.ChromeDriver
Capabilities {acceptInsecureCerts: false, browserName: chrome, browserVersion: 114.0.5735.198, chrome: {chromedriverVersion: 114.0.5735.90 (386bc09e8f4f..., userDataDir: C:\Users\aanand\AppData\Loc...}, goog:chromeOptions: {debuggerAddress: localhost:51026}, javascriptEnabled: true, networkConnectionEnabled: false, pageLoadStrategy: normal, platform: WINDOWS, platformName: WINDOWS, proxy: Proxy(), setWindowRect: true, strictFileInteractability: false, timeouts: {implicit: 0, pageLoad: 300000, script: 30000}, unhandledPromptBehavior: dismiss and notify, webauthn:extension:credBlob: true, webauthn:extension:largeBlob: true, webauthn:extension:minPinLength: true, webauthn:extension:prf: true, webauthn:virtualAuthenticators: true}
Session ID: f00f577d3d86929b5703b8de27f8e382
	at utils.WebBasePage.clickByJavascript(WebBasePage.java:274)
	at pageobjects.CrmPage.clickOnPageTourGuideForBrand(CrmPage.java:122)
	at action.CrmAction.GoToPriceBookPage(CrmAction.java:191)
	at testcases.CrmTest.ValidateClickTestingOfPriceBookPage(CrmTest.java:197)
	at java.base/java.util.ArrayList.forEach(ArrayList.java:1511)
... Removed 28 stack frames</div></td></tr></table><p class="totop"><a href="#summary">back to summary</a></p>
<h3 id="m15">testcases.CrmTest#ValidateClickTestingOfProductPage</h3><table class="result"><tr><th>Exception</th></tr><tr><td><div class="stacktrace">java.lang.AssertionError: java.lang.NullPointerException: Cannot invoke &quot;org.openqa.selenium.WebElement.clear()&quot; because &quot;element&quot; is null
	at utils.WebBasePage.enter(WebBasePage.java:81)
	at pageobjects.UserLoginPage.enterUserName(UserLoginPage.java:35)
	at pageobjects.UserLoginPage.forcefulLogOutLogin(UserLoginPage.java:80)
	at action.LoginAction.logoutLogin(LoginAction.java:25)
	at testcases.CrmTest.ValidateClickTestingOfProductPage(CrmTest.java:208)
	at java.base/java.util.ArrayList.forEach(ArrayList.java:1511)
... Removed 28 stack frames</div></td></tr></table><p class="totop"><a href="#summary">back to summary</a></p>
<h3 id="m16">testcases.CrmTest#ValidateClickTestingOfProductTypePage</h3><table class="result"><tr><th>Exception</th></tr><tr><td><div class="stacktrace">java.lang.AssertionError: java.lang.NullPointerException: Cannot invoke &quot;org.openqa.selenium.WebElement.clear()&quot; because &quot;element&quot; is null
	at utils.WebBasePage.enter(WebBasePage.java:81)
	at pageobjects.UserLoginPage.enterUserName(UserLoginPage.java:35)
	at pageobjects.UserLoginPage.forcefulLogOutLogin(UserLoginPage.java:80)
	at action.LoginAction.logoutLogin(LoginAction.java:25)
	at testcases.CrmTest.ValidateClickTestingOfProductTypePage(CrmTest.java:156)
	at java.base/java.util.ArrayList.forEach(ArrayList.java:1511)
... Removed 28 stack frames</div></td></tr></table><p class="totop"><a href="#summary">back to summary</a></p>
<h3 id="m17">testcases.CrmTest#ValidateClickTestingOfPurchaseOrderPage</h3><table class="result"><tr><th>Exception</th></tr><tr><td><div class="stacktrace">java.lang.AssertionError: org.openqa.selenium.JavascriptException: javascript error: Cannot read properties of null (reading &apos;click&apos;)
  (Session info: chrome=114.0.5735.198)
Build info: version: &apos;3.141.59&apos;, revision: &apos;e82be7d358&apos;, time: &apos;2018-11-14T08:17:03&apos;
System info: host: &apos;COG-WIN-MAC03&apos;, ip: &apos;192.168.0.159&apos;, os.name: &apos;Windows 10&apos;, os.arch: &apos;amd64&apos;, os.version: &apos;10.0&apos;, java.version: &apos;17.0.2&apos;
Driver info: org.openqa.selenium.chrome.ChromeDriver
Capabilities {acceptInsecureCerts: false, browserName: chrome, browserVersion: 114.0.5735.198, chrome: {chromedriverVersion: 114.0.5735.90 (386bc09e8f4f..., userDataDir: C:\Users\aanand\AppData\Loc...}, goog:chromeOptions: {debuggerAddress: localhost:51026}, javascriptEnabled: true, networkConnectionEnabled: false, pageLoadStrategy: normal, platform: WINDOWS, platformName: WINDOWS, proxy: Proxy(), setWindowRect: true, strictFileInteractability: false, timeouts: {implicit: 0, pageLoad: 300000, script: 30000}, unhandledPromptBehavior: dismiss and notify, webauthn:extension:credBlob: true, webauthn:extension:largeBlob: true, webauthn:extension:minPinLength: true, webauthn:extension:prf: true, webauthn:virtualAuthenticators: true}
Session ID: f00f577d3d86929b5703b8de27f8e382
	at utils.WebBasePage.clickByJavascript(WebBasePage.java:274)
	at pageobjects.CrmPage.clickOnPageTourGuideForBrand(CrmPage.java:122)
	at action.CrmAction.GoToPurchaseOrderPage(CrmAction.java:217)
	at testcases.CrmTest.ValidateClickTestingOfPurchaseOrderPage(CrmTest.java:223)
	at java.base/java.util.ArrayList.forEach(ArrayList.java:1511)
... Removed 28 stack frames</div></td></tr></table><p class="totop"><a href="#summary">back to summary</a></p>
<h3 id="m18">testcases.CrmTest#ValidateClickTestingOfQuotePage</h3><table class="result"><tr><th>Exception</th></tr><tr><td><div class="stacktrace">java.lang.AssertionError: java.lang.NullPointerException: Cannot invoke &quot;org.openqa.selenium.WebElement.clear()&quot; because &quot;element&quot; is null
	at utils.WebBasePage.enter(WebBasePage.java:81)
	at pageobjects.UserLoginPage.enterUserName(UserLoginPage.java:35)
	at pageobjects.UserLoginPage.forcefulLogOutLogin(UserLoginPage.java:80)
	at action.LoginAction.logoutLogin(LoginAction.java:25)
	at testcases.CrmTest.ValidateClickTestingOfQuotePage(CrmTest.java:234)
	at java.base/java.util.ArrayList.forEach(ArrayList.java:1511)
... Removed 28 stack frames</div></td></tr></table><p class="totop"><a href="#summary">back to summary</a></p>
<h3 id="m19">testcases.CrmTest#ValidateClickTestingOfSalesOrderPage</h3><table class="result"><tr><th>Exception</th></tr><tr><td><div class="stacktrace">java.lang.AssertionError: org.openqa.selenium.JavascriptException: javascript error: Cannot read properties of null (reading &apos;click&apos;)
  (Session info: chrome=114.0.5735.198)
Build info: version: &apos;3.141.59&apos;, revision: &apos;e82be7d358&apos;, time: &apos;2018-11-14T08:17:03&apos;
System info: host: &apos;COG-WIN-MAC03&apos;, ip: &apos;192.168.0.159&apos;, os.name: &apos;Windows 10&apos;, os.arch: &apos;amd64&apos;, os.version: &apos;10.0&apos;, java.version: &apos;17.0.2&apos;
Driver info: org.openqa.selenium.chrome.ChromeDriver
Capabilities {acceptInsecureCerts: false, browserName: chrome, browserVersion: 114.0.5735.198, chrome: {chromedriverVersion: 114.0.5735.90 (386bc09e8f4f..., userDataDir: C:\Users\aanand\AppData\Loc...}, goog:chromeOptions: {debuggerAddress: localhost:51026}, javascriptEnabled: true, networkConnectionEnabled: false, pageLoadStrategy: normal, platform: WINDOWS, platformName: WINDOWS, proxy: Proxy(), setWindowRect: true, strictFileInteractability: false, timeouts: {implicit: 0, pageLoad: 300000, script: 30000}, unhandledPromptBehavior: dismiss and notify, webauthn:extension:credBlob: true, webauthn:extension:largeBlob: true, webauthn:extension:minPinLength: true, webauthn:extension:prf: true, webauthn:virtualAuthenticators: true}
Session ID: f00f577d3d86929b5703b8de27f8e382
	at utils.WebBasePage.clickByJavascript(WebBasePage.java:274)
	at pageobjects.CrmPage.clickOnPageTourGuideForBrand(CrmPage.java:122)
	at action.CrmAction.GoToSalesOrderPage(CrmAction.java:245)
	at testcases.CrmTest.ValidateClickTestingOfSalesOrderPage(CrmTest.java:249)
	at java.base/java.util.ArrayList.forEach(ArrayList.java:1511)
... Removed 28 stack frames</div></td></tr></table><p class="totop"><a href="#summary">back to summary</a></p>
<h3 id="m20">testcases.CrmTest#ValidateClickTestingOfStagesPage</h3><table class="result"><tr><th>Exception</th></tr><tr><td><div class="stacktrace">java.lang.AssertionError: java.lang.NullPointerException: Cannot invoke &quot;org.openqa.selenium.WebElement.clear()&quot; because &quot;element&quot; is null
	at utils.WebBasePage.enter(WebBasePage.java:81)
	at pageobjects.UserLoginPage.enterUserName(UserLoginPage.java:35)
	at pageobjects.UserLoginPage.forcefulLogOutLogin(UserLoginPage.java:80)
	at action.LoginAction.logoutLogin(LoginAction.java:25)
	at testcases.CrmTest.ValidateClickTestingOfStagesPage(CrmTest.java:260)
	at java.base/java.util.ArrayList.forEach(ArrayList.java:1511)
... Removed 28 stack frames</div></td></tr></table><p class="totop"><a href="#summary">back to summary</a></p>
<h3 id="m21">testcases.CrmTest#ValidateClickTestingOfVendorPage</h3><table class="result"><tr><th>Exception</th></tr><tr><td><div class="stacktrace">java.lang.AssertionError: Filter -  element not present
	at utils.WebBasePage.click(WebBasePage.java:126)
	at pageobjects.CrmPage.clickOnFilter(CrmPage.java:208)
	at action.CrmAction.GoToVendorPage(CrmAction.java:274)
	at testcases.CrmTest.ValidateClickTestingOfVendorPage(CrmTest.java:275)
	at java.base/java.util.ArrayList.forEach(ArrayList.java:1511)
... Removed 28 stack frames</div></td></tr></table><p class="totop"><a href="#summary">back to summary</a></p>
<h3 id="m22">testcases.CrmTest#ValidateClickTestingOfgoodsInwardPage</h3><table class="result"><tr><th>Exception</th></tr><tr><td><div class="stacktrace">java.lang.AssertionError: java.lang.NullPointerException: Cannot invoke &quot;org.openqa.selenium.WebElement.clear()&quot; because &quot;element&quot; is null
	at utils.WebBasePage.enter(WebBasePage.java:81)
	at pageobjects.UserLoginPage.enterUserName(UserLoginPage.java:35)
	at pageobjects.UserLoginPage.forcefulLogOutLogin(UserLoginPage.java:80)
	at action.LoginAction.logoutLogin(LoginAction.java:25)
	at testcases.CrmTest.ValidateClickTestingOfgoodsInwardPage(CrmTest.java:130)
	at java.base/java.util.ArrayList.forEach(ArrayList.java:1511)
... Removed 28 stack frames</div></td></tr></table><p class="totop"><a href="#summary">back to summary</a></p>
<h3 id="m23">testcases.DocumentStorageTest#ValidateClickTestingOfManageClientStoragePage</h3><table class="result"><tr><th>Exception</th></tr><tr><td><div class="stacktrace">java.lang.AssertionError: Check Box -  element not present
	at utils.WebBasePage.click(WebBasePage.java:126)
	at pageobjects.DocumentStoragePage.clickOnCheckBox(DocumentStoragePage.java:49)
	at action.DocumentStorageAction.GoToManageClientStoragePage(DocumentStorageAction.java:30)
	at testcases.DocumentStorageTest.ValidateClickTestingOfManageClientStoragePage(DocumentStorageTest.java:27)
	at java.base/java.util.ArrayList.forEach(ArrayList.java:1511)
... Removed 28 stack frames</div></td></tr></table><p class="totop"><a href="#summary">back to summary</a></p>
<h3 id="m24">testcases.DocumentStorageTest#ValidateClickTestingOfManageUserStoragePage</h3><table class="result"><tr><th>Exception</th></tr><tr><td><div class="stacktrace">java.lang.AssertionError: java.lang.NullPointerException: Cannot invoke &quot;org.openqa.selenium.WebElement.clear()&quot; because &quot;element&quot; is null
	at utils.WebBasePage.enter(WebBasePage.java:81)
	at pageobjects.UserLoginPage.enterUserName(UserLoginPage.java:35)
	at pageobjects.UserLoginPage.forcefulLogOutLogin(UserLoginPage.java:80)
	at action.LoginAction.logoutLogin(LoginAction.java:25)
	at testcases.DocumentStorageTest.ValidateClickTestingOfManageUserStoragePage(DocumentStorageTest.java:38)
	at java.base/java.util.ArrayList.forEach(ArrayList.java:1511)
... Removed 28 stack frames</div></td></tr></table><p class="totop"><a href="#summary">back to summary</a></p>
<h3 id="m25">testcases.DocumentStorageTest#ValidateClickTestingOfUserStorageReportPage</h3><table class="result"><tr><th>Exception</th></tr><tr><td><div class="stacktrace">java.lang.AssertionError: List View -  element not present
	at utils.WebBasePage.click(WebBasePage.java:126)
	at pageobjects.DocumentStoragePage.clickOnListView(DocumentStoragePage.java:106)
	at action.DocumentStorageAction.GoToUserStorageReportPage(DocumentStorageAction.java:48)
	at testcases.DocumentStorageTest.ValidateClickTestingOfUserStorageReportPage(DocumentStorageTest.java:53)
	at java.base/java.util.ArrayList.forEach(ArrayList.java:1511)
... Removed 28 stack frames</div></td></tr></table><p class="totop"><a href="#summary">back to summary</a></p>
<h3 id="m26">testcases.HiringTest#ValidateClickTestingOfGroupListListPage</h3><table class="result"><tr><th>Exception</th></tr><tr><td><div class="stacktrace">java.lang.AssertionError: java.lang.NullPointerException: Cannot invoke &quot;org.openqa.selenium.WebElement.clear()&quot; because &quot;element&quot; is null
	at utils.WebBasePage.enter(WebBasePage.java:81)
	at pageobjects.UserLoginPage.enterUserName(UserLoginPage.java:35)
	at pageobjects.UserLoginPage.forcefulLogOutLogin(UserLoginPage.java:80)
	at action.LoginAction.logoutLogin(LoginAction.java:25)
	at testcases.HiringTest.ValidateClickTestingOfGroupListListPage(HiringTest.java:51)
	at java.base/java.util.ArrayList.forEach(ArrayList.java:1511)
... Removed 28 stack frames</div></td></tr></table><p class="totop"><a href="#summary">back to summary</a></p>
<h3 id="m27">testcases.HiringTest#ValidateClickTestingOfjobListListPage</h3><table class="result"><tr><th>Exception</th></tr><tr><td><div class="stacktrace">java.lang.AssertionError: Close Notify Message -  element not present
	at utils.WebBasePage.click(WebBasePage.java:126)
	at pageobjects.HiringPage.clickOnCloseNotifyMessageButton(HiringPage.java:70)
	at action.HiringAction.GoToJobListPage(HiringAction.java:74)
	at testcases.HiringTest.ValidateClickTestingOfjobListListPage(HiringTest.java:66)
	at java.base/java.util.ArrayList.forEach(ArrayList.java:1511)
... Removed 28 stack frames</div></td></tr></table><p class="totop"><a href="#summary">back to summary</a></p>
<h3 id="m28">testcases.HumanResourcesTest#ValidateClickTestingOfGroupListPage</h3><table class="result"><tr><th>Exception</th></tr><tr><td><div class="stacktrace">java.lang.AssertionError: java.lang.NullPointerException: Cannot invoke &quot;org.openqa.selenium.WebElement.clear()&quot; because &quot;element&quot; is null
	at utils.WebBasePage.enter(WebBasePage.java:81)
	at pageobjects.UserLoginPage.enterUserName(UserLoginPage.java:35)
	at pageobjects.UserLoginPage.forcefulLogOutLogin(UserLoginPage.java:80)
	at action.LoginAction.logoutLogin(LoginAction.java:25)
	at testcases.HumanResourcesTest.ValidateClickTestingOfGroupListPage(HumanResourcesTest.java:90)
	at java.base/java.util.ArrayList.forEach(ArrayList.java:1511)
... Removed 28 stack frames</div></td></tr></table><p class="totop"><a href="#summary">back to summary</a></p>
<h3 id="m29">testcases.TrainingTest#beforeMethod</h3><table class="result"><tr><th class="invisible"/></tr></table><p class="totop"><a href="#summary">back to summary</a></p>
<h3 id="m30">testcases.TrainingTest#beforeMethod</h3><table class="result"><tr><th class="invisible"/></tr></table><p class="totop"><a href="#summary">back to summary</a></p>
<h3 id="m31">testcases.TrainingTest#ValidateClickTestingOfTrainingPage</h3><table class="result"><tr><th>Exception</th></tr><tr><td><div class="stacktrace">org.openqa.selenium.TimeoutException: timeout: Timed out receiving message from renderer: 298.032
  (Session info: chrome=114.0.5735.198)
Build info: version: &apos;3.141.59&apos;, revision: &apos;e82be7d358&apos;, time: &apos;2018-11-14T08:17:03&apos;
System info: host: &apos;COG-WIN-MAC03&apos;, ip: &apos;192.168.0.159&apos;, os.name: &apos;Windows 10&apos;, os.arch: &apos;amd64&apos;, os.version: &apos;10.0&apos;, java.version: &apos;17.0.2&apos;
Driver info: org.openqa.selenium.chrome.ChromeDriver
Capabilities {acceptInsecureCerts: false, browserName: chrome, browserVersion: 114.0.5735.198, chrome: {chromedriverVersion: 114.0.5735.90 (386bc09e8f4f..., userDataDir: C:\Users\aanand\AppData\Loc...}, goog:chromeOptions: {debuggerAddress: localhost:53247}, javascriptEnabled: true, networkConnectionEnabled: false, pageLoadStrategy: normal, platform: WINDOWS, platformName: WINDOWS, proxy: Proxy(), setWindowRect: true, strictFileInteractability: false, timeouts: {implicit: 0, pageLoad: 300000, script: 30000}, unhandledPromptBehavior: dismiss and notify, webauthn:extension:credBlob: true, webauthn:extension:largeBlob: true, webauthn:extension:minPinLength: true, webauthn:extension:prf: true, webauthn:virtualAuthenticators: true}
Session ID: 7fdb595c8f4e7657554f52eb2eb3606e
	at org.openqa.selenium.remote.http.W3CHttpResponseCodec.createException(W3CHttpResponseCodec.java:187)
	at org.openqa.selenium.remote.http.W3CHttpResponseCodec.decode(W3CHttpResponseCodec.java:122)
	at org.openqa.selenium.remote.http.W3CHttpResponseCodec.decode(W3CHttpResponseCodec.java:49)
	at org.openqa.selenium.remote.HttpCommandExecutor.execute(HttpCommandExecutor.java:158)
	at org.openqa.selenium.remote.service.DriverCommandExecutor.execute(DriverCommandExecutor.java:83)
	at org.openqa.selenium.remote.RemoteWebDriver.execute(RemoteWebDriver.java:552)
	at org.openqa.selenium.remote.RemoteWebDriver.get(RemoteWebDriver.java:277)
	at utils.WebTestBase.setUp(WebTestBase.java:52)
	at java.base/java.util.ArrayList.forEach(ArrayList.java:1511)
... Removed 29 stack frames</div></td></tr></table><p class="totop"><a href="#summary">back to summary</a></p>
<h3 id="m32">testcases.TrainingTest#ValidateClickTestingOfTrainingReportPage</h3><table class="result"><tr><th>Exception</th></tr><tr><td><div class="stacktrace">org.openqa.selenium.TimeoutException: timeout: Timed out receiving message from renderer: 10.000
  (Session info: chrome=114.0.5735.198)
Build info: version: &apos;3.141.59&apos;, revision: &apos;e82be7d358&apos;, time: &apos;2018-11-14T08:17:03&apos;
System info: host: &apos;COG-WIN-MAC03&apos;, ip: &apos;192.168.0.159&apos;, os.name: &apos;Windows 10&apos;, os.arch: &apos;amd64&apos;, os.version: &apos;10.0&apos;, java.version: &apos;17.0.2&apos;
Driver info: org.openqa.selenium.chrome.ChromeDriver
Capabilities {acceptInsecureCerts: false, browserName: chrome, browserVersion: 114.0.5735.198, chrome: {chromedriverVersion: 114.0.5735.90 (386bc09e8f4f..., userDataDir: C:\Users\aanand\AppData\Loc...}, goog:chromeOptions: {debuggerAddress: localhost:53247}, javascriptEnabled: true, networkConnectionEnabled: false, pageLoadStrategy: normal, platform: WINDOWS, platformName: WINDOWS, proxy: Proxy(), setWindowRect: true, strictFileInteractability: false, timeouts: {implicit: 0, pageLoad: 300000, script: 30000}, unhandledPromptBehavior: dismiss and notify, webauthn:extension:credBlob: true, webauthn:extension:largeBlob: true, webauthn:extension:minPinLength: true, webauthn:extension:prf: true, webauthn:virtualAuthenticators: true}
Session ID: 7fdb595c8f4e7657554f52eb2eb3606e
	at org.openqa.selenium.remote.http.W3CHttpResponseCodec.createException(W3CHttpResponseCodec.java:187)
	at org.openqa.selenium.remote.http.W3CHttpResponseCodec.decode(W3CHttpResponseCodec.java:122)
	at org.openqa.selenium.remote.http.W3CHttpResponseCodec.decode(W3CHttpResponseCodec.java:49)
	at org.openqa.selenium.remote.HttpCommandExecutor.execute(HttpCommandExecutor.java:158)
	at org.openqa.selenium.remote.service.DriverCommandExecutor.execute(DriverCommandExecutor.java:83)
	at org.openqa.selenium.remote.RemoteWebDriver.execute(RemoteWebDriver.java:552)
	at org.openqa.selenium.remote.RemoteWebDriver.execute(RemoteWebDriver.java:609)
	at org.openqa.selenium.remote.RemoteWebDriver.getScreenshotAs(RemoteWebDriver.java:295)
	at utils.WebTestBase.reportWrapUp(WebTestBase.java:70)
	at java.base/java.util.ArrayList.forEach(ArrayList.java:1511)
... Removed 36 stack frames</div></td></tr></table><p class="totop"><a href="#summary">back to summary</a></p>
<h3 id="m33">testcases.AppotmentCalendarTest#ValidateClickTestingOfAppoitmentReportPage</h3><table class="result"><tr><th class="invisible"/></tr></table><p class="totop"><a href="#summary">back to summary</a></p>
<h3 id="m34">testcases.AppotmentCalendarTest#ValidateClickTestingOfAppoitmentServicePage</h3><table class="result"><tr><th class="invisible"/></tr></table><p class="totop"><a href="#summary">back to summary</a></p>
<h3 id="m35">testcases.AppotmentCalendarTest#ValidateClickTestingOfConsumerListPage</h3><table class="result"><tr><th class="invisible"/></tr></table><p class="totop"><a href="#summary">back to summary</a></p>
<h3 id="m36">testcases.AppotmentCalendarTest#ValidateClickTestingOfCounterPage</h3><table class="result"><tr><th class="invisible"/></tr></table><p class="totop"><a href="#summary">back to summary</a></p>
<h3 id="m37">testcases.AppotmentCalendarTest#ValidateClickTestingOfCoursePage</h3><table class="result"><tr><th class="invisible"/></tr></table><p class="totop"><a href="#summary">back to summary</a></p>
<h3 id="m38">testcases.AppotmentCalendarTest#ValidateClickTestingOfManageExternalLinkPage</h3><table class="result"><tr><th class="invisible"/></tr></table><p class="totop"><a href="#summary">back to summary</a></p>
<h3 id="m39">testcases.AppotmentCalendarTest#ValidateClickTestingOfScheduleAppointmentPage</h3><table class="result"><tr><th class="invisible"/></tr></table><p class="totop"><a href="#summary">back to summary</a></p>
<h3 id="m40">testcases.AppotmentCalendarTest#ValidateClickTestingOfTokenPage</h3><table class="result"><tr><th class="invisible"/></tr></table><p class="totop"><a href="#summary">back to summary</a></p>
<h3 id="m41">testcases.ApprovalTest#ValidateClickTestingOfApprovalChainPage</h3><table class="result"><tr><th class="invisible"/></tr></table><p class="totop"><a href="#summary">back to summary</a></p>
<h3 id="m42">testcases.ApprovalTest#ValidateClickTestingOfApprovalReportPage</h3><table class="result"><tr><th class="invisible"/></tr></table><p class="totop"><a href="#summary">back to summary</a></p>
<h3 id="m43">testcases.ApprovalTest#ValidateClickTestingOfApprovalRulePage</h3><table class="result"><tr><th class="invisible"/></tr></table><p class="totop"><a href="#summary">back to summary</a></p>
<h3 id="m44">testcases.AssetManagementTest#ValidateClickTestingOfDashboardPage</h3><table class="result"><tr><th class="invisible"/></tr></table><p class="totop"><a href="#summary">back to summary</a></p>
<h3 id="m45">testcases.AssetManagementTest#ValidateClickTestingOfManageProductPage</h3><table class="result"><tr><th class="invisible"/></tr></table><p class="totop"><a href="#summary">back to summary</a></p>
<h3 id="m46">testcases.AssetManagementTest#ValidateClickTestingOfMissingProductPage</h3><table class="result"><tr><th class="invisible"/></tr></table><p class="totop"><a href="#summary">back to summary</a></p>
<h3 id="m47">testcases.AssetManagementTest#ValidateClickTestingOfMyProductPage</h3><table class="result"><tr><th class="invisible"/></tr></table><p class="totop"><a href="#summary">back to summary</a></p>
<h3 id="m48">testcases.AssetManagementTest#ValidateClickTestingOfProductAssignmentPage</h3><table class="result"><tr><th class="invisible"/></tr></table><p class="totop"><a href="#summary">back to summary</a></p>
<h3 id="m49">testcases.AssetManagementTest#ValidateClickTestingOfProductContainerPage</h3><table class="result"><tr><th class="invisible"/></tr></table><p class="totop"><a href="#summary">back to summary</a></p>
<h3 id="m50">testcases.AssetManagementTest#ValidateClickTestingOfProductReportPage</h3><table class="result"><tr><th class="invisible"/></tr></table><p class="totop"><a href="#summary">back to summary</a></p>
<h3 id="m51">testcases.AssetManagementTest#ValidateClickTestingOfProductTyperPage</h3><table class="result"><tr><th class="invisible"/></tr></table><p class="totop"><a href="#summary">back to summary</a></p>
<h3 id="m52">testcases.AssetManagementTest#ValidateClickTestingOfProductWriteOffPage</h3><table class="result"><tr><th class="invisible"/></tr></table><p class="totop"><a href="#summary">back to summary</a></p>
<h3 id="m53">testcases.AssetManagementTest#ValidateClickTestingOfProductsScanSummaryPage</h3><table class="result"><tr><th class="invisible"/></tr></table><p class="totop"><a href="#summary">back to summary</a></p>
<h3 id="m54">testcases.AssetManagementTest#ValidateClickTestingOfRFIDAssetListingPage</h3><table class="result"><tr><th class="invisible"/></tr></table><p class="totop"><a href="#summary">back to summary</a></p>
<h3 id="m55">testcases.AssetManagementTest#ValidateClickTestingOfReturnListPage</h3><table class="result"><tr><th class="invisible"/></tr></table><p class="totop"><a href="#summary">back to summary</a></p>
<h3 id="m56">testcases.AssetManagementTest#ValidateClickTestingOfScannedItemsPage</h3><table class="result"><tr><th class="invisible"/></tr></table><p class="totop"><a href="#summary">back to summary</a></p>
<h3 id="m57">testcases.AssetManagementTest#ValidateClickTestingOfScannedItemsStatusPage</h3><table class="result"><tr><th class="invisible"/></tr></table><p class="totop"><a href="#summary">back to summary</a></p>
<h3 id="m58">testcases.BillingTest#ValidateClickTestingOfAddInvoicePage</h3><table class="result"><tr><th class="invisible"/></tr></table><p class="totop"><a href="#summary">back to summary</a></p>
<h3 id="m59">testcases.BillingTest#ValidateClickTestingOfAutomateFlagProcessingPage</h3><table class="result"><tr><th class="invisible"/></tr></table><p class="totop"><a href="#summary">back to summary</a></p>
<h3 id="m60">testcases.BillingTest#ValidateClickTestingOfBillingRulePage</h3><table class="result"><tr><th class="invisible"/></tr></table><p class="totop"><a href="#summary">back to summary</a></p>
<h3 id="m61">testcases.BillingTest#ValidateClickTestingOfBillingServicePage</h3><table class="result"><tr><th class="invisible"/></tr></table><p class="totop"><a href="#summary">back to summary</a></p>
<h3 id="m62">testcases.BillingTest#ValidateClickTestingOfBillingSetupPage</h3><table class="result"><tr><th class="invisible"/></tr></table><p class="totop"><a href="#summary">back to summary</a></p>
<h3 id="m63">testcases.BillingTest#ValidateClickTestingOfClientReportPage</h3><table class="result"><tr><th class="invisible"/></tr></table><p class="totop"><a href="#summary">back to summary</a></p>
<h3 id="m64">testcases.BillingTest#ValidateClickTestingOfFlagRecordsPage</h3><table class="result"><tr><th class="invisible"/></tr></table><p class="totop"><a href="#summary">back to summary</a></p>
<h3 id="m65">testcases.BillingTest#ValidateClickTestingOfImportInvoicePage</h3><table class="result"><tr><th class="invisible"/></tr></table><p class="totop"><a href="#summary">back to summary</a></p>
<h3 id="m66">testcases.BillingTest#ValidateClickTestingOfInvoicePage</h3><table class="result"><tr><th class="invisible"/></tr></table><p class="totop"><a href="#summary">back to summary</a></p>
<h3 id="m67">testcases.BillingTest#ValidateClickTestingOfInvoiceReportPage</h3><table class="result"><tr><th class="invisible"/></tr></table><p class="totop"><a href="#summary">back to summary</a></p>
<h3 id="m68">testcases.BillingTest#ValidateClickTestingOfProcessAndReprocessChargesPage</h3><table class="result"><tr><th class="invisible"/></tr></table><p class="totop"><a href="#summary">back to summary</a></p>
<h3 id="m69">testcases.BillingTest#ValidateClickTestingOfReceivedInvoicePage</h3><table class="result"><tr><th class="invisible"/></tr></table><p class="totop"><a href="#summary">back to summary</a></p>
<h3 id="m70">testcases.BillingTest#ValidateClickTestingOfViewHistoryPage</h3><table class="result"><tr><th class="invisible"/></tr></table><p class="totop"><a href="#summary">back to summary</a></p>
<h3 id="m71">testcases.CommunicationTest#ValidateClickTestingOfIVRPage</h3><table class="result"><tr><th class="invisible"/></tr></table><p class="totop"><a href="#summary">back to summary</a></p>
<h3 id="m72">testcases.CommunicationTest#ValidateClickTestingOfMeetingRecordingListPage</h3><table class="result"><tr><th class="invisible"/></tr></table><p class="totop"><a href="#summary">back to summary</a></p>
<h3 id="m73">testcases.CommunicationTest#ValidateClickTestingOfMeetingsPage</h3><table class="result"><tr><th class="invisible"/></tr></table><p class="totop"><a href="#summary">back to summary</a></p>
<h3 id="m74">testcases.CommunicationTest#ValidateClickTestingOfUnifiedSetupPage</h3><table class="result"><tr><th class="invisible"/></tr></table><p class="totop"><a href="#summary">back to summary</a></p>
<h3 id="m75">testcases.CommunicationTest#ValidateClickTestingOfVideoRecordingListPage</h3><table class="result"><tr><th class="invisible"/></tr></table><p class="totop"><a href="#summary">back to summary</a></p>
<h3 id="m76">testcases.CompanySetUpTest#ValidateClickTestingOfClientPage</h3><table class="result"><tr><th class="invisible"/></tr></table><p class="totop"><a href="#summary">back to summary</a></p>
<h3 id="m77">testcases.CompanySetUpTest#ValidateClickTestingOfCompanyDirectoryPage</h3><table class="result"><tr><th class="invisible"/></tr></table><p class="totop"><a href="#summary">back to summary</a></p>
<h3 id="m78">testcases.CompanySetUpTest#ValidateClickTestingOfCompanySetupPage</h3><table class="result"><tr><th class="invisible"/></tr></table><p class="totop"><a href="#summary">back to summary</a></p>
<h3 id="m79">testcases.CompanySetUpTest#ValidateClickTestingOfConfigurationPage</h3><table class="result"><tr><th class="invisible"/></tr></table><p class="totop"><a href="#summary">back to summary</a></p>
<h3 id="m80">testcases.CompanySetUpTest#ValidateClickTestingOfContextMenuPage</h3><table class="result"><tr><th class="invisible"/></tr></table><p class="totop"><a href="#summary">back to summary</a></p>
<h3 id="m81">testcases.CompanySetUpTest#ValidateClickTestingOfHoliDayBankPage</h3><table class="result"><tr><th class="invisible"/></tr></table><p class="totop"><a href="#summary">back to summary</a></p>
<h3 id="m82">testcases.CompanySetUpTest#ValidateClickTestingOfManageSubscriptionPage</h3><table class="result"><tr><th class="invisible"/></tr></table><p class="totop"><a href="#summary">back to summary</a></p>
<h3 id="m83">testcases.CompanySetUpTest#ValidateClickTestingOfManageTaxPage</h3><table class="result"><tr><th class="invisible"/></tr></table><p class="totop"><a href="#summary">back to summary</a></p>
<h3 id="m84">testcases.CompanySetUpTest#ValidateClickTestingOfResourceApprovalPage</h3><table class="result"><tr><th class="invisible"/></tr></table><p class="totop"><a href="#summary">back to summary</a></p>
<h3 id="m85">testcases.CompanySetUpTest#ValidateClickTestingOfRolesPage</h3><table class="result"><tr><th class="invisible"/></tr></table><p class="totop"><a href="#summary">back to summary</a></p>
<h3 id="m86">testcases.CompanySetUpTest#ValidateClickTestingOfSearchVendorsPage</h3><table class="result"><tr><th class="invisible"/></tr></table><p class="totop"><a href="#summary">back to summary</a></p>
<h3 id="m87">testcases.CompanySetUpTest#ValidateClickTestingOfUserPage</h3><table class="result"><tr><th class="invisible"/></tr></table><p class="totop"><a href="#summary">back to summary</a></p>
<h3 id="m88">testcases.CrmTest#ValidateClickTestingOfCRMReportPage</h3><table class="result"><tr><th class="invisible"/></tr></table><p class="totop"><a href="#summary">back to summary</a></p>
<h3 id="m89">testcases.CrmTest#ValidateClickTestingOfCommunicationPage</h3><table class="result"><tr><th class="invisible"/></tr></table><p class="totop"><a href="#summary">back to summary</a></p>
<h3 id="m90">testcases.DisplayScreenTest#ValidateClickTestingOfCounterPage</h3><table class="result"><tr><th class="invisible"/></tr></table><p class="totop"><a href="#summary">back to summary</a></p>
<h3 id="m91">testcases.DisplayScreenTest#ValidateClickTestingOfTokenPage</h3><table class="result"><tr><th class="invisible"/></tr></table><p class="totop"><a href="#summary">back to summary</a></p>
<h3 id="m92">testcases.EventManagementTest#ValidateClickTestingOfCalendarPage</h3><table class="result"><tr><th class="invisible"/></tr></table><p class="totop"><a href="#summary">back to summary</a></p>
<h3 id="m93">testcases.EventManagementTest#ValidateClickTestingOfDashBoardPage</h3><table class="result"><tr><th class="invisible"/></tr></table><p class="totop"><a href="#summary">back to summary</a></p>
<h3 id="m94">testcases.EventManagementTest#ValidateClickTestingOfEventManagementPage</h3><table class="result"><tr><th class="invisible"/></tr></table><p class="totop"><a href="#summary">back to summary</a></p>
<h3 id="m95">testcases.EventManagementTest#ValidateClickTestingOfGoogleCalendarPage</h3><table class="result"><tr><th class="invisible"/></tr></table><p class="totop"><a href="#summary">back to summary</a></p>
<h3 id="m96">testcases.EventManagementTest#ValidateClickTestingOfManageVenuePage</h3><table class="result"><tr><th class="invisible"/></tr></table><p class="totop"><a href="#summary">back to summary</a></p>
<h3 id="m97">testcases.EventManagementTest#ValidateClickTestingOfUserAvailabilityPage</h3><table class="result"><tr><th class="invisible"/></tr></table><p class="totop"><a href="#summary">back to summary</a></p>
<h3 id="m98">testcases.ExpenseTest#ValidateClickTestingOfAddExpensePage</h3><table class="result"><tr><th class="invisible"/></tr></table><p class="totop"><a href="#summary">back to summary</a></p>
<h3 id="m99">testcases.ExpenseTest#ValidateClickTestingOfBulkUploadExpensePage</h3><table class="result"><tr><th class="invisible"/></tr></table><p class="totop"><a href="#summary">back to summary</a></p>
<h3 id="m100">testcases.ExpenseTest#ValidateClickTestingOfExpenseApprovalPage</h3><table class="result"><tr><th class="invisible"/></tr></table><p class="totop"><a href="#summary">back to summary</a></p>
<h3 id="m101">testcases.ExpenseTest#ValidateClickTestingOfExpenseDashBoardPage</h3><table class="result"><tr><th class="invisible"/></tr></table><p class="totop"><a href="#summary">back to summary</a></p>
<h3 id="m102">testcases.ExpenseTest#ValidateClickTestingOfExpenseReportsPage</h3><table class="result"><tr><th class="invisible"/></tr></table><p class="totop"><a href="#summary">back to summary</a></p>
<h3 id="m103">testcases.ExpenseTest#ValidateClickTestingOfExpensesPage</h3><table class="result"><tr><th class="invisible"/></tr></table><p class="totop"><a href="#summary">back to summary</a></p>
<h3 id="m104">testcases.ExpenseTest#ValidateClickTestingOfProjectPage</h3><table class="result"><tr><th class="invisible"/></tr></table><p class="totop"><a href="#summary">back to summary</a></p>
<h3 id="m105">testcases.GeneralTest#ValidateClickTestingOfAddReportPage</h3><table class="result"><tr><th class="invisible"/></tr></table><p class="totop"><a href="#summary">back to summary</a></p>
<h3 id="m106">testcases.GeneralTest#ValidateClickTestingOfAutoResponderPage</h3><table class="result"><tr><th class="invisible"/></tr></table><p class="totop"><a href="#summary">back to summary</a></p>
<h3 id="m107">testcases.GeneralTest#ValidateClickTestingOfCustomFieldsPage</h3><table class="result"><tr><th class="invisible"/></tr></table><p class="totop"><a href="#summary">back to summary</a></p>
<h3 id="m108">testcases.GeneralTest#ValidateClickTestingOfCustomReportsPage</h3><table class="result"><tr><th class="invisible"/></tr></table><p class="totop"><a href="#summary">back to summary</a></p>
<h3 id="m109">testcases.GeneralTest#ValidateClickTestingOfExternalLinkPage</h3><table class="result"><tr><th class="invisible"/></tr></table><p class="totop"><a href="#summary">back to summary</a></p>
<h3 id="m110">testcases.GeneralTest#ValidateClickTestingOfManageLayoutPage</h3><table class="result"><tr><th class="invisible"/></tr></table><p class="totop"><a href="#summary">back to summary</a></p>
<h3 id="m111">testcases.GeneralTest#ValidateClickTestingOfOrganizationChartPage</h3><table class="result"><tr><th class="invisible"/></tr></table><p class="totop"><a href="#summary">back to summary</a></p>
<h3 id="m112">testcases.GeneralTest#ValidateClickTestingOfPassportInformationPage</h3><table class="result"><tr><th class="invisible"/></tr></table><p class="totop"><a href="#summary">back to summary</a></p>
<h3 id="m113">testcases.GeneralTest#ValidateClickTestingOfProvisionalRightsPage</h3><table class="result"><tr><th class="invisible"/></tr></table><p class="totop"><a href="#summary">back to summary</a></p>
<h3 id="m114">testcases.GeneralTest#ValidateClickTestingOfRuleEnginePage</h3><table class="result"><tr><th class="invisible"/></tr></table><p class="totop"><a href="#summary">back to summary</a></p>
<h3 id="m115">testcases.GeneralTest#ValidateClickTestingOfStoragePage</h3><table class="result"><tr><th class="invisible"/></tr></table><p class="totop"><a href="#summary">back to summary</a></p>
<h3 id="m116">testcases.GeneralTest#ValidateClickTestingOfTagsPage</h3><table class="result"><tr><th class="invisible"/></tr></table><p class="totop"><a href="#summary">back to summary</a></p>
<h3 id="m117">testcases.GeneralTest#ValidateClickTestingOfWorkingDayPage</h3><table class="result"><tr><th class="invisible"/></tr></table><p class="totop"><a href="#summary">back to summary</a></p>
<h3 id="m118">testcases.GeneralTest#ValidateClickTestingOfWorkingWeekPage</h3><table class="result"><tr><th class="invisible"/></tr></table><p class="totop"><a href="#summary">back to summary</a></p>
<h3 id="m119">testcases.HRManagementTest#ValidateClickTestingOfAttendanceApprovalPage</h3><table class="result"><tr><th class="invisible"/></tr></table><p class="totop"><a href="#summary">back to summary</a></p>
<h3 id="m120">testcases.HRManagementTest#ValidateClickTestingOfAttendanceCardReportPage</h3><table class="result"><tr><th class="invisible"/></tr></table><p class="totop"><a href="#summary">back to summary</a></p>
<h3 id="m121">testcases.HRManagementTest#ValidateClickTestingOfAttendanceInOutReportPage</h3><table class="result"><tr><th class="invisible"/></tr></table><p class="totop"><a href="#summary">back to summary</a></p>
<h3 id="m122">testcases.HRManagementTest#ValidateClickTestingOfAttendancePage</h3><table class="result"><tr><th class="invisible"/></tr></table><p class="totop"><a href="#summary">back to summary</a></p>
<h3 id="m123">testcases.HRManagementTest#ValidateClickTestingOfCheckInFlagListPage</h3><table class="result"><tr><th class="invisible"/></tr></table><p class="totop"><a href="#summary">back to summary</a></p>
<h3 id="m124">testcases.HRManagementTest#ValidateClickTestingOfCheckInOutDisputePage</h3><table class="result"><tr><th class="invisible"/></tr></table><p class="totop"><a href="#summary">back to summary</a></p>
<h3 id="m125">testcases.HRManagementTest#ValidateClickTestingOfDisputeApprovalPage</h3><table class="result"><tr><th class="invisible"/></tr></table><p class="totop"><a href="#summary">back to summary</a></p>
<h3 id="m126">testcases.HRManagementTest#ValidateClickTestingOfGroupListPage</h3><table class="result"><tr><th class="invisible"/></tr></table><p class="totop"><a href="#summary">back to summary</a></p>
<h3 id="m127">testcases.HRManagementTest#ValidateClickTestingOfHrReportPage</h3><table class="result"><tr><th class="invisible"/></tr></table><p class="totop"><a href="#summary">back to summary</a></p>
<h3 id="m128">testcases.HRManagementTest#ValidateClickTestingOfInductionDocumentListPage</h3><table class="result"><tr><th class="invisible"/></tr></table><p class="totop"><a href="#summary">back to summary</a></p>
<h3 id="m129">testcases.HRManagementTest#ValidateClickTestingOfLeaveApprovalPage</h3><table class="result"><tr><th class="invisible"/></tr></table><p class="totop"><a href="#summary">back to summary</a></p>
<h3 id="m130">testcases.HRManagementTest#ValidateClickTestingOfLeavePage</h3><table class="result"><tr><th class="invisible"/></tr></table><p class="totop"><a href="#summary">back to summary</a></p>
<h3 id="m131">testcases.HRManagementTest#ValidateClickTestingOfLeaveTypeListingPage</h3><table class="result"><tr><th class="invisible"/></tr></table><p class="totop"><a href="#summary">back to summary</a></p>
<h3 id="m132">testcases.HRManagementTest#ValidateClickTestingOfManageCheckInPage</h3><table class="result"><tr><th class="invisible"/></tr></table><p class="totop"><a href="#summary">back to summary</a></p>
<h3 id="m133">testcases.HRManagementTest#ValidateClickTestingOfOffboardEmployeeListPage</h3><table class="result"><tr><th class="invisible"/></tr></table><p class="totop"><a href="#summary">back to summary</a></p>
<h3 id="m134">testcases.HRManagementTest#ValidateClickTestingOfPolicyPage</h3><table class="result"><tr><th class="invisible"/></tr></table><p class="totop"><a href="#summary">back to summary</a></p>
<h3 id="m135">testcases.HRManagementTest#ValidateClickTestingOfResignationPage</h3><table class="result"><tr><th class="invisible"/></tr></table><p class="totop"><a href="#summary">back to summary</a></p>
<h3 id="m136">testcases.HiringTest#ValidateClickTestingOfCandidateListPage</h3><table class="result"><tr><th class="invisible"/></tr></table><p class="totop"><a href="#summary">back to summary</a></p>
<h3 id="m137">testcases.HiringTest#ValidateClickTestingOfJobRequisitionPage</h3><table class="result"><tr><th class="invisible"/></tr></table><p class="totop"><a href="#summary">back to summary</a></p>
<h3 id="m138">testcases.HiringTest#ValidateClickTestingOfOffboardEmployeeListPage</h3><table class="result"><tr><th class="invisible"/></tr></table><p class="totop"><a href="#summary">back to summary</a></p>
<h3 id="m139">testcases.HiringTest#ValidateClickTestingOfPolicyPage</h3><table class="result"><tr><th class="invisible"/></tr></table><p class="totop"><a href="#summary">back to summary</a></p>
<h3 id="m140">testcases.HiringTest#ValidateClickTestingOfResignationPage</h3><table class="result"><tr><th class="invisible"/></tr></table><p class="totop"><a href="#summary">back to summary</a></p>
<h3 id="m141">testcases.HiringTest#ValidateClickTestingOfTalentPoolListPage</h3><table class="result"><tr><th class="invisible"/></tr></table><p class="totop"><a href="#summary">back to summary</a></p>
<h3 id="m142">testcases.HiringTest#ValidateClickTestingOfjobPostReportPage</h3><table class="result"><tr><th class="invisible"/></tr></table><p class="totop"><a href="#summary">back to summary</a></p>
<h3 id="m143">testcases.HumanResourcesTest#ValidateClickTestingOfAttendanceApprovalPage</h3><table class="result"><tr><th class="invisible"/></tr></table><p class="totop"><a href="#summary">back to summary</a></p>
<h3 id="m144">testcases.HumanResourcesTest#ValidateClickTestingOfAttendancePage</h3><table class="result"><tr><th class="invisible"/></tr></table><p class="totop"><a href="#summary">back to summary</a></p>
<h3 id="m145">testcases.HumanResourcesTest#ValidateClickTestingOfCandidateListPage</h3><table class="result"><tr><th class="invisible"/></tr></table><p class="totop"><a href="#summary">back to summary</a></p>
<h3 id="m146">testcases.HumanResourcesTest#ValidateClickTestingOfCheckInFlagListPage</h3><table class="result"><tr><th class="invisible"/></tr></table><p class="totop"><a href="#summary">back to summary</a></p>
<h3 id="m147">testcases.HumanResourcesTest#ValidateClickTestingOfHRReportPage</h3><table class="result"><tr><th class="invisible"/></tr></table><p class="totop"><a href="#summary">back to summary</a></p>
<h3 id="m148">testcases.HumanResourcesTest#ValidateClickTestingOfInductionDocumentListPage</h3><table class="result"><tr><th class="invisible"/></tr></table><p class="totop"><a href="#summary">back to summary</a></p>
<h3 id="m149">testcases.HumanResourcesTest#ValidateClickTestingOfLeaveApprovalPage</h3><table class="result"><tr><th class="invisible"/></tr></table><p class="totop"><a href="#summary">back to summary</a></p>
<h3 id="m150">testcases.HumanResourcesTest#ValidateClickTestingOfLeavePage</h3><table class="result"><tr><th class="invisible"/></tr></table><p class="totop"><a href="#summary">back to summary</a></p>
<h3 id="m151">testcases.HumanResourcesTest#ValidateClickTestingOfLeaveTypeListingPage</h3><table class="result"><tr><th class="invisible"/></tr></table><p class="totop"><a href="#summary">back to summary</a></p>
<h3 id="m152">testcases.HumanResourcesTest#ValidateClickTestingOfManageCheckInPage</h3><table class="result"><tr><th class="invisible"/></tr></table><p class="totop"><a href="#summary">back to summary</a></p>
<h3 id="m153">testcases.HumanResourcesTest#ValidateClickTestingOfTalentPoolListPage</h3><table class="result"><tr><th class="invisible"/></tr></table><p class="totop"><a href="#summary">back to summary</a></p>
<h3 id="m154">testcases.INTEGRATIONSTest#ValidateClickTestingOfConnectorPage</h3><table class="result"><tr><th class="invisible"/></tr></table><p class="totop"><a href="#summary">back to summary</a></p>
<h3 id="m155">testcases.INTEGRATIONSTest#ValidateClickTestingOfGPSTrackingPage</h3><table class="result"><tr><th class="invisible"/></tr></table><p class="totop"><a href="#summary">back to summary</a></p>
<h3 id="m156">testcases.INTEGRATIONSTest#ValidateClickTestingOfTwilioPage</h3><table class="result"><tr><th class="invisible"/></tr></table><p class="totop"><a href="#summary">back to summary</a></p>
<h3 id="m157">testcases.IntegrationTest#ValidateClickTestingOfBasecampPage</h3><table class="result"><tr><th class="invisible"/></tr></table><p class="totop"><a href="#summary">back to summary</a></p>
<h3 id="m158">testcases.IntegrationTest#ValidateClickTestingOfConnectorPage</h3><table class="result"><tr><th class="invisible"/></tr></table><p class="totop"><a href="#summary">back to summary</a></p>
<h3 id="m159">testcases.IntegrationTest#ValidateClickTestingOfEmailPage</h3><table class="result"><tr><th class="invisible"/></tr></table><p class="totop"><a href="#summary">back to summary</a></p>
<h3 id="m160">testcases.IntegrationTest#ValidateClickTestingOfFreshBookPage</h3><table class="result"><tr><th class="invisible"/></tr></table><p class="totop"><a href="#summary">back to summary</a></p>
<h3 id="m161">testcases.IntegrationTest#ValidateClickTestingOfGPSTrackingPage</h3><table class="result"><tr><th class="invisible"/></tr></table><p class="totop"><a href="#summary">back to summary</a></p>
<h3 id="m162">testcases.IntegrationTest#ValidateClickTestingOfIVrPage</h3><table class="result"><tr><th class="invisible"/></tr></table><p class="totop"><a href="#summary">back to summary</a></p>
<h3 id="m163">testcases.IntegrationTest#ValidateClickTestingOfMicrosoftProjectPlanPage</h3><table class="result"><tr><th class="invisible"/></tr></table><p class="totop"><a href="#summary">back to summary</a></p>
<h3 id="m164">testcases.IntegrationTest#ValidateClickTestingOfQuickBooksPage</h3><table class="result"><tr><th class="invisible"/></tr></table><p class="totop"><a href="#summary">back to summary</a></p>
<h3 id="m165">testcases.IntegrationTest#ValidateClickTestingOfSalesForcePage</h3><table class="result"><tr><th class="invisible"/></tr></table><p class="totop"><a href="#summary">back to summary</a></p>
<h3 id="m166">testcases.IntegrationTest#ValidateClickTestingOfTrelloPage</h3><table class="result"><tr><th class="invisible"/></tr></table><p class="totop"><a href="#summary">back to summary</a></p>
<h3 id="m167">testcases.IntegrationTest#ValidateClickTestingOfTwilioPage</h3><table class="result"><tr><th class="invisible"/></tr></table><p class="totop"><a href="#summary">back to summary</a></p>
<h3 id="m168">testcases.IntegrationTest#ValidateClickTestingOfUnifiedSetupPage</h3><table class="result"><tr><th class="invisible"/></tr></table><p class="totop"><a href="#summary">back to summary</a></p>
<h3 id="m169">testcases.MSPModuleTest#ValidateClickTestingOfAddPackagesPage</h3><table class="result"><tr><th class="invisible"/></tr></table><p class="totop"><a href="#summary">back to summary</a></p>
<h3 id="m170">testcases.MSPModuleTest#ValidateClickTestingOfAddSubscriptionPage</h3><table class="result"><tr><th class="invisible"/></tr></table><p class="totop"><a href="#summary">back to summary</a></p>
<h3 id="m171">testcases.MSPModuleTest#ValidateClickTestingOfManagePackagesPage</h3><table class="result"><tr><th class="invisible"/></tr></table><p class="totop"><a href="#summary">back to summary</a></p>
<h3 id="m172">testcases.MSPModuleTest#ValidateClickTestingOfManageSubscriptionPage</h3><table class="result"><tr><th class="invisible"/></tr></table><p class="totop"><a href="#summary">back to summary</a></p>
<h3 id="m173">testcases.PerformanceReviewTest#ValidateClickTestingOfPerformanceReviewPage</h3><table class="result"><tr><th class="invisible"/></tr></table><p class="totop"><a href="#summary">back to summary</a></p>
<h3 id="m174">testcases.PerformanceReviewTest#ValidateClickTestingOfPerformanceReviewReportPage</h3><table class="result"><tr><th class="invisible"/></tr></table><p class="totop"><a href="#summary">back to summary</a></p>
<h3 id="m175">testcases.PerformanceReviewTest#ValidateClickTestingOfProvideFeedbackPage</h3><table class="result"><tr><th class="invisible"/></tr></table><p class="totop"><a href="#summary">back to summary</a></p>
<h3 id="m176">testcases.PerformanceReviewTest#ValidateClickTestingOfProvideReviewPage</h3><table class="result"><tr><th class="invisible"/></tr></table><p class="totop"><a href="#summary">back to summary</a></p>
<h3 id="m177">testcases.PerformanceReviewTest#ValidateClickTestingOfReviewPage</h3><table class="result"><tr><th class="invisible"/></tr></table><p class="totop"><a href="#summary">back to summary</a></p>
<h3 id="m178">testcases.ProjectManagementTest#ValidateClickTestingOfGlobalTaskPage</h3><table class="result"><tr><th class="invisible"/></tr></table><p class="totop"><a href="#summary">back to summary</a></p>
<h3 id="m179">testcases.ProjectManagementTest#ValidateClickTestingOfProjectPage</h3><table class="result"><tr><th class="invisible"/></tr></table><p class="totop"><a href="#summary">back to summary</a></p>
<h3 id="m180">testcases.ProjectManagementTest#ValidateClickTestingOfProjectReportPage</h3><table class="result"><tr><th class="invisible"/></tr></table><p class="totop"><a href="#summary">back to summary</a></p>
<h3 id="m181">testcases.ProjectManagementTest#ValidateClickTestingOfProjectRequestPage</h3><table class="result"><tr><th class="invisible"/></tr></table><p class="totop"><a href="#summary">back to summary</a></p>
<h3 id="m182">testcases.ProjectManagementTest#ValidateClickTestingOfQuotesPage</h3><table class="result"><tr><th class="invisible"/></tr></table><p class="totop"><a href="#summary">back to summary</a></p>
<h3 id="m183">testcases.ProjectManagementTest#ValidateClickTestingOfRequestedTimeListPage</h3><table class="result"><tr><th class="invisible"/></tr></table><p class="totop"><a href="#summary">back to summary</a></p>
<h3 id="m184">testcases.ProjectManagementTest#ValidateClickTestingOfResourceImpactPage</h3><table class="result"><tr><th class="invisible"/></tr></table><p class="totop"><a href="#summary">back to summary</a></p>
<h3 id="m185">testcases.ProjectManagementTest#ValidateClickTestingOfResourceSchedulingPage</h3><table class="result"><tr><th class="invisible"/></tr></table><p class="totop"><a href="#summary">back to summary</a></p>
<h3 id="m186">testcases.ProjectManagementTest#ValidateClickTestingOfTaskPage</h3><table class="result"><tr><th class="invisible"/></tr></table><p class="totop"><a href="#summary">back to summary</a></p>
<h3 id="m187">testcases.ProjectManagementTest#ValidateClickTestingOfToDoListPage</h3><table class="result"><tr><th class="invisible"/></tr></table><p class="totop"><a href="#summary">back to summary</a></p>
<h3 id="m188">testcases.TicketingTest#ValidateClickTestingOfAddTicketPage</h3><table class="result"><tr><th class="invisible"/></tr></table><p class="totop"><a href="#summary">back to summary</a></p>
<h3 id="m189">testcases.TicketingTest#ValidateClickTestingOfAddticketGroupPage</h3><table class="result"><tr><th class="invisible"/></tr></table><p class="totop"><a href="#summary">back to summary</a></p>
<h3 id="m190">testcases.TicketingTest#ValidateClickTestingOfCallCenterSyncStatusPage</h3><table class="result"><tr><th class="invisible"/></tr></table><p class="totop"><a href="#summary">back to summary</a></p>
<h3 id="m191">testcases.TicketingTest#ValidateClickTestingOfCannedReplyPage</h3><table class="result"><tr><th class="invisible"/></tr></table><p class="totop"><a href="#summary">back to summary</a></p>
<h3 id="m192">testcases.TicketingTest#ValidateClickTestingOfDashBoardPage</h3><table class="result"><tr><th class="invisible"/></tr></table><p class="totop"><a href="#summary">back to summary</a></p>
<h3 id="m193">testcases.TicketingTest#ValidateClickTestingOfFSMReportPage</h3><table class="result"><tr><th class="invisible"/></tr></table><p class="totop"><a href="#summary">back to summary</a></p>
<h3 id="m194">testcases.TicketingTest#ValidateClickTestingOfFormBuilderPage</h3><table class="result"><tr><th class="invisible"/></tr></table><p class="totop"><a href="#summary">back to summary</a></p>
<h3 id="m195">testcases.TicketingTest#ValidateClickTestingOfIncidentTypePage</h3><table class="result"><tr><th class="invisible"/></tr></table><p class="totop"><a href="#summary">back to summary</a></p>
<h3 id="m196">testcases.TicketingTest#ValidateClickTestingOfKnowledgeBasePage</h3><table class="result"><tr><th class="invisible"/></tr></table><p class="totop"><a href="#summary">back to summary</a></p>
<h3 id="m197">testcases.TicketingTest#ValidateClickTestingOfManageCategoryPage</h3><table class="result"><tr><th class="invisible"/></tr></table><p class="totop"><a href="#summary">back to summary</a></p>
<h3 id="m198">testcases.TicketingTest#ValidateClickTestingOfManageMapConfigurationPage</h3><table class="result"><tr><th class="invisible"/></tr></table><p class="totop"><a href="#summary">back to summary</a></p>
<h3 id="m199">testcases.TicketingTest#ValidateClickTestingOfManageServiceBoardPage</h3><table class="result"><tr><th class="invisible"/></tr></table><p class="totop"><a href="#summary">back to summary</a></p>
<h3 id="m200">testcases.TicketingTest#ValidateClickTestingOfMapExtentPage</h3><table class="result"><tr><th class="invisible"/></tr></table><p class="totop"><a href="#summary">back to summary</a></p>
<h3 id="m201">testcases.TicketingTest#ValidateClickTestingOfMyArticlesPage</h3><table class="result"><tr><th class="invisible"/></tr></table><p class="totop"><a href="#summary">back to summary</a></p>
<h3 id="m202">testcases.TicketingTest#ValidateClickTestingOfProductPage</h3><table class="result"><tr><th class="invisible"/></tr></table><p class="totop"><a href="#summary">back to summary</a></p>
<h3 id="m203">testcases.TicketingTest#ValidateClickTestingOfResourceTypePage</h3><table class="result"><tr><th class="invisible"/></tr></table><p class="totop"><a href="#summary">back to summary</a></p>
<h3 id="m204">testcases.TicketingTest#ValidateClickTestingOfSLAPage</h3><table class="result"><tr><th class="invisible"/></tr></table><p class="totop"><a href="#summary">back to summary</a></p>
<h3 id="m205">testcases.TicketingTest#ValidateClickTestingOfServiceAppointmentPage</h3><table class="result"><tr><th class="invisible"/></tr></table><p class="totop"><a href="#summary">back to summary</a></p>
<h3 id="m206">testcases.TicketingTest#ValidateClickTestingOfServiceCrewPage</h3><table class="result"><tr><th class="invisible"/></tr></table><p class="totop"><a href="#summary">back to summary</a></p>
<h3 id="m207">testcases.TicketingTest#ValidateClickTestingOfTechTrackingPage</h3><table class="result"><tr><th class="invisible"/></tr></table><p class="totop"><a href="#summary">back to summary</a></p>
<h3 id="m208">testcases.TicketingTest#ValidateClickTestingOfTicketFeedbackPage</h3><table class="result"><tr><th class="invisible"/></tr></table><p class="totop"><a href="#summary">back to summary</a></p>
<h3 id="m209">testcases.TicketingTest#ValidateClickTestingOfTicketGroupPage</h3><table class="result"><tr><th class="invisible"/></tr></table><p class="totop"><a href="#summary">back to summary</a></p>
<h3 id="m210">testcases.TicketingTest#ValidateClickTestingOfTicketReportPage</h3><table class="result"><tr><th class="invisible"/></tr></table><p class="totop"><a href="#summary">back to summary</a></p>
<h3 id="m211">testcases.TicketingTest#ValidateClickTestingOfTicketTypeListingPage</h3><table class="result"><tr><th class="invisible"/></tr></table><p class="totop"><a href="#summary">back to summary</a></p>
<h3 id="m212">testcases.TicketingTest#ValidateClickTestingOfTicketingPage</h3><table class="result"><tr><th class="invisible"/></tr></table><p class="totop"><a href="#summary">back to summary</a></p>
<h3 id="m213">testcases.TicketingTest#ValidateClickTestingOfTransformPendingPage</h3><table class="result"><tr><th class="invisible"/></tr></table><p class="totop"><a href="#summary">back to summary</a></p>
<h3 id="m214">testcases.TicketingTest#ValidateClickTestingOfUnassignedTicketPage</h3><table class="result"><tr><th class="invisible"/></tr></table><p class="totop"><a href="#summary">back to summary</a></p>
<h3 id="m215">testcases.TicketingTest#ValidateClickTestingOfWorkOrderPage</h3><table class="result"><tr><th class="invisible"/></tr></table><p class="totop"><a href="#summary">back to summary</a></p>
<h3 id="m216">testcases.TicketingTest#ValidateClickTestingOfWorkTypeListingPage</h3><table class="result"><tr><th class="invisible"/></tr></table><p class="totop"><a href="#summary">back to summary</a></p>
<h3 id="m217">testcases.TicketingTest#ValidateClickTestingOfZoneManagementPage</h3><table class="result"><tr><th class="invisible"/></tr></table><p class="totop"><a href="#summary">back to summary</a></p>
<h3 id="m218">testcases.TimeTrackingTest#ValidateClickTestingOfAuditRulePage</h3><table class="result"><tr><th class="invisible"/></tr></table><p class="totop"><a href="#summary">back to summary</a></p>
<h3 id="m219">testcases.TimeTrackingTest#ValidateClickTestingOfBulkTimeEntryPage</h3><table class="result"><tr><th class="invisible"/></tr></table><p class="totop"><a href="#summary">back to summary</a></p>
<h3 id="m220">testcases.TimeTrackingTest#ValidateClickTestingOfFlagTrackEntryPage</h3><table class="result"><tr><th class="invisible"/></tr></table><p class="totop"><a href="#summary">back to summary</a></p>
<h3 id="m221">testcases.TimeTrackingTest#ValidateClickTestingOfProjectReportPage</h3><table class="result"><tr><th class="invisible"/></tr></table><p class="totop"><a href="#summary">back to summary</a></p>
<h3 id="m222">testcases.TimeTrackingTest#ValidateClickTestingOfTimeApprovalPage</h3><table class="result"><tr><th class="invisible"/></tr></table><p class="totop"><a href="#summary">back to summary</a></p>
<h3 id="m223">testcases.TimeTrackingTest#ValidateClickTestingOfTimeReportPage</h3><table class="result"><tr><th class="invisible"/></tr></table><p class="totop"><a href="#summary">back to summary</a></p>
<h3 id="m224">testcases.TimeTrackingTest#ValidateClickTestingOfTimeSheetPage</h3><table class="result"><tr><th class="invisible"/></tr></table><p class="totop"><a href="#summary">back to summary</a></p>
<h3 id="m225">testcases.TimeTrackingTest#ValidateClickTestingOfTimeTrackPage</h3><table class="result"><tr><th class="invisible"/></tr></table><p class="totop"><a href="#summary">back to summary</a></p>
<h3 id="m226">testcases.TimeTrackingTest#ValidateClickTestingOfWorkDiaryPage</h3><table class="result"><tr><th class="invisible"/></tr></table><p class="totop"><a href="#summary">back to summary</a></p>
<h3 id="m227">testcases.VendorTest#ValidateClickTestingOfTrainingPage</h3><table class="result"><tr><th class="invisible"/></tr></table><p class="totop"><a href="#summary">back to summary</a></p>
<h3 id="m228">testcases.VendorTest#ValidateClickTestingOfVendorListingPage</h3><table class="result"><tr><th class="invisible"/></tr></table><p class="totop"><a href="#summary">back to summary</a></p>
</body>
</html>
