<?xml version="1.0" encoding="UTF-8"?>
<!-- Generated by org.testng.reporters.JUnitReportReporter -->
<testsuite hostname="COG-WIN-MAC03" failures="1" tests="15" name="testcases.AssetManagementTest" time="1180.829" errors="0" timestamp="2023-06-29T05:36:22 IST" skipped="0">
  <testcase classname="testcases.AssetManagementTest" name="ValidateClickTestingOfGroupListPage" time="62.701">
    <failure message="Save Button -  element not present" type="java.lang.AssertionError">
      <![CDATA[java.lang.AssertionError: Save Button -  element not present
at org.testng.Assert.fail(Assert.java:99)
at utils.WebBasePage.click(WebBasePage.java:126)
at pageobjects.AssetManagementPage.clickOnSaveButton(AssetManagementPage.java:56)
at action.AssetManagementAstion.GoToGroupListPage(AssetManagementAstion.java:31)
at testcases.AssetManagementTest.ValidateClickTestingOfGroupListPage(AssetManagementTest.java:27)
at java.base/jdk.internal.reflect.NativeMethodAccessorImpl.invoke0(Native Method)
at java.base/jdk.internal.reflect.NativeMethodAccessorImpl.invoke(NativeMethodAccessorImpl.java:77)
at java.base/jdk.internal.reflect.DelegatingMethodAccessorImpl.invoke(DelegatingMethodAccessorImpl.java:43)
at java.base/java.lang.reflect.Method.invoke(Method.java:568)
at org.testng.internal.MethodInvocationHelper.invokeMethod(MethodInvocationHelper.java:133)
at org.testng.internal.TestInvoker.invokeMethod(TestInvoker.java:598)
at org.testng.internal.TestInvoker.invokeTestMethod(TestInvoker.java:173)
at org.testng.internal.MethodRunner.runInSequence(MethodRunner.java:46)
at org.testng.internal.TestInvoker$MethodInvocationAgent.invoke(TestInvoker.java:824)
at org.testng.internal.TestInvoker.invokeTestMethods(TestInvoker.java:146)
at org.testng.internal.TestMethodWorker.invokeTestMethods(TestMethodWorker.java:146)
at org.testng.internal.TestMethodWorker.run(TestMethodWorker.java:128)
at java.base/java.util.ArrayList.forEach(ArrayList.java:1511)
at org.testng.TestRunner.privateRun(TestRunner.java:794)
at org.testng.TestRunner.run(TestRunner.java:596)
at org.testng.SuiteRunner.runTest(SuiteRunner.java:377)
at org.testng.SuiteRunner.runSequentially(SuiteRunner.java:371)
at org.testng.SuiteRunner.privateRun(SuiteRunner.java:332)
at org.testng.SuiteRunner.run(SuiteRunner.java:276)
at org.testng.SuiteRunnerWorker.runSuite(SuiteRunnerWorker.java:53)
at org.testng.SuiteRunnerWorker.run(SuiteRunnerWorker.java:96)
at org.testng.TestNG.runSuitesSequentially(TestNG.java:1212)
at org.testng.TestNG.runSuitesLocally(TestNG.java:1134)
at org.testng.TestNG.runSuites(TestNG.java:1063)
at org.testng.TestNG.run(TestNG.java:1031)
at org.testng.remote.AbstractRemoteTestNG.run(AbstractRemoteTestNG.java:115)
at org.testng.remote.RemoteTestNG.initAndRun(RemoteTestNG.java:251)
at org.testng.remote.RemoteTestNG.main(RemoteTestNG.java:77)
]]>
    </failure>
  </testcase> <!-- ValidateClickTestingOfGroupListPage -->
  <system-out/>
  <testcase classname="testcases.AssetManagementTest" name="ValidateClickTestingOfReturnListPage" time="36.192"/>
  <system-out/>
  <testcase classname="testcases.AssetManagementTest" name="ValidateClickTestingOfMissingProductPage" time="36.569"/>
  <system-out/>
  <testcase classname="testcases.AssetManagementTest" name="ValidateClickTestingOfProductsScanSummaryPage" time="36.126"/>
  <system-out/>
  <testcase classname="testcases.AssetManagementTest" name="ValidateClickTestingOfRFIDAssetListingPage" time="36.892"/>
  <system-out/>
  <testcase classname="testcases.AssetManagementTest" name="ValidateClickTestingOfScannedItemsPage" time="49.559"/>
  <system-out/>
  <testcase classname="testcases.AssetManagementTest" name="ValidateClickTestingOfScannedItemsStatusPage" time="35.100"/>
  <system-out/>
  <testcase classname="testcases.AssetManagementTest" name="ValidateClickTestingOfManageProductPage" time="169.604"/>
  <system-out/>
  <testcase classname="testcases.AssetManagementTest" name="ValidateClickTestingOfProductWriteOffPage" time="51.296"/>
  <system-out/>
  <testcase classname="testcases.AssetManagementTest" name="ValidateClickTestingOfMyProductPage" time="276.856"/>
  <system-out/>
  <testcase classname="testcases.AssetManagementTest" name="ValidateClickTestingOfProductReportPage" time="44.620"/>
  <system-out/>
  <testcase classname="testcases.AssetManagementTest" name="ValidateClickTestingOfProductAssignmentPage" time="115.354"/>
  <system-out/>
  <testcase classname="testcases.AssetManagementTest" name="ValidateClickTestingOfProductContainerPage" time="115.380"/>
  <system-out/>
  <testcase classname="testcases.AssetManagementTest" name="ValidateClickTestingOfProductTyperPage" time="64.460"/>
  <system-out/>
  <testcase classname="testcases.AssetManagementTest" name="ValidateClickTestingOfDashboardPage" time="50.120"/>
  <system-out/>
</testsuite> <!-- testcases.AssetManagementTest -->
